[35m[Appium][39m Welcome to Appium v1.22.3
[35m[Appium][39m Non-default server args:
[35m[Appium][39m   port: 59997
[35m[Appium][39m   loglevel: info
[35m[Appium][39m   tmpDir: C:\Users\Testing\AppData\Local\Temp\\Katalon\Appium\Temp1687880761426
[35m[Appium][39m   chromedriverPort: 59998
[35m[Appium][39m Deprecated server args:
[35m[Appium][39m   [31m--chromedriver-port[39m => --default-capabilities
[35m[Appium][39m Default capabilities, which will be added to each request unless overridden by desired capabilities:
[35m[Appium][39m   chromedriverPort: 59998
[35m[Appium][39m Appium REST http interface listener started on 0.0.0.0:59997
[35m[HTTP][39m [37m-->[39m [37mGET[39m [37m/wd/hub/status[39m
[35m[HTTP][39m [90m{}[39m
[35m[HTTP][39m [37m<-- GET /wd/hub/status [39m[32m200[39m [90m10 ms - 68[39m
[35m[HTTP][39m [90m[39m
[35m[HTTP][39m [37m-->[39m [37mPOST[39m [37m/wd/hub/session[39m
[35m[HTTP][39m [90m{"desiredCapabilities":{"app":"C:\\Users\\Testing\\Desktop\\katalon\\APK SERVIDOR NUEVO\\NapoleoN.apk","noReset":false,"deviceId":"","deviceName":"samsung SM-A107M (Android 11)","fullReset":true,"platform":"ANDROID","newCommandTimeout":1800,"platformVersion":"11","automationName":"uiautomator2","autoGrantPermissions":true,"platformName":"Android","udid":"R9WN40KBXDJ","systemPort":59996},"capabilities":{"firstMatch":[{"appium:app":"C:\\Users\\Testing\\Desktop\\katalon\\APK SERVIDOR NUEVO\\NapoleoN.apk","appium:autoGrantPermissions":true,"appium:automationName":"uiautomator2","deviceId":"","appium:deviceName":"samsung SM-A107M (Android 11)","appium:fullReset":true,"appium:newCommandTimeout":1800,"appium:noReset":false,"platform":"ANDROID","platformName":"android","appium:platformVersion":"11","appium:systemPort":59996,"appium:udid":"R9WN40KBXDJ"}]}}[39m
[35m[BaseDriver][39m The following capabilities are not standard capabilities and should have an extension prefix:
[35m[BaseDriver][39m   deviceId
[35m[BaseDriver][39m   platform
[35m[BaseDriver][39m   chromedriverPort
[35m[Appium][39m Appium v1.22.3 creating new AndroidUiautomator2Driver (v1.70.1) session
[35m[BaseDriver][39m The following capabilities were provided, but are not recognized by Appium:
[35m[BaseDriver][39m   deviceId
[35m[BaseDriver][39m   platform
[35m[BaseDriver][39m Session created with session id: d8a9c4f4-2c6e-4b08-8bc1-dbba25b53a12
[35m[BaseDriver][39m Using local app 'C:\Users\Testing\Desktop\katalon\APK SERVIDOR NUEVO\NapoleoN.apk'
[35m[ADB][39m Found 1 'build-tools' folders under 'C:\Users\Testing\.katalon\tools\android_sdk' (newest first):
[35m[ADB][39m     C:/Users/Testing/.katalon/tools/android_sdk/build-tools/29.0.3
[35m[ADB][39m Using 'adb.exe' from 'C:\Users\Testing\.katalon\tools\android_sdk\platform-tools\adb.exe'
[35m[AndroidDriver][39m Retrieving device list
[35m[AndroidDriver][39m Using device: R9WN40KBXDJ
[35m[ADB][39m Using 'adb.exe' from 'C:\Users\Testing\.katalon\tools\android_sdk\platform-tools\adb.exe'
[35m[ADB][39m Getting device platform version
[35m[UiAutomator2][39m Relaxing hidden api policy
[35m[ADB][39m Package name: 'com.naposystems.napoleonchat'
[35m[ADB][39m Main activity name: 'com.naposystems.napoleonchat.ui.mainActivity.MainActivity'
[35m[ADB][39m Using 'apksigner.jar' from 'C:\Users\Testing\.katalon\tools\android_sdk\build-tools\29.0.3\lib\apksigner.jar'
[35m[ADB][39m 'C:\Users\Testing\AppData\Roaming\npm\node_modules\appium\node_modules\appium-uiautomator2-server\apks\appium-uiautomator2-server-v4.27.0.apk' is signed with the default certificate
[35m[ADB][39m 'C:\Users\Testing\AppData\Roaming\npm\node_modules\appium\node_modules\appium-uiautomator2-server\apks\appium-uiautomator2-server-debug-androidTest.apk' is signed with the default certificate
[35m[UiAutomator2][39m Server packages are not going to be (re)installed
[35m[ADB][39m Adding packages ["io.appium.settings","io.appium.uiautomator2.server","io.appium.uiautomator2.server.test"] to Doze whitelist
[35m[ADB][39m 'C:\Users\Testing\Desktop\katalon\APK SERVIDOR NUEVO\NapoleoN.apk' is signed with a non-default certificate
[35m[ADB][39m com.naposystems.napoleonchat was not uninstalled, because it was not present on the device
[35m[ADB][39m The application at 'C:\Users\Testing\Desktop\katalon\APK SERVIDOR NUEVO\NapoleoN.apk' will not be cached, because the device under test has confirmed the support of streamed installs
[35m[ADB][39m The installation of 'NapoleoN.apk' took 11620ms
[35m[UiAutomator2][39m Starting UIAutomator2 server 4.27.0
[35m[UiAutomator2][39m Using UIAutomator2 server from 'C:\Users\Testing\AppData\Roaming\npm\node_modules\appium\node_modules\appium-uiautomator2-server\apks\appium-uiautomator2-server-v4.27.0.apk' and test from 'C:\Users\Testing\AppData\Roaming\npm\node_modules\appium\node_modules\appium-uiautomator2-server\apks\appium-uiautomator2-server-debug-androidTest.apk'
[35m[UiAutomator2][39m Waiting up to 30000ms for UiAutomator2 to be online...
[35m[WD Proxy][39m socket hang up
[35m[WD Proxy][39m socket hang up
[35m[WD Proxy][39m socket hang up
[35m[WD Proxy][39m socket hang up
[35m[WD Proxy][39m socket hang up
[35m[WD Proxy][39m socket hang up
[35m[WD Proxy][39m socket hang up
[35m[WD Proxy][39m Determined the downstream protocol as 'W3C'
[35m[AndroidDriver][39m Screen already unlocked, doing nothing
[35m[UiAutomator2][39m Starting 'com.naposystems.napoleonchat/com.naposystems.napoleonchat.ui.mainActivity.MainActivity and waiting for 'com.naposystems.napoleonchat/com.naposystems.napoleonchat.ui.mainActivity.MainActivity'
[35m[Appium][39m New AndroidUiautomator2Driver session created successfully, session d8a9c4f4-2c6e-4b08-8bc1-dbba25b53a12 added to master session list
[35m[HTTP][39m [37m<-- POST /wd/hub/session [39m[32m200[39m [90m38013 ms - 1329[39m
[35m[HTTP][39m [90m[39m
[35m[HTTP][39m [37m-->[39m [37mGET[39m [37m/wd/hub/session/d8a9c4f4-2c6e-4b08-8bc1-dbba25b53a12[39m
[35m[HTTP][39m [90m{}[39m
[35m[HTTP][39m [37m<-- GET /wd/hub/session/d8a9c4f4-2c6e-4b08-8bc1-dbba25b53a12 [39m[32m200[39m [90m51 ms - 1283[39m
[35m[HTTP][39m [90m[39m
[35m[HTTP][39m [37m-->[39m [37mGET[39m [37m/wd/hub/session/d8a9c4f4-2c6e-4b08-8bc1-dbba25b53a12[39m
[35m[HTTP][39m [90m{}[39m
[35m[HTTP][39m [37m<-- GET /wd/hub/session/d8a9c4f4-2c6e-4b08-8bc1-dbba25b53a12 [39m[32m200[39m [90m22 ms - 1283[39m
[35m[HTTP][39m [90m[39m
[35m[HTTP][39m [37m-->[39m [37mGET[39m [37m/wd/hub/status[39m
[35m[HTTP][39m [90m{}[39m
[35m[HTTP][39m [37m<-- GET /wd/hub/status [39m[32m200[39m [90m1 ms - 68[39m
[35m[HTTP][39m [90m[39m
[35m[HTTP][39m [37m-->[39m [37mPOST[39m [37m/wd/hub/session/d8a9c4f4-2c6e-4b08-8bc1-dbba25b53a12/timeouts[39m
[35m[HTTP][39m [90m{"implicit":30000}[39m
[35m[HTTP][39m [37m<-- POST /wd/hub/session/d8a9c4f4-2c6e-4b08-8bc1-dbba25b53a12/timeouts [39m[32m200[39m [90m2 ms - 14[39m
[35m[HTTP][39m [90m[39m
[35m[HTTP][39m [37m-->[39m [37mGET[39m [37m/wd/hub/session/d8a9c4f4-2c6e-4b08-8bc1-dbba25b53a12/screenshot[39m
[35m[HTTP][39m [90m{}[39m
[35m[HTTP][39m [37m<-- GET /wd/hub/session/d8a9c4f4-2c6e-4b08-8bc1-dbba25b53a12/screenshot [39m[32m200[39m [90m1985 ms - 100682[39m
[35m[HTTP][39m [90m[39m
[35m[HTTP][39m [37m-->[39m [37mGET[39m [37m/wd/hub/session/d8a9c4f4-2c6e-4b08-8bc1-dbba25b53a12/window/rect[39m
[35m[HTTP][39m [90m{}[39m
[35m[HTTP][39m [37m<-- GET /wd/hub/session/d8a9c4f4-2c6e-4b08-8bc1-dbba25b53a12/window/rect [39m[32m200[39m [90m43 ms - 49[39m
[35m[HTTP][39m [90m[39m
[35m[HTTP][39m [37m-->[39m [37mGET[39m [37m/wd/hub/session/d8a9c4f4-2c6e-4b08-8bc1-dbba25b53a12/appium/device/system_bars[39m
[35m[HTTP][39m [90m{}[39m
[35m[HTTP][39m [37m<-- GET /wd/hub/session/d8a9c4f4-2c6e-4b08-8bc1-dbba25b53a12/appium/device/system_bars [39m[32m200[39m [90m151 ms - 145[39m
[35m[HTTP][39m [90m[39m
[35m[HTTP][39m [37m-->[39m [37mPOST[39m [37m/wd/hub/session/d8a9c4f4-2c6e-4b08-8bc1-dbba25b53a12/timeouts[39m
[35m[HTTP][39m [90m{"implicit":50}[39m
[35m[HTTP][39m [37m<-- POST /wd/hub/session/d8a9c4f4-2c6e-4b08-8bc1-dbba25b53a12/timeouts [39m[32m200[39m [90m3 ms - 14[39m
[35m[HTTP][39m [90m[39m
[35m[HTTP][39m [37m-->[39m [37mGET[39m [37m/wd/hub/session/d8a9c4f4-2c6e-4b08-8bc1-dbba25b53a12/window/rect[39m
[35m[HTTP][39m [90m{}[39m
[35m[HTTP][39m [37m<-- GET /wd/hub/session/d8a9c4f4-2c6e-4b08-8bc1-dbba25b53a12/window/rect [39m[32m200[39m [90m27 ms - 49[39m
[35m[HTTP][39m [90m[39m
[35m[HTTP][39m [37m-->[39m [37mPOST[39m [37m/wd/hub/session/d8a9c4f4-2c6e-4b08-8bc1-dbba25b53a12/elements[39m
[35m[HTTP][39m [90m{"using":"xpath","value":"//*[@class = 'android.widget.FrameLayout' and @resource-id = 'com.naposystems.napoleonchat:id/action_bar_root' and (@text = '' or . = '')]"}[39m
[35m[HTTP][39m [37m<-- POST /wd/hub/session/d8a9c4f4-2c6e-4b08-8bc1-dbba25b53a12/elements [39m[32m200[39m [90m1852 ms - 139[39m
[35m[HTTP][39m [90m[39m
[35m[HTTP][39m [37m-->[39m [37mGET[39m [37m/wd/hub/session/d8a9c4f4-2c6e-4b08-8bc1-dbba25b53a12/element/00000000-0000-0008-ffff-ffff00000003/location[39m
[35m[HTTP][39m [90m{}[39m
[35m[W3C (d8a9c4f4)][39m Driver proxy active, passing request on via HTTP proxy
[35m[WD Proxy][39m Replacing sessionId 69e655e4-4577-4643-ba0b-2a38e539cd39 with d8a9c4f4-2c6e-4b08-8bc1-dbba25b53a12
[35m[HTTP][39m [37m<-- GET /wd/hub/session/d8a9c4f4-2c6e-4b08-8bc1-dbba25b53a12/element/00000000-0000-0008-ffff-ffff00000003/location [39m[32m200[39m [90m76 ms - 75[39m
[35m[HTTP][39m [90m[39m
[35m[HTTP][39m [37m-->[39m [37mPOST[39m [37m/wd/hub/session/d8a9c4f4-2c6e-4b08-8bc1-dbba25b53a12/timeouts[39m
[35m[HTTP][39m [90m{"implicit":30000}[39m
[35m[HTTP][39m [37m<-- POST /wd/hub/session/d8a9c4f4-2c6e-4b08-8bc1-dbba25b53a12/timeouts [39m[32m200[39m [90m1 ms - 14[39m
[35m[HTTP][39m [90m[39m
[35m[HTTP][39m [37m-->[39m [37mGET[39m [37m/wd/hub/session/d8a9c4f4-2c6e-4b08-8bc1-dbba25b53a12/element/00000000-0000-0008-ffff-ffff00000003/text[39m
[35m[HTTP][39m [90m{}[39m
[35m[W3C (d8a9c4f4)][39m Driver proxy active, passing request on via HTTP proxy
[35m[WD Proxy][39m Replacing sessionId 69e655e4-4577-4643-ba0b-2a38e539cd39 with d8a9c4f4-2c6e-4b08-8bc1-dbba25b53a12
[35m[HTTP][39m [37m<-- GET /wd/hub/session/d8a9c4f4-2c6e-4b08-8bc1-dbba25b53a12/element/00000000-0000-0008-ffff-ffff00000003/text [39m[32m200[39m [90m38 ms - 63[39m
[35m[HTTP][39m [90m[39m
[35m[HTTP][39m [37m-->[39m [37mPOST[39m [37m/wd/hub/session/d8a9c4f4-2c6e-4b08-8bc1-dbba25b53a12/timeouts[39m
[35m[HTTP][39m [90m{"implicit":50}[39m
[35m[HTTP][39m [37m<-- POST /wd/hub/session/d8a9c4f4-2c6e-4b08-8bc1-dbba25b53a12/timeouts [39m[32m200[39m [90m2 ms - 14[39m
[35m[HTTP][39m [90m[39m
[35m[HTTP][39m [37m-->[39m [37mGET[39m [37m/wd/hub/session/d8a9c4f4-2c6e-4b08-8bc1-dbba25b53a12/window/rect[39m
[35m[HTTP][39m [90m{}[39m
[35m[HTTP][39m [37m<-- GET /wd/hub/session/d8a9c4f4-2c6e-4b08-8bc1-dbba25b53a12/window/rect [39m[32m200[39m [90m23 ms - 49[39m
[35m[HTTP][39m [90m[39m
[35m[HTTP][39m [37m-->[39m [37mPOST[39m [37m/wd/hub/session/d8a9c4f4-2c6e-4b08-8bc1-dbba25b53a12/elements[39m
[35m[HTTP][39m [90m{"using":"xpath","value":"//*[@class = 'android.widget.TextView' and (@text = 'Omitir' or . = 'Omitir') and @resource-id = 'com.naposystems.napoleonchat:id/textViewSkip']"}[39m
[35m[HTTP][39m [37m<-- POST /wd/hub/session/d8a9c4f4-2c6e-4b08-8bc1-dbba25b53a12/elements [39m[32m200[39m [90m391 ms - 139[39m
[35m[HTTP][39m [90m[39m
[35m[HTTP][39m [37m-->[39m [37mGET[39m [37m/wd/hub/session/d8a9c4f4-2c6e-4b08-8bc1-dbba25b53a12/element/00000000-0000-0008-ffff-ffff00000033/location[39m
[35m[HTTP][39m [90m{}[39m
[35m[W3C (d8a9c4f4)][39m Driver proxy active, passing request on via HTTP proxy
[35m[WD Proxy][39m Replacing sessionId 69e655e4-4577-4643-ba0b-2a38e539cd39 with d8a9c4f4-2c6e-4b08-8bc1-dbba25b53a12
[35m[HTTP][39m [37m<-- GET /wd/hub/session/d8a9c4f4-2c6e-4b08-8bc1-dbba25b53a12/element/00000000-0000-0008-ffff-ffff00000033/location [39m[32m200[39m [90m58 ms - 77[39m
[35m[HTTP][39m [90m[39m
[35m[HTTP][39m [37m-->[39m [37mPOST[39m [37m/wd/hub/session/d8a9c4f4-2c6e-4b08-8bc1-dbba25b53a12/timeouts[39m
[35m[HTTP][39m [90m{"implicit":30000}[39m
[35m[HTTP][39m [37m<-- POST /wd/hub/session/d8a9c4f4-2c6e-4b08-8bc1-dbba25b53a12/timeouts [39m[32m200[39m [90m2 ms - 14[39m
[35m[HTTP][39m [90m[39m
[35m[HTTP][39m [37m-->[39m [37mPOST[39m [37m/wd/hub/session/d8a9c4f4-2c6e-4b08-8bc1-dbba25b53a12/element/00000000-0000-0008-ffff-ffff00000033/click[39m
[35m[HTTP][39m [90m{"id":"00000000-0000-0008-ffff-ffff00000033"}[39m
[35m[HTTP][39m [37m<-- POST /wd/hub/session/d8a9c4f4-2c6e-4b08-8bc1-dbba25b53a12/element/00000000-0000-0008-ffff-ffff00000033/click [39m[32m200[39m [90m157 ms - 14[39m
[35m[HTTP][39m [90m[39m
[35m[HTTP][39m [37m-->[39m [37mGET[39m [37m/wd/hub/session/d8a9c4f4-2c6e-4b08-8bc1-dbba25b53a12/context[39m
[35m[HTTP][39m [90m{}[39m
[35m[HTTP][39m [37m<-- GET /wd/hub/session/d8a9c4f4-2c6e-4b08-8bc1-dbba25b53a12/context [39m[32m200[39m [90m1 ms - 22[39m
[35m[HTTP][39m [90m[39m
[35m[HTTP][39m [37m-->[39m [37mGET[39m [37m/wd/hub/session/d8a9c4f4-2c6e-4b08-8bc1-dbba25b53a12/contexts[39m
[35m[HTTP][39m [90m{}[39m
[35m[HTTP][39m [37m<-- GET /wd/hub/session/d8a9c4f4-2c6e-4b08-8bc1-dbba25b53a12/contexts [39m[32m200[39m [90m610 ms - 70[39m
[35m[HTTP][39m [90m[39m
[35m[HTTP][39m [37m-->[39m [37mPOST[39m [37m/wd/hub/session/d8a9c4f4-2c6e-4b08-8bc1-dbba25b53a12/context[39m
[35m[HTTP][39m [90m{"name":"NATIVE_APP"}[39m
[35m[HTTP][39m [37m<-- POST /wd/hub/session/d8a9c4f4-2c6e-4b08-8bc1-dbba25b53a12/context [39m[32m200[39m [90m1 ms - 14[39m
[35m[HTTP][39m [90m[39m
[35m[HTTP][39m [37m-->[39m [37mPOST[39m [37m/wd/hub/session/d8a9c4f4-2c6e-4b08-8bc1-dbba25b53a12/appium/device/press_keycode[39m
[35m[HTTP][39m [90m{"keycode":4}[39m
[35m[HTTP][39m [37m<-- POST /wd/hub/session/d8a9c4f4-2c6e-4b08-8bc1-dbba25b53a12/appium/device/press_keycode [39m[32m200[39m [90m601 ms - 14[39m
[35m[HTTP][39m [90m[39m
[35m[HTTP][39m [37m-->[39m [37mPOST[39m [37m/wd/hub/session/d8a9c4f4-2c6e-4b08-8bc1-dbba25b53a12/context[39m
[35m[HTTP][39m [90m{"name":"NATIVE_APP"}[39m
[35m[HTTP][39m [37m<-- POST /wd/hub/session/d8a9c4f4-2c6e-4b08-8bc1-dbba25b53a12/context [39m[32m200[39m [90m1 ms - 14[39m
[35m[HTTP][39m [90m[39m
[35m[HTTP][39m [37m-->[39m [37mGET[39m [37m/wd/hub/session/d8a9c4f4-2c6e-4b08-8bc1-dbba25b53a12/context[39m
[35m[HTTP][39m [90m{}[39m
[35m[HTTP][39m [37m<-- GET /wd/hub/session/d8a9c4f4-2c6e-4b08-8bc1-dbba25b53a12/context [39m[32m200[39m [90m1 ms - 22[39m
[35m[HTTP][39m [90m[39m
[35m[HTTP][39m [37m-->[39m [37mGET[39m [37m/wd/hub/session/d8a9c4f4-2c6e-4b08-8bc1-dbba25b53a12/contexts[39m
[35m[HTTP][39m [90m{}[39m
[35m[HTTP][39m [37m<-- GET /wd/hub/session/d8a9c4f4-2c6e-4b08-8bc1-dbba25b53a12/contexts [39m[32m200[39m [90m392 ms - 70[39m
[35m[HTTP][39m [90m[39m
[35m[HTTP][39m [37m-->[39m [37mPOST[39m [37m/wd/hub/session/d8a9c4f4-2c6e-4b08-8bc1-dbba25b53a12/context[39m
[35m[HTTP][39m [90m{"name":"NATIVE_APP"}[39m
[35m[HTTP][39m [37m<-- POST /wd/hub/session/d8a9c4f4-2c6e-4b08-8bc1-dbba25b53a12/context [39m[32m200[39m [90m1 ms - 14[39m
[35m[HTTP][39m [90m[39m
[35m[HTTP][39m [37m-->[39m [37mPOST[39m [37m/wd/hub/session/d8a9c4f4-2c6e-4b08-8bc1-dbba25b53a12/network_connection[39m
[35m[HTTP][39m [90m{"name":"network_connection","parameters":{"type":2}}[39m
[35m[AndroidDriver][39m Setting network connection
[35m[AndroidDriver][39m Getting network connection
[35m[AndroidDriver][39m Not changing airplane mode, since it is already disabled
[35m[AndroidDriver][39m Not changing data connection/Wi-Fi states, since they are already set to expected values
[35m[HTTP][39m [37m<-- POST /wd/hub/session/d8a9c4f4-2c6e-4b08-8bc1-dbba25b53a12/network_connection [39m[32m200[39m [90m779 ms - 11[39m
[35m[HTTP][39m [90m[39m
[35m[HTTP][39m [37m-->[39m [37mPOST[39m [37m/wd/hub/session/d8a9c4f4-2c6e-4b08-8bc1-dbba25b53a12/context[39m
[35m[HTTP][39m [90m{"name":"NATIVE_APP"}[39m
[35m[HTTP][39m [37m<-- POST /wd/hub/session/d8a9c4f4-2c6e-4b08-8bc1-dbba25b53a12/context [39m[32m200[39m [90m1 ms - 14[39m
[35m[HTTP][39m [90m[39m
[35m[HTTP][39m [37m-->[39m [37mPOST[39m [37m/wd/hub/session/d8a9c4f4-2c6e-4b08-8bc1-dbba25b53a12/timeouts[39m
[35m[HTTP][39m [90m{"implicit":50}[39m
[35m[HTTP][39m [37m<-- POST /wd/hub/session/d8a9c4f4-2c6e-4b08-8bc1-dbba25b53a12/timeouts [39m[32m200[39m [90m1 ms - 14[39m
[35m[HTTP][39m [90m[39m
[35m[HTTP][39m [37m-->[39m [37mGET[39m [37m/wd/hub/session/d8a9c4f4-2c6e-4b08-8bc1-dbba25b53a12/window/rect[39m
[35m[HTTP][39m [90m{}[39m
[35m[HTTP][39m [37m<-- GET /wd/hub/session/d8a9c4f4-2c6e-4b08-8bc1-dbba25b53a12/window/rect [39m[32m200[39m [90m23 ms - 49[39m
[35m[HTTP][39m [90m[39m
[35m[HTTP][39m [37m-->[39m [37mPOST[39m [37m/wd/hub/session/d8a9c4f4-2c6e-4b08-8bc1-dbba25b53a12/elements[39m
[35m[HTTP][39m [90m{"using":"xpath","value":"//*[@class = 'android.widget.TextView' and (@text = 'Siguiente' or . = 'Siguiente') and @resource-id = 'com.naposystems.napoleonchat:id/textViewNextSlide']"}[39m
[35m[HTTP][39m [37m<-- POST /wd/hub/session/d8a9c4f4-2c6e-4b08-8bc1-dbba25b53a12/elements [39m[32m200[39m [90m370 ms - 139[39m
[35m[HTTP][39m [90m[39m
[35m[HTTP][39m [37m-->[39m [37mGET[39m [37m/wd/hub/session/d8a9c4f4-2c6e-4b08-8bc1-dbba25b53a12/element/00000000-0000-0008-ffff-ffff0000004e/location[39m
[35m[HTTP][39m [90m{}[39m
[35m[W3C (d8a9c4f4)][39m Driver proxy active, passing request on via HTTP proxy
[35m[WD Proxy][39m Replacing sessionId 69e655e4-4577-4643-ba0b-2a38e539cd39 with d8a9c4f4-2c6e-4b08-8bc1-dbba25b53a12
[35m[HTTP][39m [37m<-- GET /wd/hub/session/d8a9c4f4-2c6e-4b08-8bc1-dbba25b53a12/element/00000000-0000-0008-ffff-ffff0000004e/location [39m[32m200[39m [90m95 ms - 79[39m
[35m[HTTP][39m [90m[39m
[35m[HTTP][39m [37m-->[39m [37mPOST[39m [37m/wd/hub/session/d8a9c4f4-2c6e-4b08-8bc1-dbba25b53a12/timeouts[39m
[35m[HTTP][39m [90m{"implicit":30000}[39m
[35m[HTTP][39m [37m<-- POST /wd/hub/session/d8a9c4f4-2c6e-4b08-8bc1-dbba25b53a12/timeouts [39m[32m200[39m [90m1 ms - 14[39m
[35m[HTTP][39m [90m[39m
[35m[HTTP][39m [37m-->[39m [37mPOST[39m [37m/wd/hub/session/d8a9c4f4-2c6e-4b08-8bc1-dbba25b53a12/element/00000000-0000-0008-ffff-ffff0000004e/click[39m
[35m[HTTP][39m [90m{"id":"00000000-0000-0008-ffff-ffff0000004e"}[39m
[35m[HTTP][39m [37m<-- POST /wd/hub/session/d8a9c4f4-2c6e-4b08-8bc1-dbba25b53a12/element/00000000-0000-0008-ffff-ffff0000004e/click [39m[32m200[39m [90m127 ms - 14[39m
[35m[HTTP][39m [90m[39m
[35m[HTTP][39m [37m-->[39m [37mPOST[39m [37m/wd/hub/session/d8a9c4f4-2c6e-4b08-8bc1-dbba25b53a12/timeouts[39m
[35m[HTTP][39m [90m{"implicit":50}[39m
[35m[HTTP][39m [37m<-- POST /wd/hub/session/d8a9c4f4-2c6e-4b08-8bc1-dbba25b53a12/timeouts [39m[32m200[39m [90m2 ms - 14[39m
[35m[HTTP][39m [90m[39m
[35m[HTTP][39m [37m-->[39m [37mGET[39m [37m/wd/hub/session/d8a9c4f4-2c6e-4b08-8bc1-dbba25b53a12/window/rect[39m
[35m[HTTP][39m [90m{}[39m
[35m[HTTP][39m [37m<-- GET /wd/hub/session/d8a9c4f4-2c6e-4b08-8bc1-dbba25b53a12/window/rect [39m[32m200[39m [90m17 ms - 49[39m
[35m[HTTP][39m [90m[39m
[35m[HTTP][39m [37m-->[39m [37mPOST[39m [37m/wd/hub/session/d8a9c4f4-2c6e-4b08-8bc1-dbba25b53a12/elements[39m
[35m[HTTP][39m [90m{"using":"xpath","value":"//hierarchy/android.widget.FrameLayout[1]"}[39m
[35m[HTTP][39m [37m<-- POST /wd/hub/session/d8a9c4f4-2c6e-4b08-8bc1-dbba25b53a12/elements [39m[32m200[39m [90m230 ms - 139[39m
[35m[HTTP][39m [90m[39m
[35m[HTTP][39m [37m-->[39m [37mGET[39m [37m/wd/hub/session/d8a9c4f4-2c6e-4b08-8bc1-dbba25b53a12/element/00000000-0000-0008-ffff-ffff7ffffffe/location[39m
[35m[HTTP][39m [90m{}[39m
[35m[W3C (d8a9c4f4)][39m Driver proxy active, passing request on via HTTP proxy
[35m[WD Proxy][39m Replacing sessionId 69e655e4-4577-4643-ba0b-2a38e539cd39 with d8a9c4f4-2c6e-4b08-8bc1-dbba25b53a12
[35m[HTTP][39m [37m<-- GET /wd/hub/session/d8a9c4f4-2c6e-4b08-8bc1-dbba25b53a12/element/00000000-0000-0008-ffff-ffff7ffffffe/location [39m[32m200[39m [90m400 ms - 74[39m
[35m[HTTP][39m [90m[39m
[35m[HTTP][39m [37m-->[39m [37mPOST[39m [37m/wd/hub/session/d8a9c4f4-2c6e-4b08-8bc1-dbba25b53a12/timeouts[39m
[35m[HTTP][39m [90m{"implicit":30000}[39m
[35m[HTTP][39m [37m<-- POST /wd/hub/session/d8a9c4f4-2c6e-4b08-8bc1-dbba25b53a12/timeouts [39m[32m200[39m [90m2 ms - 14[39m
[35m[HTTP][39m [90m[39m
[35m[HTTP][39m [37m-->[39m [37mGET[39m [37m/wd/hub/session/d8a9c4f4-2c6e-4b08-8bc1-dbba25b53a12/element/00000000-0000-0008-ffff-ffff7ffffffe/text[39m
[35m[HTTP][39m [90m{}[39m
[35m[W3C (d8a9c4f4)][39m Driver proxy active, passing request on via HTTP proxy
[35m[WD Proxy][39m Replacing sessionId 69e655e4-4577-4643-ba0b-2a38e539cd39 with d8a9c4f4-2c6e-4b08-8bc1-dbba25b53a12
[35m[HTTP][39m [37m<-- GET /wd/hub/session/d8a9c4f4-2c6e-4b08-8bc1-dbba25b53a12/element/00000000-0000-0008-ffff-ffff7ffffffe/text [39m[32m200[39m [90m28 ms - 63[39m
[35m[HTTP][39m [90m[39m
[35m[HTTP][39m [37m-->[39m [37mPOST[39m [37m/wd/hub/session/d8a9c4f4-2c6e-4b08-8bc1-dbba25b53a12/timeouts[39m
[35m[HTTP][39m [90m{"implicit":50}[39m
[35m[HTTP][39m [37m<-- POST /wd/hub/session/d8a9c4f4-2c6e-4b08-8bc1-dbba25b53a12/timeouts [39m[32m200[39m [90m1 ms - 14[39m
[35m[HTTP][39m [90m[39m
[35m[HTTP][39m [37m-->[39m [37mGET[39m [37m/wd/hub/session/d8a9c4f4-2c6e-4b08-8bc1-dbba25b53a12/window/rect[39m
[35m[HTTP][39m [90m{}[39m
[35m[HTTP][39m [37m<-- GET /wd/hub/session/d8a9c4f4-2c6e-4b08-8bc1-dbba25b53a12/window/rect [39m[32m200[39m [90m18 ms - 49[39m
[35m[HTTP][39m [90m[39m
[35m[HTTP][39m [37m-->[39m [37mPOST[39m [37m/wd/hub/session/d8a9c4f4-2c6e-4b08-8bc1-dbba25b53a12/elements[39m
[35m[HTTP][39m [90m{"using":"xpath","value":"//*[@class = 'android.widget.TextView' and (@text = 'Siguiente' or . = 'Siguiente') and @resource-id = 'com.naposystems.napoleonchat:id/textViewNextSlide']"}[39m
[35m[HTTP][39m [37m<-- POST /wd/hub/session/d8a9c4f4-2c6e-4b08-8bc1-dbba25b53a12/elements [39m[32m200[39m [90m284 ms - 139[39m
[35m[HTTP][39m [90m[39m
[35m[HTTP][39m [37m-->[39m [37mGET[39m [37m/wd/hub/session/d8a9c4f4-2c6e-4b08-8bc1-dbba25b53a12/element/00000000-0000-0008-ffff-ffff0000004e/location[39m
[35m[HTTP][39m [90m{}[39m
[35m[W3C (d8a9c4f4)][39m Driver proxy active, passing request on via HTTP proxy
[35m[WD Proxy][39m Replacing sessionId 69e655e4-4577-4643-ba0b-2a38e539cd39 with d8a9c4f4-2c6e-4b08-8bc1-dbba25b53a12
[35m[HTTP][39m [37m<-- GET /wd/hub/session/d8a9c4f4-2c6e-4b08-8bc1-dbba25b53a12/element/00000000-0000-0008-ffff-ffff0000004e/location [39m[32m200[39m [90m38 ms - 79[39m
[35m[HTTP][39m [90m[39m
[35m[HTTP][39m [37m-->[39m [37mPOST[39m [37m/wd/hub/session/d8a9c4f4-2c6e-4b08-8bc1-dbba25b53a12/timeouts[39m
[35m[HTTP][39m [90m{"implicit":30000}[39m
[35m[HTTP][39m [37m<-- POST /wd/hub/session/d8a9c4f4-2c6e-4b08-8bc1-dbba25b53a12/timeouts [39m[32m200[39m [90m1 ms - 14[39m
[35m[HTTP][39m [90m[39m
[35m[HTTP][39m [37m-->[39m [37mPOST[39m [37m/wd/hub/session/d8a9c4f4-2c6e-4b08-8bc1-dbba25b53a12/element/00000000-0000-0008-ffff-ffff0000004e/click[39m
[35m[HTTP][39m [90m{"id":"00000000-0000-0008-ffff-ffff0000004e"}[39m
[35m[HTTP][39m [37m<-- POST /wd/hub/session/d8a9c4f4-2c6e-4b08-8bc1-dbba25b53a12/element/00000000-0000-0008-ffff-ffff0000004e/click [39m[32m200[39m [90m97 ms - 14[39m
[35m[HTTP][39m [90m[39m
[35m[HTTP][39m [37m-->[39m [37mPOST[39m [37m/wd/hub/session/d8a9c4f4-2c6e-4b08-8bc1-dbba25b53a12/timeouts[39m
[35m[HTTP][39m [90m{"implicit":50}[39m
[35m[HTTP][39m [37m<-- POST /wd/hub/session/d8a9c4f4-2c6e-4b08-8bc1-dbba25b53a12/timeouts [39m[32m200[39m [90m1 ms - 14[39m
[35m[HTTP][39m [90m[39m
[35m[HTTP][39m [37m-->[39m [37mGET[39m [37m/wd/hub/session/d8a9c4f4-2c6e-4b08-8bc1-dbba25b53a12/window/rect[39m
[35m[HTTP][39m [90m{}[39m
[35m[HTTP][39m [37m<-- GET /wd/hub/session/d8a9c4f4-2c6e-4b08-8bc1-dbba25b53a12/window/rect [39m[32m200[39m [90m23 ms - 49[39m
[35m[HTTP][39m [90m[39m
[35m[HTTP][39m [37m-->[39m [37mPOST[39m [37m/wd/hub/session/d8a9c4f4-2c6e-4b08-8bc1-dbba25b53a12/elements[39m
[35m[HTTP][39m [90m{"using":"xpath","value":"//hierarchy/android.widget.FrameLayout[1]"}[39m
[35m[HTTP][39m [37m<-- POST /wd/hub/session/d8a9c4f4-2c6e-4b08-8bc1-dbba25b53a12/elements [39m[32m200[39m [90m219 ms - 139[39m
[35m[HTTP][39m [90m[39m
[35m[HTTP][39m [37m-->[39m [37mGET[39m [37m/wd/hub/session/d8a9c4f4-2c6e-4b08-8bc1-dbba25b53a12/element/00000000-0000-0008-ffff-ffff7ffffffe/location[39m
[35m[HTTP][39m [90m{}[39m
[35m[W3C (d8a9c4f4)][39m Driver proxy active, passing request on via HTTP proxy
[35m[WD Proxy][39m Replacing sessionId 69e655e4-4577-4643-ba0b-2a38e539cd39 with d8a9c4f4-2c6e-4b08-8bc1-dbba25b53a12
[35m[HTTP][39m [37m<-- GET /wd/hub/session/d8a9c4f4-2c6e-4b08-8bc1-dbba25b53a12/element/00000000-0000-0008-ffff-ffff7ffffffe/location [39m[32m200[39m [90m435 ms - 74[39m
[35m[HTTP][39m [90m[39m
[35m[HTTP][39m [37m-->[39m [37mPOST[39m [37m/wd/hub/session/d8a9c4f4-2c6e-4b08-8bc1-dbba25b53a12/timeouts[39m
[35m[HTTP][39m [90m{"implicit":30000}[39m
[35m[HTTP][39m [37m<-- POST /wd/hub/session/d8a9c4f4-2c6e-4b08-8bc1-dbba25b53a12/timeouts [39m[32m200[39m [90m2 ms - 14[39m
[35m[HTTP][39m [90m[39m
[35m[HTTP][39m [37m-->[39m [37mGET[39m [37m/wd/hub/session/d8a9c4f4-2c6e-4b08-8bc1-dbba25b53a12/element/00000000-0000-0008-ffff-ffff7ffffffe/text[39m
[35m[HTTP][39m [90m{}[39m
[35m[W3C (d8a9c4f4)][39m Driver proxy active, passing request on via HTTP proxy
[35m[WD Proxy][39m Replacing sessionId 69e655e4-4577-4643-ba0b-2a38e539cd39 with d8a9c4f4-2c6e-4b08-8bc1-dbba25b53a12
[35m[HTTP][39m [37m<-- GET /wd/hub/session/d8a9c4f4-2c6e-4b08-8bc1-dbba25b53a12/element/00000000-0000-0008-ffff-ffff7ffffffe/text [39m[32m200[39m [90m27 ms - 63[39m
[35m[HTTP][39m [90m[39m
[35m[HTTP][39m [37m-->[39m [37mPOST[39m [37m/wd/hub/session/d8a9c4f4-2c6e-4b08-8bc1-dbba25b53a12/timeouts[39m
[35m[HTTP][39m [90m{"implicit":50}[39m
[35m[HTTP][39m [37m<-- POST /wd/hub/session/d8a9c4f4-2c6e-4b08-8bc1-dbba25b53a12/timeouts [39m[32m200[39m [90m1 ms - 14[39m
[35m[HTTP][39m [90m[39m
[35m[HTTP][39m [37m-->[39m [37mGET[39m [37m/wd/hub/session/d8a9c4f4-2c6e-4b08-8bc1-dbba25b53a12/window/rect[39m
[35m[HTTP][39m [90m{}[39m
[35m[HTTP][39m [37m<-- GET /wd/hub/session/d8a9c4f4-2c6e-4b08-8bc1-dbba25b53a12/window/rect [39m[32m200[39m [90m24 ms - 49[39m
[35m[HTTP][39m [90m[39m
[35m[HTTP][39m [37m-->[39m [37mPOST[39m [37m/wd/hub/session/d8a9c4f4-2c6e-4b08-8bc1-dbba25b53a12/elements[39m
[35m[HTTP][39m [90m{"using":"xpath","value":"//*[@class = 'android.widget.TextView' and (@text = 'Siguiente' or . = 'Siguiente') and @resource-id = 'com.naposystems.napoleonchat:id/textViewNextSlide']"}[39m
[35m[HTTP][39m [37m<-- POST /wd/hub/session/d8a9c4f4-2c6e-4b08-8bc1-dbba25b53a12/elements [39m[32m200[39m [90m363 ms - 139[39m
[35m[HTTP][39m [90m[39m
[35m[HTTP][39m [37m-->[39m [37mGET[39m [37m/wd/hub/session/d8a9c4f4-2c6e-4b08-8bc1-dbba25b53a12/element/00000000-0000-0008-ffff-ffff0000004e/location[39m
[35m[HTTP][39m [90m{}[39m
[35m[W3C (d8a9c4f4)][39m Driver proxy active, passing request on via HTTP proxy
[35m[WD Proxy][39m Replacing sessionId 69e655e4-4577-4643-ba0b-2a38e539cd39 with d8a9c4f4-2c6e-4b08-8bc1-dbba25b53a12
[35m[HTTP][39m [37m<-- GET /wd/hub/session/d8a9c4f4-2c6e-4b08-8bc1-dbba25b53a12/element/00000000-0000-0008-ffff-ffff0000004e/location [39m[32m200[39m [90m68 ms - 79[39m
[35m[HTTP][39m [90m[39m
[35m[HTTP][39m [37m-->[39m [37mPOST[39m [37m/wd/hub/session/d8a9c4f4-2c6e-4b08-8bc1-dbba25b53a12/timeouts[39m
[35m[HTTP][39m [90m{"implicit":30000}[39m
[35m[HTTP][39m [37m<-- POST /wd/hub/session/d8a9c4f4-2c6e-4b08-8bc1-dbba25b53a12/timeouts [39m[32m200[39m [90m1 ms - 14[39m
[35m[HTTP][39m [90m[39m
[35m[HTTP][39m [37m-->[39m [37mPOST[39m [37m/wd/hub/session/d8a9c4f4-2c6e-4b08-8bc1-dbba25b53a12/element/00000000-0000-0008-ffff-ffff0000004e/click[39m
[35m[HTTP][39m [90m{"id":"00000000-0000-0008-ffff-ffff0000004e"}[39m
[35m[HTTP][39m [37m<-- POST /wd/hub/session/d8a9c4f4-2c6e-4b08-8bc1-dbba25b53a12/element/00000000-0000-0008-ffff-ffff0000004e/click [39m[32m200[39m [90m71 ms - 14[39m
[35m[HTTP][39m [90m[39m
[35m[HTTP][39m [37m-->[39m [37mPOST[39m [37m/wd/hub/session/d8a9c4f4-2c6e-4b08-8bc1-dbba25b53a12/timeouts[39m
[35m[HTTP][39m [90m{"implicit":50}[39m
[35m[HTTP][39m [37m<-- POST /wd/hub/session/d8a9c4f4-2c6e-4b08-8bc1-dbba25b53a12/timeouts [39m[32m200[39m [90m1 ms - 14[39m
[35m[HTTP][39m [90m[39m
[35m[HTTP][39m [37m-->[39m [37mGET[39m [37m/wd/hub/session/d8a9c4f4-2c6e-4b08-8bc1-dbba25b53a12/window/rect[39m
[35m[HTTP][39m [90m{}[39m
[35m[HTTP][39m [37m<-- GET /wd/hub/session/d8a9c4f4-2c6e-4b08-8bc1-dbba25b53a12/window/rect [39m[32m200[39m [90m17 ms - 49[39m
[35m[HTTP][39m [90m[39m
[35m[HTTP][39m [37m-->[39m [37mPOST[39m [37m/wd/hub/session/d8a9c4f4-2c6e-4b08-8bc1-dbba25b53a12/elements[39m
[35m[HTTP][39m [90m{"using":"xpath","value":"//*[@class = 'android.widget.TextView' and (@text = 'Siguiente' or . = 'Siguiente') and @resource-id = 'com.naposystems.napoleonchat:id/textViewNextSlide']"}[39m
[35m[HTTP][39m [37m<-- POST /wd/hub/session/d8a9c4f4-2c6e-4b08-8bc1-dbba25b53a12/elements [39m[32m200[39m [90m414 ms - 139[39m
[35m[HTTP][39m [90m[39m
[35m[HTTP][39m [37m-->[39m [37mGET[39m [37m/wd/hub/session/d8a9c4f4-2c6e-4b08-8bc1-dbba25b53a12/element/00000000-0000-0008-ffff-ffff0000004e/location[39m
[35m[HTTP][39m [90m{}[39m
[35m[W3C (d8a9c4f4)][39m Driver proxy active, passing request on via HTTP proxy
[35m[WD Proxy][39m Replacing sessionId 69e655e4-4577-4643-ba0b-2a38e539cd39 with d8a9c4f4-2c6e-4b08-8bc1-dbba25b53a12
[35m[HTTP][39m [37m<-- GET /wd/hub/session/d8a9c4f4-2c6e-4b08-8bc1-dbba25b53a12/element/00000000-0000-0008-ffff-ffff0000004e/location [39m[32m200[39m [90m266 ms - 79[39m
[35m[HTTP][39m [90m[39m
[35m[HTTP][39m [37m-->[39m [37mPOST[39m [37m/wd/hub/session/d8a9c4f4-2c6e-4b08-8bc1-dbba25b53a12/timeouts[39m
[35m[HTTP][39m [90m{"implicit":30000}[39m
[35m[HTTP][39m [37m<-- POST /wd/hub/session/d8a9c4f4-2c6e-4b08-8bc1-dbba25b53a12/timeouts [39m[32m200[39m [90m1 ms - 14[39m
[35m[HTTP][39m [90m[39m
[35m[HTTP][39m [37m-->[39m [37mPOST[39m [37m/wd/hub/session/d8a9c4f4-2c6e-4b08-8bc1-dbba25b53a12/element/00000000-0000-0008-ffff-ffff0000004e/click[39m
[35m[HTTP][39m [90m{"id":"00000000-0000-0008-ffff-ffff0000004e"}[39m
[35m[HTTP][39m [37m<-- POST /wd/hub/session/d8a9c4f4-2c6e-4b08-8bc1-dbba25b53a12/element/00000000-0000-0008-ffff-ffff0000004e/click [39m[32m200[39m [90m791 ms - 14[39m
[35m[HTTP][39m [90m[39m
[35m[HTTP][39m [37m-->[39m [37mPOST[39m [37m/wd/hub/session/d8a9c4f4-2c6e-4b08-8bc1-dbba25b53a12/timeouts[39m
[35m[HTTP][39m [90m{"implicit":50}[39m
[35m[HTTP][39m [37m<-- POST /wd/hub/session/d8a9c4f4-2c6e-4b08-8bc1-dbba25b53a12/timeouts [39m[32m200[39m [90m1 ms - 14[39m
[35m[HTTP][39m [90m[39m
[35m[HTTP][39m [37m-->[39m [37mGET[39m [37m/wd/hub/session/d8a9c4f4-2c6e-4b08-8bc1-dbba25b53a12/window/rect[39m
[35m[HTTP][39m [90m{}[39m
[35m[HTTP][39m [37m<-- GET /wd/hub/session/d8a9c4f4-2c6e-4b08-8bc1-dbba25b53a12/window/rect [39m[32m200[39m [90m17 ms - 49[39m
[35m[HTTP][39m [90m[39m
[35m[HTTP][39m [37m-->[39m [37mPOST[39m [37m/wd/hub/session/d8a9c4f4-2c6e-4b08-8bc1-dbba25b53a12/elements[39m
[35m[HTTP][39m [90m{"using":"xpath","value":"//hierarchy/android.widget.FrameLayout[1]"}[39m
[35m[HTTP][39m [37m<-- POST /wd/hub/session/d8a9c4f4-2c6e-4b08-8bc1-dbba25b53a12/elements [39m[32m200[39m [90m148 ms - 139[39m
[35m[HTTP][39m [90m[39m
[35m[HTTP][39m [37m-->[39m [37mGET[39m [37m/wd/hub/session/d8a9c4f4-2c6e-4b08-8bc1-dbba25b53a12/element/00000000-0000-0008-ffff-ffff7ffffffe/location[39m
[35m[HTTP][39m [90m{}[39m
[35m[W3C (d8a9c4f4)][39m Driver proxy active, passing request on via HTTP proxy
[35m[WD Proxy][39m Replacing sessionId 69e655e4-4577-4643-ba0b-2a38e539cd39 with d8a9c4f4-2c6e-4b08-8bc1-dbba25b53a12
[35m[HTTP][39m [37m<-- GET /wd/hub/session/d8a9c4f4-2c6e-4b08-8bc1-dbba25b53a12/element/00000000-0000-0008-ffff-ffff7ffffffe/location [39m[32m200[39m [90m26 ms - 74[39m
[35m[HTTP][39m [90m[39m
[35m[HTTP][39m [37m-->[39m [37mPOST[39m [37m/wd/hub/session/d8a9c4f4-2c6e-4b08-8bc1-dbba25b53a12/timeouts[39m
[35m[HTTP][39m [90m{"implicit":30000}[39m
[35m[HTTP][39m [37m<-- POST /wd/hub/session/d8a9c4f4-2c6e-4b08-8bc1-dbba25b53a12/timeouts [39m[32m200[39m [90m1 ms - 14[39m
[35m[HTTP][39m [90m[39m
[35m[HTTP][39m [37m-->[39m [37mGET[39m [37m/wd/hub/session/d8a9c4f4-2c6e-4b08-8bc1-dbba25b53a12/element/00000000-0000-0008-ffff-ffff7ffffffe/text[39m
[35m[HTTP][39m [90m{}[39m
[35m[W3C (d8a9c4f4)][39m Driver proxy active, passing request on via HTTP proxy
[35m[WD Proxy][39m Replacing sessionId 69e655e4-4577-4643-ba0b-2a38e539cd39 with d8a9c4f4-2c6e-4b08-8bc1-dbba25b53a12
[35m[HTTP][39m [37m<-- GET /wd/hub/session/d8a9c4f4-2c6e-4b08-8bc1-dbba25b53a12/element/00000000-0000-0008-ffff-ffff7ffffffe/text [39m[32m200[39m [90m20 ms - 63[39m
[35m[HTTP][39m [90m[39m
[35m[HTTP][39m [37m-->[39m [37mPOST[39m [37m/wd/hub/session/d8a9c4f4-2c6e-4b08-8bc1-dbba25b53a12/timeouts[39m
[35m[HTTP][39m [90m{"implicit":50}[39m
[35m[HTTP][39m [37m<-- POST /wd/hub/session/d8a9c4f4-2c6e-4b08-8bc1-dbba25b53a12/timeouts [39m[32m200[39m [90m1 ms - 14[39m
[35m[HTTP][39m [90m[39m
[35m[HTTP][39m [37m-->[39m [37mGET[39m [37m/wd/hub/session/d8a9c4f4-2c6e-4b08-8bc1-dbba25b53a12/window/rect[39m
[35m[HTTP][39m [90m{}[39m
[35m[HTTP][39m [37m<-- GET /wd/hub/session/d8a9c4f4-2c6e-4b08-8bc1-dbba25b53a12/window/rect [39m[32m200[39m [90m20 ms - 49[39m
[35m[HTTP][39m [90m[39m
[35m[HTTP][39m [37m-->[39m [37mPOST[39m [37m/wd/hub/session/d8a9c4f4-2c6e-4b08-8bc1-dbba25b53a12/elements[39m
[35m[HTTP][39m [90m{"using":"xpath","value":"//*[@class = 'android.widget.TextView' and (@text = 'Siguiente' or . = 'Siguiente') and @resource-id = 'com.naposystems.napoleonchat:id/textViewNextSlide']"}[39m
[35m[HTTP][39m [37m<-- POST /wd/hub/session/d8a9c4f4-2c6e-4b08-8bc1-dbba25b53a12/elements [39m[32m200[39m [90m273 ms - 139[39m
[35m[HTTP][39m [90m[39m
[35m[HTTP][39m [37m-->[39m [37mGET[39m [37m/wd/hub/session/d8a9c4f4-2c6e-4b08-8bc1-dbba25b53a12/element/00000000-0000-0008-ffff-ffff0000004e/location[39m
[35m[HTTP][39m [90m{}[39m
[35m[W3C (d8a9c4f4)][39m Driver proxy active, passing request on via HTTP proxy
[35m[WD Proxy][39m Replacing sessionId 69e655e4-4577-4643-ba0b-2a38e539cd39 with d8a9c4f4-2c6e-4b08-8bc1-dbba25b53a12
[35m[HTTP][39m [37m<-- GET /wd/hub/session/d8a9c4f4-2c6e-4b08-8bc1-dbba25b53a12/element/00000000-0000-0008-ffff-ffff0000004e/location [39m[32m200[39m [90m31 ms - 79[39m
[35m[HTTP][39m [90m[39m
[35m[HTTP][39m [37m-->[39m [37mPOST[39m [37m/wd/hub/session/d8a9c4f4-2c6e-4b08-8bc1-dbba25b53a12/timeouts[39m
[35m[HTTP][39m [90m{"implicit":30000}[39m
[35m[HTTP][39m [37m<-- POST /wd/hub/session/d8a9c4f4-2c6e-4b08-8bc1-dbba25b53a12/timeouts [39m[32m200[39m [90m1 ms - 14[39m
[35m[HTTP][39m [90m[39m
[35m[HTTP][39m [37m-->[39m [37mPOST[39m [37m/wd/hub/session/d8a9c4f4-2c6e-4b08-8bc1-dbba25b53a12/element/00000000-0000-0008-ffff-ffff0000004e/click[39m
[35m[HTTP][39m [90m{"id":"00000000-0000-0008-ffff-ffff0000004e"}[39m
[35m[HTTP][39m [37m<-- POST /wd/hub/session/d8a9c4f4-2c6e-4b08-8bc1-dbba25b53a12/element/00000000-0000-0008-ffff-ffff0000004e/click [39m[32m200[39m [90m80 ms - 14[39m
[35m[HTTP][39m [90m[39m
[35m[HTTP][39m [37m-->[39m [37mPOST[39m [37m/wd/hub/session/d8a9c4f4-2c6e-4b08-8bc1-dbba25b53a12/timeouts[39m
[35m[HTTP][39m [90m{"implicit":50}[39m
[35m[HTTP][39m [37m<-- POST /wd/hub/session/d8a9c4f4-2c6e-4b08-8bc1-dbba25b53a12/timeouts [39m[32m200[39m [90m1 ms - 14[39m
[35m[HTTP][39m [90m[39m
[35m[HTTP][39m [37m-->[39m [37mGET[39m [37m/wd/hub/session/d8a9c4f4-2c6e-4b08-8bc1-dbba25b53a12/window/rect[39m
[35m[HTTP][39m [90m{}[39m
[35m[HTTP][39m [37m<-- GET /wd/hub/session/d8a9c4f4-2c6e-4b08-8bc1-dbba25b53a12/window/rect [39m[32m200[39m [90m15 ms - 49[39m
[35m[HTTP][39m [90m[39m
[35m[HTTP][39m [37m-->[39m [37mPOST[39m [37m/wd/hub/session/d8a9c4f4-2c6e-4b08-8bc1-dbba25b53a12/elements[39m
[35m[HTTP][39m [90m{"using":"xpath","value":"//hierarchy/android.widget.FrameLayout[1]"}[39m
[35m[HTTP][39m [37m<-- POST /wd/hub/session/d8a9c4f4-2c6e-4b08-8bc1-dbba25b53a12/elements [39m[32m200[39m [90m174 ms - 139[39m
[35m[HTTP][39m [90m[39m
[35m[HTTP][39m [37m-->[39m [37mGET[39m [37m/wd/hub/session/d8a9c4f4-2c6e-4b08-8bc1-dbba25b53a12/element/00000000-0000-0008-ffff-ffff7ffffffe/location[39m
[35m[HTTP][39m [90m{}[39m
[35m[W3C (d8a9c4f4)][39m Driver proxy active, passing request on via HTTP proxy
[35m[WD Proxy][39m Replacing sessionId 69e655e4-4577-4643-ba0b-2a38e539cd39 with d8a9c4f4-2c6e-4b08-8bc1-dbba25b53a12
[35m[HTTP][39m [37m<-- GET /wd/hub/session/d8a9c4f4-2c6e-4b08-8bc1-dbba25b53a12/element/00000000-0000-0008-ffff-ffff7ffffffe/location [39m[32m200[39m [90m459 ms - 74[39m
[35m[HTTP][39m [90m[39m
[35m[HTTP][39m [37m-->[39m [37mPOST[39m [37m/wd/hub/session/d8a9c4f4-2c6e-4b08-8bc1-dbba25b53a12/timeouts[39m
[35m[HTTP][39m [90m{"implicit":30000}[39m
[35m[HTTP][39m [37m<-- POST /wd/hub/session/d8a9c4f4-2c6e-4b08-8bc1-dbba25b53a12/timeouts [39m[32m200[39m [90m2 ms - 14[39m
[35m[HTTP][39m [90m[39m
[35m[HTTP][39m [37m-->[39m [37mGET[39m [37m/wd/hub/session/d8a9c4f4-2c6e-4b08-8bc1-dbba25b53a12/element/00000000-0000-0008-ffff-ffff7ffffffe/text[39m
[35m[HTTP][39m [90m{}[39m
[35m[W3C (d8a9c4f4)][39m Driver proxy active, passing request on via HTTP proxy
[35m[WD Proxy][39m Replacing sessionId 69e655e4-4577-4643-ba0b-2a38e539cd39 with d8a9c4f4-2c6e-4b08-8bc1-dbba25b53a12
[35m[HTTP][39m [37m<-- GET /wd/hub/session/d8a9c4f4-2c6e-4b08-8bc1-dbba25b53a12/element/00000000-0000-0008-ffff-ffff7ffffffe/text [39m[32m200[39m [90m23 ms - 63[39m
[35m[HTTP][39m [90m[39m
[35m[HTTP][39m [37m-->[39m [37mPOST[39m [37m/wd/hub/session/d8a9c4f4-2c6e-4b08-8bc1-dbba25b53a12/timeouts[39m
[35m[HTTP][39m [90m{"implicit":50}[39m
[35m[HTTP][39m [37m<-- POST /wd/hub/session/d8a9c4f4-2c6e-4b08-8bc1-dbba25b53a12/timeouts [39m[32m200[39m [90m1 ms - 14[39m
[35m[HTTP][39m [90m[39m
[35m[HTTP][39m [37m-->[39m [37mGET[39m [37m/wd/hub/session/d8a9c4f4-2c6e-4b08-8bc1-dbba25b53a12/window/rect[39m
[35m[HTTP][39m [90m{}[39m
[35m[HTTP][39m [37m<-- GET /wd/hub/session/d8a9c4f4-2c6e-4b08-8bc1-dbba25b53a12/window/rect [39m[32m200[39m [90m14 ms - 49[39m
[35m[HTTP][39m [90m[39m
[35m[HTTP][39m [37m-->[39m [37mPOST[39m [37m/wd/hub/session/d8a9c4f4-2c6e-4b08-8bc1-dbba25b53a12/elements[39m
[35m[HTTP][39m [90m{"using":"xpath","value":"//*[@class = 'android.widget.TextView' and (@text = 'Empezar' or . = 'Empezar') and @resource-id = 'com.naposystems.napoleonchat:id/textViewFinishSlide']"}[39m
[35m[HTTP][39m [37m<-- POST /wd/hub/session/d8a9c4f4-2c6e-4b08-8bc1-dbba25b53a12/elements [39m[32m200[39m [90m259 ms - 139[39m
[35m[HTTP][39m [90m[39m
[35m[HTTP][39m [37m-->[39m [37mGET[39m [37m/wd/hub/session/d8a9c4f4-2c6e-4b08-8bc1-dbba25b53a12/element/00000000-0000-0008-ffff-ffff0000004f/location[39m
[35m[HTTP][39m [90m{}[39m
[35m[W3C (d8a9c4f4)][39m Driver proxy active, passing request on via HTTP proxy
[35m[WD Proxy][39m Replacing sessionId 69e655e4-4577-4643-ba0b-2a38e539cd39 with d8a9c4f4-2c6e-4b08-8bc1-dbba25b53a12
[35m[HTTP][39m [37m<-- GET /wd/hub/session/d8a9c4f4-2c6e-4b08-8bc1-dbba25b53a12/element/00000000-0000-0008-ffff-ffff0000004f/location [39m[32m200[39m [90m40 ms - 79[39m
[35m[HTTP][39m [90m[39m
[35m[HTTP][39m [37m-->[39m [37mPOST[39m [37m/wd/hub/session/d8a9c4f4-2c6e-4b08-8bc1-dbba25b53a12/timeouts[39m
[35m[HTTP][39m [90m{"implicit":30000}[39m
[35m[HTTP][39m [37m<-- POST /wd/hub/session/d8a9c4f4-2c6e-4b08-8bc1-dbba25b53a12/timeouts [39m[32m200[39m [90m2 ms - 14[39m
[35m[HTTP][39m [90m[39m
[35m[HTTP][39m [37m-->[39m [37mPOST[39m [37m/wd/hub/session/d8a9c4f4-2c6e-4b08-8bc1-dbba25b53a12/element/00000000-0000-0008-ffff-ffff0000004f/click[39m
[35m[HTTP][39m [90m{"id":"00000000-0000-0008-ffff-ffff0000004f"}[39m
[35m[HTTP][39m [37m<-- POST /wd/hub/session/d8a9c4f4-2c6e-4b08-8bc1-dbba25b53a12/element/00000000-0000-0008-ffff-ffff0000004f/click [39m[32m200[39m [90m78 ms - 14[39m
[35m[HTTP][39m [90m[39m
[35m[HTTP][39m [37m-->[39m [37mGET[39m [37m/wd/hub/session/d8a9c4f4-2c6e-4b08-8bc1-dbba25b53a12/context[39m
[35m[HTTP][39m [90m{}[39m
[35m[HTTP][39m [37m<-- GET /wd/hub/session/d8a9c4f4-2c6e-4b08-8bc1-dbba25b53a12/context [39m[32m200[39m [90m1 ms - 22[39m
[35m[HTTP][39m [90m[39m
[35m[HTTP][39m [37m-->[39m [37mGET[39m [37m/wd/hub/session/d8a9c4f4-2c6e-4b08-8bc1-dbba25b53a12/contexts[39m
[35m[HTTP][39m [90m{}[39m
[35m[HTTP][39m [37m<-- GET /wd/hub/session/d8a9c4f4-2c6e-4b08-8bc1-dbba25b53a12/contexts [39m[32m200[39m [90m204 ms - 70[39m
[35m[HTTP][39m [90m[39m
[35m[HTTP][39m [37m-->[39m [37mPOST[39m [37m/wd/hub/session/d8a9c4f4-2c6e-4b08-8bc1-dbba25b53a12/context[39m
[35m[HTTP][39m [90m{"name":"NATIVE_APP"}[39m
[35m[HTTP][39m [37m<-- POST /wd/hub/session/d8a9c4f4-2c6e-4b08-8bc1-dbba25b53a12/context [39m[32m200[39m [90m1 ms - 14[39m
[35m[HTTP][39m [90m[39m
[35m[HTTP][39m [37m-->[39m [37mPOST[39m [37m/wd/hub/session/d8a9c4f4-2c6e-4b08-8bc1-dbba25b53a12/appium/device/press_keycode[39m
[35m[HTTP][39m [90m{"keycode":4}[39m
[35m[HTTP][39m [37m<-- POST /wd/hub/session/d8a9c4f4-2c6e-4b08-8bc1-dbba25b53a12/appium/device/press_keycode [39m[32m200[39m [90m478 ms - 14[39m
[35m[HTTP][39m [90m[39m
[35m[HTTP][39m [37m-->[39m [37mPOST[39m [37m/wd/hub/session/d8a9c4f4-2c6e-4b08-8bc1-dbba25b53a12/context[39m
[35m[HTTP][39m [90m{"name":"NATIVE_APP"}[39m
[35m[HTTP][39m [37m<-- POST /wd/hub/session/d8a9c4f4-2c6e-4b08-8bc1-dbba25b53a12/context [39m[32m200[39m [90m1 ms - 14[39m
[35m[HTTP][39m [90m[39m
[35m[HTTP][39m [37m-->[39m [37mGET[39m [37m/wd/hub/session/d8a9c4f4-2c6e-4b08-8bc1-dbba25b53a12/context[39m
[35m[HTTP][39m [90m{}[39m
[35m[HTTP][39m [37m<-- GET /wd/hub/session/d8a9c4f4-2c6e-4b08-8bc1-dbba25b53a12/context [39m[32m200[39m [90m1 ms - 22[39m
[35m[HTTP][39m [90m[39m
[35m[HTTP][39m [37m-->[39m [37mGET[39m [37m/wd/hub/session/d8a9c4f4-2c6e-4b08-8bc1-dbba25b53a12/contexts[39m
[35m[HTTP][39m [90m{}[39m
[35m[HTTP][39m [37m<-- GET /wd/hub/session/d8a9c4f4-2c6e-4b08-8bc1-dbba25b53a12/contexts [39m[32m200[39m [90m161 ms - 70[39m
[35m[HTTP][39m [90m[39m
[35m[HTTP][39m [37m-->[39m [37mPOST[39m [37m/wd/hub/session/d8a9c4f4-2c6e-4b08-8bc1-dbba25b53a12/context[39m
[35m[HTTP][39m [90m{"name":"NATIVE_APP"}[39m
[35m[HTTP][39m [37m<-- POST /wd/hub/session/d8a9c4f4-2c6e-4b08-8bc1-dbba25b53a12/context [39m[32m200[39m [90m1 ms - 14[39m
[35m[HTTP][39m [90m[39m
[35m[HTTP][39m [37m-->[39m [37mPOST[39m [37m/wd/hub/session/d8a9c4f4-2c6e-4b08-8bc1-dbba25b53a12/appium/device/press_keycode[39m
[35m[HTTP][39m [90m{"keycode":4}[39m
[35m[HTTP][39m [37m<-- POST /wd/hub/session/d8a9c4f4-2c6e-4b08-8bc1-dbba25b53a12/appium/device/press_keycode [39m[32m200[39m [90m1608 ms - 14[39m
[35m[HTTP][39m [90m[39m
[35m[HTTP][39m [37m-->[39m [37mPOST[39m [37m/wd/hub/session/d8a9c4f4-2c6e-4b08-8bc1-dbba25b53a12/context[39m
[35m[HTTP][39m [90m{"name":"NATIVE_APP"}[39m
[35m[HTTP][39m [37m<-- POST /wd/hub/session/d8a9c4f4-2c6e-4b08-8bc1-dbba25b53a12/context [39m[32m200[39m [90m3 ms - 14[39m
[35m[HTTP][39m [90m[39m
[35m[HTTP][39m [37m-->[39m [37mGET[39m [37m/wd/hub/session/d8a9c4f4-2c6e-4b08-8bc1-dbba25b53a12/context[39m
[35m[HTTP][39m [90m{}[39m
[35m[HTTP][39m [37m<-- GET /wd/hub/session/d8a9c4f4-2c6e-4b08-8bc1-dbba25b53a12/context [39m[32m200[39m [90m2 ms - 22[39m
[35m[HTTP][39m [90m[39m
[35m[HTTP][39m [37m-->[39m [37mGET[39m [37m/wd/hub/session/d8a9c4f4-2c6e-4b08-8bc1-dbba25b53a12/contexts[39m
[35m[HTTP][39m [90m{}[39m
[35m[HTTP][39m [37m<-- GET /wd/hub/session/d8a9c4f4-2c6e-4b08-8bc1-dbba25b53a12/contexts [39m[32m200[39m [90m281 ms - 70[39m
[35m[HTTP][39m [90m[39m
[35m[HTTP][39m [37m-->[39m [37mPOST[39m [37m/wd/hub/session/d8a9c4f4-2c6e-4b08-8bc1-dbba25b53a12/context[39m
[35m[HTTP][39m [90m{"name":"NATIVE_APP"}[39m
[35m[HTTP][39m [37m<-- POST /wd/hub/session/d8a9c4f4-2c6e-4b08-8bc1-dbba25b53a12/context [39m[32m200[39m [90m1 ms - 14[39m
[35m[HTTP][39m [90m[39m
[35m[HTTP][39m [37m-->[39m [37mPOST[39m [37m/wd/hub/session/d8a9c4f4-2c6e-4b08-8bc1-dbba25b53a12/network_connection[39m
[35m[HTTP][39m [90m{"name":"network_connection","parameters":{"type":0}}[39m
[35m[AndroidDriver][39m Setting network connection
[35m[AndroidDriver][39m Getting network connection
[35m[AndroidDriver][39m Not changing airplane mode, since it is already disabled
[35m[HTTP][39m [37m<-- POST /wd/hub/session/d8a9c4f4-2c6e-4b08-8bc1-dbba25b53a12/network_connection [39m[31m500[39m [90m20489 ms - 1391[39m
[35m[HTTP][39m [90m[39m
[35m[HTTP][39m [37m-->[39m [37mPOST[39m [37m/wd/hub/session/d8a9c4f4-2c6e-4b08-8bc1-dbba25b53a12/context[39m
[35m[HTTP][39m [90m{"name":"NATIVE_APP"}[39m
[35m[HTTP][39m [37m<-- POST /wd/hub/session/d8a9c4f4-2c6e-4b08-8bc1-dbba25b53a12/context [39m[32m200[39m [90m1 ms - 14[39m
[35m[HTTP][39m [90m[39m
[35m[HTTP][39m [37m-->[39m [37mGET[39m [37m/wd/hub/session/d8a9c4f4-2c6e-4b08-8bc1-dbba25b53a12/context[39m
[35m[HTTP][39m [90m{}[39m
[35m[HTTP][39m [37m<-- GET /wd/hub/session/d8a9c4f4-2c6e-4b08-8bc1-dbba25b53a12/context [39m[32m200[39m [90m1 ms - 22[39m
[35m[HTTP][39m [90m[39m
[35m[HTTP][39m [37m-->[39m [37mGET[39m [37m/wd/hub/session/d8a9c4f4-2c6e-4b08-8bc1-dbba25b53a12/contexts[39m
[35m[HTTP][39m [90m{}[39m
[35m[HTTP][39m [37m<-- GET /wd/hub/session/d8a9c4f4-2c6e-4b08-8bc1-dbba25b53a12/contexts [39m[32m200[39m [90m278 ms - 70[39m
[35m[HTTP][39m [90m[39m
[35m[HTTP][39m [37m-->[39m [37mPOST[39m [37m/wd/hub/session/d8a9c4f4-2c6e-4b08-8bc1-dbba25b53a12/context[39m
[35m[HTTP][39m [90m{"name":"NATIVE_APP"}[39m
[35m[HTTP][39m [37m<-- POST /wd/hub/session/d8a9c4f4-2c6e-4b08-8bc1-dbba25b53a12/context [39m[32m200[39m [90m1 ms - 14[39m
[35m[HTTP][39m [90m[39m
[35m[HTTP][39m [37m-->[39m [37mGET[39m [37m/wd/hub/session/d8a9c4f4-2c6e-4b08-8bc1-dbba25b53a12/screenshot[39m
[35m[HTTP][39m [90m{}[39m
[35m[HTTP][39m [37m<-- GET /wd/hub/session/d8a9c4f4-2c6e-4b08-8bc1-dbba25b53a12/screenshot [39m[32m200[39m [90m2582 ms - 1029704[39m
[35m[HTTP][39m [90m[39m
[35m[HTTP][39m [37m-->[39m [37mPOST[39m [37m/wd/hub/session/d8a9c4f4-2c6e-4b08-8bc1-dbba25b53a12/context[39m
[35m[HTTP][39m [90m{"name":"NATIVE_APP"}[39m
[35m[HTTP][39m [37m<-- POST /wd/hub/session/d8a9c4f4-2c6e-4b08-8bc1-dbba25b53a12/context [39m[32m200[39m [90m4 ms - 14[39m
[35m[HTTP][39m [90m[39m
[35m[HTTP][39m [37m-->[39m [37mGET[39m [37m/wd/hub/session/d8a9c4f4-2c6e-4b08-8bc1-dbba25b53a12/context[39m
[35m[HTTP][39m [90m{}[39m
[35m[HTTP][39m [37m<-- GET /wd/hub/session/d8a9c4f4-2c6e-4b08-8bc1-dbba25b53a12/context [39m[32m200[39m [90m1 ms - 22[39m
[35m[HTTP][39m [90m[39m
[35m[HTTP][39m [37m-->[39m [37mGET[39m [37m/wd/hub/session/d8a9c4f4-2c6e-4b08-8bc1-dbba25b53a12/contexts[39m
[35m[HTTP][39m [90m{}[39m
[35m[HTTP][39m [37m<-- GET /wd/hub/session/d8a9c4f4-2c6e-4b08-8bc1-dbba25b53a12/contexts [39m[32m200[39m [90m149 ms - 70[39m
[35m[HTTP][39m [90m[39m
[35m[HTTP][39m [37m-->[39m [37mPOST[39m [37m/wd/hub/session/d8a9c4f4-2c6e-4b08-8bc1-dbba25b53a12/context[39m
[35m[HTTP][39m [90m{"name":"NATIVE_APP"}[39m
[35m[HTTP][39m [37m<-- POST /wd/hub/session/d8a9c4f4-2c6e-4b08-8bc1-dbba25b53a12/context [39m[32m200[39m [90m1 ms - 14[39m
[35m[HTTP][39m [90m[39m
[35m[HTTP][39m [37m-->[39m [37mPOST[39m [37m/wd/hub/session/d8a9c4f4-2c6e-4b08-8bc1-dbba25b53a12/appium/device/press_keycode[39m
[35m[HTTP][39m [90m{"keycode":4}[39m
[35m[HTTP][39m [37m<-- POST /wd/hub/session/d8a9c4f4-2c6e-4b08-8bc1-dbba25b53a12/appium/device/press_keycode [39m[32m200[39m [90m156 ms - 14[39m
[35m[HTTP][39m [90m[39m
[35m[HTTP][39m [37m-->[39m [37mPOST[39m [37m/wd/hub/session/d8a9c4f4-2c6e-4b08-8bc1-dbba25b53a12/context[39m
[35m[HTTP][39m [90m{"name":"NATIVE_APP"}[39m
[35m[HTTP][39m [37m<-- POST /wd/hub/session/d8a9c4f4-2c6e-4b08-8bc1-dbba25b53a12/context [39m[32m200[39m [90m2 ms - 14[39m
[35m[HTTP][39m [90m[39m
[35m[HTTP][39m [37m-->[39m [37mGET[39m [37m/wd/hub/session/d8a9c4f4-2c6e-4b08-8bc1-dbba25b53a12/context[39m
[35m[HTTP][39m [90m{}[39m
[35m[HTTP][39m [37m<-- GET /wd/hub/session/d8a9c4f4-2c6e-4b08-8bc1-dbba25b53a12/context [39m[32m200[39m [90m1 ms - 22[39m
[35m[HTTP][39m [90m[39m
[35m[HTTP][39m [37m-->[39m [37mGET[39m [37m/wd/hub/session/d8a9c4f4-2c6e-4b08-8bc1-dbba25b53a12/contexts[39m
[35m[HTTP][39m [90m{}[39m
[35m[HTTP][39m [37m<-- GET /wd/hub/session/d8a9c4f4-2c6e-4b08-8bc1-dbba25b53a12/contexts [39m[32m200[39m [90m143 ms - 70[39m
[35m[HTTP][39m [90m[39m
[35m[HTTP][39m [37m-->[39m [37mPOST[39m [37m/wd/hub/session/d8a9c4f4-2c6e-4b08-8bc1-dbba25b53a12/context[39m
[35m[HTTP][39m [90m{"name":"NATIVE_APP"}[39m
[35m[HTTP][39m [37m<-- POST /wd/hub/session/d8a9c4f4-2c6e-4b08-8bc1-dbba25b53a12/context [39m[32m200[39m [90m1 ms - 14[39m
[35m[HTTP][39m [90m[39m
[35m[HTTP][39m [37m-->[39m [37mPOST[39m [37m/wd/hub/session/d8a9c4f4-2c6e-4b08-8bc1-dbba25b53a12/appium/device/press_keycode[39m
[35m[HTTP][39m [90m{"keycode":4}[39m
[35m[HTTP][39m [37m<-- POST /wd/hub/session/d8a9c4f4-2c6e-4b08-8bc1-dbba25b53a12/appium/device/press_keycode [39m[32m200[39m [90m71 ms - 14[39m
[35m[HTTP][39m [90m[39m
[35m[HTTP][39m [37m-->[39m [37mPOST[39m [37m/wd/hub/session/d8a9c4f4-2c6e-4b08-8bc1-dbba25b53a12/context[39m
[35m[HTTP][39m [90m{"name":"NATIVE_APP"}[39m
[35m[HTTP][39m [37m<-- POST /wd/hub/session/d8a9c4f4-2c6e-4b08-8bc1-dbba25b53a12/context [39m[32m200[39m [90m2 ms - 14[39m
[35m[HTTP][39m [90m[39m
[35m[HTTP][39m [37m-->[39m [37mPOST[39m [37m/wd/hub/session/d8a9c4f4-2c6e-4b08-8bc1-dbba25b53a12/timeouts[39m
[35m[HTTP][39m [90m{"implicit":50}[39m
[35m[HTTP][39m [37m<-- POST /wd/hub/session/d8a9c4f4-2c6e-4b08-8bc1-dbba25b53a12/timeouts [39m[32m200[39m [90m1 ms - 14[39m
[35m[HTTP][39m [90m[39m
[35m[HTTP][39m [37m-->[39m [37mGET[39m [37m/wd/hub/session/d8a9c4f4-2c6e-4b08-8bc1-dbba25b53a12/window/rect[39m
[35m[HTTP][39m [90m{}[39m
[35m[HTTP][39m [37m<-- GET /wd/hub/session/d8a9c4f4-2c6e-4b08-8bc1-dbba25b53a12/window/rect [39m[32m200[39m [90m14 ms - 49[39m
[35m[HTTP][39m [90m[39m
[35m[HTTP][39m [37m-->[39m [37mPOST[39m [37m/wd/hub/session/d8a9c4f4-2c6e-4b08-8bc1-dbba25b53a12/elements[39m
[35m[HTTP][39m [90m{"using":"xpath","value":"//*[@class = 'android.widget.TextView' and (@text = 'NapoleoN' or . = 'NapoleoN') and @resource-id = 'com.sec.android.app.launcher:id/home_icon']"}[39m
[35m[HTTP][39m [37m<-- POST /wd/hub/session/d8a9c4f4-2c6e-4b08-8bc1-dbba25b53a12/elements [39m[32m200[39m [90m396 ms - 139[39m
[35m[HTTP][39m [90m[39m
[35m[HTTP][39m [37m-->[39m [37mGET[39m [37m/wd/hub/session/d8a9c4f4-2c6e-4b08-8bc1-dbba25b53a12/element/00000000-0000-0001-ffff-ffff000000d9/location[39m
[35m[HTTP][39m [90m{}[39m
[35m[W3C (d8a9c4f4)][39m Driver proxy active, passing request on via HTTP proxy
[35m[WD Proxy][39m Replacing sessionId 69e655e4-4577-4643-ba0b-2a38e539cd39 with d8a9c4f4-2c6e-4b08-8bc1-dbba25b53a12
[35m[HTTP][39m [37m<-- GET /wd/hub/session/d8a9c4f4-2c6e-4b08-8bc1-dbba25b53a12/element/00000000-0000-0001-ffff-ffff000000d9/location [39m[32m200[39m [90m33 ms - 78[39m
[35m[HTTP][39m [90m[39m
[35m[HTTP][39m [37m-->[39m [37mPOST[39m [37m/wd/hub/session/d8a9c4f4-2c6e-4b08-8bc1-dbba25b53a12/timeouts[39m
[35m[HTTP][39m [90m{"implicit":30000}[39m
[35m[HTTP][39m [37m<-- POST /wd/hub/session/d8a9c4f4-2c6e-4b08-8bc1-dbba25b53a12/timeouts [39m[32m200[39m [90m2 ms - 14[39m
[35m[HTTP][39m [90m[39m
[35m[HTTP][39m [37m-->[39m [37mPOST[39m [37m/wd/hub/session/d8a9c4f4-2c6e-4b08-8bc1-dbba25b53a12/element/00000000-0000-0001-ffff-ffff000000d9/click[39m
[35m[HTTP][39m [90m{"id":"00000000-0000-0001-ffff-ffff000000d9"}[39m
[35m[HTTP][39m [37m<-- POST /wd/hub/session/d8a9c4f4-2c6e-4b08-8bc1-dbba25b53a12/element/00000000-0000-0001-ffff-ffff000000d9/click [39m[32m200[39m [90m93 ms - 14[39m
[35m[HTTP][39m [90m[39m
[35m[HTTP][39m [37m-->[39m [37mGET[39m [37m/wd/hub/session/d8a9c4f4-2c6e-4b08-8bc1-dbba25b53a12/context[39m
[35m[HTTP][39m [90m{}[39m
[35m[HTTP][39m [37m<-- GET /wd/hub/session/d8a9c4f4-2c6e-4b08-8bc1-dbba25b53a12/context [39m[32m200[39m [90m1 ms - 22[39m
[35m[HTTP][39m [90m[39m
[35m[HTTP][39m [37m-->[39m [37mGET[39m [37m/wd/hub/session/d8a9c4f4-2c6e-4b08-8bc1-dbba25b53a12/contexts[39m
[35m[HTTP][39m [90m{}[39m
[35m[HTTP][39m [37m<-- GET /wd/hub/session/d8a9c4f4-2c6e-4b08-8bc1-dbba25b53a12/contexts [39m[32m200[39m [90m232 ms - 70[39m
[35m[HTTP][39m [90m[39m
[35m[HTTP][39m [37m-->[39m [37mPOST[39m [37m/wd/hub/session/d8a9c4f4-2c6e-4b08-8bc1-dbba25b53a12/context[39m
[35m[HTTP][39m [90m{"name":"NATIVE_APP"}[39m
[35m[HTTP][39m [37m<-- POST /wd/hub/session/d8a9c4f4-2c6e-4b08-8bc1-dbba25b53a12/context [39m[32m200[39m [90m1 ms - 14[39m
[35m[HTTP][39m [90m[39m
[35m[HTTP][39m [37m-->[39m [37mPOST[39m [37m/wd/hub/session/d8a9c4f4-2c6e-4b08-8bc1-dbba25b53a12/network_connection[39m
[35m[HTTP][39m [90m{"name":"network_connection","parameters":{"type":0}}[39m
[35m[AndroidDriver][39m Setting network connection
[35m[AndroidDriver][39m Getting network connection
[35m[AndroidDriver][39m Not changing airplane mode, since it is already disabled
[35m[HTTP][39m [37m<-- POST /wd/hub/session/d8a9c4f4-2c6e-4b08-8bc1-dbba25b53a12/network_connection [39m[31m500[39m [90m20651 ms - 1391[39m
[35m[HTTP][39m [90m[39m
[35m[HTTP][39m [37m-->[39m [37mPOST[39m [37m/wd/hub/session/d8a9c4f4-2c6e-4b08-8bc1-dbba25b53a12/context[39m
[35m[HTTP][39m [90m{"name":"NATIVE_APP"}[39m
[35m[HTTP][39m [37m<-- POST /wd/hub/session/d8a9c4f4-2c6e-4b08-8bc1-dbba25b53a12/context [39m[32m200[39m [90m3 ms - 14[39m
[35m[HTTP][39m [90m[39m
[35m[HTTP][39m [37m-->[39m [37mGET[39m [37m/wd/hub/session/d8a9c4f4-2c6e-4b08-8bc1-dbba25b53a12/context[39m
[35m[HTTP][39m [90m{}[39m
[35m[HTTP][39m [37m<-- GET /wd/hub/session/d8a9c4f4-2c6e-4b08-8bc1-dbba25b53a12/context [39m[32m200[39m [90m3 ms - 22[39m
[35m[HTTP][39m [90m[39m
[35m[HTTP][39m [37m-->[39m [37mGET[39m [37m/wd/hub/session/d8a9c4f4-2c6e-4b08-8bc1-dbba25b53a12/contexts[39m
[35m[HTTP][39m [90m{}[39m
[35m[HTTP][39m [37m<-- GET /wd/hub/session/d8a9c4f4-2c6e-4b08-8bc1-dbba25b53a12/contexts [39m[32m200[39m [90m223 ms - 70[39m
[35m[HTTP][39m [90m[39m
[35m[HTTP][39m [37m-->[39m [37mPOST[39m [37m/wd/hub/session/d8a9c4f4-2c6e-4b08-8bc1-dbba25b53a12/context[39m
[35m[HTTP][39m [90m{"name":"NATIVE_APP"}[39m
[35m[HTTP][39m [37m<-- POST /wd/hub/session/d8a9c4f4-2c6e-4b08-8bc1-dbba25b53a12/context [39m[32m200[39m [90m5 ms - 14[39m
[35m[HTTP][39m [90m[39m
[35m[HTTP][39m [37m-->[39m [37mGET[39m [37m/wd/hub/session/d8a9c4f4-2c6e-4b08-8bc1-dbba25b53a12/screenshot[39m
[35m[HTTP][39m [90m{}[39m
[35m[HTTP][39m [37m<-- GET /wd/hub/session/d8a9c4f4-2c6e-4b08-8bc1-dbba25b53a12/screenshot [39m[32m200[39m [90m1267 ms - 120982[39m
[35m[HTTP][39m [90m[39m
[35m[HTTP][39m [37m-->[39m [37mPOST[39m [37m/wd/hub/session/d8a9c4f4-2c6e-4b08-8bc1-dbba25b53a12/context[39m
[35m[HTTP][39m [90m{"name":"NATIVE_APP"}[39m
[35m[HTTP][39m [37m<-- POST /wd/hub/session/d8a9c4f4-2c6e-4b08-8bc1-dbba25b53a12/context [39m[32m200[39m [90m1 ms - 14[39m
[35m[HTTP][39m [90m[39m
[35m[HTTP][39m [37m-->[39m [37mGET[39m [37m/wd/hub/session/d8a9c4f4-2c6e-4b08-8bc1-dbba25b53a12/context[39m
[35m[HTTP][39m [90m{}[39m
[35m[HTTP][39m [37m<-- GET /wd/hub/session/d8a9c4f4-2c6e-4b08-8bc1-dbba25b53a12/context [39m[32m200[39m [90m1 ms - 22[39m
[35m[HTTP][39m [90m[39m
[35m[HTTP][39m [37m-->[39m [37mGET[39m [37m/wd/hub/session/d8a9c4f4-2c6e-4b08-8bc1-dbba25b53a12/contexts[39m
[35m[HTTP][39m [90m{}[39m
[35m[HTTP][39m [37m<-- GET /wd/hub/session/d8a9c4f4-2c6e-4b08-8bc1-dbba25b53a12/contexts [39m[32m200[39m [90m126 ms - 70[39m
[35m[HTTP][39m [90m[39m
[35m[HTTP][39m [37m-->[39m [37mPOST[39m [37m/wd/hub/session/d8a9c4f4-2c6e-4b08-8bc1-dbba25b53a12/context[39m
[35m[HTTP][39m [90m{"name":"NATIVE_APP"}[39m
[35m[HTTP][39m [37m<-- POST /wd/hub/session/d8a9c4f4-2c6e-4b08-8bc1-dbba25b53a12/context [39m[32m200[39m [90m1 ms - 14[39m
[35m[HTTP][39m [90m[39m
[35m[HTTP][39m [37m-->[39m [37mPOST[39m [37m/wd/hub/session/d8a9c4f4-2c6e-4b08-8bc1-dbba25b53a12/appium/device/press_keycode[39m
[35m[HTTP][39m [90m{"keycode":4}[39m
[35m[HTTP][39m [37m<-- POST /wd/hub/session/d8a9c4f4-2c6e-4b08-8bc1-dbba25b53a12/appium/device/press_keycode [39m[32m200[39m [90m135 ms - 14[39m
[35m[HTTP][39m [90m[39m
[35m[HTTP][39m [37m-->[39m [37mPOST[39m [37m/wd/hub/session/d8a9c4f4-2c6e-4b08-8bc1-dbba25b53a12/context[39m
[35m[HTTP][39m [90m{"name":"NATIVE_APP"}[39m
[35m[HTTP][39m [37m<-- POST /wd/hub/session/d8a9c4f4-2c6e-4b08-8bc1-dbba25b53a12/context [39m[32m200[39m [90m1 ms - 14[39m
[35m[HTTP][39m [90m[39m
[35m[HTTP][39m [37m-->[39m [37mGET[39m [37m/wd/hub/session/d8a9c4f4-2c6e-4b08-8bc1-dbba25b53a12/context[39m
[35m[HTTP][39m [90m{}[39m
[35m[HTTP][39m [37m<-- GET /wd/hub/session/d8a9c4f4-2c6e-4b08-8bc1-dbba25b53a12/context [39m[32m200[39m [90m1 ms - 22[39m
[35m[HTTP][39m [90m[39m
[35m[HTTP][39m [37m-->[39m [37mGET[39m [37m/wd/hub/session/d8a9c4f4-2c6e-4b08-8bc1-dbba25b53a12/contexts[39m
[35m[HTTP][39m [90m{}[39m
[35m[HTTP][39m [37m<-- GET /wd/hub/session/d8a9c4f4-2c6e-4b08-8bc1-dbba25b53a12/contexts [39m[32m200[39m [90m248 ms - 70[39m
[35m[HTTP][39m [90m[39m
[35m[HTTP][39m [37m-->[39m [37mPOST[39m [37m/wd/hub/session/d8a9c4f4-2c6e-4b08-8bc1-dbba25b53a12/context[39m
[35m[HTTP][39m [90m{"name":"NATIVE_APP"}[39m
[35m[HTTP][39m [37m<-- POST /wd/hub/session/d8a9c4f4-2c6e-4b08-8bc1-dbba25b53a12/context [39m[32m200[39m [90m1 ms - 14[39m
[35m[HTTP][39m [90m[39m
[35m[HTTP][39m [37m-->[39m [37mPOST[39m [37m/wd/hub/session/d8a9c4f4-2c6e-4b08-8bc1-dbba25b53a12/appium/device/press_keycode[39m
[35m[HTTP][39m [90m{"keycode":4}[39m
[35m[HTTP][39m [37m<-- POST /wd/hub/session/d8a9c4f4-2c6e-4b08-8bc1-dbba25b53a12/appium/device/press_keycode [39m[32m200[39m [90m572 ms - 14[39m
[35m[HTTP][39m [90m[39m
[35m[HTTP][39m [37m-->[39m [37mPOST[39m [37m/wd/hub/session/d8a9c4f4-2c6e-4b08-8bc1-dbba25b53a12/context[39m
[35m[HTTP][39m [90m{"name":"NATIVE_APP"}[39m
[35m[HTTP][39m [37m<-- POST /wd/hub/session/d8a9c4f4-2c6e-4b08-8bc1-dbba25b53a12/context [39m[32m200[39m [90m4 ms - 14[39m
[35m[HTTP][39m [90m[39m
[35m[HTTP][39m [37m-->[39m [37mGET[39m [37m/wd/hub/session/d8a9c4f4-2c6e-4b08-8bc1-dbba25b53a12/context[39m
[35m[HTTP][39m [90m{}[39m
[35m[HTTP][39m [37m<-- GET /wd/hub/session/d8a9c4f4-2c6e-4b08-8bc1-dbba25b53a12/context [39m[32m200[39m [90m1 ms - 22[39m
[35m[HTTP][39m [90m[39m
[35m[HTTP][39m [37m-->[39m [37mGET[39m [37m/wd/hub/session/d8a9c4f4-2c6e-4b08-8bc1-dbba25b53a12/contexts[39m
[35m[HTTP][39m [90m{}[39m
[35m[HTTP][39m [37m<-- GET /wd/hub/session/d8a9c4f4-2c6e-4b08-8bc1-dbba25b53a12/contexts [39m[32m200[39m [90m322 ms - 70[39m
[35m[HTTP][39m [90m[39m
[35m[HTTP][39m [37m-->[39m [37mPOST[39m [37m/wd/hub/session/d8a9c4f4-2c6e-4b08-8bc1-dbba25b53a12/context[39m
[35m[HTTP][39m [90m{"name":"NATIVE_APP"}[39m
[35m[HTTP][39m [37m<-- POST /wd/hub/session/d8a9c4f4-2c6e-4b08-8bc1-dbba25b53a12/context [39m[32m200[39m [90m1 ms - 14[39m
[35m[HTTP][39m [90m[39m
[35m[HTTP][39m [37m-->[39m [37mPOST[39m [37m/wd/hub/session/d8a9c4f4-2c6e-4b08-8bc1-dbba25b53a12/network_connection[39m
[35m[HTTP][39m [90m{"name":"network_connection","parameters":{"type":2}}[39m
[35m[AndroidDriver][39m Setting network connection
[35m[AndroidDriver][39m Getting network connection
[35m[AndroidDriver][39m Not changing airplane mode, since it is already disabled
[35m[AndroidDriver][39m Not changing data connection/Wi-Fi states, since they are already set to expected values
[35m[HTTP][39m [37m<-- POST /wd/hub/session/d8a9c4f4-2c6e-4b08-8bc1-dbba25b53a12/network_connection [39m[32m200[39m [90m443 ms - 11[39m
[35m[HTTP][39m [90m[39m
[35m[HTTP][39m [37m-->[39m [37mPOST[39m [37m/wd/hub/session/d8a9c4f4-2c6e-4b08-8bc1-dbba25b53a12/context[39m
[35m[HTTP][39m [90m{"name":"NATIVE_APP"}[39m
[35m[HTTP][39m [37m<-- POST /wd/hub/session/d8a9c4f4-2c6e-4b08-8bc1-dbba25b53a12/context [39m[32m200[39m [90m1 ms - 14[39m
[35m[HTTP][39m [90m[39m
[35m[HTTP][39m [37m-->[39m [37mGET[39m [37m/wd/hub/session/d8a9c4f4-2c6e-4b08-8bc1-dbba25b53a12/context[39m
[35m[HTTP][39m [90m{}[39m
[35m[HTTP][39m [37m<-- GET /wd/hub/session/d8a9c4f4-2c6e-4b08-8bc1-dbba25b53a12/context [39m[32m200[39m [90m1 ms - 22[39m
[35m[HTTP][39m [90m[39m
[35m[HTTP][39m [37m-->[39m [37mGET[39m [37m/wd/hub/session/d8a9c4f4-2c6e-4b08-8bc1-dbba25b53a12/contexts[39m
[35m[HTTP][39m [90m{}[39m
[35m[HTTP][39m [37m<-- GET /wd/hub/session/d8a9c4f4-2c6e-4b08-8bc1-dbba25b53a12/contexts [39m[32m200[39m [90m208 ms - 70[39m
[35m[HTTP][39m [90m[39m
[35m[HTTP][39m [37m-->[39m [37mPOST[39m [37m/wd/hub/session/d8a9c4f4-2c6e-4b08-8bc1-dbba25b53a12/context[39m
[35m[HTTP][39m [90m{"name":"NATIVE_APP"}[39m
[35m[HTTP][39m [37m<-- POST /wd/hub/session/d8a9c4f4-2c6e-4b08-8bc1-dbba25b53a12/context [39m[32m200[39m [90m1 ms - 14[39m
[35m[HTTP][39m [90m[39m
[35m[HTTP][39m [37m-->[39m [37mPOST[39m [37m/wd/hub/session/d8a9c4f4-2c6e-4b08-8bc1-dbba25b53a12/network_connection[39m
[35m[HTTP][39m [90m{"name":"network_connection","parameters":{"type":0}}[39m
[35m[AndroidDriver][39m Setting network connection
[35m[AndroidDriver][39m Getting network connection
[35m[HTTP][39m [37m<-- POST /wd/hub/session/d8a9c4f4-2c6e-4b08-8bc1-dbba25b53a12/network_connection [39m[32m-[39m [90m- ms - -[39m
[35m[HTTP][39m [90m[39m
[35m[AndroidDriver][39m Not changing airplane mode, since it is already disabled
