[35m[Appium][39m Welcome to Appium v1.22.3
[35m[Appium][39m Non-default server args:
[35m[Appium][39m   port: 52632
[35m[Appium][39m   loglevel: info
[35m[Appium][39m   tmpDir: C:\Users\Testing\AppData\Local\Temp\\Katalon\Appium\Temp1692310029947
[35m[Appium][39m   chromedriverPort: 52633
[35m[Appium][39m Deprecated server args:
[35m[Appium][39m   [31m--chromedriver-port[39m => --default-capabilities
[35m[Appium][39m Default capabilities, which will be added to each request unless overridden by desired capabilities:
[35m[Appium][39m   chromedriverPort: 52633
[35m[Appium][39m Appium REST http interface listener started on 0.0.0.0:52632
[35m[HTTP][39m [37m-->[39m [37mGET[39m [37m/wd/hub/status[39m
[35m[HTTP][39m [90m{}[39m
[35m[HTTP][39m [37m<-- GET /wd/hub/status [39m[32m200[39m [90m10 ms - 68[39m
[35m[HTTP][39m [90m[39m
[35m[HTTP][39m [37m-->[39m [37mPOST[39m [37m/wd/hub/session[39m
[35m[HTTP][39m [90m{"desiredCapabilities":{"app":"C:\\Users\\Testing\\Desktop\\katalon\\Version QA ACTUALIZADA 14-08-23\\app-qa.apk","noReset":false,"deviceId":"","deviceName":"samsung SM-A107M (Android 11)","fullReset":true,"platform":"ANDROID","newCommandTimeout":1800,"platformVersion":"11","automationName":"uiautomator2","autoGrantPermissions":true,"platformName":"Android","udid":"R9WN40KBXDJ","systemPort":52631},"capabilities":{"firstMatch":[{"appium:app":"C:\\Users\\Testing\\Desktop\\katalon\\Version QA ACTUALIZADA 14-08-23\\app-qa.apk","appium:autoGrantPermissions":true,"appium:automationName":"uiautomator2","deviceId":"","appium:deviceName":"samsung SM-A107M (Android 11)","appium:fullReset":true,"appium:newCommandTimeout":1800,"appium:noReset":false,"platform":"ANDROID","platformName":"android","appium:platformVersion":"11","appium:systemPort":52631,"appium:udid":"R9WN40KBXDJ"}]}}[39m
[35m[BaseDriver][39m The following capabilities are not standard capabilities and should have an extension prefix:
[35m[BaseDriver][39m   deviceId
[35m[BaseDriver][39m   platform
[35m[BaseDriver][39m   chromedriverPort
[35m[Appium][39m Appium v1.22.3 creating new AndroidUiautomator2Driver (v1.70.1) session
[35m[BaseDriver][39m The following capabilities were provided, but are not recognized by Appium:
[35m[BaseDriver][39m   deviceId
[35m[BaseDriver][39m   platform
[35m[BaseDriver][39m Session created with session id: 4f20c959-fcb9-47a3-8a66-354a519f6097
[35m[BaseDriver][39m Using local app 'C:\Users\Testing\Desktop\katalon\Version QA ACTUALIZADA 14-08-23\app-qa.apk'
[35m[ADB][39m Found 1 'build-tools' folders under 'C:\Users\Testing\.katalon\tools\android_sdk' (newest first):
[35m[ADB][39m     C:/Users/Testing/.katalon/tools/android_sdk/build-tools/29.0.3
[35m[ADB][39m Using 'adb.exe' from 'C:\Users\Testing\.katalon\tools\android_sdk\platform-tools\adb.exe'
[35m[AndroidDriver][39m Retrieving device list
[35m[AndroidDriver][39m Using device: R9WN40KBXDJ
[35m[ADB][39m Using 'adb.exe' from 'C:\Users\Testing\.katalon\tools\android_sdk\platform-tools\adb.exe'
[35m[ADB][39m Getting device platform version
[35m[UiAutomator2][39m Relaxing hidden api policy
[35m[ADB][39m Package name: 'com.naposystems.napoleonchat'
[35m[ADB][39m Main activity name: 'com.naposystems.napoleonchat.ui.mainActivity.MainActivity'
[35m[ADB][39m Using 'apksigner.jar' from 'C:\Users\Testing\.katalon\tools\android_sdk\build-tools\29.0.3\lib\apksigner.jar'
[35m[ADB][39m 'C:\Users\Testing\AppData\Roaming\npm\node_modules\appium\node_modules\appium-uiautomator2-server\apks\appium-uiautomator2-server-v4.27.0.apk' is signed with the default certificate
[35m[ADB][39m 'C:\Users\Testing\AppData\Roaming\npm\node_modules\appium\node_modules\appium-uiautomator2-server\apks\appium-uiautomator2-server-debug-androidTest.apk' is signed with the default certificate
[35m[UiAutomator2][39m Server packages are not going to be (re)installed
[35m[ADB][39m Adding packages ["io.appium.settings","io.appium.uiautomator2.server","io.appium.uiautomator2.server.test"] to Doze whitelist
[35m[ADB][39m 'C:\Users\Testing\Desktop\katalon\Version QA ACTUALIZADA 14-08-23\app-qa.apk' is signed with a non-default certificate
[35m[ADB][39m com.naposystems.napoleonchat was successfully uninstalled
[35m[ADB][39m The application at 'C:\Users\Testing\Desktop\katalon\Version QA ACTUALIZADA 14-08-23\app-qa.apk' will not be cached, because the device under test has confirmed the support of streamed installs
[35m[ADB][39m The installation of 'app-qa.apk' took 11021ms
[35m[UiAutomator2][39m Starting UIAutomator2 server 4.27.0
[35m[UiAutomator2][39m Using UIAutomator2 server from 'C:\Users\Testing\AppData\Roaming\npm\node_modules\appium\node_modules\appium-uiautomator2-server\apks\appium-uiautomator2-server-v4.27.0.apk' and test from 'C:\Users\Testing\AppData\Roaming\npm\node_modules\appium\node_modules\appium-uiautomator2-server\apks\appium-uiautomator2-server-debug-androidTest.apk'
[35m[UiAutomator2][39m Waiting up to 30000ms for UiAutomator2 to be online...
[35m[WD Proxy][39m socket hang up
[35m[WD Proxy][39m socket hang up
[35m[WD Proxy][39m socket hang up
[35m[WD Proxy][39m socket hang up
[35m[WD Proxy][39m socket hang up
[35m[WD Proxy][39m socket hang up
[35m[WD Proxy][39m socket hang up
[35m[WD Proxy][39m Determined the downstream protocol as 'W3C'
[35m[AndroidDriver][39m Screen already unlocked, doing nothing
[35m[UiAutomator2][39m Starting 'com.naposystems.napoleonchat/com.naposystems.napoleonchat.ui.mainActivity.MainActivity and waiting for 'com.naposystems.napoleonchat/com.naposystems.napoleonchat.ui.mainActivity.MainActivity'
[35m[Appium][39m New AndroidUiautomator2Driver session created successfully, session 4f20c959-fcb9-47a3-8a66-354a519f6097 added to master session list
[35m[HTTP][39m [37m<-- POST /wd/hub/session [39m[32m200[39m [90m36563 ms - 1351[39m
[35m[HTTP][39m [90m[39m
[35m[HTTP][39m [37m-->[39m [37mGET[39m [37m/wd/hub/session/4f20c959-fcb9-47a3-8a66-354a519f6097[39m
[35m[HTTP][39m [90m{}[39m
[35m[HTTP][39m [37m<-- GET /wd/hub/session/4f20c959-fcb9-47a3-8a66-354a519f6097 [39m[32m200[39m [90m28 ms - 1305[39m
[35m[HTTP][39m [90m[39m
[35m[HTTP][39m [37m-->[39m [37mGET[39m [37m/wd/hub/session/4f20c959-fcb9-47a3-8a66-354a519f6097[39m
[35m[HTTP][39m [90m{}[39m
[35m[HTTP][39m [37m<-- GET /wd/hub/session/4f20c959-fcb9-47a3-8a66-354a519f6097 [39m[32m200[39m [90m25 ms - 1305[39m
[35m[HTTP][39m [90m[39m
[35m[HTTP][39m [37m-->[39m [37mGET[39m [37m/wd/hub/status[39m
[35m[HTTP][39m [90m{}[39m
[35m[HTTP][39m [37m<-- GET /wd/hub/status [39m[32m200[39m [90m1 ms - 68[39m
[35m[HTTP][39m [90m[39m
[35m[HTTP][39m [37m-->[39m [37mPOST[39m [37m/wd/hub/session/4f20c959-fcb9-47a3-8a66-354a519f6097/timeouts[39m
[35m[HTTP][39m [90m{"implicit":30000}[39m
[35m[HTTP][39m [37m<-- POST /wd/hub/session/4f20c959-fcb9-47a3-8a66-354a519f6097/timeouts [39m[32m200[39m [90m2 ms - 14[39m
[35m[HTTP][39m [90m[39m
[35m[HTTP][39m [37m-->[39m [37mGET[39m [37m/wd/hub/session/4f20c959-fcb9-47a3-8a66-354a519f6097/screenshot[39m
[35m[HTTP][39m [90m{}[39m
[35m[HTTP][39m [37m<-- GET /wd/hub/session/4f20c959-fcb9-47a3-8a66-354a519f6097/screenshot [39m[32m200[39m [90m1561 ms - 91364[39m
[35m[HTTP][39m [90m[39m
[35m[HTTP][39m [37m-->[39m [37mGET[39m [37m/wd/hub/session/4f20c959-fcb9-47a3-8a66-354a519f6097/window/rect[39m
[35m[HTTP][39m [90m{}[39m
[35m[HTTP][39m [37m<-- GET /wd/hub/session/4f20c959-fcb9-47a3-8a66-354a519f6097/window/rect [39m[32m200[39m [90m22 ms - 49[39m
[35m[HTTP][39m [90m[39m
[35m[HTTP][39m [37m-->[39m [37mGET[39m [37m/wd/hub/session/4f20c959-fcb9-47a3-8a66-354a519f6097/appium/device/system_bars[39m
[35m[HTTP][39m [90m{}[39m
[35m[HTTP][39m [37m<-- GET /wd/hub/session/4f20c959-fcb9-47a3-8a66-354a519f6097/appium/device/system_bars [39m[32m200[39m [90m104 ms - 145[39m
[35m[HTTP][39m [90m[39m
[35m[HTTP][39m [37m-->[39m [37mPOST[39m [37m/wd/hub/session/4f20c959-fcb9-47a3-8a66-354a519f6097/timeouts[39m
[35m[HTTP][39m [90m{"implicit":50}[39m
[35m[HTTP][39m [37m<-- POST /wd/hub/session/4f20c959-fcb9-47a3-8a66-354a519f6097/timeouts [39m[32m200[39m [90m2 ms - 14[39m
[35m[HTTP][39m [90m[39m
[35m[HTTP][39m [37m-->[39m [37mGET[39m [37m/wd/hub/session/4f20c959-fcb9-47a3-8a66-354a519f6097/window/rect[39m
[35m[HTTP][39m [90m{}[39m
[35m[HTTP][39m [37m<-- GET /wd/hub/session/4f20c959-fcb9-47a3-8a66-354a519f6097/window/rect [39m[32m200[39m [90m27 ms - 49[39m
[35m[HTTP][39m [90m[39m
[35m[HTTP][39m [37m-->[39m [37mPOST[39m [37m/wd/hub/session/4f20c959-fcb9-47a3-8a66-354a519f6097/elements[39m
[35m[HTTP][39m [90m{"using":"xpath","value":"//*[@class = 'android.widget.FrameLayout' and @resource-id = 'com.naposystems.napoleonchat:id/action_bar_root' and (@text = '' or . = '')]"}[39m
[35m[HTTP][39m [37m<-- POST /wd/hub/session/4f20c959-fcb9-47a3-8a66-354a519f6097/elements [39m[32m200[39m [90m1082 ms - 139[39m
[35m[HTTP][39m [90m[39m
[35m[HTTP][39m [37m-->[39m [37mGET[39m [37m/wd/hub/session/4f20c959-fcb9-47a3-8a66-354a519f6097/element/00000000-0000-00d4-ffff-ffff00000003/location[39m
[35m[HTTP][39m [90m{}[39m
[35m[W3C (4f20c959)][39m Driver proxy active, passing request on via HTTP proxy
[35m[WD Proxy][39m Replacing sessionId 7b51094c-d56c-4dc2-b25b-a75608dc4bde with 4f20c959-fcb9-47a3-8a66-354a519f6097
[35m[HTTP][39m [37m<-- GET /wd/hub/session/4f20c959-fcb9-47a3-8a66-354a519f6097/element/00000000-0000-00d4-ffff-ffff00000003/location [39m[32m200[39m [90m34 ms - 75[39m
[35m[HTTP][39m [90m[39m
[35m[HTTP][39m [37m-->[39m [37mPOST[39m [37m/wd/hub/session/4f20c959-fcb9-47a3-8a66-354a519f6097/timeouts[39m
[35m[HTTP][39m [90m{"implicit":30000}[39m
[35m[HTTP][39m [37m<-- POST /wd/hub/session/4f20c959-fcb9-47a3-8a66-354a519f6097/timeouts [39m[32m200[39m [90m1 ms - 14[39m
[35m[HTTP][39m [90m[39m
[35m[HTTP][39m [37m-->[39m [37mGET[39m [37m/wd/hub/session/4f20c959-fcb9-47a3-8a66-354a519f6097/element/00000000-0000-00d4-ffff-ffff00000003/text[39m
[35m[HTTP][39m [90m{}[39m
[35m[W3C (4f20c959)][39m Driver proxy active, passing request on via HTTP proxy
[35m[WD Proxy][39m Replacing sessionId 7b51094c-d56c-4dc2-b25b-a75608dc4bde with 4f20c959-fcb9-47a3-8a66-354a519f6097
[35m[HTTP][39m [37m<-- GET /wd/hub/session/4f20c959-fcb9-47a3-8a66-354a519f6097/element/00000000-0000-00d4-ffff-ffff00000003/text [39m[32m200[39m [90m30 ms - 63[39m
[35m[HTTP][39m [90m[39m
[35m[HTTP][39m [37m-->[39m [37mPOST[39m [37m/wd/hub/session/4f20c959-fcb9-47a3-8a66-354a519f6097/timeouts[39m
[35m[HTTP][39m [90m{"implicit":50}[39m
[35m[HTTP][39m [37m<-- POST /wd/hub/session/4f20c959-fcb9-47a3-8a66-354a519f6097/timeouts [39m[32m200[39m [90m1 ms - 14[39m
[35m[HTTP][39m [90m[39m
[35m[HTTP][39m [37m-->[39m [37mGET[39m [37m/wd/hub/session/4f20c959-fcb9-47a3-8a66-354a519f6097/window/rect[39m
[35m[HTTP][39m [90m{}[39m
[35m[HTTP][39m [37m<-- GET /wd/hub/session/4f20c959-fcb9-47a3-8a66-354a519f6097/window/rect [39m[32m200[39m [90m23 ms - 49[39m
[35m[HTTP][39m [90m[39m
[35m[HTTP][39m [37m-->[39m [37mPOST[39m [37m/wd/hub/session/4f20c959-fcb9-47a3-8a66-354a519f6097/elements[39m
[35m[HTTP][39m [90m{"using":"xpath","value":"//*[@class = 'android.widget.TextView' and (@text = 'Omitir' or . = 'Omitir') and @resource-id = 'com.naposystems.napoleonchat:id/textViewSkip']"}[39m
[35m[HTTP][39m [37m<-- POST /wd/hub/session/4f20c959-fcb9-47a3-8a66-354a519f6097/elements [39m[32m200[39m [90m233 ms - 139[39m
[35m[HTTP][39m [90m[39m
[35m[HTTP][39m [37m-->[39m [37mGET[39m [37m/wd/hub/session/4f20c959-fcb9-47a3-8a66-354a519f6097/element/00000000-0000-00d4-ffff-ffff0000003e/location[39m
[35m[HTTP][39m [90m{}[39m
[35m[W3C (4f20c959)][39m Driver proxy active, passing request on via HTTP proxy
[35m[WD Proxy][39m Replacing sessionId 7b51094c-d56c-4dc2-b25b-a75608dc4bde with 4f20c959-fcb9-47a3-8a66-354a519f6097
[35m[HTTP][39m [37m<-- GET /wd/hub/session/4f20c959-fcb9-47a3-8a66-354a519f6097/element/00000000-0000-00d4-ffff-ffff0000003e/location [39m[32m200[39m [90m29 ms - 77[39m
[35m[HTTP][39m [90m[39m
[35m[HTTP][39m [37m-->[39m [37mPOST[39m [37m/wd/hub/session/4f20c959-fcb9-47a3-8a66-354a519f6097/timeouts[39m
[35m[HTTP][39m [90m{"implicit":30000}[39m
[35m[HTTP][39m [37m<-- POST /wd/hub/session/4f20c959-fcb9-47a3-8a66-354a519f6097/timeouts [39m[32m200[39m [90m1 ms - 14[39m
[35m[HTTP][39m [90m[39m
[35m[HTTP][39m [37m-->[39m [37mPOST[39m [37m/wd/hub/session/4f20c959-fcb9-47a3-8a66-354a519f6097/element/00000000-0000-00d4-ffff-ffff0000003e/click[39m
[35m[HTTP][39m [90m{"id":"00000000-0000-00d4-ffff-ffff0000003e"}[39m
[35m[HTTP][39m [37m<-- POST /wd/hub/session/4f20c959-fcb9-47a3-8a66-354a519f6097/element/00000000-0000-00d4-ffff-ffff0000003e/click [39m[32m200[39m [90m93 ms - 14[39m
[35m[HTTP][39m [90m[39m
[35m[HTTP][39m [37m-->[39m [37mGET[39m [37m/wd/hub/session/4f20c959-fcb9-47a3-8a66-354a519f6097/context[39m
[35m[HTTP][39m [90m{}[39m
[35m[HTTP][39m [37m<-- GET /wd/hub/session/4f20c959-fcb9-47a3-8a66-354a519f6097/context [39m[32m200[39m [90m1 ms - 22[39m
[35m[HTTP][39m [90m[39m
[35m[HTTP][39m [37m-->[39m [37mGET[39m [37m/wd/hub/session/4f20c959-fcb9-47a3-8a66-354a519f6097/contexts[39m
[35m[HTTP][39m [90m{}[39m
[35m[HTTP][39m [37m<-- GET /wd/hub/session/4f20c959-fcb9-47a3-8a66-354a519f6097/contexts [39m[32m200[39m [90m278 ms - 70[39m
[35m[HTTP][39m [90m[39m
[35m[HTTP][39m [37m-->[39m [37mPOST[39m [37m/wd/hub/session/4f20c959-fcb9-47a3-8a66-354a519f6097/context[39m
[35m[HTTP][39m [90m{"name":"NATIVE_APP"}[39m
[35m[HTTP][39m [37m<-- POST /wd/hub/session/4f20c959-fcb9-47a3-8a66-354a519f6097/context [39m[32m200[39m [90m1 ms - 14[39m
[35m[HTTP][39m [90m[39m
[35m[HTTP][39m [37m-->[39m [37mPOST[39m [37m/wd/hub/session/4f20c959-fcb9-47a3-8a66-354a519f6097/appium/device/press_keycode[39m
[35m[HTTP][39m [90m{"keycode":4}[39m
[35m[HTTP][39m [37m<-- POST /wd/hub/session/4f20c959-fcb9-47a3-8a66-354a519f6097/appium/device/press_keycode [39m[32m200[39m [90m1549 ms - 14[39m
[35m[HTTP][39m [90m[39m
[35m[HTTP][39m [37m-->[39m [37mPOST[39m [37m/wd/hub/session/4f20c959-fcb9-47a3-8a66-354a519f6097/context[39m
[35m[HTTP][39m [90m{"name":"NATIVE_APP"}[39m
[35m[HTTP][39m [37m<-- POST /wd/hub/session/4f20c959-fcb9-47a3-8a66-354a519f6097/context [39m[32m200[39m [90m2 ms - 14[39m
[35m[HTTP][39m [90m[39m
[35m[HTTP][39m [37m-->[39m [37mGET[39m [37m/wd/hub/session/4f20c959-fcb9-47a3-8a66-354a519f6097/context[39m
[35m[HTTP][39m [90m{}[39m
[35m[HTTP][39m [37m<-- GET /wd/hub/session/4f20c959-fcb9-47a3-8a66-354a519f6097/context [39m[32m200[39m [90m1 ms - 22[39m
[35m[HTTP][39m [90m[39m
[35m[HTTP][39m [37m-->[39m [37mGET[39m [37m/wd/hub/session/4f20c959-fcb9-47a3-8a66-354a519f6097/contexts[39m
[35m[HTTP][39m [90m{}[39m
[35m[HTTP][39m [37m<-- GET /wd/hub/session/4f20c959-fcb9-47a3-8a66-354a519f6097/contexts [39m[32m200[39m [90m122 ms - 70[39m
[35m[HTTP][39m [90m[39m
[35m[HTTP][39m [37m-->[39m [37mPOST[39m [37m/wd/hub/session/4f20c959-fcb9-47a3-8a66-354a519f6097/context[39m
[35m[HTTP][39m [90m{"name":"NATIVE_APP"}[39m
[35m[HTTP][39m [37m<-- POST /wd/hub/session/4f20c959-fcb9-47a3-8a66-354a519f6097/context [39m[32m200[39m [90m1 ms - 14[39m
[35m[HTTP][39m [90m[39m
[35m[HTTP][39m [37m-->[39m [37mPOST[39m [37m/wd/hub/session/4f20c959-fcb9-47a3-8a66-354a519f6097/network_connection[39m
[35m[HTTP][39m [90m{"name":"network_connection","parameters":{"type":2}}[39m
[35m[AndroidDriver][39m Setting network connection
[35m[AndroidDriver][39m Getting network connection
[35m[AndroidDriver][39m Not changing airplane mode, since it is already disabled
[35m[AndroidDriver][39m Not changing data connection/Wi-Fi states, since they are already set to expected values
[35m[HTTP][39m [37m<-- POST /wd/hub/session/4f20c959-fcb9-47a3-8a66-354a519f6097/network_connection [39m[32m200[39m [90m301 ms - 11[39m
[35m[HTTP][39m [90m[39m
[35m[HTTP][39m [37m-->[39m [37mPOST[39m [37m/wd/hub/session/4f20c959-fcb9-47a3-8a66-354a519f6097/context[39m
[35m[HTTP][39m [90m{"name":"NATIVE_APP"}[39m
[35m[HTTP][39m [37m<-- POST /wd/hub/session/4f20c959-fcb9-47a3-8a66-354a519f6097/context [39m[32m200[39m [90m1 ms - 14[39m
[35m[HTTP][39m [90m[39m
[35m[HTTP][39m [37m-->[39m [37mPOST[39m [37m/wd/hub/session/4f20c959-fcb9-47a3-8a66-354a519f6097/timeouts[39m
[35m[HTTP][39m [90m{"implicit":50}[39m
[35m[HTTP][39m [37m<-- POST /wd/hub/session/4f20c959-fcb9-47a3-8a66-354a519f6097/timeouts [39m[32m200[39m [90m1 ms - 14[39m
[35m[HTTP][39m [90m[39m
[35m[HTTP][39m [37m-->[39m [37mGET[39m [37m/wd/hub/session/4f20c959-fcb9-47a3-8a66-354a519f6097/window/rect[39m
[35m[HTTP][39m [90m{}[39m
[35m[HTTP][39m [37m<-- GET /wd/hub/session/4f20c959-fcb9-47a3-8a66-354a519f6097/window/rect [39m[32m200[39m [90m17 ms - 49[39m
[35m[HTTP][39m [90m[39m
[35m[HTTP][39m [37m-->[39m [37mPOST[39m [37m/wd/hub/session/4f20c959-fcb9-47a3-8a66-354a519f6097/elements[39m
[35m[HTTP][39m [90m{"using":"xpath","value":"//*[@class = 'android.widget.TextView' and (@text = 'Siguiente' or . = 'Siguiente') and @resource-id = 'com.naposystems.napoleonchat:id/textViewNextSlide']"}[39m
[35m[HTTP][39m [37m<-- POST /wd/hub/session/4f20c959-fcb9-47a3-8a66-354a519f6097/elements [39m[32m200[39m [90m242 ms - 12[39m
[35m[HTTP][39m [90m[39m
[35m[HTTP][39m [37m-->[39m [37mPOST[39m [37m/wd/hub/session/4f20c959-fcb9-47a3-8a66-354a519f6097/elements[39m
[35m[HTTP][39m [90m{"using":"xpath","value":"//*[@class = 'android.widget.TextView' and (@text = 'Siguiente' or . = 'Siguiente') and @resource-id = 'com.naposystems.napoleonchat:id/textViewNextSlide']"}[39m
[35m[HTTP][39m [37m<-- POST /wd/hub/session/4f20c959-fcb9-47a3-8a66-354a519f6097/elements [39m[32m200[39m [90m220 ms - 12[39m
[35m[HTTP][39m [90m[39m
[35m[HTTP][39m [37m-->[39m [37mPOST[39m [37m/wd/hub/session/4f20c959-fcb9-47a3-8a66-354a519f6097/elements[39m
[35m[HTTP][39m [90m{"using":"xpath","value":"//*[@class = 'android.widget.TextView' and (@text = 'Siguiente' or . = 'Siguiente') and @resource-id = 'com.naposystems.napoleonchat:id/textViewNextSlide']"}[39m
[35m[HTTP][39m [37m<-- POST /wd/hub/session/4f20c959-fcb9-47a3-8a66-354a519f6097/elements [39m[32m200[39m [90m189 ms - 12[39m
[35m[HTTP][39m [90m[39m
[35m[HTTP][39m [37m-->[39m [37mPOST[39m [37m/wd/hub/session/4f20c959-fcb9-47a3-8a66-354a519f6097/elements[39m
[35m[HTTP][39m [90m{"using":"xpath","value":"//*[@class = 'android.widget.TextView' and (@text = 'Siguiente' or . = 'Siguiente') and @resource-id = 'com.naposystems.napoleonchat:id/textViewNextSlide']"}[39m
[35m[HTTP][39m [37m<-- POST /wd/hub/session/4f20c959-fcb9-47a3-8a66-354a519f6097/elements [39m[32m200[39m [90m193 ms - 12[39m
[35m[HTTP][39m [90m[39m
[35m[HTTP][39m [37m-->[39m [37mPOST[39m [37m/wd/hub/session/4f20c959-fcb9-47a3-8a66-354a519f6097/elements[39m
[35m[HTTP][39m [90m{"using":"xpath","value":"//*[@class = 'android.widget.TextView' and (@text = 'Siguiente' or . = 'Siguiente') and @resource-id = 'com.naposystems.napoleonchat:id/textViewNextSlide']"}[39m
[35m[HTTP][39m [37m<-- POST /wd/hub/session/4f20c959-fcb9-47a3-8a66-354a519f6097/elements [39m[32m200[39m [90m188 ms - 12[39m
[35m[HTTP][39m [90m[39m
[35m[HTTP][39m [37m-->[39m [37mPOST[39m [37m/wd/hub/session/4f20c959-fcb9-47a3-8a66-354a519f6097/timeouts[39m
[35m[HTTP][39m [90m{"implicit":30000}[39m
[35m[HTTP][39m [37m<-- POST /wd/hub/session/4f20c959-fcb9-47a3-8a66-354a519f6097/timeouts [39m[32m200[39m [90m1 ms - 14[39m
[35m[HTTP][39m [90m[39m
[35m[HTTP][39m [37m-->[39m [37mGET[39m [37m/wd/hub/session/4f20c959-fcb9-47a3-8a66-354a519f6097/context[39m
[35m[HTTP][39m [90m{}[39m
[35m[HTTP][39m [37m<-- GET /wd/hub/session/4f20c959-fcb9-47a3-8a66-354a519f6097/context [39m[32m200[39m [90m1 ms - 22[39m
[35m[HTTP][39m [90m[39m
[35m[HTTP][39m [37m-->[39m [37mGET[39m [37m/wd/hub/session/4f20c959-fcb9-47a3-8a66-354a519f6097/contexts[39m
[35m[HTTP][39m [90m{}[39m
[35m[HTTP][39m [37m<-- GET /wd/hub/session/4f20c959-fcb9-47a3-8a66-354a519f6097/contexts [39m[32m200[39m [90m120 ms - 70[39m
[35m[HTTP][39m [90m[39m
[35m[HTTP][39m [37m-->[39m [37mPOST[39m [37m/wd/hub/session/4f20c959-fcb9-47a3-8a66-354a519f6097/context[39m
[35m[HTTP][39m [90m{"name":"NATIVE_APP"}[39m
[35m[HTTP][39m [37m<-- POST /wd/hub/session/4f20c959-fcb9-47a3-8a66-354a519f6097/context [39m[32m200[39m [90m1 ms - 14[39m
[35m[HTTP][39m [90m[39m
[35m[HTTP][39m [37m-->[39m [37mGET[39m [37m/wd/hub/session/4f20c959-fcb9-47a3-8a66-354a519f6097/screenshot[39m
[35m[HTTP][39m [90m{}[39m
[35m[HTTP][39m [37m<-- GET /wd/hub/session/4f20c959-fcb9-47a3-8a66-354a519f6097/screenshot [39m[32m200[39m [90m1887 ms - 1014046[39m
[35m[HTTP][39m [90m[39m
[35m[HTTP][39m [37m-->[39m [37mPOST[39m [37m/wd/hub/session/4f20c959-fcb9-47a3-8a66-354a519f6097/context[39m
[35m[HTTP][39m [90m{"name":"NATIVE_APP"}[39m
[35m[HTTP][39m [37m<-- POST /wd/hub/session/4f20c959-fcb9-47a3-8a66-354a519f6097/context [39m[32m200[39m [90m1 ms - 14[39m
[35m[HTTP][39m [90m[39m
[35m[HTTP][39m [37m-->[39m [37mGET[39m [37m/wd/hub/session/4f20c959-fcb9-47a3-8a66-354a519f6097/context[39m
[35m[HTTP][39m [90m{}[39m
[35m[HTTP][39m [37m<-- GET /wd/hub/session/4f20c959-fcb9-47a3-8a66-354a519f6097/context [39m[32m200[39m [90m1 ms - 22[39m
[35m[HTTP][39m [90m[39m
[35m[HTTP][39m [37m-->[39m [37mGET[39m [37m/wd/hub/session/4f20c959-fcb9-47a3-8a66-354a519f6097/contexts[39m
[35m[HTTP][39m [90m{}[39m
[35m[HTTP][39m [37m<-- GET /wd/hub/session/4f20c959-fcb9-47a3-8a66-354a519f6097/contexts [39m[32m200[39m [90m116 ms - 70[39m
[35m[HTTP][39m [90m[39m
[35m[HTTP][39m [37m-->[39m [37mPOST[39m [37m/wd/hub/session/4f20c959-fcb9-47a3-8a66-354a519f6097/context[39m
[35m[HTTP][39m [90m{"name":"NATIVE_APP"}[39m
[35m[HTTP][39m [37m<-- POST /wd/hub/session/4f20c959-fcb9-47a3-8a66-354a519f6097/context [39m[32m200[39m [90m1 ms - 14[39m
[35m[HTTP][39m [90m[39m
[35m[HTTP][39m [37m-->[39m [37mPOST[39m [37m/wd/hub/session/4f20c959-fcb9-47a3-8a66-354a519f6097/appium/device/press_keycode[39m
[35m[HTTP][39m [90m{"keycode":4}[39m
[35m[HTTP][39m [37m<-- POST /wd/hub/session/4f20c959-fcb9-47a3-8a66-354a519f6097/appium/device/press_keycode [39m[32m200[39m [90m72 ms - 14[39m
[35m[HTTP][39m [90m[39m
[35m[HTTP][39m [37m-->[39m [37mPOST[39m [37m/wd/hub/session/4f20c959-fcb9-47a3-8a66-354a519f6097/context[39m
[35m[HTTP][39m [90m{"name":"NATIVE_APP"}[39m
[35m[HTTP][39m [37m<-- POST /wd/hub/session/4f20c959-fcb9-47a3-8a66-354a519f6097/context [39m[32m200[39m [90m1 ms - 14[39m
[35m[HTTP][39m [90m[39m
[35m[HTTP][39m [37m-->[39m [37mGET[39m [37m/wd/hub/session/4f20c959-fcb9-47a3-8a66-354a519f6097/context[39m
[35m[HTTP][39m [90m{}[39m
[35m[HTTP][39m [37m<-- GET /wd/hub/session/4f20c959-fcb9-47a3-8a66-354a519f6097/context [39m[32m200[39m [90m1 ms - 22[39m
[35m[HTTP][39m [90m[39m
[35m[HTTP][39m [37m-->[39m [37mGET[39m [37m/wd/hub/session/4f20c959-fcb9-47a3-8a66-354a519f6097/contexts[39m
[35m[HTTP][39m [90m{}[39m
[35m[HTTP][39m [37m<-- GET /wd/hub/session/4f20c959-fcb9-47a3-8a66-354a519f6097/contexts [39m[32m200[39m [90m113 ms - 70[39m
[35m[HTTP][39m [90m[39m
[35m[HTTP][39m [37m-->[39m [37mPOST[39m [37m/wd/hub/session/4f20c959-fcb9-47a3-8a66-354a519f6097/context[39m
[35m[HTTP][39m [90m{"name":"NATIVE_APP"}[39m
[35m[HTTP][39m [37m<-- POST /wd/hub/session/4f20c959-fcb9-47a3-8a66-354a519f6097/context [39m[32m200[39m [90m1 ms - 14[39m
[35m[HTTP][39m [90m[39m
[35m[HTTP][39m [37m-->[39m [37mPOST[39m [37m/wd/hub/session/4f20c959-fcb9-47a3-8a66-354a519f6097/appium/device/press_keycode[39m
[35m[HTTP][39m [90m{"keycode":4}[39m
[35m[HTTP][39m [37m<-- POST /wd/hub/session/4f20c959-fcb9-47a3-8a66-354a519f6097/appium/device/press_keycode [39m[32m200[39m [90m55 ms - 14[39m
[35m[HTTP][39m [90m[39m
[35m[HTTP][39m [37m-->[39m [37mPOST[39m [37m/wd/hub/session/4f20c959-fcb9-47a3-8a66-354a519f6097/context[39m
[35m[HTTP][39m [90m{"name":"NATIVE_APP"}[39m
[35m[HTTP][39m [37m<-- POST /wd/hub/session/4f20c959-fcb9-47a3-8a66-354a519f6097/context [39m[32m200[39m [90m1 ms - 14[39m
[35m[HTTP][39m [90m[39m
[35m[HTTP][39m [37m-->[39m [37mGET[39m [37m/wd/hub/session/4f20c959-fcb9-47a3-8a66-354a519f6097/context[39m
[35m[HTTP][39m [90m{}[39m
[35m[HTTP][39m [37m<-- GET /wd/hub/session/4f20c959-fcb9-47a3-8a66-354a519f6097/context [39m[32m200[39m [90m1 ms - 22[39m
[35m[HTTP][39m [90m[39m
[35m[HTTP][39m [37m-->[39m [37mGET[39m [37m/wd/hub/session/4f20c959-fcb9-47a3-8a66-354a519f6097/contexts[39m
[35m[HTTP][39m [90m{}[39m
[35m[HTTP][39m [37m<-- GET /wd/hub/session/4f20c959-fcb9-47a3-8a66-354a519f6097/contexts [39m[32m200[39m [90m108 ms - 70[39m
[35m[HTTP][39m [90m[39m
[35m[HTTP][39m [37m-->[39m [37mPOST[39m [37m/wd/hub/session/4f20c959-fcb9-47a3-8a66-354a519f6097/context[39m
[35m[HTTP][39m [90m{"name":"NATIVE_APP"}[39m
[35m[HTTP][39m [37m<-- POST /wd/hub/session/4f20c959-fcb9-47a3-8a66-354a519f6097/context [39m[32m200[39m [90m1 ms - 14[39m
[35m[HTTP][39m [90m[39m
[35m[HTTP][39m [37m-->[39m [37mPOST[39m [37m/wd/hub/session/4f20c959-fcb9-47a3-8a66-354a519f6097/network_connection[39m
[35m[HTTP][39m [90m{"name":"network_connection","parameters":{"type":0}}[39m
[35m[AndroidDriver][39m Setting network connection
[35m[AndroidDriver][39m Getting network connection
[35m[AndroidDriver][39m Not changing airplane mode, since it is already disabled
[35m[AndroidDriver][39m Not changing data connection state, since it is already disabled
[35m[AndroidDriver][39m Getting network connection
[35m[HTTP][39m [37m<-- POST /wd/hub/session/4f20c959-fcb9-47a3-8a66-354a519f6097/network_connection [39m[32m200[39m [90m665 ms - 11[39m
[35m[HTTP][39m [90m[39m
[35m[HTTP][39m [37m-->[39m [37mPOST[39m [37m/wd/hub/session/4f20c959-fcb9-47a3-8a66-354a519f6097/context[39m
[35m[HTTP][39m [90m{"name":"NATIVE_APP"}[39m
[35m[HTTP][39m [37m<-- POST /wd/hub/session/4f20c959-fcb9-47a3-8a66-354a519f6097/context [39m[32m200[39m [90m1 ms - 14[39m
[35m[HTTP][39m [90m[39m
[35m[HTTP][39m [37m-->[39m [37mPOST[39m [37m/wd/hub/session/4f20c959-fcb9-47a3-8a66-354a519f6097/timeouts[39m
[35m[HTTP][39m [90m{"implicit":50}[39m
[35m[HTTP][39m [37m<-- POST /wd/hub/session/4f20c959-fcb9-47a3-8a66-354a519f6097/timeouts [39m[32m200[39m [90m1 ms - 14[39m
[35m[HTTP][39m [90m[39m
[35m[HTTP][39m [37m-->[39m [37mGET[39m [37m/wd/hub/session/4f20c959-fcb9-47a3-8a66-354a519f6097/window/rect[39m
[35m[HTTP][39m [90m{}[39m
[35m[HTTP][39m [37m<-- GET /wd/hub/session/4f20c959-fcb9-47a3-8a66-354a519f6097/window/rect [39m[32m200[39m [90m25 ms - 49[39m
[35m[HTTP][39m [90m[39m
[35m[HTTP][39m [37m-->[39m [37mPOST[39m [37m/wd/hub/session/4f20c959-fcb9-47a3-8a66-354a519f6097/elements[39m
[35m[HTTP][39m [90m{"using":"xpath","value":"//*[@class = 'android.widget.TextView' and (@text = 'NapoleoN' or . = 'NapoleoN') and @resource-id = 'com.sec.android.app.launcher:id/home_icon']"}[39m
[35m[HTTP][39m [37m<-- POST /wd/hub/session/4f20c959-fcb9-47a3-8a66-354a519f6097/elements [39m[32m200[39m [90m587 ms - 139[39m
[35m[HTTP][39m [90m[39m
[35m[HTTP][39m [37m-->[39m [37mGET[39m [37m/wd/hub/session/4f20c959-fcb9-47a3-8a66-354a519f6097/element/00000000-0000-00cc-ffff-ffff00000109/location[39m
[35m[HTTP][39m [90m{}[39m
[35m[W3C (4f20c959)][39m Driver proxy active, passing request on via HTTP proxy
[35m[WD Proxy][39m Replacing sessionId 7b51094c-d56c-4dc2-b25b-a75608dc4bde with 4f20c959-fcb9-47a3-8a66-354a519f6097
[35m[HTTP][39m [37m<-- GET /wd/hub/session/4f20c959-fcb9-47a3-8a66-354a519f6097/element/00000000-0000-00cc-ffff-ffff00000109/location [39m[32m200[39m [90m539 ms - 77[39m
[35m[HTTP][39m [90m[39m
[35m[HTTP][39m [37m-->[39m [37mPOST[39m [37m/wd/hub/session/4f20c959-fcb9-47a3-8a66-354a519f6097/timeouts[39m
[35m[HTTP][39m [90m{"implicit":30000}[39m
[35m[HTTP][39m [37m<-- POST /wd/hub/session/4f20c959-fcb9-47a3-8a66-354a519f6097/timeouts [39m[32m200[39m [90m1 ms - 14[39m
[35m[HTTP][39m [90m[39m
[35m[HTTP][39m [37m-->[39m [37mPOST[39m [37m/wd/hub/session/4f20c959-fcb9-47a3-8a66-354a519f6097/element/00000000-0000-00cc-ffff-ffff00000109/click[39m
[35m[HTTP][39m [90m{"id":"00000000-0000-00cc-ffff-ffff00000109"}[39m
[35m[HTTP][39m [37m<-- POST /wd/hub/session/4f20c959-fcb9-47a3-8a66-354a519f6097/element/00000000-0000-00cc-ffff-ffff00000109/click [39m[32m200[39m [90m451 ms - 14[39m
[35m[HTTP][39m [90m[39m
[35m[HTTP][39m [37m-->[39m [37mGET[39m [37m/wd/hub/session/4f20c959-fcb9-47a3-8a66-354a519f6097/context[39m
[35m[HTTP][39m [90m{}[39m
[35m[HTTP][39m [37m<-- GET /wd/hub/session/4f20c959-fcb9-47a3-8a66-354a519f6097/context [39m[32m200[39m [90m1 ms - 22[39m
[35m[HTTP][39m [90m[39m
[35m[HTTP][39m [37m-->[39m [37mGET[39m [37m/wd/hub/session/4f20c959-fcb9-47a3-8a66-354a519f6097/contexts[39m
[35m[HTTP][39m [90m{}[39m
[35m[HTTP][39m [37m<-- GET /wd/hub/session/4f20c959-fcb9-47a3-8a66-354a519f6097/contexts [39m[32m200[39m [90m161 ms - 70[39m
[35m[HTTP][39m [90m[39m
[35m[HTTP][39m [37m-->[39m [37mPOST[39m [37m/wd/hub/session/4f20c959-fcb9-47a3-8a66-354a519f6097/context[39m
[35m[HTTP][39m [90m{"name":"NATIVE_APP"}[39m
[35m[HTTP][39m [37m<-- POST /wd/hub/session/4f20c959-fcb9-47a3-8a66-354a519f6097/context [39m[32m200[39m [90m1 ms - 14[39m
[35m[HTTP][39m [90m[39m
[35m[HTTP][39m [37m-->[39m [37mPOST[39m [37m/wd/hub/session/4f20c959-fcb9-47a3-8a66-354a519f6097/network_connection[39m
[35m[HTTP][39m [90m{"name":"network_connection","parameters":{"type":2}}[39m
[35m[AndroidDriver][39m Setting network connection
[35m[AndroidDriver][39m Getting network connection
[35m[AndroidDriver][39m Not changing airplane mode, since it is already disabled
[35m[AndroidDriver][39m Not changing data connection state, since it is already disabled
[35m[AndroidDriver][39m Getting network connection
[35m[HTTP][39m [37m<-- POST /wd/hub/session/4f20c959-fcb9-47a3-8a66-354a519f6097/network_connection [39m[32m200[39m [90m885 ms - 11[39m
[35m[HTTP][39m [90m[39m
[35m[HTTP][39m [37m-->[39m [37mPOST[39m [37m/wd/hub/session/4f20c959-fcb9-47a3-8a66-354a519f6097/context[39m
[35m[HTTP][39m [90m{"name":"NATIVE_APP"}[39m
[35m[HTTP][39m [37m<-- POST /wd/hub/session/4f20c959-fcb9-47a3-8a66-354a519f6097/context [39m[32m200[39m [90m1 ms - 14[39m
[35m[HTTP][39m [90m[39m
[35m[HTTP][39m [37m-->[39m [37mGET[39m [37m/wd/hub/session/4f20c959-fcb9-47a3-8a66-354a519f6097/context[39m
[35m[HTTP][39m [90m{}[39m
[35m[HTTP][39m [37m<-- GET /wd/hub/session/4f20c959-fcb9-47a3-8a66-354a519f6097/context [39m[32m200[39m [90m1 ms - 22[39m
[35m[HTTP][39m [90m[39m
[35m[HTTP][39m [37m-->[39m [37mGET[39m [37m/wd/hub/session/4f20c959-fcb9-47a3-8a66-354a519f6097/contexts[39m
[35m[HTTP][39m [90m{}[39m
[35m[HTTP][39m [37m<-- GET /wd/hub/session/4f20c959-fcb9-47a3-8a66-354a519f6097/contexts [39m[32m200[39m [90m118 ms - 70[39m
[35m[HTTP][39m [90m[39m
[35m[HTTP][39m [37m-->[39m [37mPOST[39m [37m/wd/hub/session/4f20c959-fcb9-47a3-8a66-354a519f6097/context[39m
[35m[HTTP][39m [90m{"name":"NATIVE_APP"}[39m
[35m[HTTP][39m [37m<-- POST /wd/hub/session/4f20c959-fcb9-47a3-8a66-354a519f6097/context [39m[32m200[39m [90m1 ms - 14[39m
[35m[HTTP][39m [90m[39m
[35m[HTTP][39m [37m-->[39m [37mPOST[39m [37m/wd/hub/session/4f20c959-fcb9-47a3-8a66-354a519f6097/appium/device/press_keycode[39m
[35m[HTTP][39m [90m{"keycode":4}[39m
[35m[HTTP][39m [37m<-- POST /wd/hub/session/4f20c959-fcb9-47a3-8a66-354a519f6097/appium/device/press_keycode [39m[32m200[39m [90m548 ms - 14[39m
[35m[HTTP][39m [90m[39m
[35m[HTTP][39m [37m-->[39m [37mPOST[39m [37m/wd/hub/session/4f20c959-fcb9-47a3-8a66-354a519f6097/context[39m
[35m[HTTP][39m [90m{"name":"NATIVE_APP"}[39m
[35m[HTTP][39m [37m<-- POST /wd/hub/session/4f20c959-fcb9-47a3-8a66-354a519f6097/context [39m[32m200[39m [90m1 ms - 14[39m
[35m[HTTP][39m [90m[39m
[35m[HTTP][39m [37m-->[39m [37mGET[39m [37m/wd/hub/session/4f20c959-fcb9-47a3-8a66-354a519f6097/context[39m
[35m[HTTP][39m [90m{}[39m
[35m[HTTP][39m [37m<-- GET /wd/hub/session/4f20c959-fcb9-47a3-8a66-354a519f6097/context [39m[32m200[39m [90m1 ms - 22[39m
[35m[HTTP][39m [90m[39m
[35m[HTTP][39m [37m-->[39m [37mGET[39m [37m/wd/hub/session/4f20c959-fcb9-47a3-8a66-354a519f6097/contexts[39m
[35m[HTTP][39m [90m{}[39m
[35m[HTTP][39m [37m<-- GET /wd/hub/session/4f20c959-fcb9-47a3-8a66-354a519f6097/contexts [39m[32m200[39m [90m146 ms - 70[39m
[35m[HTTP][39m [90m[39m
[35m[HTTP][39m [37m-->[39m [37mPOST[39m [37m/wd/hub/session/4f20c959-fcb9-47a3-8a66-354a519f6097/context[39m
[35m[HTTP][39m [90m{"name":"NATIVE_APP"}[39m
[35m[HTTP][39m [37m<-- POST /wd/hub/session/4f20c959-fcb9-47a3-8a66-354a519f6097/context [39m[32m200[39m [90m1 ms - 14[39m
[35m[HTTP][39m [90m[39m
[35m[HTTP][39m [37m-->[39m [37mPOST[39m [37m/wd/hub/session/4f20c959-fcb9-47a3-8a66-354a519f6097/appium/device/press_keycode[39m
[35m[HTTP][39m [90m{"keycode":4}[39m
[35m[HTTP][39m [37m<-- POST /wd/hub/session/4f20c959-fcb9-47a3-8a66-354a519f6097/appium/device/press_keycode [39m[32m200[39m [90m402 ms - 14[39m
[35m[HTTP][39m [90m[39m
[35m[HTTP][39m [37m-->[39m [37mPOST[39m [37m/wd/hub/session/4f20c959-fcb9-47a3-8a66-354a519f6097/context[39m
[35m[HTTP][39m [90m{"name":"NATIVE_APP"}[39m
[35m[HTTP][39m [37m<-- POST /wd/hub/session/4f20c959-fcb9-47a3-8a66-354a519f6097/context [39m[32m200[39m [90m2 ms - 14[39m
[35m[HTTP][39m [90m[39m
[35m[HTTP][39m [37m-->[39m [37mPOST[39m [37m/wd/hub/session/4f20c959-fcb9-47a3-8a66-354a519f6097/timeouts[39m
[35m[HTTP][39m [90m{"implicit":50}[39m
[35m[HTTP][39m [37m<-- POST /wd/hub/session/4f20c959-fcb9-47a3-8a66-354a519f6097/timeouts [39m[32m200[39m [90m1 ms - 14[39m
[35m[HTTP][39m [90m[39m
[35m[HTTP][39m [37m-->[39m [37mGET[39m [37m/wd/hub/session/4f20c959-fcb9-47a3-8a66-354a519f6097/window/rect[39m
[35m[HTTP][39m [90m{}[39m
[35m[HTTP][39m [37m<-- GET /wd/hub/session/4f20c959-fcb9-47a3-8a66-354a519f6097/window/rect [39m[32m200[39m [90m19 ms - 49[39m
[35m[HTTP][39m [90m[39m
[35m[HTTP][39m [37m-->[39m [37mPOST[39m [37m/wd/hub/session/4f20c959-fcb9-47a3-8a66-354a519f6097/elements[39m
[35m[HTTP][39m [90m{"using":"xpath","value":"//*[@class = 'android.widget.TextView' and (@text = 'NapoleoN' or . = 'NapoleoN') and @resource-id = 'com.sec.android.app.launcher:id/home_icon']"}[39m
[35m[HTTP][39m [37m<-- POST /wd/hub/session/4f20c959-fcb9-47a3-8a66-354a519f6097/elements [39m[32m200[39m [90m278 ms - 139[39m
[35m[HTTP][39m [90m[39m
[35m[HTTP][39m [37m-->[39m [37mGET[39m [37m/wd/hub/session/4f20c959-fcb9-47a3-8a66-354a519f6097/element/00000000-0000-00cc-ffff-ffff00000109/location[39m
[35m[HTTP][39m [90m{}[39m
[35m[W3C (4f20c959)][39m Driver proxy active, passing request on via HTTP proxy
[35m[WD Proxy][39m Replacing sessionId 7b51094c-d56c-4dc2-b25b-a75608dc4bde with 4f20c959-fcb9-47a3-8a66-354a519f6097
[35m[HTTP][39m [37m<-- GET /wd/hub/session/4f20c959-fcb9-47a3-8a66-354a519f6097/element/00000000-0000-00cc-ffff-ffff00000109/location [39m[32m200[39m [90m34 ms - 77[39m
[35m[HTTP][39m [90m[39m
