[35m[Appium][39m Welcome to Appium v1.22.3
[35m[Appium][39m Non-default server args:
[35m[Appium][39m   port: 50571
[35m[Appium][39m   loglevel: info
[35m[Appium][39m   tmpDir: C:\Users\Testing\AppData\Local\Temp\\Katalon\Appium\Temp1692378241310
[35m[Appium][39m   chromedriverPort: 50572
[35m[Appium][39m Deprecated server args:
[35m[Appium][39m   [31m--chromedriver-port[39m => --default-capabilities
[35m[Appium][39m Default capabilities, which will be added to each request unless overridden by desired capabilities:
[35m[Appium][39m   chromedriverPort: 50572
[35m[Appium][39m Appium REST http interface listener started on 0.0.0.0:50571
[35m[HTTP][39m [37m-->[39m [37mGET[39m [37m/wd/hub/status[39m
[35m[HTTP][39m [90m{}[39m
[35m[HTTP][39m [37m<-- GET /wd/hub/status [39m[32m200[39m [90m12 ms - 68[39m
[35m[HTTP][39m [90m[39m
[35m[HTTP][39m [37m-->[39m [37mPOST[39m [37m/wd/hub/session[39m
[35m[HTTP][39m [90m{"desiredCapabilities":{"app":"C:\\Users\\Testing\\Desktop\\katalon\\Version QA ACTUALIZADA 14-08-23\\app-qa.apk","noReset":false,"deviceId":"","deviceName":"samsung SM-A107M (Android 11)","fullReset":true,"platform":"ANDROID","newCommandTimeout":1800,"platformVersion":"11","automationName":"uiautomator2","autoGrantPermissions":true,"platformName":"Android","udid":"R9WN40KBXDJ","systemPort":50570},"capabilities":{"firstMatch":[{"appium:app":"C:\\Users\\Testing\\Desktop\\katalon\\Version QA ACTUALIZADA 14-08-23\\app-qa.apk","appium:autoGrantPermissions":true,"appium:automationName":"uiautomator2","deviceId":"","appium:deviceName":"samsung SM-A107M (Android 11)","appium:fullReset":true,"appium:newCommandTimeout":1800,"appium:noReset":false,"platform":"ANDROID","platformName":"android","appium:platformVersion":"11","appium:systemPort":50570,"appium:udid":"R9WN40KBXDJ"}]}}[39m
[35m[BaseDriver][39m The following capabilities are not standard capabilities and should have an extension prefix:
[35m[BaseDriver][39m   deviceId
[35m[BaseDriver][39m   platform
[35m[BaseDriver][39m   chromedriverPort
[35m[Appium][39m Appium v1.22.3 creating new AndroidUiautomator2Driver (v1.70.1) session
[35m[BaseDriver][39m The following capabilities were provided, but are not recognized by Appium:
[35m[BaseDriver][39m   deviceId
[35m[BaseDriver][39m   platform
[35m[BaseDriver][39m Session created with session id: 35b5a795-817f-42a2-a9e3-f9736e24d15b
[35m[BaseDriver][39m Using local app 'C:\Users\Testing\Desktop\katalon\Version QA ACTUALIZADA 14-08-23\app-qa.apk'
[35m[ADB][39m Found 1 'build-tools' folders under 'C:\Users\Testing\.katalon\tools\android_sdk' (newest first):
[35m[ADB][39m     C:/Users/Testing/.katalon/tools/android_sdk/build-tools/29.0.3
[35m[ADB][39m Using 'adb.exe' from 'C:\Users\Testing\.katalon\tools\android_sdk\platform-tools\adb.exe'
[35m[AndroidDriver][39m Retrieving device list
[35m[AndroidDriver][39m Using device: R9WN40KBXDJ
[35m[ADB][39m Using 'adb.exe' from 'C:\Users\Testing\.katalon\tools\android_sdk\platform-tools\adb.exe'
[35m[ADB][39m Getting device platform version
[35m[UiAutomator2][39m Relaxing hidden api policy
[35m[ADB][39m Package name: 'com.naposystems.napoleonchat'
[35m[ADB][39m Main activity name: 'com.naposystems.napoleonchat.ui.mainActivity.MainActivity'
[35m[ADB][39m Using 'apksigner.jar' from 'C:\Users\Testing\.katalon\tools\android_sdk\build-tools\29.0.3\lib\apksigner.jar'
[35m[ADB][39m 'C:\Users\Testing\AppData\Roaming\npm\node_modules\appium\node_modules\appium-uiautomator2-server\apks\appium-uiautomator2-server-v4.27.0.apk' is signed with the default certificate
[35m[ADB][39m 'C:\Users\Testing\AppData\Roaming\npm\node_modules\appium\node_modules\appium-uiautomator2-server\apks\appium-uiautomator2-server-debug-androidTest.apk' is signed with the default certificate
[35m[UiAutomator2][39m Server packages are not going to be (re)installed
[35m[ADB][39m Adding packages ["io.appium.settings","io.appium.uiautomator2.server","io.appium.uiautomator2.server.test"] to Doze whitelist
[35m[ADB][39m 'C:\Users\Testing\Desktop\katalon\Version QA ACTUALIZADA 14-08-23\app-qa.apk' is signed with a non-default certificate
[35m[ADB][39m com.naposystems.napoleonchat was not uninstalled, because it was not present on the device
[35m[ADB][39m The application at 'C:\Users\Testing\Desktop\katalon\Version QA ACTUALIZADA 14-08-23\app-qa.apk' will not be cached, because the device under test has confirmed the support of streamed installs
[35m[ADB][39m The installation of 'app-qa.apk' took 8464ms
[35m[UiAutomator2][39m Starting UIAutomator2 server 4.27.0
[35m[UiAutomator2][39m Using UIAutomator2 server from 'C:\Users\Testing\AppData\Roaming\npm\node_modules\appium\node_modules\appium-uiautomator2-server\apks\appium-uiautomator2-server-v4.27.0.apk' and test from 'C:\Users\Testing\AppData\Roaming\npm\node_modules\appium\node_modules\appium-uiautomator2-server\apks\appium-uiautomator2-server-debug-androidTest.apk'
[35m[UiAutomator2][39m Waiting up to 30000ms for UiAutomator2 to be online...
[35m[WD Proxy][39m socket hang up
[35m[WD Proxy][39m socket hang up
[35m[WD Proxy][39m socket hang up
[35m[WD Proxy][39m socket hang up
[35m[WD Proxy][39m socket hang up
[35m[WD Proxy][39m socket hang up
[35m[WD Proxy][39m socket hang up
[35m[WD Proxy][39m Determined the downstream protocol as 'W3C'
[35m[AndroidDriver][39m Screen already unlocked, doing nothing
[35m[UiAutomator2][39m Starting 'com.naposystems.napoleonchat/com.naposystems.napoleonchat.ui.mainActivity.MainActivity and waiting for 'com.naposystems.napoleonchat/com.naposystems.napoleonchat.ui.mainActivity.MainActivity'
[35m[Appium][39m New AndroidUiautomator2Driver session created successfully, session 35b5a795-817f-42a2-a9e3-f9736e24d15b added to master session list
[35m[HTTP][39m [37m<-- POST /wd/hub/session [39m[32m200[39m [90m30621 ms - 1351[39m
[35m[HTTP][39m [90m[39m
[35m[HTTP][39m [37m-->[39m [37mGET[39m [37m/wd/hub/session/35b5a795-817f-42a2-a9e3-f9736e24d15b[39m
[35m[HTTP][39m [90m{}[39m
[35m[HTTP][39m [37m<-- GET /wd/hub/session/35b5a795-817f-42a2-a9e3-f9736e24d15b [39m[32m200[39m [90m21 ms - 1305[39m
[35m[HTTP][39m [90m[39m
[35m[HTTP][39m [37m-->[39m [37mGET[39m [37m/wd/hub/session/35b5a795-817f-42a2-a9e3-f9736e24d15b[39m
[35m[HTTP][39m [90m{}[39m
[35m[HTTP][39m [37m<-- GET /wd/hub/session/35b5a795-817f-42a2-a9e3-f9736e24d15b [39m[32m200[39m [90m20 ms - 1305[39m
[35m[HTTP][39m [90m[39m
[35m[HTTP][39m [37m-->[39m [37mGET[39m [37m/wd/hub/status[39m
[35m[HTTP][39m [90m{}[39m
[35m[HTTP][39m [37m<-- GET /wd/hub/status [39m[32m200[39m [90m1 ms - 68[39m
[35m[HTTP][39m [90m[39m
[35m[HTTP][39m [37m-->[39m [37mPOST[39m [37m/wd/hub/session/35b5a795-817f-42a2-a9e3-f9736e24d15b/timeouts[39m
[35m[HTTP][39m [90m{"implicit":30000}[39m
[35m[HTTP][39m [37m<-- POST /wd/hub/session/35b5a795-817f-42a2-a9e3-f9736e24d15b/timeouts [39m[32m200[39m [90m2 ms - 14[39m
[35m[HTTP][39m [90m[39m
[35m[HTTP][39m [37m-->[39m [37mGET[39m [37m/wd/hub/session/35b5a795-817f-42a2-a9e3-f9736e24d15b/screenshot[39m
[35m[HTTP][39m [90m{}[39m
[35m[HTTP][39m [37m<-- GET /wd/hub/session/35b5a795-817f-42a2-a9e3-f9736e24d15b/screenshot [39m[32m200[39m [90m1170 ms - 91482[39m
[35m[HTTP][39m [90m[39m
[35m[HTTP][39m [37m-->[39m [37mGET[39m [37m/wd/hub/session/35b5a795-817f-42a2-a9e3-f9736e24d15b/window/rect[39m
[35m[HTTP][39m [90m{}[39m
[35m[HTTP][39m [37m<-- GET /wd/hub/session/35b5a795-817f-42a2-a9e3-f9736e24d15b/window/rect [39m[32m200[39m [90m22 ms - 49[39m
[35m[HTTP][39m [90m[39m
[35m[HTTP][39m [37m-->[39m [37mGET[39m [37m/wd/hub/session/35b5a795-817f-42a2-a9e3-f9736e24d15b/appium/device/system_bars[39m
[35m[HTTP][39m [90m{}[39m
[35m[HTTP][39m [37m<-- GET /wd/hub/session/35b5a795-817f-42a2-a9e3-f9736e24d15b/appium/device/system_bars [39m[32m200[39m [90m113 ms - 145[39m
[35m[HTTP][39m [90m[39m
[35m[HTTP][39m [37m-->[39m [37mPOST[39m [37m/wd/hub/session/35b5a795-817f-42a2-a9e3-f9736e24d15b/timeouts[39m
[35m[HTTP][39m [90m{"implicit":50}[39m
[35m[HTTP][39m [37m<-- POST /wd/hub/session/35b5a795-817f-42a2-a9e3-f9736e24d15b/timeouts [39m[32m200[39m [90m2 ms - 14[39m
[35m[HTTP][39m [90m[39m
[35m[HTTP][39m [37m-->[39m [37mGET[39m [37m/wd/hub/session/35b5a795-817f-42a2-a9e3-f9736e24d15b/window/rect[39m
[35m[HTTP][39m [90m{}[39m
[35m[HTTP][39m [37m<-- GET /wd/hub/session/35b5a795-817f-42a2-a9e3-f9736e24d15b/window/rect [39m[32m200[39m [90m18 ms - 49[39m
[35m[HTTP][39m [90m[39m
[35m[HTTP][39m [37m-->[39m [37mPOST[39m [37m/wd/hub/session/35b5a795-817f-42a2-a9e3-f9736e24d15b/elements[39m
[35m[HTTP][39m [90m{"using":"xpath","value":"//*[@class = 'android.widget.TextView' and (@text = 'Omitir' or . = 'Omitir') and @resource-id = 'com.naposystems.napoleonchat:id/textViewSkip']"}[39m
[35m[HTTP][39m [37m<-- POST /wd/hub/session/35b5a795-817f-42a2-a9e3-f9736e24d15b/elements [39m[32m200[39m [90m980 ms - 139[39m
[35m[HTTP][39m [90m[39m
[35m[HTTP][39m [37m-->[39m [37mGET[39m [37m/wd/hub/session/35b5a795-817f-42a2-a9e3-f9736e24d15b/element/00000000-0000-0238-ffff-ffff0000003e/location[39m
[35m[HTTP][39m [90m{}[39m
[35m[W3C (35b5a795)][39m Driver proxy active, passing request on via HTTP proxy
[35m[WD Proxy][39m Replacing sessionId fd86027f-d3e7-45ca-9022-b08f2ec2e53d with 35b5a795-817f-42a2-a9e3-f9736e24d15b
[35m[HTTP][39m [37m<-- GET /wd/hub/session/35b5a795-817f-42a2-a9e3-f9736e24d15b/element/00000000-0000-0238-ffff-ffff0000003e/location [39m[32m200[39m [90m34 ms - 77[39m
[35m[HTTP][39m [90m[39m
[35m[HTTP][39m [37m-->[39m [37mPOST[39m [37m/wd/hub/session/35b5a795-817f-42a2-a9e3-f9736e24d15b/timeouts[39m
[35m[HTTP][39m [90m{"implicit":30000}[39m
[35m[HTTP][39m [37m<-- POST /wd/hub/session/35b5a795-817f-42a2-a9e3-f9736e24d15b/timeouts [39m[32m200[39m [90m5 ms - 14[39m
[35m[HTTP][39m [90m[39m
[35m[HTTP][39m [37m-->[39m [37mPOST[39m [37m/wd/hub/session/35b5a795-817f-42a2-a9e3-f9736e24d15b/element/00000000-0000-0238-ffff-ffff0000003e/click[39m
[35m[HTTP][39m [90m{"id":"00000000-0000-0238-ffff-ffff0000003e"}[39m
[35m[HTTP][39m [37m<-- POST /wd/hub/session/35b5a795-817f-42a2-a9e3-f9736e24d15b/element/00000000-0000-0238-ffff-ffff0000003e/click [39m[32m200[39m [90m88 ms - 14[39m
[35m[HTTP][39m [90m[39m
[35m[HTTP][39m [37m-->[39m [37mPOST[39m [37m/wd/hub/session/35b5a795-817f-42a2-a9e3-f9736e24d15b/timeouts[39m
[35m[HTTP][39m [90m{"implicit":50}[39m
[35m[HTTP][39m [37m<-- POST /wd/hub/session/35b5a795-817f-42a2-a9e3-f9736e24d15b/timeouts [39m[32m200[39m [90m1 ms - 14[39m
[35m[HTTP][39m [90m[39m
[35m[HTTP][39m [37m-->[39m [37mGET[39m [37m/wd/hub/session/35b5a795-817f-42a2-a9e3-f9736e24d15b/window/rect[39m
[35m[HTTP][39m [90m{}[39m
[35m[HTTP][39m [37m<-- GET /wd/hub/session/35b5a795-817f-42a2-a9e3-f9736e24d15b/window/rect [39m[32m200[39m [90m18 ms - 49[39m
[35m[HTTP][39m [90m[39m
[35m[HTTP][39m [37m-->[39m [37mPOST[39m [37m/wd/hub/session/35b5a795-817f-42a2-a9e3-f9736e24d15b/elements[39m
[35m[HTTP][39m [90m{"using":"xpath","value":"//*[@class = 'android.widget.Button' and (@text = 'Crear Cuenta' or . = 'Crear Cuenta') and @resource-id = 'com.naposystems.napoleonchat:id/button_register']"}[39m
[35m[HTTP][39m [37m<-- POST /wd/hub/session/35b5a795-817f-42a2-a9e3-f9736e24d15b/elements [39m[32m200[39m [90m1033 ms - 139[39m
[35m[HTTP][39m [90m[39m
[35m[HTTP][39m [37m-->[39m [37mGET[39m [37m/wd/hub/session/35b5a795-817f-42a2-a9e3-f9736e24d15b/element/00000000-0000-0238-ffff-ffff00000051/location[39m
[35m[HTTP][39m [90m{}[39m
[35m[W3C (35b5a795)][39m Driver proxy active, passing request on via HTTP proxy
[35m[WD Proxy][39m Replacing sessionId fd86027f-d3e7-45ca-9022-b08f2ec2e53d with 35b5a795-817f-42a2-a9e3-f9736e24d15b
[35m[HTTP][39m [37m<-- GET /wd/hub/session/35b5a795-817f-42a2-a9e3-f9736e24d15b/element/00000000-0000-0238-ffff-ffff00000051/location [39m[32m200[39m [90m32 ms - 78[39m
[35m[HTTP][39m [90m[39m
[35m[HTTP][39m [37m-->[39m [37mPOST[39m [37m/wd/hub/session/35b5a795-817f-42a2-a9e3-f9736e24d15b/timeouts[39m
[35m[HTTP][39m [90m{"implicit":30000}[39m
[35m[HTTP][39m [37m<-- POST /wd/hub/session/35b5a795-817f-42a2-a9e3-f9736e24d15b/timeouts [39m[32m200[39m [90m1 ms - 14[39m
[35m[HTTP][39m [90m[39m
[35m[HTTP][39m [37m-->[39m [37mPOST[39m [37m/wd/hub/session/35b5a795-817f-42a2-a9e3-f9736e24d15b/element/00000000-0000-0238-ffff-ffff00000051/click[39m
[35m[HTTP][39m [90m{"id":"00000000-0000-0238-ffff-ffff00000051"}[39m
[35m[HTTP][39m [37m<-- POST /wd/hub/session/35b5a795-817f-42a2-a9e3-f9736e24d15b/element/00000000-0000-0238-ffff-ffff00000051/click [39m[32m200[39m [90m85 ms - 14[39m
[35m[HTTP][39m [90m[39m
[35m[HTTP][39m [37m-->[39m [37mPOST[39m [37m/wd/hub/session/35b5a795-817f-42a2-a9e3-f9736e24d15b/timeouts[39m
[35m[HTTP][39m [90m{"implicit":50}[39m
[35m[HTTP][39m [37m<-- POST /wd/hub/session/35b5a795-817f-42a2-a9e3-f9736e24d15b/timeouts [39m[32m200[39m [90m1 ms - 14[39m
[35m[HTTP][39m [90m[39m
[35m[HTTP][39m [37m-->[39m [37mGET[39m [37m/wd/hub/session/35b5a795-817f-42a2-a9e3-f9736e24d15b/window/rect[39m
[35m[HTTP][39m [90m{}[39m
[35m[HTTP][39m [37m<-- GET /wd/hub/session/35b5a795-817f-42a2-a9e3-f9736e24d15b/window/rect [39m[32m200[39m [90m19 ms - 49[39m
[35m[HTTP][39m [90m[39m
[35m[HTTP][39m [37m-->[39m [37mPOST[39m [37m/wd/hub/session/35b5a795-817f-42a2-a9e3-f9736e24d15b/elements[39m
[35m[HTTP][39m [90m{"using":"xpath","value":"//*[@class = 'android.widget.Button' and (@text = 'Enviar código de registro' or . = 'Enviar código de registro') and @resource-id = 'com.naposystems.napoleonchat:id/button_request_code']"}[39m
[35m[HTTP][39m [37m<-- POST /wd/hub/session/35b5a795-817f-42a2-a9e3-f9736e24d15b/elements [39m[32m200[39m [90m787 ms - 139[39m
[35m[HTTP][39m [90m[39m
[35m[HTTP][39m [37m-->[39m [37mGET[39m [37m/wd/hub/session/35b5a795-817f-42a2-a9e3-f9736e24d15b/element/00000000-0000-0238-ffff-ffff00000063/location[39m
[35m[HTTP][39m [90m{}[39m
[35m[W3C (35b5a795)][39m Driver proxy active, passing request on via HTTP proxy
[35m[WD Proxy][39m Replacing sessionId fd86027f-d3e7-45ca-9022-b08f2ec2e53d with 35b5a795-817f-42a2-a9e3-f9736e24d15b
[35m[HTTP][39m [37m<-- GET /wd/hub/session/35b5a795-817f-42a2-a9e3-f9736e24d15b/element/00000000-0000-0238-ffff-ffff00000063/location [39m[32m200[39m [90m211 ms - 78[39m
[35m[HTTP][39m [90m[39m
[35m[HTTP][39m [37m-->[39m [37mPOST[39m [37m/wd/hub/session/35b5a795-817f-42a2-a9e3-f9736e24d15b/timeouts[39m
[35m[HTTP][39m [90m{"implicit":30000}[39m
[35m[HTTP][39m [37m<-- POST /wd/hub/session/35b5a795-817f-42a2-a9e3-f9736e24d15b/timeouts [39m[32m200[39m [90m3 ms - 14[39m
[35m[HTTP][39m [90m[39m
[35m[HTTP][39m [37m-->[39m [37mPOST[39m [37m/wd/hub/session/35b5a795-817f-42a2-a9e3-f9736e24d15b/element/00000000-0000-0238-ffff-ffff00000063/click[39m
[35m[HTTP][39m [90m{"id":"00000000-0000-0238-ffff-ffff00000063"}[39m
[35m[HTTP][39m [37m<-- POST /wd/hub/session/35b5a795-817f-42a2-a9e3-f9736e24d15b/element/00000000-0000-0238-ffff-ffff00000063/click [39m[32m200[39m [90m89 ms - 14[39m
[35m[HTTP][39m [90m[39m
[35m[HTTP][39m [37m-->[39m [37mPOST[39m [37m/wd/hub/session/35b5a795-817f-42a2-a9e3-f9736e24d15b/timeouts[39m
[35m[HTTP][39m [90m{"implicit":50}[39m
[35m[HTTP][39m [37m<-- POST /wd/hub/session/35b5a795-817f-42a2-a9e3-f9736e24d15b/timeouts [39m[32m200[39m [90m1 ms - 14[39m
[35m[HTTP][39m [90m[39m
[35m[HTTP][39m [37m-->[39m [37mGET[39m [37m/wd/hub/session/35b5a795-817f-42a2-a9e3-f9736e24d15b/window/rect[39m
[35m[HTTP][39m [90m{}[39m
[35m[HTTP][39m [37m<-- GET /wd/hub/session/35b5a795-817f-42a2-a9e3-f9736e24d15b/window/rect [39m[32m200[39m [90m17 ms - 49[39m
[35m[HTTP][39m [90m[39m
[35m[HTTP][39m [37m-->[39m [37mPOST[39m [37m/wd/hub/session/35b5a795-817f-42a2-a9e3-f9736e24d15b/elements[39m
[35m[HTTP][39m [90m{"using":"xpath","value":"//*[@class = 'android.widget.Button' and (@text = 'Continuar' or . = 'Continuar') and @resource-id = 'com.naposystems.napoleonchat:id/button_continue']"}[39m
[35m[HTTP][39m [37m<-- POST /wd/hub/session/35b5a795-817f-42a2-a9e3-f9736e24d15b/elements [39m[32m200[39m [90m1748 ms - 12[39m
[35m[HTTP][39m [90m[39m
[35m[HTTP][39m [37m-->[39m [37mPOST[39m [37m/wd/hub/session/35b5a795-817f-42a2-a9e3-f9736e24d15b/elements[39m
[35m[HTTP][39m [90m{"using":"xpath","value":"//*[@class = 'android.widget.Button' and (@text = 'Continuar' or . = 'Continuar') and @resource-id = 'com.naposystems.napoleonchat:id/button_continue']"}[39m
[35m[HTTP][39m [37m<-- POST /wd/hub/session/35b5a795-817f-42a2-a9e3-f9736e24d15b/elements [39m[32m200[39m [90m530 ms - 12[39m
[35m[HTTP][39m [90m[39m
[35m[HTTP][39m [37m-->[39m [37mPOST[39m [37m/wd/hub/session/35b5a795-817f-42a2-a9e3-f9736e24d15b/elements[39m
[35m[HTTP][39m [90m{"using":"xpath","value":"//*[@class = 'android.widget.Button' and (@text = 'Continuar' or . = 'Continuar') and @resource-id = 'com.naposystems.napoleonchat:id/button_continue']"}[39m
[35m[HTTP][39m [37m<-- POST /wd/hub/session/35b5a795-817f-42a2-a9e3-f9736e24d15b/elements [39m[32m200[39m [90m1884 ms - 139[39m
[35m[HTTP][39m [90m[39m
[35m[HTTP][39m [37m-->[39m [37mGET[39m [37m/wd/hub/session/35b5a795-817f-42a2-a9e3-f9736e24d15b/element/00000000-0000-0238-ffff-ffff0000007b/location[39m
[35m[HTTP][39m [90m{}[39m
[35m[W3C (35b5a795)][39m Driver proxy active, passing request on via HTTP proxy
[35m[WD Proxy][39m Replacing sessionId fd86027f-d3e7-45ca-9022-b08f2ec2e53d with 35b5a795-817f-42a2-a9e3-f9736e24d15b
[35m[HTTP][39m [37m<-- GET /wd/hub/session/35b5a795-817f-42a2-a9e3-f9736e24d15b/element/00000000-0000-0238-ffff-ffff0000007b/location [39m[32m200[39m [90m2213 ms - 77[39m
[35m[HTTP][39m [90m[39m
[35m[HTTP][39m [37m-->[39m [37mPOST[39m [37m/wd/hub/session/35b5a795-817f-42a2-a9e3-f9736e24d15b/timeouts[39m
[35m[HTTP][39m [90m{"implicit":30000}[39m
[35m[HTTP][39m [37m<-- POST /wd/hub/session/35b5a795-817f-42a2-a9e3-f9736e24d15b/timeouts [39m[32m200[39m [90m2 ms - 14[39m
[35m[HTTP][39m [90m[39m
[35m[HTTP][39m [37m-->[39m [37mPOST[39m [37m/wd/hub/session/35b5a795-817f-42a2-a9e3-f9736e24d15b/element/00000000-0000-0238-ffff-ffff0000007b/click[39m
[35m[HTTP][39m [90m{"id":"00000000-0000-0238-ffff-ffff0000007b"}[39m
[35m[HTTP][39m [37m<-- POST /wd/hub/session/35b5a795-817f-42a2-a9e3-f9736e24d15b/element/00000000-0000-0238-ffff-ffff0000007b/click [39m[32m200[39m [90m1271 ms - 14[39m
[35m[HTTP][39m [90m[39m
[35m[HTTP][39m [37m-->[39m [37mPOST[39m [37m/wd/hub/session/35b5a795-817f-42a2-a9e3-f9736e24d15b/timeouts[39m
[35m[HTTP][39m [90m{"implicit":50}[39m
[35m[HTTP][39m [37m<-- POST /wd/hub/session/35b5a795-817f-42a2-a9e3-f9736e24d15b/timeouts [39m[32m200[39m [90m1 ms - 14[39m
[35m[HTTP][39m [90m[39m
[35m[HTTP][39m [37m-->[39m [37mGET[39m [37m/wd/hub/session/35b5a795-817f-42a2-a9e3-f9736e24d15b/window/rect[39m
[35m[HTTP][39m [90m{}[39m
[35m[HTTP][39m [37m<-- GET /wd/hub/session/35b5a795-817f-42a2-a9e3-f9736e24d15b/window/rect [39m[32m200[39m [90m20 ms - 49[39m
[35m[HTTP][39m [90m[39m
[35m[HTTP][39m [37m-->[39m [37mPOST[39m [37m/wd/hub/session/35b5a795-817f-42a2-a9e3-f9736e24d15b/elements[39m
[35m[HTTP][39m [90m{"using":"xpath","value":"//*[@class = 'android.widget.EditText' and (@text = 'Apodo*' or . = 'Apodo*') and @resource-id = 'com.naposystems.napoleonchat:id/textInputEditText_nickname']"}[39m
[35m[HTTP][39m [37m<-- POST /wd/hub/session/35b5a795-817f-42a2-a9e3-f9736e24d15b/elements [39m[32m200[39m [90m748 ms - 139[39m
[35m[HTTP][39m [90m[39m
[35m[HTTP][39m [37m-->[39m [37mGET[39m [37m/wd/hub/session/35b5a795-817f-42a2-a9e3-f9736e24d15b/element/00000000-0000-0238-ffff-ffff000000a9/location[39m
[35m[HTTP][39m [90m{}[39m
[35m[W3C (35b5a795)][39m Driver proxy active, passing request on via HTTP proxy
[35m[WD Proxy][39m Replacing sessionId fd86027f-d3e7-45ca-9022-b08f2ec2e53d with 35b5a795-817f-42a2-a9e3-f9736e24d15b
[35m[HTTP][39m [37m<-- GET /wd/hub/session/35b5a795-817f-42a2-a9e3-f9736e24d15b/element/00000000-0000-0238-ffff-ffff000000a9/location [39m[32m200[39m [90m1750 ms - 77[39m
[35m[HTTP][39m [90m[39m
[35m[HTTP][39m [37m-->[39m [37mPOST[39m [37m/wd/hub/session/35b5a795-817f-42a2-a9e3-f9736e24d15b/timeouts[39m
[35m[HTTP][39m [90m{"implicit":30000}[39m
[35m[HTTP][39m [37m<-- POST /wd/hub/session/35b5a795-817f-42a2-a9e3-f9736e24d15b/timeouts [39m[32m200[39m [90m1 ms - 14[39m
[35m[HTTP][39m [90m[39m
[35m[HTTP][39m [37m-->[39m [37mPOST[39m [37m/wd/hub/session/35b5a795-817f-42a2-a9e3-f9736e24d15b/element/00000000-0000-0238-ffff-ffff000000a9/clear[39m
[35m[HTTP][39m [90m{"id":"00000000-0000-0238-ffff-ffff000000a9"}[39m
[35m[HTTP][39m [37m<-- POST /wd/hub/session/35b5a795-817f-42a2-a9e3-f9736e24d15b/element/00000000-0000-0238-ffff-ffff000000a9/clear [39m[32m200[39m [90m88 ms - 14[39m
[35m[HTTP][39m [90m[39m
[35m[HTTP][39m [37m-->[39m [37mPOST[39m [37m/wd/hub/session/35b5a795-817f-42a2-a9e3-f9736e24d15b/element/00000000-0000-0238-ffff-ffff000000a9/value[39m
[35m[HTTP][39m [90m{"id":"00000000-0000-0238-ffff-ffff000000a9","text":"libre024","value":["l","i","b","r","e","0","2","4"]}[39m
[35m[HTTP][39m [37m<-- POST /wd/hub/session/35b5a795-817f-42a2-a9e3-f9736e24d15b/element/00000000-0000-0238-ffff-ffff000000a9/value [39m[32m200[39m [90m1544 ms - 14[39m
[35m[HTTP][39m [90m[39m
[35m[HTTP][39m [37m-->[39m [37mPOST[39m [37m/wd/hub/session/35b5a795-817f-42a2-a9e3-f9736e24d15b/timeouts[39m
[35m[HTTP][39m [90m{"implicit":50}[39m
[35m[HTTP][39m [37m<-- POST /wd/hub/session/35b5a795-817f-42a2-a9e3-f9736e24d15b/timeouts [39m[32m200[39m [90m1 ms - 14[39m
[35m[HTTP][39m [90m[39m
[35m[HTTP][39m [37m-->[39m [37mGET[39m [37m/wd/hub/session/35b5a795-817f-42a2-a9e3-f9736e24d15b/window/rect[39m
[35m[HTTP][39m [90m{}[39m
[35m[HTTP][39m [37m<-- GET /wd/hub/session/35b5a795-817f-42a2-a9e3-f9736e24d15b/window/rect [39m[32m200[39m [90m14 ms - 49[39m
[35m[HTTP][39m [90m[39m
[35m[HTTP][39m [37m-->[39m [37mPOST[39m [37m/wd/hub/session/35b5a795-817f-42a2-a9e3-f9736e24d15b/elements[39m
[35m[HTTP][39m [90m{"using":"xpath","value":"//*[@class = 'android.widget.Button' and (@text = 'Siguiente' or . = 'Siguiente') and @resource-id = 'com.naposystems.napoleonchat:id/button_next']"}[39m
[35m[HTTP][39m [37m<-- POST /wd/hub/session/35b5a795-817f-42a2-a9e3-f9736e24d15b/elements [39m[32m200[39m [90m934 ms - 139[39m
[35m[HTTP][39m [90m[39m
[35m[HTTP][39m [37m-->[39m [37mGET[39m [37m/wd/hub/session/35b5a795-817f-42a2-a9e3-f9736e24d15b/element/00000000-0000-0238-ffff-ffff000000c8/location[39m
[35m[HTTP][39m [90m{}[39m
[35m[W3C (35b5a795)][39m Driver proxy active, passing request on via HTTP proxy
[35m[WD Proxy][39m Replacing sessionId fd86027f-d3e7-45ca-9022-b08f2ec2e53d with 35b5a795-817f-42a2-a9e3-f9736e24d15b
[35m[HTTP][39m [37m<-- GET /wd/hub/session/35b5a795-817f-42a2-a9e3-f9736e24d15b/element/00000000-0000-0238-ffff-ffff000000c8/location [39m[32m200[39m [90m31 ms - 78[39m
[35m[HTTP][39m [90m[39m
[35m[HTTP][39m [37m-->[39m [37mPOST[39m [37m/wd/hub/session/35b5a795-817f-42a2-a9e3-f9736e24d15b/timeouts[39m
[35m[HTTP][39m [90m{"implicit":30000}[39m
[35m[HTTP][39m [37m<-- POST /wd/hub/session/35b5a795-817f-42a2-a9e3-f9736e24d15b/timeouts [39m[32m200[39m [90m1 ms - 14[39m
[35m[HTTP][39m [90m[39m
[35m[HTTP][39m [37m-->[39m [37mPOST[39m [37m/wd/hub/session/35b5a795-817f-42a2-a9e3-f9736e24d15b/element/00000000-0000-0238-ffff-ffff000000c8/click[39m
[35m[HTTP][39m [90m{"id":"00000000-0000-0238-ffff-ffff000000c8"}[39m
[35m[HTTP][39m [37m<-- POST /wd/hub/session/35b5a795-817f-42a2-a9e3-f9736e24d15b/element/00000000-0000-0238-ffff-ffff000000c8/click [39m[32m200[39m [90m106 ms - 14[39m
[35m[HTTP][39m [90m[39m
[35m[HTTP][39m [37m-->[39m [37mPOST[39m [37m/wd/hub/session/35b5a795-817f-42a2-a9e3-f9736e24d15b/timeouts[39m
[35m[HTTP][39m [90m{"implicit":50}[39m
[35m[HTTP][39m [37m<-- POST /wd/hub/session/35b5a795-817f-42a2-a9e3-f9736e24d15b/timeouts [39m[32m200[39m [90m1 ms - 14[39m
[35m[HTTP][39m [90m[39m
[35m[HTTP][39m [37m-->[39m [37mGET[39m [37m/wd/hub/session/35b5a795-817f-42a2-a9e3-f9736e24d15b/window/rect[39m
[35m[HTTP][39m [90m{}[39m
[35m[HTTP][39m [37m<-- GET /wd/hub/session/35b5a795-817f-42a2-a9e3-f9736e24d15b/window/rect [39m[32m200[39m [90m18 ms - 49[39m
[35m[HTTP][39m [90m[39m
[35m[HTTP][39m [37m-->[39m [37mPOST[39m [37m/wd/hub/session/35b5a795-817f-42a2-a9e3-f9736e24d15b/elements[39m
[35m[HTTP][39m [90m{"using":"xpath","value":"//*[@class = 'android.widget.EditText' and (@text = 'Pin de Acceso' or . = 'Pin de Acceso') and @resource-id = 'com.naposystems.napoleonchat:id/textInputEditText_access_pin']"}[39m
[35m[HTTP][39m [37m<-- POST /wd/hub/session/35b5a795-817f-42a2-a9e3-f9736e24d15b/elements [39m[32m200[39m [90m755 ms - 139[39m
[35m[HTTP][39m [90m[39m
[35m[HTTP][39m [37m-->[39m [37mGET[39m [37m/wd/hub/session/35b5a795-817f-42a2-a9e3-f9736e24d15b/element/00000000-0000-0238-ffff-ffff000000d8/location[39m
[35m[HTTP][39m [90m{}[39m
[35m[W3C (35b5a795)][39m Driver proxy active, passing request on via HTTP proxy
[35m[WD Proxy][39m Replacing sessionId fd86027f-d3e7-45ca-9022-b08f2ec2e53d with 35b5a795-817f-42a2-a9e3-f9736e24d15b
[35m[HTTP][39m [37m<-- GET /wd/hub/session/35b5a795-817f-42a2-a9e3-f9736e24d15b/element/00000000-0000-0238-ffff-ffff000000d8/location [39m[32m200[39m [90m457 ms - 77[39m
[35m[HTTP][39m [90m[39m
[35m[HTTP][39m [37m-->[39m [37mPOST[39m [37m/wd/hub/session/35b5a795-817f-42a2-a9e3-f9736e24d15b/timeouts[39m
[35m[HTTP][39m [90m{"implicit":30000}[39m
[35m[HTTP][39m [37m<-- POST /wd/hub/session/35b5a795-817f-42a2-a9e3-f9736e24d15b/timeouts [39m[32m200[39m [90m1 ms - 14[39m
[35m[HTTP][39m [90m[39m
[35m[HTTP][39m [37m-->[39m [37mPOST[39m [37m/wd/hub/session/35b5a795-817f-42a2-a9e3-f9736e24d15b/element/00000000-0000-0238-ffff-ffff000000d8/clear[39m
[35m[HTTP][39m [90m{"id":"00000000-0000-0238-ffff-ffff000000d8"}[39m
[35m[HTTP][39m [37m<-- POST /wd/hub/session/35b5a795-817f-42a2-a9e3-f9736e24d15b/element/00000000-0000-0238-ffff-ffff000000d8/clear [39m[32m200[39m [90m56 ms - 14[39m
[35m[HTTP][39m [90m[39m
[35m[HTTP][39m [37m-->[39m [37mPOST[39m [37m/wd/hub/session/35b5a795-817f-42a2-a9e3-f9736e24d15b/element/00000000-0000-0238-ffff-ffff000000d8/value[39m
[35m[HTTP][39m [90m{"id":"00000000-0000-0238-ffff-ffff000000d8","text":"0000","value":["0","0","0","0"]}[39m
[35m[HTTP][39m [37m<-- POST /wd/hub/session/35b5a795-817f-42a2-a9e3-f9736e24d15b/element/00000000-0000-0238-ffff-ffff000000d8/value [39m[32m200[39m [90m1709 ms - 14[39m
[35m[HTTP][39m [90m[39m
[35m[HTTP][39m [37m-->[39m [37mPOST[39m [37m/wd/hub/session/35b5a795-817f-42a2-a9e3-f9736e24d15b/timeouts[39m
[35m[HTTP][39m [90m{"implicit":50}[39m
[35m[HTTP][39m [37m<-- POST /wd/hub/session/35b5a795-817f-42a2-a9e3-f9736e24d15b/timeouts [39m[32m200[39m [90m1 ms - 14[39m
[35m[HTTP][39m [90m[39m
[35m[HTTP][39m [37m-->[39m [37mGET[39m [37m/wd/hub/session/35b5a795-817f-42a2-a9e3-f9736e24d15b/window/rect[39m
[35m[HTTP][39m [90m{}[39m
[35m[HTTP][39m [37m<-- GET /wd/hub/session/35b5a795-817f-42a2-a9e3-f9736e24d15b/window/rect [39m[32m200[39m [90m20 ms - 49[39m
[35m[HTTP][39m [90m[39m
[35m[HTTP][39m [37m-->[39m [37mPOST[39m [37m/wd/hub/session/35b5a795-817f-42a2-a9e3-f9736e24d15b/elements[39m
[35m[HTTP][39m [90m{"using":"xpath","value":"//*[@class = 'android.widget.EditText' and (@text = 'Confirmar nuevo pin de acceso' or . = 'Confirmar nuevo pin de acceso') and @resource-id = 'com.naposystems.napoleonchat:id/textInputEditText_confirm_access_pin']"}[39m
[35m[HTTP][39m [37m<-- POST /wd/hub/session/35b5a795-817f-42a2-a9e3-f9736e24d15b/elements [39m[32m200[39m [90m766 ms - 139[39m
[35m[HTTP][39m [90m[39m
[35m[HTTP][39m [37m-->[39m [37mGET[39m [37m/wd/hub/session/35b5a795-817f-42a2-a9e3-f9736e24d15b/element/00000000-0000-0238-ffff-ffff000000e7/location[39m
[35m[HTTP][39m [90m{}[39m
[35m[W3C (35b5a795)][39m Driver proxy active, passing request on via HTTP proxy
[35m[WD Proxy][39m Replacing sessionId fd86027f-d3e7-45ca-9022-b08f2ec2e53d with 35b5a795-817f-42a2-a9e3-f9736e24d15b
[35m[HTTP][39m [37m<-- GET /wd/hub/session/35b5a795-817f-42a2-a9e3-f9736e24d15b/element/00000000-0000-0238-ffff-ffff000000e7/location [39m[32m200[39m [90m31 ms - 78[39m
[35m[HTTP][39m [90m[39m
[35m[HTTP][39m [37m-->[39m [37mPOST[39m [37m/wd/hub/session/35b5a795-817f-42a2-a9e3-f9736e24d15b/timeouts[39m
[35m[HTTP][39m [90m{"implicit":30000}[39m
[35m[HTTP][39m [37m<-- POST /wd/hub/session/35b5a795-817f-42a2-a9e3-f9736e24d15b/timeouts [39m[32m200[39m [90m1 ms - 14[39m
[35m[HTTP][39m [90m[39m
[35m[HTTP][39m [37m-->[39m [37mPOST[39m [37m/wd/hub/session/35b5a795-817f-42a2-a9e3-f9736e24d15b/element/00000000-0000-0238-ffff-ffff000000e7/clear[39m
[35m[HTTP][39m [90m{"id":"00000000-0000-0238-ffff-ffff000000e7"}[39m
[35m[HTTP][39m [37m<-- POST /wd/hub/session/35b5a795-817f-42a2-a9e3-f9736e24d15b/element/00000000-0000-0238-ffff-ffff000000e7/clear [39m[32m200[39m [90m55 ms - 14[39m
[35m[HTTP][39m [90m[39m
[35m[HTTP][39m [37m-->[39m [37mPOST[39m [37m/wd/hub/session/35b5a795-817f-42a2-a9e3-f9736e24d15b/element/00000000-0000-0238-ffff-ffff000000e7/value[39m
[35m[HTTP][39m [90m{"id":"00000000-0000-0238-ffff-ffff000000e7","text":"0000","value":["0","0","0","0"]}[39m
[35m[HTTP][39m [37m<-- POST /wd/hub/session/35b5a795-817f-42a2-a9e3-f9736e24d15b/element/00000000-0000-0238-ffff-ffff000000e7/value [39m[32m200[39m [90m1688 ms - 14[39m
[35m[HTTP][39m [90m[39m
[35m[HTTP][39m [37m-->[39m [37mPOST[39m [37m/wd/hub/session/35b5a795-817f-42a2-a9e3-f9736e24d15b/timeouts[39m
[35m[HTTP][39m [90m{"implicit":50}[39m
[35m[HTTP][39m [37m<-- POST /wd/hub/session/35b5a795-817f-42a2-a9e3-f9736e24d15b/timeouts [39m[32m200[39m [90m1 ms - 14[39m
[35m[HTTP][39m [90m[39m
[35m[HTTP][39m [37m-->[39m [37mGET[39m [37m/wd/hub/session/35b5a795-817f-42a2-a9e3-f9736e24d15b/window/rect[39m
[35m[HTTP][39m [90m{}[39m
[35m[HTTP][39m [37m<-- GET /wd/hub/session/35b5a795-817f-42a2-a9e3-f9736e24d15b/window/rect [39m[32m200[39m [90m19 ms - 49[39m
[35m[HTTP][39m [90m[39m
[35m[HTTP][39m [37m-->[39m [37mPOST[39m [37m/wd/hub/session/35b5a795-817f-42a2-a9e3-f9736e24d15b/elements[39m
[35m[HTTP][39m [90m{"using":"xpath","value":"//*[@class = 'android.widget.Button' and (@text = 'Crear Cuenta' or . = 'Crear Cuenta') and @resource-id = 'com.naposystems.napoleonchat:id/button_register']"}[39m
[35m[HTTP][39m [37m<-- POST /wd/hub/session/35b5a795-817f-42a2-a9e3-f9736e24d15b/elements [39m[32m200[39m [90m737 ms - 139[39m
[35m[HTTP][39m [90m[39m
[35m[HTTP][39m [37m-->[39m [37mGET[39m [37m/wd/hub/session/35b5a795-817f-42a2-a9e3-f9736e24d15b/element/00000000-0000-0238-ffff-ffff000000f5/location[39m
[35m[HTTP][39m [90m{}[39m
[35m[W3C (35b5a795)][39m Driver proxy active, passing request on via HTTP proxy
[35m[WD Proxy][39m Replacing sessionId fd86027f-d3e7-45ca-9022-b08f2ec2e53d with 35b5a795-817f-42a2-a9e3-f9736e24d15b
[35m[HTTP][39m [37m<-- GET /wd/hub/session/35b5a795-817f-42a2-a9e3-f9736e24d15b/element/00000000-0000-0238-ffff-ffff000000f5/location [39m[32m200[39m [90m27 ms - 79[39m
[35m[HTTP][39m [90m[39m
[35m[HTTP][39m [37m-->[39m [37mPOST[39m [37m/wd/hub/session/35b5a795-817f-42a2-a9e3-f9736e24d15b/timeouts[39m
[35m[HTTP][39m [90m{"implicit":30000}[39m
[35m[HTTP][39m [37m<-- POST /wd/hub/session/35b5a795-817f-42a2-a9e3-f9736e24d15b/timeouts [39m[32m200[39m [90m2 ms - 14[39m
[35m[HTTP][39m [90m[39m
[35m[HTTP][39m [37m-->[39m [37mPOST[39m [37m/wd/hub/session/35b5a795-817f-42a2-a9e3-f9736e24d15b/element/00000000-0000-0238-ffff-ffff000000f5/click[39m
[35m[HTTP][39m [90m{"id":"00000000-0000-0238-ffff-ffff000000f5"}[39m
[35m[HTTP][39m [37m<-- POST /wd/hub/session/35b5a795-817f-42a2-a9e3-f9736e24d15b/element/00000000-0000-0238-ffff-ffff000000f5/click [39m[32m200[39m [90m101 ms - 14[39m
[35m[HTTP][39m [90m[39m
[35m[HTTP][39m [37m-->[39m [37mPOST[39m [37m/wd/hub/session/35b5a795-817f-42a2-a9e3-f9736e24d15b/timeouts[39m
[35m[HTTP][39m [90m{"implicit":50}[39m
[35m[HTTP][39m [37m<-- POST /wd/hub/session/35b5a795-817f-42a2-a9e3-f9736e24d15b/timeouts [39m[32m200[39m [90m1 ms - 14[39m
[35m[HTTP][39m [90m[39m
[35m[HTTP][39m [37m-->[39m [37mGET[39m [37m/wd/hub/session/35b5a795-817f-42a2-a9e3-f9736e24d15b/window/rect[39m
[35m[HTTP][39m [90m{}[39m
[35m[HTTP][39m [37m<-- GET /wd/hub/session/35b5a795-817f-42a2-a9e3-f9736e24d15b/window/rect [39m[32m200[39m [90m20 ms - 49[39m
[35m[HTTP][39m [90m[39m
[35m[HTTP][39m [37m-->[39m [37mPOST[39m [37m/wd/hub/session/35b5a795-817f-42a2-a9e3-f9736e24d15b/elements[39m
[35m[HTTP][39m [90m{"using":"xpath","value":"//*[@class = 'android.widget.FrameLayout' and @resource-id = 'com.naposystems.napoleonchat:id/action_bar_root' and (@text = '' or . = '')]"}[39m
[35m[HTTP][39m [37m<-- POST /wd/hub/session/35b5a795-817f-42a2-a9e3-f9736e24d15b/elements [39m[32m200[39m [90m214 ms - 139[39m
[35m[HTTP][39m [90m[39m
[35m[HTTP][39m [37m-->[39m [37mGET[39m [37m/wd/hub/session/35b5a795-817f-42a2-a9e3-f9736e24d15b/element/00000000-0000-0238-ffff-ffff00000003/location[39m
[35m[HTTP][39m [90m{}[39m
[35m[W3C (35b5a795)][39m Driver proxy active, passing request on via HTTP proxy
[35m[WD Proxy][39m Replacing sessionId fd86027f-d3e7-45ca-9022-b08f2ec2e53d with 35b5a795-817f-42a2-a9e3-f9736e24d15b
[35m[HTTP][39m [37m<-- GET /wd/hub/session/35b5a795-817f-42a2-a9e3-f9736e24d15b/element/00000000-0000-0238-ffff-ffff00000003/location [39m[32m200[39m [90m27 ms - 75[39m
[35m[HTTP][39m [90m[39m
[35m[HTTP][39m [37m-->[39m [37mPOST[39m [37m/wd/hub/session/35b5a795-817f-42a2-a9e3-f9736e24d15b/timeouts[39m
[35m[HTTP][39m [90m{"implicit":30000}[39m
[35m[HTTP][39m [37m<-- POST /wd/hub/session/35b5a795-817f-42a2-a9e3-f9736e24d15b/timeouts [39m[32m200[39m [90m1 ms - 14[39m
[35m[HTTP][39m [90m[39m
[35m[HTTP][39m [37m-->[39m [37mPOST[39m [37m/wd/hub/session/35b5a795-817f-42a2-a9e3-f9736e24d15b/timeouts[39m
[35m[HTTP][39m [90m{"implicit":50}[39m
[35m[HTTP][39m [37m<-- POST /wd/hub/session/35b5a795-817f-42a2-a9e3-f9736e24d15b/timeouts [39m[32m200[39m [90m1 ms - 14[39m
[35m[HTTP][39m [90m[39m
[35m[HTTP][39m [37m-->[39m [37mGET[39m [37m/wd/hub/session/35b5a795-817f-42a2-a9e3-f9736e24d15b/window/rect[39m
[35m[HTTP][39m [90m{}[39m
[35m[HTTP][39m [37m<-- GET /wd/hub/session/35b5a795-817f-42a2-a9e3-f9736e24d15b/window/rect [39m[32m200[39m [90m16 ms - 49[39m
[35m[HTTP][39m [90m[39m
[35m[HTTP][39m [37m-->[39m [37mPOST[39m [37m/wd/hub/session/35b5a795-817f-42a2-a9e3-f9736e24d15b/elements[39m
[35m[HTTP][39m [90m{"using":"xpath","value":"//hierarchy/android.widget.FrameLayout[1]/android.widget.LinearLayout[1]/android.widget.FrameLayout[1]/android.widget.FrameLayout[1]/android.widget.FrameLayout[1]/android.view.ViewGroup[1]/android.widget.FrameLayout[1]/android.view.ViewGroup[1]/androidx.appcompat.widget.LinearLayoutCompat[1]/android.widget.FrameLayout[1]/android.widget.ImageView[1]"}[39m
[35m[HTTP][39m [37m<-- POST /wd/hub/session/35b5a795-817f-42a2-a9e3-f9736e24d15b/elements [39m[32m200[39m [90m164 ms - 139[39m
[35m[HTTP][39m [90m[39m
[35m[HTTP][39m [37m-->[39m [37mGET[39m [37m/wd/hub/session/35b5a795-817f-42a2-a9e3-f9736e24d15b/element/00000000-0000-0238-ffff-ffff0000011f/location[39m
[35m[HTTP][39m [90m{}[39m
[35m[W3C (35b5a795)][39m Driver proxy active, passing request on via HTTP proxy
[35m[WD Proxy][39m Replacing sessionId fd86027f-d3e7-45ca-9022-b08f2ec2e53d with 35b5a795-817f-42a2-a9e3-f9736e24d15b
[35m[HTTP][39m [37m<-- GET /wd/hub/session/35b5a795-817f-42a2-a9e3-f9736e24d15b/element/00000000-0000-0238-ffff-ffff0000011f/location [39m[32m200[39m [90m29 ms - 77[39m
[35m[HTTP][39m [90m[39m
[35m[HTTP][39m [37m-->[39m [37mPOST[39m [37m/wd/hub/session/35b5a795-817f-42a2-a9e3-f9736e24d15b/timeouts[39m
[35m[HTTP][39m [90m{"implicit":30000}[39m
[35m[HTTP][39m [37m<-- POST /wd/hub/session/35b5a795-817f-42a2-a9e3-f9736e24d15b/timeouts [39m[32m200[39m [90m2 ms - 14[39m
[35m[HTTP][39m [90m[39m
[35m[HTTP][39m [37m-->[39m [37mPOST[39m [37m/wd/hub/session/35b5a795-817f-42a2-a9e3-f9736e24d15b/element/00000000-0000-0238-ffff-ffff0000011f/click[39m
[35m[HTTP][39m [90m{"id":"00000000-0000-0238-ffff-ffff0000011f"}[39m
[35m[HTTP][39m [37m<-- POST /wd/hub/session/35b5a795-817f-42a2-a9e3-f9736e24d15b/element/00000000-0000-0238-ffff-ffff0000011f/click [39m[32m200[39m [90m95 ms - 14[39m
[35m[HTTP][39m [90m[39m
[35m[HTTP][39m [37m-->[39m [37mPOST[39m [37m/wd/hub/session/35b5a795-817f-42a2-a9e3-f9736e24d15b/timeouts[39m
[35m[HTTP][39m [90m{"implicit":50}[39m
[35m[HTTP][39m [37m<-- POST /wd/hub/session/35b5a795-817f-42a2-a9e3-f9736e24d15b/timeouts [39m[32m200[39m [90m1 ms - 14[39m
[35m[HTTP][39m [90m[39m
[35m[HTTP][39m [37m-->[39m [37mGET[39m [37m/wd/hub/session/35b5a795-817f-42a2-a9e3-f9736e24d15b/window/rect[39m
[35m[HTTP][39m [90m{}[39m
[35m[HTTP][39m [37m<-- GET /wd/hub/session/35b5a795-817f-42a2-a9e3-f9736e24d15b/window/rect [39m[32m200[39m [90m16 ms - 49[39m
[35m[HTTP][39m [90m[39m
[35m[HTTP][39m [37m-->[39m [37mPOST[39m [37m/wd/hub/session/35b5a795-817f-42a2-a9e3-f9736e24d15b/elements[39m
[35m[HTTP][39m [90m{"using":"xpath","value":"//*[@class = 'android.widget.Button' and @resource-id = 'com.naposystems.napoleonchat:id/search' and (@text = '' or . = '')]"}[39m
[35m[HTTP][39m [37m<-- POST /wd/hub/session/35b5a795-817f-42a2-a9e3-f9736e24d15b/elements [39m[32m200[39m [90m917 ms - 139[39m
[35m[HTTP][39m [90m[39m
[35m[HTTP][39m [37m-->[39m [37mGET[39m [37m/wd/hub/session/35b5a795-817f-42a2-a9e3-f9736e24d15b/element/00000000-0000-0238-ffff-ffff0000013f/location[39m
[35m[HTTP][39m [90m{}[39m
[35m[W3C (35b5a795)][39m Driver proxy active, passing request on via HTTP proxy
[35m[WD Proxy][39m Replacing sessionId fd86027f-d3e7-45ca-9022-b08f2ec2e53d with 35b5a795-817f-42a2-a9e3-f9736e24d15b
[35m[HTTP][39m [37m<-- GET /wd/hub/session/35b5a795-817f-42a2-a9e3-f9736e24d15b/element/00000000-0000-0238-ffff-ffff0000013f/location [39m[32m200[39m [90m28 ms - 77[39m
[35m[HTTP][39m [90m[39m
[35m[HTTP][39m [37m-->[39m [37mPOST[39m [37m/wd/hub/session/35b5a795-817f-42a2-a9e3-f9736e24d15b/timeouts[39m
[35m[HTTP][39m [90m{"implicit":30000}[39m
[35m[HTTP][39m [37m<-- POST /wd/hub/session/35b5a795-817f-42a2-a9e3-f9736e24d15b/timeouts [39m[32m200[39m [90m2 ms - 14[39m
[35m[HTTP][39m [90m[39m
[35m[HTTP][39m [37m-->[39m [37mPOST[39m [37m/wd/hub/session/35b5a795-817f-42a2-a9e3-f9736e24d15b/element/00000000-0000-0238-ffff-ffff0000013f/click[39m
[35m[HTTP][39m [90m{"id":"00000000-0000-0238-ffff-ffff0000013f"}[39m
[35m[HTTP][39m [37m<-- POST /wd/hub/session/35b5a795-817f-42a2-a9e3-f9736e24d15b/element/00000000-0000-0238-ffff-ffff0000013f/click [39m[32m200[39m [90m74 ms - 14[39m
[35m[HTTP][39m [90m[39m
[35m[HTTP][39m [37m-->[39m [37mPOST[39m [37m/wd/hub/session/35b5a795-817f-42a2-a9e3-f9736e24d15b/timeouts[39m
[35m[HTTP][39m [90m{"implicit":50}[39m
[35m[HTTP][39m [37m<-- POST /wd/hub/session/35b5a795-817f-42a2-a9e3-f9736e24d15b/timeouts [39m[32m200[39m [90m1 ms - 14[39m
[35m[HTTP][39m [90m[39m
[35m[HTTP][39m [37m-->[39m [37mGET[39m [37m/wd/hub/session/35b5a795-817f-42a2-a9e3-f9736e24d15b/window/rect[39m
[35m[HTTP][39m [90m{}[39m
[35m[HTTP][39m [37m<-- GET /wd/hub/session/35b5a795-817f-42a2-a9e3-f9736e24d15b/window/rect [39m[32m200[39m [90m16 ms - 49[39m
[35m[HTTP][39m [90m[39m
[35m[HTTP][39m [37m-->[39m [37mPOST[39m [37m/wd/hub/session/35b5a795-817f-42a2-a9e3-f9736e24d15b/elements[39m
[35m[HTTP][39m [90m{"using":"xpath","value":"//*[@class = 'android.widget.EditText' and (@text = 'Busca por apodo' or . = 'Busca por apodo')]"}[39m
[35m[HTTP][39m [37m<-- POST /wd/hub/session/35b5a795-817f-42a2-a9e3-f9736e24d15b/elements [39m[32m200[39m [90m1920 ms - 139[39m
[35m[HTTP][39m [90m[39m
[35m[HTTP][39m [37m-->[39m [37mGET[39m [37m/wd/hub/session/35b5a795-817f-42a2-a9e3-f9736e24d15b/element/00000000-0000-0238-ffff-ffff0000013d/location[39m
[35m[HTTP][39m [90m{}[39m
[35m[W3C (35b5a795)][39m Driver proxy active, passing request on via HTTP proxy
[35m[WD Proxy][39m Replacing sessionId fd86027f-d3e7-45ca-9022-b08f2ec2e53d with 35b5a795-817f-42a2-a9e3-f9736e24d15b
[35m[HTTP][39m [37m<-- GET /wd/hub/session/35b5a795-817f-42a2-a9e3-f9736e24d15b/element/00000000-0000-0238-ffff-ffff0000013d/location [39m[32m200[39m [90m28 ms - 76[39m
[35m[HTTP][39m [90m[39m
[35m[HTTP][39m [37m-->[39m [37mPOST[39m [37m/wd/hub/session/35b5a795-817f-42a2-a9e3-f9736e24d15b/timeouts[39m
[35m[HTTP][39m [90m{"implicit":30000}[39m
[35m[HTTP][39m [37m<-- POST /wd/hub/session/35b5a795-817f-42a2-a9e3-f9736e24d15b/timeouts [39m[32m200[39m [90m1 ms - 14[39m
[35m[HTTP][39m [90m[39m
[35m[HTTP][39m [37m-->[39m [37mPOST[39m [37m/wd/hub/session/35b5a795-817f-42a2-a9e3-f9736e24d15b/element/00000000-0000-0238-ffff-ffff0000013d/clear[39m
[35m[HTTP][39m [90m{"id":"00000000-0000-0238-ffff-ffff0000013d"}[39m
[35m[HTTP][39m [37m<-- POST /wd/hub/session/35b5a795-817f-42a2-a9e3-f9736e24d15b/element/00000000-0000-0238-ffff-ffff0000013d/clear [39m[32m200[39m [90m64 ms - 14[39m
[35m[HTTP][39m [90m[39m
[35m[HTTP][39m [37m-->[39m [37mPOST[39m [37m/wd/hub/session/35b5a795-817f-42a2-a9e3-f9736e24d15b/element/00000000-0000-0238-ffff-ffff0000013d/value[39m
[35m[HTTP][39m [90m{"id":"00000000-0000-0238-ffff-ffff0000013d","text":"prueba3217","value":["p","r","u","e","b","a","3","2","1","7"]}[39m
[35m[HTTP][39m [37m<-- POST /wd/hub/session/35b5a795-817f-42a2-a9e3-f9736e24d15b/element/00000000-0000-0238-ffff-ffff0000013d/value [39m[32m200[39m [90m1388 ms - 14[39m
[35m[HTTP][39m [90m[39m
[35m[HTTP][39m [37m-->[39m [37mPOST[39m [37m/wd/hub/session/35b5a795-817f-42a2-a9e3-f9736e24d15b/timeouts[39m
[35m[HTTP][39m [90m{"implicit":50}[39m
[35m[HTTP][39m [37m<-- POST /wd/hub/session/35b5a795-817f-42a2-a9e3-f9736e24d15b/timeouts [39m[32m200[39m [90m1 ms - 14[39m
[35m[HTTP][39m [90m[39m
[35m[HTTP][39m [37m-->[39m [37mGET[39m [37m/wd/hub/session/35b5a795-817f-42a2-a9e3-f9736e24d15b/window/rect[39m
[35m[HTTP][39m [90m{}[39m
[35m[HTTP][39m [37m<-- GET /wd/hub/session/35b5a795-817f-42a2-a9e3-f9736e24d15b/window/rect [39m[32m200[39m [90m20 ms - 49[39m
[35m[HTTP][39m [90m[39m
[35m[HTTP][39m [37m-->[39m [37mPOST[39m [37m/wd/hub/session/35b5a795-817f-42a2-a9e3-f9736e24d15b/elements[39m
[35m[HTTP][39m [90m{"using":"xpath","value":"//*[@class = 'android.widget.Button' and (@text = 'AGREGAR' or . = 'AGREGAR') and @resource-id = 'com.naposystems.napoleonchat:id/button_add']"}[39m
[35m[HTTP][39m [37m<-- POST /wd/hub/session/35b5a795-817f-42a2-a9e3-f9736e24d15b/elements [39m[32m200[39m [90m1361 ms - 139[39m
[35m[HTTP][39m [90m[39m
[35m[HTTP][39m [37m-->[39m [37mGET[39m [37m/wd/hub/session/35b5a795-817f-42a2-a9e3-f9736e24d15b/element/00000000-0000-0238-ffff-ffff00000148/location[39m
[35m[HTTP][39m [90m{}[39m
[35m[W3C (35b5a795)][39m Driver proxy active, passing request on via HTTP proxy
[35m[WD Proxy][39m Replacing sessionId fd86027f-d3e7-45ca-9022-b08f2ec2e53d with 35b5a795-817f-42a2-a9e3-f9736e24d15b
[35m[HTTP][39m [37m<-- GET /wd/hub/session/35b5a795-817f-42a2-a9e3-f9736e24d15b/element/00000000-0000-0238-ffff-ffff00000148/location [39m[32m200[39m [90m25 ms - 78[39m
[35m[HTTP][39m [90m[39m
[35m[HTTP][39m [37m-->[39m [37mPOST[39m [37m/wd/hub/session/35b5a795-817f-42a2-a9e3-f9736e24d15b/timeouts[39m
[35m[HTTP][39m [90m{"implicit":30000}[39m
[35m[HTTP][39m [37m<-- POST /wd/hub/session/35b5a795-817f-42a2-a9e3-f9736e24d15b/timeouts [39m[32m200[39m [90m2 ms - 14[39m
[35m[HTTP][39m [90m[39m
[35m[HTTP][39m [37m-->[39m [37mPOST[39m [37m/wd/hub/session/35b5a795-817f-42a2-a9e3-f9736e24d15b/element/00000000-0000-0238-ffff-ffff00000148/click[39m
[35m[HTTP][39m [90m{"id":"00000000-0000-0238-ffff-ffff00000148"}[39m
[35m[HTTP][39m [37m<-- POST /wd/hub/session/35b5a795-817f-42a2-a9e3-f9736e24d15b/element/00000000-0000-0238-ffff-ffff00000148/click [39m[32m200[39m [90m78 ms - 14[39m
[35m[HTTP][39m [90m[39m
[35m[HTTP][39m [37m-->[39m [37mPOST[39m [37m/wd/hub/session/35b5a795-817f-42a2-a9e3-f9736e24d15b/timeouts[39m
[35m[HTTP][39m [90m{"implicit":50}[39m
[35m[HTTP][39m [37m<-- POST /wd/hub/session/35b5a795-817f-42a2-a9e3-f9736e24d15b/timeouts [39m[32m200[39m [90m2 ms - 14[39m
[35m[HTTP][39m [90m[39m
[35m[HTTP][39m [37m-->[39m [37mGET[39m [37m/wd/hub/session/35b5a795-817f-42a2-a9e3-f9736e24d15b/window/rect[39m
[35m[HTTP][39m [90m{}[39m
[35m[HTTP][39m [37m<-- GET /wd/hub/session/35b5a795-817f-42a2-a9e3-f9736e24d15b/window/rect [39m[32m200[39m [90m17 ms - 49[39m
[35m[HTTP][39m [90m[39m
[35m[HTTP][39m [37m-->[39m [37mPOST[39m [37m/wd/hub/session/35b5a795-817f-42a2-a9e3-f9736e24d15b/elements[39m
[35m[HTTP][39m [90m{"using":"xpath","value":"//*[@class = 'android.widget.TextView' and @resource-id = 'com.naposystems.napoleonchat:id/search' and (@text = '' or . = '')]"}[39m
[35m[HTTP][39m [37m<-- POST /wd/hub/session/35b5a795-817f-42a2-a9e3-f9736e24d15b/elements [39m[32m200[39m [90m127 ms - 12[39m
[35m[HTTP][39m [90m[39m
[35m[HTTP][39m [37m-->[39m [37mPOST[39m [37m/wd/hub/session/35b5a795-817f-42a2-a9e3-f9736e24d15b/elements[39m
[35m[HTTP][39m [90m{"using":"xpath","value":"//*[@class = 'android.widget.TextView' and @resource-id = 'com.naposystems.napoleonchat:id/search' and (@text = '' or . = '')]"}[39m
[35m[HTTP][39m [37m<-- POST /wd/hub/session/35b5a795-817f-42a2-a9e3-f9736e24d15b/elements [39m[32m200[39m [90m109 ms - 12[39m
[35m[HTTP][39m [90m[39m
[35m[HTTP][39m [37m-->[39m [37mPOST[39m [37m/wd/hub/session/35b5a795-817f-42a2-a9e3-f9736e24d15b/elements[39m
[35m[HTTP][39m [90m{"using":"xpath","value":"//*[@class = 'android.widget.TextView' and @resource-id = 'com.naposystems.napoleonchat:id/search' and (@text = '' or . = '')]"}[39m
[35m[HTTP][39m [37m<-- POST /wd/hub/session/35b5a795-817f-42a2-a9e3-f9736e24d15b/elements [39m[32m200[39m [90m121 ms - 12[39m
[35m[HTTP][39m [90m[39m
[35m[HTTP][39m [37m-->[39m [37mPOST[39m [37m/wd/hub/session/35b5a795-817f-42a2-a9e3-f9736e24d15b/elements[39m
[35m[HTTP][39m [90m{"using":"xpath","value":"//*[@class = 'android.widget.TextView' and @resource-id = 'com.naposystems.napoleonchat:id/search' and (@text = '' or . = '')]"}[39m
[35m[HTTP][39m [37m<-- POST /wd/hub/session/35b5a795-817f-42a2-a9e3-f9736e24d15b/elements [39m[32m200[39m [90m111 ms - 12[39m
[35m[HTTP][39m [90m[39m
[35m[HTTP][39m [37m-->[39m [37mPOST[39m [37m/wd/hub/session/35b5a795-817f-42a2-a9e3-f9736e24d15b/elements[39m
[35m[HTTP][39m [90m{"using":"xpath","value":"//*[@class = 'android.widget.TextView' and @resource-id = 'com.naposystems.napoleonchat:id/search' and (@text = '' or . = '')]"}[39m
[35m[HTTP][39m [37m<-- POST /wd/hub/session/35b5a795-817f-42a2-a9e3-f9736e24d15b/elements [39m[32m200[39m [90m113 ms - 12[39m
[35m[HTTP][39m [90m[39m
[35m[HTTP][39m [37m-->[39m [37mPOST[39m [37m/wd/hub/session/35b5a795-817f-42a2-a9e3-f9736e24d15b/elements[39m
[35m[HTTP][39m [90m{"using":"xpath","value":"//*[@class = 'android.widget.TextView' and @resource-id = 'com.naposystems.napoleonchat:id/search' and (@text = '' or . = '')]"}[39m
[35m[HTTP][39m [37m<-- POST /wd/hub/session/35b5a795-817f-42a2-a9e3-f9736e24d15b/elements [39m[32m200[39m [90m111 ms - 12[39m
[35m[HTTP][39m [90m[39m
[35m[HTTP][39m [37m-->[39m [37mPOST[39m [37m/wd/hub/session/35b5a795-817f-42a2-a9e3-f9736e24d15b/elements[39m
[35m[HTTP][39m [90m{"using":"xpath","value":"//*[@class = 'android.widget.TextView' and @resource-id = 'com.naposystems.napoleonchat:id/search' and (@text = '' or . = '')]"}[39m
[35m[HTTP][39m [37m<-- POST /wd/hub/session/35b5a795-817f-42a2-a9e3-f9736e24d15b/elements [39m[32m200[39m [90m107 ms - 12[39m
[35m[HTTP][39m [90m[39m
[35m[HTTP][39m [37m-->[39m [37mPOST[39m [37m/wd/hub/session/35b5a795-817f-42a2-a9e3-f9736e24d15b/elements[39m
[35m[HTTP][39m [90m{"using":"xpath","value":"//*[@class = 'android.widget.TextView' and @resource-id = 'com.naposystems.napoleonchat:id/search' and (@text = '' or . = '')]"}[39m
[35m[HTTP][39m [37m<-- POST /wd/hub/session/35b5a795-817f-42a2-a9e3-f9736e24d15b/elements [39m[32m200[39m [90m106 ms - 12[39m
[35m[HTTP][39m [90m[39m
[35m[HTTP][39m [37m-->[39m [37mPOST[39m [37m/wd/hub/session/35b5a795-817f-42a2-a9e3-f9736e24d15b/timeouts[39m
[35m[HTTP][39m [90m{"implicit":30000}[39m
[35m[HTTP][39m [37m<-- POST /wd/hub/session/35b5a795-817f-42a2-a9e3-f9736e24d15b/timeouts [39m[32m200[39m [90m1 ms - 14[39m
[35m[HTTP][39m [90m[39m
[35m[HTTP][39m [37m-->[39m [37mGET[39m [37m/wd/hub/session/35b5a795-817f-42a2-a9e3-f9736e24d15b/context[39m
[35m[HTTP][39m [90m{}[39m
[35m[HTTP][39m [37m<-- GET /wd/hub/session/35b5a795-817f-42a2-a9e3-f9736e24d15b/context [39m[32m200[39m [90m1 ms - 22[39m
[35m[HTTP][39m [90m[39m
[35m[HTTP][39m [37m-->[39m [37mGET[39m [37m/wd/hub/session/35b5a795-817f-42a2-a9e3-f9736e24d15b/contexts[39m
[35m[HTTP][39m [90m{}[39m
[35m[HTTP][39m [37m<-- GET /wd/hub/session/35b5a795-817f-42a2-a9e3-f9736e24d15b/contexts [39m[32m200[39m [90m276 ms - 70[39m
[35m[HTTP][39m [90m[39m
[35m[HTTP][39m [37m-->[39m [37mPOST[39m [37m/wd/hub/session/35b5a795-817f-42a2-a9e3-f9736e24d15b/context[39m
[35m[HTTP][39m [90m{"name":"NATIVE_APP"}[39m
[35m[HTTP][39m [37m<-- POST /wd/hub/session/35b5a795-817f-42a2-a9e3-f9736e24d15b/context [39m[32m200[39m [90m1 ms - 14[39m
[35m[HTTP][39m [90m[39m
[35m[HTTP][39m [37m-->[39m [37mGET[39m [37m/wd/hub/session/35b5a795-817f-42a2-a9e3-f9736e24d15b/screenshot[39m
[35m[HTTP][39m [90m{}[39m
[35m[HTTP][39m [37m<-- GET /wd/hub/session/35b5a795-817f-42a2-a9e3-f9736e24d15b/screenshot [39m[32m200[39m [90m1004 ms - 142354[39m
[35m[HTTP][39m [90m[39m
[35m[HTTP][39m [37m-->[39m [37mPOST[39m [37m/wd/hub/session/35b5a795-817f-42a2-a9e3-f9736e24d15b/context[39m
[35m[HTTP][39m [90m{"name":"NATIVE_APP"}[39m
[35m[HTTP][39m [37m<-- POST /wd/hub/session/35b5a795-817f-42a2-a9e3-f9736e24d15b/context [39m[32m200[39m [90m1 ms - 14[39m
[35m[HTTP][39m [90m[39m
[35m[HTTP][39m [37m-->[39m [37mDELETE[39m [37m/wd/hub/session/35b5a795-817f-42a2-a9e3-f9736e24d15b[39m
[35m[HTTP][39m [90m{}[39m
[35m[Appium][39m Removing session 35b5a795-817f-42a2-a9e3-f9736e24d15b from our master session list
[35m[ADB][39m com.naposystems.napoleonchat was successfully uninstalled
[35m[UiAutomator2][39m Restoring hidden api policy to the device default configuration
[35m[HTTP][39m [37m<-- DELETE /wd/hub/session/35b5a795-817f-42a2-a9e3-f9736e24d15b [39m[32m200[39m [90m2348 ms - 14[39m
[35m[HTTP][39m [90m[39m
