[35m[Appium][39m Welcome to Appium v1.22.3
[35m[Appium][39m Non-default server args:
[35m[Appium][39m   port: 49158
[35m[Appium][39m   loglevel: info
[35m[Appium][39m   tmpDir: C:\Users\Testing\AppData\Local\Temp\\Katalon\Appium\Temp1686758876717
[35m[Appium][39m   chromedriverPort: 49159
[35m[Appium][39m Deprecated server args:
[35m[Appium][39m   [31m--chromedriver-port[39m => --default-capabilities
[35m[Appium][39m Default capabilities, which will be added to each request unless overridden by desired capabilities:
[35m[Appium][39m   chromedriverPort: 49159
[35m[Appium][39m Appium REST http interface listener started on 0.0.0.0:49158
[35m[HTTP][39m [37m-->[39m [37mGET[39m [37m/wd/hub/status[39m
[35m[HTTP][39m [90m{}[39m
[35m[HTTP][39m [37m<-- GET /wd/hub/status [39m[32m200[39m [90m11 ms - 68[39m
[35m[HTTP][39m [90m[39m
[35m[HTTP][39m [37m-->[39m [37mPOST[39m [37m/wd/hub/session[39m
[35m[HTTP][39m [90m{"desiredCapabilities":{"app":"C:\\Users\\Testing\\Desktop\\katalon\\APK SERVIDOR NUEVO\\NapoleoN.apk","noReset":false,"deviceId":"","deviceName":"samsung SM-A107M (Android 11)","fullReset":true,"platform":"ANDROID","newCommandTimeout":1800,"platformVersion":"11","automationName":"uiautomator2","autoGrantPermissions":true,"platformName":"Android","udid":"R9WN40KBXDJ","systemPort":49157},"capabilities":{"firstMatch":[{"appium:app":"C:\\Users\\Testing\\Desktop\\katalon\\APK SERVIDOR NUEVO\\NapoleoN.apk","appium:autoGrantPermissions":true,"appium:automationName":"uiautomator2","deviceId":"","appium:deviceName":"samsung SM-A107M (Android 11)","appium:fullReset":true,"appium:newCommandTimeout":1800,"appium:noReset":false,"platform":"ANDROID","platformName":"android","appium:platformVersion":"11","appium:systemPort":49157,"appium:udid":"R9WN40KBXDJ"}]}}[39m
[35m[BaseDriver][39m The following capabilities are not standard capabilities and should have an extension prefix:
[35m[BaseDriver][39m   deviceId
[35m[BaseDriver][39m   platform
[35m[BaseDriver][39m   chromedriverPort
[35m[Appium][39m Appium v1.22.3 creating new AndroidUiautomator2Driver (v1.70.1) session
[35m[BaseDriver][39m The following capabilities were provided, but are not recognized by Appium:
[35m[BaseDriver][39m   deviceId
[35m[BaseDriver][39m   platform
[35m[BaseDriver][39m Session created with session id: f960bb69-f16a-4025-9a25-0c4632408651
[35m[BaseDriver][39m Using local app 'C:\Users\Testing\Desktop\katalon\APK SERVIDOR NUEVO\NapoleoN.apk'
[35m[ADB][39m Found 1 'build-tools' folders under 'C:\Users\Testing\.katalon\tools\android_sdk' (newest first):
[35m[ADB][39m     C:/Users/Testing/.katalon/tools/android_sdk/build-tools/29.0.3
[35m[ADB][39m Using 'adb.exe' from 'C:\Users\Testing\.katalon\tools\android_sdk\platform-tools\adb.exe'
[35m[AndroidDriver][39m Retrieving device list
[35m[AndroidDriver][39m Using device: R9WN40KBXDJ
[35m[ADB][39m Using 'adb.exe' from 'C:\Users\Testing\.katalon\tools\android_sdk\platform-tools\adb.exe'
[35m[ADB][39m Getting device platform version
[35m[UiAutomator2][39m Relaxing hidden api policy
[35m[ADB][39m Package name: 'com.naposystems.napoleonchat'
[35m[ADB][39m Main activity name: 'com.naposystems.napoleonchat.ui.mainActivity.MainActivity'
[35m[ADB][39m Using 'apksigner.jar' from 'C:\Users\Testing\.katalon\tools\android_sdk\build-tools\29.0.3\lib\apksigner.jar'
[35m[ADB][39m 'C:\Users\Testing\AppData\Roaming\npm\node_modules\appium\node_modules\appium-uiautomator2-server\apks\appium-uiautomator2-server-v4.27.0.apk' is signed with the default certificate
[35m[ADB][39m 'C:\Users\Testing\AppData\Roaming\npm\node_modules\appium\node_modules\appium-uiautomator2-server\apks\appium-uiautomator2-server-debug-androidTest.apk' is signed with the default certificate
[35m[UiAutomator2][39m Server packages are not going to be (re)installed
[35m[ADB][39m Adding packages ["io.appium.settings","io.appium.uiautomator2.server","io.appium.uiautomator2.server.test"] to Doze whitelist
[35m[ADB][39m 'C:\Users\Testing\Desktop\katalon\APK SERVIDOR NUEVO\NapoleoN.apk' is signed with a non-default certificate
[35m[ADB][39m com.naposystems.napoleonchat was not uninstalled, because it was not present on the device
[35m[ADB][39m The application at 'C:\Users\Testing\Desktop\katalon\APK SERVIDOR NUEVO\NapoleoN.apk' will not be cached, because the device under test has confirmed the support of streamed installs
[35m[ADB][39m The installation of 'NapoleoN.apk' took 9413ms
[35m[UiAutomator2][39m Starting UIAutomator2 server 4.27.0
[35m[UiAutomator2][39m Using UIAutomator2 server from 'C:\Users\Testing\AppData\Roaming\npm\node_modules\appium\node_modules\appium-uiautomator2-server\apks\appium-uiautomator2-server-v4.27.0.apk' and test from 'C:\Users\Testing\AppData\Roaming\npm\node_modules\appium\node_modules\appium-uiautomator2-server\apks\appium-uiautomator2-server-debug-androidTest.apk'
[35m[UiAutomator2][39m Waiting up to 30000ms for UiAutomator2 to be online...
[35m[WD Proxy][39m socket hang up
[35m[WD Proxy][39m socket hang up
[35m[WD Proxy][39m socket hang up
[35m[WD Proxy][39m socket hang up
[35m[WD Proxy][39m socket hang up
[35m[WD Proxy][39m socket hang up
[35m[WD Proxy][39m Determined the downstream protocol as 'W3C'
[35m[AndroidDriver][39m Screen already unlocked, doing nothing
[35m[UiAutomator2][39m Starting 'com.naposystems.napoleonchat/com.naposystems.napoleonchat.ui.mainActivity.MainActivity and waiting for 'com.naposystems.napoleonchat/com.naposystems.napoleonchat.ui.mainActivity.MainActivity'
[35m[Appium][39m New AndroidUiautomator2Driver session created successfully, session f960bb69-f16a-4025-9a25-0c4632408651 added to master session list
[35m[HTTP][39m [37m<-- POST /wd/hub/session [39m[32m200[39m [90m32520 ms - 1329[39m
[35m[HTTP][39m [90m[39m
[35m[HTTP][39m [37m-->[39m [37mGET[39m [37m/wd/hub/session/f960bb69-f16a-4025-9a25-0c4632408651[39m
[35m[HTTP][39m [90m{}[39m
[35m[HTTP][39m [37m<-- GET /wd/hub/session/f960bb69-f16a-4025-9a25-0c4632408651 [39m[32m200[39m [90m27 ms - 1283[39m
[35m[HTTP][39m [90m[39m
[35m[HTTP][39m [37m-->[39m [37mGET[39m [37m/wd/hub/session/f960bb69-f16a-4025-9a25-0c4632408651[39m
[35m[HTTP][39m [90m{}[39m
[35m[HTTP][39m [37m<-- GET /wd/hub/session/f960bb69-f16a-4025-9a25-0c4632408651 [39m[32m200[39m [90m34 ms - 1283[39m
[35m[HTTP][39m [90m[39m
[35m[HTTP][39m [37m-->[39m [37mGET[39m [37m/wd/hub/status[39m
[35m[HTTP][39m [90m{}[39m
[35m[HTTP][39m [37m<-- GET /wd/hub/status [39m[32m200[39m [90m1 ms - 68[39m
[35m[HTTP][39m [90m[39m
[35m[HTTP][39m [37m-->[39m [37mPOST[39m [37m/wd/hub/session/f960bb69-f16a-4025-9a25-0c4632408651/timeouts[39m
[35m[HTTP][39m [90m{"implicit":30000}[39m
[35m[HTTP][39m [37m<-- POST /wd/hub/session/f960bb69-f16a-4025-9a25-0c4632408651/timeouts [39m[32m200[39m [90m3 ms - 14[39m
[35m[HTTP][39m [90m[39m
[35m[HTTP][39m [37m-->[39m [37mGET[39m [37m/wd/hub/session/f960bb69-f16a-4025-9a25-0c4632408651/screenshot[39m
[35m[HTTP][39m [90m{}[39m
[35m[HTTP][39m [37m<-- GET /wd/hub/session/f960bb69-f16a-4025-9a25-0c4632408651/screenshot [39m[32m200[39m [90m854 ms - 109290[39m
[35m[HTTP][39m [90m[39m
[35m[HTTP][39m [37m-->[39m [37mGET[39m [37m/wd/hub/session/f960bb69-f16a-4025-9a25-0c4632408651/window/rect[39m
[35m[HTTP][39m [90m{}[39m
[35m[HTTP][39m [37m<-- GET /wd/hub/session/f960bb69-f16a-4025-9a25-0c4632408651/window/rect [39m[32m200[39m [90m35 ms - 49[39m
[35m[HTTP][39m [90m[39m
[35m[HTTP][39m [37m-->[39m [37mGET[39m [37m/wd/hub/session/f960bb69-f16a-4025-9a25-0c4632408651/appium/device/system_bars[39m
[35m[HTTP][39m [90m{}[39m
[35m[HTTP][39m [37m<-- GET /wd/hub/session/f960bb69-f16a-4025-9a25-0c4632408651/appium/device/system_bars [39m[32m200[39m [90m108 ms - 145[39m
[35m[HTTP][39m [90m[39m
[35m[HTTP][39m [37m-->[39m [37mPOST[39m [37m/wd/hub/session/f960bb69-f16a-4025-9a25-0c4632408651/timeouts[39m
[35m[HTTP][39m [90m{"implicit":50}[39m
[35m[HTTP][39m [37m<-- POST /wd/hub/session/f960bb69-f16a-4025-9a25-0c4632408651/timeouts [39m[32m200[39m [90m3 ms - 14[39m
[35m[HTTP][39m [90m[39m
[35m[HTTP][39m [37m-->[39m [37mGET[39m [37m/wd/hub/session/f960bb69-f16a-4025-9a25-0c4632408651/window/rect[39m
[35m[HTTP][39m [90m{}[39m
[35m[HTTP][39m [37m<-- GET /wd/hub/session/f960bb69-f16a-4025-9a25-0c4632408651/window/rect [39m[32m200[39m [90m20 ms - 49[39m
[35m[HTTP][39m [90m[39m
[35m[HTTP][39m [37m-->[39m [37mPOST[39m [37m/wd/hub/session/f960bb69-f16a-4025-9a25-0c4632408651/elements[39m
[35m[HTTP][39m [90m{"using":"xpath","value":"//*[@class = 'android.widget.FrameLayout' and @resource-id = 'com.naposystems.napoleonchat:id/action_bar_root' and (@text = '' or . = '')]"}[39m
[35m[HTTP][39m [37m<-- POST /wd/hub/session/f960bb69-f16a-4025-9a25-0c4632408651/elements [39m[32m200[39m [90m992 ms - 139[39m
[35m[HTTP][39m [90m[39m
[35m[HTTP][39m [37m-->[39m [37mGET[39m [37m/wd/hub/session/f960bb69-f16a-4025-9a25-0c4632408651/element/00000000-0000-012c-ffff-ffff00000003/location[39m
[35m[HTTP][39m [90m{}[39m
[35m[W3C (f960bb69)][39m Driver proxy active, passing request on via HTTP proxy
[35m[WD Proxy][39m Replacing sessionId bb83ec64-cf5c-4073-955a-08e8ac88d7f3 with f960bb69-f16a-4025-9a25-0c4632408651
[35m[HTTP][39m [37m<-- GET /wd/hub/session/f960bb69-f16a-4025-9a25-0c4632408651/element/00000000-0000-012c-ffff-ffff00000003/location [39m[32m200[39m [90m33 ms - 75[39m
[35m[HTTP][39m [90m[39m
[35m[HTTP][39m [37m-->[39m [37mPOST[39m [37m/wd/hub/session/f960bb69-f16a-4025-9a25-0c4632408651/timeouts[39m
[35m[HTTP][39m [90m{"implicit":30000}[39m
[35m[HTTP][39m [37m<-- POST /wd/hub/session/f960bb69-f16a-4025-9a25-0c4632408651/timeouts [39m[32m200[39m [90m5 ms - 14[39m
[35m[HTTP][39m [90m[39m
[35m[HTTP][39m [37m-->[39m [37mGET[39m [37m/wd/hub/session/f960bb69-f16a-4025-9a25-0c4632408651/element/00000000-0000-012c-ffff-ffff00000003/text[39m
[35m[HTTP][39m [90m{}[39m
[35m[W3C (f960bb69)][39m Driver proxy active, passing request on via HTTP proxy
[35m[WD Proxy][39m Replacing sessionId bb83ec64-cf5c-4073-955a-08e8ac88d7f3 with f960bb69-f16a-4025-9a25-0c4632408651
[35m[HTTP][39m [37m<-- GET /wd/hub/session/f960bb69-f16a-4025-9a25-0c4632408651/element/00000000-0000-012c-ffff-ffff00000003/text [39m[32m200[39m [90m38 ms - 63[39m
[35m[HTTP][39m [90m[39m
[35m[HTTP][39m [37m-->[39m [37mPOST[39m [37m/wd/hub/session/f960bb69-f16a-4025-9a25-0c4632408651/timeouts[39m
[35m[HTTP][39m [90m{"implicit":50}[39m
[35m[HTTP][39m [37m<-- POST /wd/hub/session/f960bb69-f16a-4025-9a25-0c4632408651/timeouts [39m[32m200[39m [90m2 ms - 14[39m
[35m[HTTP][39m [90m[39m
[35m[HTTP][39m [37m-->[39m [37mGET[39m [37m/wd/hub/session/f960bb69-f16a-4025-9a25-0c4632408651/window/rect[39m
[35m[HTTP][39m [90m{}[39m
[35m[HTTP][39m [37m<-- GET /wd/hub/session/f960bb69-f16a-4025-9a25-0c4632408651/window/rect [39m[32m200[39m [90m17 ms - 49[39m
[35m[HTTP][39m [90m[39m
[35m[HTTP][39m [37m-->[39m [37mPOST[39m [37m/wd/hub/session/f960bb69-f16a-4025-9a25-0c4632408651/elements[39m
[35m[HTTP][39m [90m{"using":"xpath","value":"//*[@class = 'android.widget.TextView' and (@text = 'Omitir' or . = 'Omitir') and @resource-id = 'com.naposystems.napoleonchat:id/textViewSkip']"}[39m
[35m[HTTP][39m [37m<-- POST /wd/hub/session/f960bb69-f16a-4025-9a25-0c4632408651/elements [39m[32m200[39m [90m246 ms - 139[39m
[35m[HTTP][39m [90m[39m
[35m[HTTP][39m [37m-->[39m [37mGET[39m [37m/wd/hub/session/f960bb69-f16a-4025-9a25-0c4632408651/element/00000000-0000-012c-ffff-ffff00000033/location[39m
[35m[HTTP][39m [90m{}[39m
[35m[W3C (f960bb69)][39m Driver proxy active, passing request on via HTTP proxy
[35m[WD Proxy][39m Replacing sessionId bb83ec64-cf5c-4073-955a-08e8ac88d7f3 with f960bb69-f16a-4025-9a25-0c4632408651
[35m[HTTP][39m [37m<-- GET /wd/hub/session/f960bb69-f16a-4025-9a25-0c4632408651/element/00000000-0000-012c-ffff-ffff00000033/location [39m[32m200[39m [90m29 ms - 77[39m
[35m[HTTP][39m [90m[39m
[35m[HTTP][39m [37m-->[39m [37mPOST[39m [37m/wd/hub/session/f960bb69-f16a-4025-9a25-0c4632408651/timeouts[39m
[35m[HTTP][39m [90m{"implicit":30000}[39m
[35m[HTTP][39m [37m<-- POST /wd/hub/session/f960bb69-f16a-4025-9a25-0c4632408651/timeouts [39m[32m200[39m [90m1 ms - 14[39m
[35m[HTTP][39m [90m[39m
[35m[HTTP][39m [37m-->[39m [37mPOST[39m [37m/wd/hub/session/f960bb69-f16a-4025-9a25-0c4632408651/element/00000000-0000-012c-ffff-ffff00000033/click[39m
[35m[HTTP][39m [90m{"id":"00000000-0000-012c-ffff-ffff00000033"}[39m
[35m[HTTP][39m [37m<-- POST /wd/hub/session/f960bb69-f16a-4025-9a25-0c4632408651/element/00000000-0000-012c-ffff-ffff00000033/click [39m[32m200[39m [90m82 ms - 14[39m
[35m[HTTP][39m [90m[39m
[35m[HTTP][39m [37m-->[39m [37mGET[39m [37m/wd/hub/session/f960bb69-f16a-4025-9a25-0c4632408651/context[39m
[35m[HTTP][39m [90m{}[39m
[35m[HTTP][39m [37m<-- GET /wd/hub/session/f960bb69-f16a-4025-9a25-0c4632408651/context [39m[32m200[39m [90m1 ms - 22[39m
[35m[HTTP][39m [90m[39m
[35m[HTTP][39m [37m-->[39m [37mGET[39m [37m/wd/hub/session/f960bb69-f16a-4025-9a25-0c4632408651/contexts[39m
[35m[HTTP][39m [90m{}[39m
[35m[HTTP][39m [37m<-- GET /wd/hub/session/f960bb69-f16a-4025-9a25-0c4632408651/contexts [39m[32m200[39m [90m254 ms - 70[39m
[35m[HTTP][39m [90m[39m
[35m[HTTP][39m [37m-->[39m [37mPOST[39m [37m/wd/hub/session/f960bb69-f16a-4025-9a25-0c4632408651/context[39m
[35m[HTTP][39m [90m{"name":"NATIVE_APP"}[39m
[35m[HTTP][39m [37m<-- POST /wd/hub/session/f960bb69-f16a-4025-9a25-0c4632408651/context [39m[32m200[39m [90m1 ms - 14[39m
[35m[HTTP][39m [90m[39m
[35m[HTTP][39m [37m-->[39m [37mPOST[39m [37m/wd/hub/session/f960bb69-f16a-4025-9a25-0c4632408651/appium/device/press_keycode[39m
[35m[HTTP][39m [90m{"keycode":4}[39m
[35m[HTTP][39m [37m<-- POST /wd/hub/session/f960bb69-f16a-4025-9a25-0c4632408651/appium/device/press_keycode [39m[32m200[39m [90m856 ms - 14[39m
[35m[HTTP][39m [90m[39m
[35m[HTTP][39m [37m-->[39m [37mPOST[39m [37m/wd/hub/session/f960bb69-f16a-4025-9a25-0c4632408651/context[39m
[35m[HTTP][39m [90m{"name":"NATIVE_APP"}[39m
[35m[HTTP][39m [37m<-- POST /wd/hub/session/f960bb69-f16a-4025-9a25-0c4632408651/context [39m[32m200[39m [90m2 ms - 14[39m
[35m[HTTP][39m [90m[39m
[35m[HTTP][39m [37m-->[39m [37mGET[39m [37m/wd/hub/session/f960bb69-f16a-4025-9a25-0c4632408651/context[39m
[35m[HTTP][39m [90m{}[39m
[35m[HTTP][39m [37m<-- GET /wd/hub/session/f960bb69-f16a-4025-9a25-0c4632408651/context [39m[32m200[39m [90m1 ms - 22[39m
[35m[HTTP][39m [90m[39m
[35m[HTTP][39m [37m-->[39m [37mGET[39m [37m/wd/hub/session/f960bb69-f16a-4025-9a25-0c4632408651/contexts[39m
[35m[HTTP][39m [90m{}[39m
[35m[HTTP][39m [37m<-- GET /wd/hub/session/f960bb69-f16a-4025-9a25-0c4632408651/contexts [39m[32m200[39m [90m146 ms - 70[39m
[35m[HTTP][39m [90m[39m
[35m[HTTP][39m [37m-->[39m [37mPOST[39m [37m/wd/hub/session/f960bb69-f16a-4025-9a25-0c4632408651/context[39m
[35m[HTTP][39m [90m{"name":"NATIVE_APP"}[39m
[35m[HTTP][39m [37m<-- POST /wd/hub/session/f960bb69-f16a-4025-9a25-0c4632408651/context [39m[32m200[39m [90m1 ms - 14[39m
[35m[HTTP][39m [90m[39m
[35m[HTTP][39m [37m-->[39m [37mPOST[39m [37m/wd/hub/session/f960bb69-f16a-4025-9a25-0c4632408651/network_connection[39m
[35m[HTTP][39m [90m{"name":"network_connection","parameters":{"type":2}}[39m
[35m[AndroidDriver][39m Setting network connection
[35m[AndroidDriver][39m Getting network connection
[35m[AndroidDriver][39m Not changing airplane mode, since it is already disabled
[35m[AndroidDriver][39m Not changing data connection/Wi-Fi states, since they are already set to expected values
[35m[HTTP][39m [37m<-- POST /wd/hub/session/f960bb69-f16a-4025-9a25-0c4632408651/network_connection [39m[32m200[39m [90m410 ms - 11[39m
[35m[HTTP][39m [90m[39m
[35m[HTTP][39m [37m-->[39m [37mPOST[39m [37m/wd/hub/session/f960bb69-f16a-4025-9a25-0c4632408651/context[39m
[35m[HTTP][39m [90m{"name":"NATIVE_APP"}[39m
[35m[HTTP][39m [37m<-- POST /wd/hub/session/f960bb69-f16a-4025-9a25-0c4632408651/context [39m[32m200[39m [90m1 ms - 14[39m
[35m[HTTP][39m [90m[39m
[35m[HTTP][39m [37m-->[39m [37mPOST[39m [37m/wd/hub/session/f960bb69-f16a-4025-9a25-0c4632408651/timeouts[39m
[35m[HTTP][39m [90m{"implicit":50}[39m
[35m[HTTP][39m [37m<-- POST /wd/hub/session/f960bb69-f16a-4025-9a25-0c4632408651/timeouts [39m[32m200[39m [90m1 ms - 14[39m
[35m[HTTP][39m [90m[39m
[35m[HTTP][39m [37m-->[39m [37mGET[39m [37m/wd/hub/session/f960bb69-f16a-4025-9a25-0c4632408651/window/rect[39m
[35m[HTTP][39m [90m{}[39m
[35m[HTTP][39m [37m<-- GET /wd/hub/session/f960bb69-f16a-4025-9a25-0c4632408651/window/rect [39m[32m200[39m [90m18 ms - 49[39m
[35m[HTTP][39m [90m[39m
[35m[HTTP][39m [37m-->[39m [37mPOST[39m [37m/wd/hub/session/f960bb69-f16a-4025-9a25-0c4632408651/elements[39m
[35m[HTTP][39m [90m{"using":"xpath","value":"//*[@class = 'android.widget.TextView' and (@text = 'Siguiente' or . = 'Siguiente') and @resource-id = 'com.naposystems.napoleonchat:id/textViewNextSlide']"}[39m
[35m[HTTP][39m [37m<-- POST /wd/hub/session/f960bb69-f16a-4025-9a25-0c4632408651/elements [39m[32m200[39m [90m341 ms - 139[39m
[35m[HTTP][39m [90m[39m
[35m[HTTP][39m [37m-->[39m [37mGET[39m [37m/wd/hub/session/f960bb69-f16a-4025-9a25-0c4632408651/element/00000000-0000-012c-ffff-ffff0000004e/location[39m
[35m[HTTP][39m [90m{}[39m
[35m[W3C (f960bb69)][39m Driver proxy active, passing request on via HTTP proxy
[35m[WD Proxy][39m Replacing sessionId bb83ec64-cf5c-4073-955a-08e8ac88d7f3 with f960bb69-f16a-4025-9a25-0c4632408651
[35m[HTTP][39m [37m<-- GET /wd/hub/session/f960bb69-f16a-4025-9a25-0c4632408651/element/00000000-0000-012c-ffff-ffff0000004e/location [39m[32m200[39m [90m27 ms - 79[39m
[35m[HTTP][39m [90m[39m
[35m[HTTP][39m [37m-->[39m [37mPOST[39m [37m/wd/hub/session/f960bb69-f16a-4025-9a25-0c4632408651/timeouts[39m
[35m[HTTP][39m [90m{"implicit":30000}[39m
[35m[HTTP][39m [37m<-- POST /wd/hub/session/f960bb69-f16a-4025-9a25-0c4632408651/timeouts [39m[32m200[39m [90m4 ms - 14[39m
[35m[HTTP][39m [90m[39m
[35m[HTTP][39m [37m-->[39m [37mPOST[39m [37m/wd/hub/session/f960bb69-f16a-4025-9a25-0c4632408651/element/00000000-0000-012c-ffff-ffff0000004e/click[39m
[35m[HTTP][39m [90m{"id":"00000000-0000-012c-ffff-ffff0000004e"}[39m
[35m[HTTP][39m [37m<-- POST /wd/hub/session/f960bb69-f16a-4025-9a25-0c4632408651/element/00000000-0000-012c-ffff-ffff0000004e/click [39m[32m200[39m [90m59 ms - 14[39m
[35m[HTTP][39m [90m[39m
[35m[HTTP][39m [37m-->[39m [37mPOST[39m [37m/wd/hub/session/f960bb69-f16a-4025-9a25-0c4632408651/timeouts[39m
[35m[HTTP][39m [90m{"implicit":50}[39m
[35m[HTTP][39m [37m<-- POST /wd/hub/session/f960bb69-f16a-4025-9a25-0c4632408651/timeouts [39m[32m200[39m [90m1 ms - 14[39m
[35m[HTTP][39m [90m[39m
[35m[HTTP][39m [37m-->[39m [37mGET[39m [37m/wd/hub/session/f960bb69-f16a-4025-9a25-0c4632408651/window/rect[39m
[35m[HTTP][39m [90m{}[39m
[35m[HTTP][39m [37m<-- GET /wd/hub/session/f960bb69-f16a-4025-9a25-0c4632408651/window/rect [39m[32m200[39m [90m16 ms - 49[39m
[35m[HTTP][39m [90m[39m
[35m[HTTP][39m [37m-->[39m [37mPOST[39m [37m/wd/hub/session/f960bb69-f16a-4025-9a25-0c4632408651/elements[39m
[35m[HTTP][39m [90m{"using":"xpath","value":"//hierarchy/android.widget.FrameLayout[1]"}[39m
[35m[HTTP][39m [37m<-- POST /wd/hub/session/f960bb69-f16a-4025-9a25-0c4632408651/elements [39m[32m200[39m [90m742 ms - 139[39m
[35m[HTTP][39m [90m[39m
[35m[HTTP][39m [37m-->[39m [37mGET[39m [37m/wd/hub/session/f960bb69-f16a-4025-9a25-0c4632408651/element/00000000-0000-012c-ffff-ffff7ffffffe/location[39m
[35m[HTTP][39m [90m{}[39m
[35m[W3C (f960bb69)][39m Driver proxy active, passing request on via HTTP proxy
[35m[WD Proxy][39m Replacing sessionId bb83ec64-cf5c-4073-955a-08e8ac88d7f3 with f960bb69-f16a-4025-9a25-0c4632408651
[35m[HTTP][39m [37m<-- GET /wd/hub/session/f960bb69-f16a-4025-9a25-0c4632408651/element/00000000-0000-012c-ffff-ffff7ffffffe/location [39m[32m200[39m [90m25 ms - 74[39m
[35m[HTTP][39m [90m[39m
[35m[HTTP][39m [37m-->[39m [37mPOST[39m [37m/wd/hub/session/f960bb69-f16a-4025-9a25-0c4632408651/timeouts[39m
[35m[HTTP][39m [90m{"implicit":30000}[39m
[35m[HTTP][39m [37m<-- POST /wd/hub/session/f960bb69-f16a-4025-9a25-0c4632408651/timeouts [39m[32m200[39m [90m1 ms - 14[39m
[35m[HTTP][39m [90m[39m
[35m[HTTP][39m [37m-->[39m [37mGET[39m [37m/wd/hub/session/f960bb69-f16a-4025-9a25-0c4632408651/element/00000000-0000-012c-ffff-ffff7ffffffe/text[39m
[35m[HTTP][39m [90m{}[39m
[35m[W3C (f960bb69)][39m Driver proxy active, passing request on via HTTP proxy
[35m[WD Proxy][39m Replacing sessionId bb83ec64-cf5c-4073-955a-08e8ac88d7f3 with f960bb69-f16a-4025-9a25-0c4632408651
[35m[HTTP][39m [37m<-- GET /wd/hub/session/f960bb69-f16a-4025-9a25-0c4632408651/element/00000000-0000-012c-ffff-ffff7ffffffe/text [39m[32m200[39m [90m18 ms - 63[39m
[35m[HTTP][39m [90m[39m
[35m[HTTP][39m [37m-->[39m [37mPOST[39m [37m/wd/hub/session/f960bb69-f16a-4025-9a25-0c4632408651/timeouts[39m
[35m[HTTP][39m [90m{"implicit":50}[39m
[35m[HTTP][39m [37m<-- POST /wd/hub/session/f960bb69-f16a-4025-9a25-0c4632408651/timeouts [39m[32m200[39m [90m1 ms - 14[39m
[35m[HTTP][39m [90m[39m
[35m[HTTP][39m [37m-->[39m [37mGET[39m [37m/wd/hub/session/f960bb69-f16a-4025-9a25-0c4632408651/window/rect[39m
[35m[HTTP][39m [90m{}[39m
[35m[HTTP][39m [37m<-- GET /wd/hub/session/f960bb69-f16a-4025-9a25-0c4632408651/window/rect [39m[32m200[39m [90m14 ms - 49[39m
[35m[HTTP][39m [90m[39m
[35m[HTTP][39m [37m-->[39m [37mPOST[39m [37m/wd/hub/session/f960bb69-f16a-4025-9a25-0c4632408651/elements[39m
[35m[HTTP][39m [90m{"using":"xpath","value":"//*[@class = 'android.widget.TextView' and (@text = 'Siguiente' or . = 'Siguiente') and @resource-id = 'com.naposystems.napoleonchat:id/textViewNextSlide']"}[39m
[35m[HTTP][39m [37m<-- POST /wd/hub/session/f960bb69-f16a-4025-9a25-0c4632408651/elements [39m[32m200[39m [90m211 ms - 139[39m
[35m[HTTP][39m [90m[39m
[35m[HTTP][39m [37m-->[39m [37mGET[39m [37m/wd/hub/session/f960bb69-f16a-4025-9a25-0c4632408651/element/00000000-0000-012c-ffff-ffff0000004e/location[39m
[35m[HTTP][39m [90m{}[39m
[35m[W3C (f960bb69)][39m Driver proxy active, passing request on via HTTP proxy
[35m[WD Proxy][39m Replacing sessionId bb83ec64-cf5c-4073-955a-08e8ac88d7f3 with f960bb69-f16a-4025-9a25-0c4632408651
[35m[HTTP][39m [37m<-- GET /wd/hub/session/f960bb69-f16a-4025-9a25-0c4632408651/element/00000000-0000-012c-ffff-ffff0000004e/location [39m[32m200[39m [90m26 ms - 79[39m
[35m[HTTP][39m [90m[39m
[35m[HTTP][39m [37m-->[39m [37mPOST[39m [37m/wd/hub/session/f960bb69-f16a-4025-9a25-0c4632408651/timeouts[39m
[35m[HTTP][39m [90m{"implicit":30000}[39m
[35m[HTTP][39m [37m<-- POST /wd/hub/session/f960bb69-f16a-4025-9a25-0c4632408651/timeouts [39m[32m200[39m [90m1 ms - 14[39m
[35m[HTTP][39m [90m[39m
[35m[HTTP][39m [37m-->[39m [37mPOST[39m [37m/wd/hub/session/f960bb69-f16a-4025-9a25-0c4632408651/element/00000000-0000-012c-ffff-ffff0000004e/click[39m
[35m[HTTP][39m [90m{"id":"00000000-0000-012c-ffff-ffff0000004e"}[39m
[35m[HTTP][39m [37m<-- POST /wd/hub/session/f960bb69-f16a-4025-9a25-0c4632408651/element/00000000-0000-012c-ffff-ffff0000004e/click [39m[32m200[39m [90m66 ms - 14[39m
[35m[HTTP][39m [90m[39m
[35m[HTTP][39m [37m-->[39m [37mPOST[39m [37m/wd/hub/session/f960bb69-f16a-4025-9a25-0c4632408651/timeouts[39m
[35m[HTTP][39m [90m{"implicit":50}[39m
[35m[HTTP][39m [37m<-- POST /wd/hub/session/f960bb69-f16a-4025-9a25-0c4632408651/timeouts [39m[32m200[39m [90m1 ms - 14[39m
[35m[HTTP][39m [90m[39m
[35m[HTTP][39m [37m-->[39m [37mGET[39m [37m/wd/hub/session/f960bb69-f16a-4025-9a25-0c4632408651/window/rect[39m
[35m[HTTP][39m [90m{}[39m
[35m[HTTP][39m [37m<-- GET /wd/hub/session/f960bb69-f16a-4025-9a25-0c4632408651/window/rect [39m[32m200[39m [90m15 ms - 49[39m
[35m[HTTP][39m [90m[39m
[35m[HTTP][39m [37m-->[39m [37mPOST[39m [37m/wd/hub/session/f960bb69-f16a-4025-9a25-0c4632408651/elements[39m
[35m[HTTP][39m [90m{"using":"xpath","value":"//hierarchy/android.widget.FrameLayout[1]"}[39m
[35m[HTTP][39m [37m<-- POST /wd/hub/session/f960bb69-f16a-4025-9a25-0c4632408651/elements [39m[32m200[39m [90m173 ms - 139[39m
[35m[HTTP][39m [90m[39m
[35m[HTTP][39m [37m-->[39m [37mGET[39m [37m/wd/hub/session/f960bb69-f16a-4025-9a25-0c4632408651/element/00000000-0000-012c-ffff-ffff7ffffffe/location[39m
[35m[HTTP][39m [90m{}[39m
[35m[W3C (f960bb69)][39m Driver proxy active, passing request on via HTTP proxy
[35m[WD Proxy][39m Replacing sessionId bb83ec64-cf5c-4073-955a-08e8ac88d7f3 with f960bb69-f16a-4025-9a25-0c4632408651
[35m[HTTP][39m [37m<-- GET /wd/hub/session/f960bb69-f16a-4025-9a25-0c4632408651/element/00000000-0000-012c-ffff-ffff7ffffffe/location [39m[32m200[39m [90m450 ms - 74[39m
[35m[HTTP][39m [90m[39m
[35m[HTTP][39m [37m-->[39m [37mPOST[39m [37m/wd/hub/session/f960bb69-f16a-4025-9a25-0c4632408651/timeouts[39m
[35m[HTTP][39m [90m{"implicit":30000}[39m
[35m[HTTP][39m [37m<-- POST /wd/hub/session/f960bb69-f16a-4025-9a25-0c4632408651/timeouts [39m[32m200[39m [90m6 ms - 14[39m
[35m[HTTP][39m [90m[39m
[35m[HTTP][39m [37m-->[39m [37mGET[39m [37m/wd/hub/session/f960bb69-f16a-4025-9a25-0c4632408651/element/00000000-0000-012c-ffff-ffff7ffffffe/text[39m
[35m[HTTP][39m [90m{}[39m
[35m[W3C (f960bb69)][39m Driver proxy active, passing request on via HTTP proxy
[35m[WD Proxy][39m Replacing sessionId bb83ec64-cf5c-4073-955a-08e8ac88d7f3 with f960bb69-f16a-4025-9a25-0c4632408651
[35m[HTTP][39m [37m<-- GET /wd/hub/session/f960bb69-f16a-4025-9a25-0c4632408651/element/00000000-0000-012c-ffff-ffff7ffffffe/text [39m[32m200[39m [90m24 ms - 63[39m
[35m[HTTP][39m [90m[39m
[35m[HTTP][39m [37m-->[39m [37mPOST[39m [37m/wd/hub/session/f960bb69-f16a-4025-9a25-0c4632408651/timeouts[39m
[35m[HTTP][39m [90m{"implicit":50}[39m
[35m[HTTP][39m [37m<-- POST /wd/hub/session/f960bb69-f16a-4025-9a25-0c4632408651/timeouts [39m[32m200[39m [90m1 ms - 14[39m
[35m[HTTP][39m [90m[39m
[35m[HTTP][39m [37m-->[39m [37mGET[39m [37m/wd/hub/session/f960bb69-f16a-4025-9a25-0c4632408651/window/rect[39m
[35m[HTTP][39m [90m{}[39m
[35m[HTTP][39m [37m<-- GET /wd/hub/session/f960bb69-f16a-4025-9a25-0c4632408651/window/rect [39m[32m200[39m [90m13 ms - 49[39m
[35m[HTTP][39m [90m[39m
[35m[HTTP][39m [37m-->[39m [37mPOST[39m [37m/wd/hub/session/f960bb69-f16a-4025-9a25-0c4632408651/elements[39m
[35m[HTTP][39m [90m{"using":"xpath","value":"//*[@class = 'android.widget.TextView' and (@text = 'Siguiente' or . = 'Siguiente') and @resource-id = 'com.naposystems.napoleonchat:id/textViewNextSlide']"}[39m
[35m[HTTP][39m [37m<-- POST /wd/hub/session/f960bb69-f16a-4025-9a25-0c4632408651/elements [39m[32m200[39m [90m184 ms - 139[39m
[35m[HTTP][39m [90m[39m
[35m[HTTP][39m [37m-->[39m [37mGET[39m [37m/wd/hub/session/f960bb69-f16a-4025-9a25-0c4632408651/element/00000000-0000-012c-ffff-ffff0000004e/location[39m
[35m[HTTP][39m [90m{}[39m
[35m[W3C (f960bb69)][39m Driver proxy active, passing request on via HTTP proxy
[35m[WD Proxy][39m Replacing sessionId bb83ec64-cf5c-4073-955a-08e8ac88d7f3 with f960bb69-f16a-4025-9a25-0c4632408651
[35m[HTTP][39m [37m<-- GET /wd/hub/session/f960bb69-f16a-4025-9a25-0c4632408651/element/00000000-0000-012c-ffff-ffff0000004e/location [39m[32m200[39m [90m27 ms - 79[39m
[35m[HTTP][39m [90m[39m
[35m[HTTP][39m [37m-->[39m [37mPOST[39m [37m/wd/hub/session/f960bb69-f16a-4025-9a25-0c4632408651/timeouts[39m
[35m[HTTP][39m [90m{"implicit":30000}[39m
[35m[HTTP][39m [37m<-- POST /wd/hub/session/f960bb69-f16a-4025-9a25-0c4632408651/timeouts [39m[32m200[39m [90m2 ms - 14[39m
[35m[HTTP][39m [90m[39m
[35m[HTTP][39m [37m-->[39m [37mPOST[39m [37m/wd/hub/session/f960bb69-f16a-4025-9a25-0c4632408651/element/00000000-0000-012c-ffff-ffff0000004e/click[39m
[35m[HTTP][39m [90m{"id":"00000000-0000-012c-ffff-ffff0000004e"}[39m
[35m[HTTP][39m [37m<-- POST /wd/hub/session/f960bb69-f16a-4025-9a25-0c4632408651/element/00000000-0000-012c-ffff-ffff0000004e/click [39m[32m200[39m [90m51 ms - 14[39m
[35m[HTTP][39m [90m[39m
[35m[HTTP][39m [37m-->[39m [37mPOST[39m [37m/wd/hub/session/f960bb69-f16a-4025-9a25-0c4632408651/timeouts[39m
[35m[HTTP][39m [90m{"implicit":50}[39m
[35m[HTTP][39m [37m<-- POST /wd/hub/session/f960bb69-f16a-4025-9a25-0c4632408651/timeouts [39m[32m200[39m [90m1 ms - 14[39m
[35m[HTTP][39m [90m[39m
[35m[HTTP][39m [37m-->[39m [37mGET[39m [37m/wd/hub/session/f960bb69-f16a-4025-9a25-0c4632408651/window/rect[39m
[35m[HTTP][39m [90m{}[39m
[35m[HTTP][39m [37m<-- GET /wd/hub/session/f960bb69-f16a-4025-9a25-0c4632408651/window/rect [39m[32m200[39m [90m17 ms - 49[39m
[35m[HTTP][39m [90m[39m
[35m[HTTP][39m [37m-->[39m [37mPOST[39m [37m/wd/hub/session/f960bb69-f16a-4025-9a25-0c4632408651/elements[39m
[35m[HTTP][39m [90m{"using":"xpath","value":"//*[@class = 'android.widget.TextView' and (@text = 'Siguiente' or . = 'Siguiente') and @resource-id = 'com.naposystems.napoleonchat:id/textViewNextSlide']"}[39m
[35m[HTTP][39m [37m<-- POST /wd/hub/session/f960bb69-f16a-4025-9a25-0c4632408651/elements [39m[32m200[39m [90m218 ms - 139[39m
[35m[HTTP][39m [90m[39m
[35m[HTTP][39m [37m-->[39m [37mGET[39m [37m/wd/hub/session/f960bb69-f16a-4025-9a25-0c4632408651/element/00000000-0000-012c-ffff-ffff0000004e/location[39m
[35m[HTTP][39m [90m{}[39m
[35m[W3C (f960bb69)][39m Driver proxy active, passing request on via HTTP proxy
[35m[WD Proxy][39m Replacing sessionId bb83ec64-cf5c-4073-955a-08e8ac88d7f3 with f960bb69-f16a-4025-9a25-0c4632408651
[35m[HTTP][39m [37m<-- GET /wd/hub/session/f960bb69-f16a-4025-9a25-0c4632408651/element/00000000-0000-012c-ffff-ffff0000004e/location [39m[32m200[39m [90m428 ms - 79[39m
[35m[HTTP][39m [90m[39m
[35m[HTTP][39m [37m-->[39m [37mPOST[39m [37m/wd/hub/session/f960bb69-f16a-4025-9a25-0c4632408651/timeouts[39m
[35m[HTTP][39m [90m{"implicit":30000}[39m
[35m[HTTP][39m [37m<-- POST /wd/hub/session/f960bb69-f16a-4025-9a25-0c4632408651/timeouts [39m[32m200[39m [90m2 ms - 14[39m
[35m[HTTP][39m [90m[39m
[35m[HTTP][39m [37m-->[39m [37mPOST[39m [37m/wd/hub/session/f960bb69-f16a-4025-9a25-0c4632408651/element/00000000-0000-012c-ffff-ffff0000004e/click[39m
[35m[HTTP][39m [90m{"id":"00000000-0000-012c-ffff-ffff0000004e"}[39m
[35m[HTTP][39m [37m<-- POST /wd/hub/session/f960bb69-f16a-4025-9a25-0c4632408651/element/00000000-0000-012c-ffff-ffff0000004e/click [39m[32m200[39m [90m721 ms - 14[39m
[35m[HTTP][39m [90m[39m
[35m[HTTP][39m [37m-->[39m [37mPOST[39m [37m/wd/hub/session/f960bb69-f16a-4025-9a25-0c4632408651/timeouts[39m
[35m[HTTP][39m [90m{"implicit":50}[39m
[35m[HTTP][39m [37m<-- POST /wd/hub/session/f960bb69-f16a-4025-9a25-0c4632408651/timeouts [39m[32m200[39m [90m1 ms - 14[39m
[35m[HTTP][39m [90m[39m
[35m[HTTP][39m [37m-->[39m [37mGET[39m [37m/wd/hub/session/f960bb69-f16a-4025-9a25-0c4632408651/window/rect[39m
[35m[HTTP][39m [90m{}[39m
[35m[HTTP][39m [37m<-- GET /wd/hub/session/f960bb69-f16a-4025-9a25-0c4632408651/window/rect [39m[32m200[39m [90m14 ms - 49[39m
[35m[HTTP][39m [90m[39m
[35m[HTTP][39m [37m-->[39m [37mPOST[39m [37m/wd/hub/session/f960bb69-f16a-4025-9a25-0c4632408651/elements[39m
[35m[HTTP][39m [90m{"using":"xpath","value":"//hierarchy/android.widget.FrameLayout[1]"}[39m
[35m[HTTP][39m [37m<-- POST /wd/hub/session/f960bb69-f16a-4025-9a25-0c4632408651/elements [39m[32m200[39m [90m137 ms - 139[39m
[35m[HTTP][39m [90m[39m
[35m[HTTP][39m [37m-->[39m [37mGET[39m [37m/wd/hub/session/f960bb69-f16a-4025-9a25-0c4632408651/element/00000000-0000-012c-ffff-ffff7ffffffe/location[39m
[35m[HTTP][39m [90m{}[39m
[35m[W3C (f960bb69)][39m Driver proxy active, passing request on via HTTP proxy
[35m[WD Proxy][39m Replacing sessionId bb83ec64-cf5c-4073-955a-08e8ac88d7f3 with f960bb69-f16a-4025-9a25-0c4632408651
[35m[HTTP][39m [37m<-- GET /wd/hub/session/f960bb69-f16a-4025-9a25-0c4632408651/element/00000000-0000-012c-ffff-ffff7ffffffe/location [39m[32m200[39m [90m22 ms - 74[39m
[35m[HTTP][39m [90m[39m
[35m[HTTP][39m [37m-->[39m [37mPOST[39m [37m/wd/hub/session/f960bb69-f16a-4025-9a25-0c4632408651/timeouts[39m
[35m[HTTP][39m [90m{"implicit":30000}[39m
[35m[HTTP][39m [37m<-- POST /wd/hub/session/f960bb69-f16a-4025-9a25-0c4632408651/timeouts [39m[32m200[39m [90m1 ms - 14[39m
[35m[HTTP][39m [90m[39m
[35m[HTTP][39m [37m-->[39m [37mGET[39m [37m/wd/hub/session/f960bb69-f16a-4025-9a25-0c4632408651/element/00000000-0000-012c-ffff-ffff7ffffffe/text[39m
[35m[HTTP][39m [90m{}[39m
[35m[W3C (f960bb69)][39m Driver proxy active, passing request on via HTTP proxy
[35m[WD Proxy][39m Replacing sessionId bb83ec64-cf5c-4073-955a-08e8ac88d7f3 with f960bb69-f16a-4025-9a25-0c4632408651
[35m[HTTP][39m [37m<-- GET /wd/hub/session/f960bb69-f16a-4025-9a25-0c4632408651/element/00000000-0000-012c-ffff-ffff7ffffffe/text [39m[32m200[39m [90m18 ms - 63[39m
[35m[HTTP][39m [90m[39m
[35m[HTTP][39m [37m-->[39m [37mPOST[39m [37m/wd/hub/session/f960bb69-f16a-4025-9a25-0c4632408651/timeouts[39m
[35m[HTTP][39m [90m{"implicit":50}[39m
[35m[HTTP][39m [37m<-- POST /wd/hub/session/f960bb69-f16a-4025-9a25-0c4632408651/timeouts [39m[32m200[39m [90m1 ms - 14[39m
[35m[HTTP][39m [90m[39m
[35m[HTTP][39m [37m-->[39m [37mGET[39m [37m/wd/hub/session/f960bb69-f16a-4025-9a25-0c4632408651/window/rect[39m
[35m[HTTP][39m [90m{}[39m
[35m[HTTP][39m [37m<-- GET /wd/hub/session/f960bb69-f16a-4025-9a25-0c4632408651/window/rect [39m[32m200[39m [90m15 ms - 49[39m
[35m[HTTP][39m [90m[39m
[35m[HTTP][39m [37m-->[39m [37mPOST[39m [37m/wd/hub/session/f960bb69-f16a-4025-9a25-0c4632408651/elements[39m
[35m[HTTP][39m [90m{"using":"xpath","value":"//*[@class = 'android.widget.TextView' and (@text = 'Siguiente' or . = 'Siguiente') and @resource-id = 'com.naposystems.napoleonchat:id/textViewNextSlide']"}[39m
[35m[HTTP][39m [37m<-- POST /wd/hub/session/f960bb69-f16a-4025-9a25-0c4632408651/elements [39m[32m200[39m [90m200 ms - 139[39m
[35m[HTTP][39m [90m[39m
[35m[HTTP][39m [37m-->[39m [37mGET[39m [37m/wd/hub/session/f960bb69-f16a-4025-9a25-0c4632408651/element/00000000-0000-012c-ffff-ffff0000004e/location[39m
[35m[HTTP][39m [90m{}[39m
[35m[W3C (f960bb69)][39m Driver proxy active, passing request on via HTTP proxy
[35m[WD Proxy][39m Replacing sessionId bb83ec64-cf5c-4073-955a-08e8ac88d7f3 with f960bb69-f16a-4025-9a25-0c4632408651
[35m[HTTP][39m [37m<-- GET /wd/hub/session/f960bb69-f16a-4025-9a25-0c4632408651/element/00000000-0000-012c-ffff-ffff0000004e/location [39m[32m200[39m [90m29 ms - 79[39m
[35m[HTTP][39m [90m[39m
[35m[HTTP][39m [37m-->[39m [37mPOST[39m [37m/wd/hub/session/f960bb69-f16a-4025-9a25-0c4632408651/timeouts[39m
[35m[HTTP][39m [90m{"implicit":30000}[39m
[35m[HTTP][39m [37m<-- POST /wd/hub/session/f960bb69-f16a-4025-9a25-0c4632408651/timeouts [39m[32m200[39m [90m1 ms - 14[39m
[35m[HTTP][39m [90m[39m
[35m[HTTP][39m [37m-->[39m [37mPOST[39m [37m/wd/hub/session/f960bb69-f16a-4025-9a25-0c4632408651/element/00000000-0000-012c-ffff-ffff0000004e/click[39m
[35m[HTTP][39m [90m{"id":"00000000-0000-012c-ffff-ffff0000004e"}[39m
[35m[HTTP][39m [37m<-- POST /wd/hub/session/f960bb69-f16a-4025-9a25-0c4632408651/element/00000000-0000-012c-ffff-ffff0000004e/click [39m[32m200[39m [90m60 ms - 14[39m
[35m[HTTP][39m [90m[39m
[35m[HTTP][39m [37m-->[39m [37mPOST[39m [37m/wd/hub/session/f960bb69-f16a-4025-9a25-0c4632408651/timeouts[39m
[35m[HTTP][39m [90m{"implicit":50}[39m
[35m[HTTP][39m [37m<-- POST /wd/hub/session/f960bb69-f16a-4025-9a25-0c4632408651/timeouts [39m[32m200[39m [90m1 ms - 14[39m
[35m[HTTP][39m [90m[39m
[35m[HTTP][39m [37m-->[39m [37mGET[39m [37m/wd/hub/session/f960bb69-f16a-4025-9a25-0c4632408651/window/rect[39m
[35m[HTTP][39m [90m{}[39m
[35m[HTTP][39m [37m<-- GET /wd/hub/session/f960bb69-f16a-4025-9a25-0c4632408651/window/rect [39m[32m200[39m [90m15 ms - 49[39m
[35m[HTTP][39m [90m[39m
[35m[HTTP][39m [37m-->[39m [37mPOST[39m [37m/wd/hub/session/f960bb69-f16a-4025-9a25-0c4632408651/elements[39m
[35m[HTTP][39m [90m{"using":"xpath","value":"//hierarchy/android.widget.FrameLayout[1]"}[39m
[35m[HTTP][39m [37m<-- POST /wd/hub/session/f960bb69-f16a-4025-9a25-0c4632408651/elements [39m[32m200[39m [90m660 ms - 139[39m
[35m[HTTP][39m [90m[39m
[35m[HTTP][39m [37m-->[39m [37mGET[39m [37m/wd/hub/session/f960bb69-f16a-4025-9a25-0c4632408651/element/00000000-0000-012c-ffff-ffff7ffffffe/location[39m
[35m[HTTP][39m [90m{}[39m
[35m[W3C (f960bb69)][39m Driver proxy active, passing request on via HTTP proxy
[35m[WD Proxy][39m Replacing sessionId bb83ec64-cf5c-4073-955a-08e8ac88d7f3 with f960bb69-f16a-4025-9a25-0c4632408651
[35m[HTTP][39m [37m<-- GET /wd/hub/session/f960bb69-f16a-4025-9a25-0c4632408651/element/00000000-0000-012c-ffff-ffff7ffffffe/location [39m[32m200[39m [90m24 ms - 74[39m
[35m[HTTP][39m [90m[39m
[35m[HTTP][39m [37m-->[39m [37mPOST[39m [37m/wd/hub/session/f960bb69-f16a-4025-9a25-0c4632408651/timeouts[39m
[35m[HTTP][39m [90m{"implicit":30000}[39m
[35m[HTTP][39m [37m<-- POST /wd/hub/session/f960bb69-f16a-4025-9a25-0c4632408651/timeouts [39m[32m200[39m [90m1 ms - 14[39m
[35m[HTTP][39m [90m[39m
[35m[HTTP][39m [37m-->[39m [37mGET[39m [37m/wd/hub/session/f960bb69-f16a-4025-9a25-0c4632408651/element/00000000-0000-012c-ffff-ffff7ffffffe/text[39m
[35m[HTTP][39m [90m{}[39m
[35m[W3C (f960bb69)][39m Driver proxy active, passing request on via HTTP proxy
[35m[WD Proxy][39m Replacing sessionId bb83ec64-cf5c-4073-955a-08e8ac88d7f3 with f960bb69-f16a-4025-9a25-0c4632408651
[35m[HTTP][39m [37m<-- GET /wd/hub/session/f960bb69-f16a-4025-9a25-0c4632408651/element/00000000-0000-012c-ffff-ffff7ffffffe/text [39m[32m200[39m [90m32 ms - 63[39m
[35m[HTTP][39m [90m[39m
[35m[HTTP][39m [37m-->[39m [37mPOST[39m [37m/wd/hub/session/f960bb69-f16a-4025-9a25-0c4632408651/timeouts[39m
[35m[HTTP][39m [90m{"implicit":50}[39m
[35m[HTTP][39m [37m<-- POST /wd/hub/session/f960bb69-f16a-4025-9a25-0c4632408651/timeouts [39m[32m200[39m [90m1 ms - 14[39m
[35m[HTTP][39m [90m[39m
[35m[HTTP][39m [37m-->[39m [37mGET[39m [37m/wd/hub/session/f960bb69-f16a-4025-9a25-0c4632408651/window/rect[39m
[35m[HTTP][39m [90m{}[39m
[35m[HTTP][39m [37m<-- GET /wd/hub/session/f960bb69-f16a-4025-9a25-0c4632408651/window/rect [39m[32m200[39m [90m17 ms - 49[39m
[35m[HTTP][39m [90m[39m
[35m[HTTP][39m [37m-->[39m [37mPOST[39m [37m/wd/hub/session/f960bb69-f16a-4025-9a25-0c4632408651/elements[39m
[35m[HTTP][39m [90m{"using":"xpath","value":"//*[@class = 'android.widget.TextView' and (@text = 'Empezar' or . = 'Empezar') and @resource-id = 'com.naposystems.napoleonchat:id/textViewFinishSlide']"}[39m
[35m[HTTP][39m [37m<-- POST /wd/hub/session/f960bb69-f16a-4025-9a25-0c4632408651/elements [39m[32m-[39m [90m- ms - -[39m
[35m[HTTP][39m [90m[39m
[35m[BaseDriver][39m Shutting down because we waited 1800 seconds for a command
[35m[Appium][39m Closing session, cause was 'New Command Timeout of 1800 seconds expired. Try customizing the timeout using the 'newCommandTimeout' desired capability'
[35m[Appium][39m Removing session 'f960bb69-f16a-4025-9a25-0c4632408651' from our master session list
[35m[UiAutomator2][39m Did not get confirmation UiAutomator2 deleteSession worked; Error was: UnknownError: An unknown server-side error occurred while processing the command. Original error: 'DELETE /' cannot be proxied to UiAutomator2 server because the instrumentation process is not running (probably crashed). Check the server log and/or the logcat output for more details
[35m[ADB][39m com.naposystems.napoleonchat was successfully uninstalled
[35m[UiAutomator2][39m Restoring hidden api policy to the device default configuration
