[35m[Appium][39m Welcome to Appium v1.22.3
[35m[Appium][39m Non-default server args:
[35m[Appium][39m   port: 60290
[35m[Appium][39m   loglevel: info
[35m[Appium][39m   tmpDir: C:\Users\Testing\AppData\Local\Temp\\Katalon\Appium\Temp1687556172020
[35m[Appium][39m   chromedriverPort: 60291
[35m[Appium][39m Deprecated server args:
[35m[Appium][39m   [31m--chromedriver-port[39m => --default-capabilities
[35m[Appium][39m Default capabilities, which will be added to each request unless overridden by desired capabilities:
[35m[Appium][39m   chromedriverPort: 60291
[35m[Appium][39m Appium REST http interface listener started on 0.0.0.0:60290
[35m[HTTP][39m [37m-->[39m [37mGET[39m [37m/wd/hub/status[39m
[35m[HTTP][39m [90m{}[39m
[35m[HTTP][39m [37m<-- GET /wd/hub/status [39m[32m200[39m [90m11 ms - 68[39m
[35m[HTTP][39m [90m[39m
[35m[HTTP][39m [37m-->[39m [37mPOST[39m [37m/wd/hub/session[39m
[35m[HTTP][39m [90m{"desiredCapabilities":{"app":"C:\\Users\\Testing\\Desktop\\katalon\\APK SERVIDOR NUEVO\\NapoleoN.apk","noReset":false,"deviceId":"","deviceName":"samsung SM-A107M (Android 11)","fullReset":true,"platform":"ANDROID","newCommandTimeout":1800,"platformVersion":"11","automationName":"uiautomator2","autoGrantPermissions":true,"platformName":"Android","udid":"R9WN40KBXDJ","systemPort":60289},"capabilities":{"firstMatch":[{"appium:app":"C:\\Users\\Testing\\Desktop\\katalon\\APK SERVIDOR NUEVO\\NapoleoN.apk","appium:autoGrantPermissions":true,"appium:automationName":"uiautomator2","deviceId":"","appium:deviceName":"samsung SM-A107M (Android 11)","appium:fullReset":true,"appium:newCommandTimeout":1800,"appium:noReset":false,"platform":"ANDROID","platformName":"android","appium:platformVersion":"11","appium:systemPort":60289,"appium:udid":"R9WN40KBXDJ"}]}}[39m
[35m[BaseDriver][39m The following capabilities are not standard capabilities and should have an extension prefix:
[35m[BaseDriver][39m   deviceId
[35m[BaseDriver][39m   platform
[35m[BaseDriver][39m   chromedriverPort
[35m[Appium][39m Appium v1.22.3 creating new AndroidUiautomator2Driver (v1.70.1) session
[35m[BaseDriver][39m The following capabilities were provided, but are not recognized by Appium:
[35m[BaseDriver][39m   deviceId
[35m[BaseDriver][39m   platform
[35m[BaseDriver][39m Session created with session id: 89da6772-3c55-454f-9b15-197d1a3adb4a
[35m[BaseDriver][39m Using local app 'C:\Users\Testing\Desktop\katalon\APK SERVIDOR NUEVO\NapoleoN.apk'
[35m[ADB][39m Found 1 'build-tools' folders under 'C:\Users\Testing\.katalon\tools\android_sdk' (newest first):
[35m[ADB][39m     C:/Users/Testing/.katalon/tools/android_sdk/build-tools/29.0.3
[35m[ADB][39m Using 'adb.exe' from 'C:\Users\Testing\.katalon\tools\android_sdk\platform-tools\adb.exe'
[35m[AndroidDriver][39m Retrieving device list
[35m[AndroidDriver][39m Using device: R9WN40KBXDJ
[35m[ADB][39m Using 'adb.exe' from 'C:\Users\Testing\.katalon\tools\android_sdk\platform-tools\adb.exe'
[35m[ADB][39m Getting device platform version
[35m[UiAutomator2][39m Relaxing hidden api policy
[35m[ADB][39m Package name: 'com.naposystems.napoleonchat'
[35m[ADB][39m Main activity name: 'com.naposystems.napoleonchat.ui.mainActivity.MainActivity'
[35m[ADB][39m Using 'apksigner.jar' from 'C:\Users\Testing\.katalon\tools\android_sdk\build-tools\29.0.3\lib\apksigner.jar'
[35m[ADB][39m 'C:\Users\Testing\AppData\Roaming\npm\node_modules\appium\node_modules\appium-uiautomator2-server\apks\appium-uiautomator2-server-v4.27.0.apk' is signed with the default certificate
[35m[ADB][39m 'C:\Users\Testing\AppData\Roaming\npm\node_modules\appium\node_modules\appium-uiautomator2-server\apks\appium-uiautomator2-server-debug-androidTest.apk' is signed with the default certificate
[35m[UiAutomator2][39m Server packages are not going to be (re)installed
[35m[ADB][39m Adding packages ["io.appium.settings","io.appium.uiautomator2.server","io.appium.uiautomator2.server.test"] to Doze whitelist
[35m[ADB][39m 'C:\Users\Testing\Desktop\katalon\APK SERVIDOR NUEVO\NapoleoN.apk' is signed with a non-default certificate
[35m[ADB][39m com.naposystems.napoleonchat was not uninstalled, because it was not present on the device
[35m[ADB][39m The application at 'C:\Users\Testing\Desktop\katalon\APK SERVIDOR NUEVO\NapoleoN.apk' will not be cached, because the device under test has confirmed the support of streamed installs
[35m[ADB][39m The installation of 'NapoleoN.apk' took 11416ms
[35m[UiAutomator2][39m Starting UIAutomator2 server 4.27.0
[35m[UiAutomator2][39m Using UIAutomator2 server from 'C:\Users\Testing\AppData\Roaming\npm\node_modules\appium\node_modules\appium-uiautomator2-server\apks\appium-uiautomator2-server-v4.27.0.apk' and test from 'C:\Users\Testing\AppData\Roaming\npm\node_modules\appium\node_modules\appium-uiautomator2-server\apks\appium-uiautomator2-server-debug-androidTest.apk'
[35m[UiAutomator2][39m Waiting up to 30000ms for UiAutomator2 to be online...
[35m[WD Proxy][39m socket hang up
[35m[WD Proxy][39m socket hang up
[35m[WD Proxy][39m socket hang up
[35m[WD Proxy][39m socket hang up
[35m[WD Proxy][39m socket hang up
[35m[WD Proxy][39m socket hang up
[35m[WD Proxy][39m Determined the downstream protocol as 'W3C'
[35m[AndroidDriver][39m Screen already unlocked, doing nothing
[35m[UiAutomator2][39m Starting 'com.naposystems.napoleonchat/com.naposystems.napoleonchat.ui.mainActivity.MainActivity and waiting for 'com.naposystems.napoleonchat/com.naposystems.napoleonchat.ui.mainActivity.MainActivity'
[35m[Appium][39m New AndroidUiautomator2Driver session created successfully, session 89da6772-3c55-454f-9b15-197d1a3adb4a added to master session list
[35m[HTTP][39m [37m<-- POST /wd/hub/session [39m[32m200[39m [90m33476 ms - 1329[39m
[35m[HTTP][39m [90m[39m
[35m[HTTP][39m [37m-->[39m [37mGET[39m [37m/wd/hub/session/89da6772-3c55-454f-9b15-197d1a3adb4a[39m
[35m[HTTP][39m [90m{}[39m
[35m[HTTP][39m [37m<-- GET /wd/hub/session/89da6772-3c55-454f-9b15-197d1a3adb4a [39m[32m200[39m [90m24 ms - 1283[39m
[35m[HTTP][39m [90m[39m
[35m[HTTP][39m [37m-->[39m [37mGET[39m [37m/wd/hub/session/89da6772-3c55-454f-9b15-197d1a3adb4a[39m
[35m[HTTP][39m [90m{}[39m
[35m[HTTP][39m [37m<-- GET /wd/hub/session/89da6772-3c55-454f-9b15-197d1a3adb4a [39m[32m200[39m [90m24 ms - 1283[39m
[35m[HTTP][39m [90m[39m
[35m[HTTP][39m [37m-->[39m [37mGET[39m [37m/wd/hub/status[39m
[35m[HTTP][39m [90m{}[39m
[35m[HTTP][39m [37m<-- GET /wd/hub/status [39m[32m200[39m [90m1 ms - 68[39m
[35m[HTTP][39m [90m[39m
[35m[HTTP][39m [37m-->[39m [37mPOST[39m [37m/wd/hub/session/89da6772-3c55-454f-9b15-197d1a3adb4a/timeouts[39m
[35m[HTTP][39m [90m{"implicit":30000}[39m
[35m[HTTP][39m [37m<-- POST /wd/hub/session/89da6772-3c55-454f-9b15-197d1a3adb4a/timeouts [39m[32m200[39m [90m2 ms - 14[39m
[35m[HTTP][39m [90m[39m
[35m[HTTP][39m [37m-->[39m [37mGET[39m [37m/wd/hub/session/89da6772-3c55-454f-9b15-197d1a3adb4a/screenshot[39m
[35m[HTTP][39m [90m{}[39m
[35m[HTTP][39m [37m<-- GET /wd/hub/session/89da6772-3c55-454f-9b15-197d1a3adb4a/screenshot [39m[32m200[39m [90m977 ms - 103260[39m
[35m[HTTP][39m [90m[39m
[35m[HTTP][39m [37m-->[39m [37mGET[39m [37m/wd/hub/session/89da6772-3c55-454f-9b15-197d1a3adb4a/window/rect[39m
[35m[HTTP][39m [90m{}[39m
[35m[HTTP][39m [37m<-- GET /wd/hub/session/89da6772-3c55-454f-9b15-197d1a3adb4a/window/rect [39m[32m200[39m [90m29 ms - 49[39m
[35m[HTTP][39m [90m[39m
[35m[HTTP][39m [37m-->[39m [37mGET[39m [37m/wd/hub/session/89da6772-3c55-454f-9b15-197d1a3adb4a/appium/device/system_bars[39m
[35m[HTTP][39m [90m{}[39m
[35m[HTTP][39m [37m<-- GET /wd/hub/session/89da6772-3c55-454f-9b15-197d1a3adb4a/appium/device/system_bars [39m[32m200[39m [90m111 ms - 145[39m
[35m[HTTP][39m [90m[39m
[35m[HTTP][39m [37m-->[39m [37mPOST[39m [37m/wd/hub/session/89da6772-3c55-454f-9b15-197d1a3adb4a/timeouts[39m
[35m[HTTP][39m [90m{"implicit":50}[39m
[35m[HTTP][39m [37m<-- POST /wd/hub/session/89da6772-3c55-454f-9b15-197d1a3adb4a/timeouts [39m[32m200[39m [90m3 ms - 14[39m
[35m[HTTP][39m [90m[39m
[35m[HTTP][39m [37m-->[39m [37mGET[39m [37m/wd/hub/session/89da6772-3c55-454f-9b15-197d1a3adb4a/window/rect[39m
[35m[HTTP][39m [90m{}[39m
[35m[HTTP][39m [37m<-- GET /wd/hub/session/89da6772-3c55-454f-9b15-197d1a3adb4a/window/rect [39m[32m200[39m [90m20 ms - 49[39m
[35m[HTTP][39m [90m[39m
[35m[HTTP][39m [37m-->[39m [37mPOST[39m [37m/wd/hub/session/89da6772-3c55-454f-9b15-197d1a3adb4a/elements[39m
[35m[HTTP][39m [90m{"using":"xpath","value":"//*[@class = 'android.widget.FrameLayout' and @resource-id = 'com.naposystems.napoleonchat:id/action_bar_root' and (@text = '' or . = '')]"}[39m
[35m[HTTP][39m [37m<-- POST /wd/hub/session/89da6772-3c55-454f-9b15-197d1a3adb4a/elements [39m[32m200[39m [90m999 ms - 139[39m
[35m[HTTP][39m [90m[39m
[35m[HTTP][39m [37m-->[39m [37mGET[39m [37m/wd/hub/session/89da6772-3c55-454f-9b15-197d1a3adb4a/element/00000000-0000-04a2-ffff-ffff00000003/location[39m
[35m[HTTP][39m [90m{}[39m
[35m[W3C (89da6772)][39m Driver proxy active, passing request on via HTTP proxy
[35m[WD Proxy][39m Replacing sessionId 6a4c7c66-f20a-4e32-92dc-7179f8853dd0 with 89da6772-3c55-454f-9b15-197d1a3adb4a
[35m[HTTP][39m [37m<-- GET /wd/hub/session/89da6772-3c55-454f-9b15-197d1a3adb4a/element/00000000-0000-04a2-ffff-ffff00000003/location [39m[32m200[39m [90m33 ms - 75[39m
[35m[HTTP][39m [90m[39m
[35m[HTTP][39m [37m-->[39m [37mPOST[39m [37m/wd/hub/session/89da6772-3c55-454f-9b15-197d1a3adb4a/timeouts[39m
[35m[HTTP][39m [90m{"implicit":30000}[39m
[35m[HTTP][39m [37m<-- POST /wd/hub/session/89da6772-3c55-454f-9b15-197d1a3adb4a/timeouts [39m[32m200[39m [90m1 ms - 14[39m
[35m[HTTP][39m [90m[39m
[35m[HTTP][39m [37m-->[39m [37mGET[39m [37m/wd/hub/session/89da6772-3c55-454f-9b15-197d1a3adb4a/element/00000000-0000-04a2-ffff-ffff00000003/text[39m
[35m[HTTP][39m [90m{}[39m
[35m[W3C (89da6772)][39m Driver proxy active, passing request on via HTTP proxy
[35m[WD Proxy][39m Replacing sessionId 6a4c7c66-f20a-4e32-92dc-7179f8853dd0 with 89da6772-3c55-454f-9b15-197d1a3adb4a
[35m[HTTP][39m [37m<-- GET /wd/hub/session/89da6772-3c55-454f-9b15-197d1a3adb4a/element/00000000-0000-04a2-ffff-ffff00000003/text [39m[32m200[39m [90m30 ms - 63[39m
[35m[HTTP][39m [90m[39m
[35m[HTTP][39m [37m-->[39m [37mPOST[39m [37m/wd/hub/session/89da6772-3c55-454f-9b15-197d1a3adb4a/timeouts[39m
[35m[HTTP][39m [90m{"implicit":50}[39m
[35m[HTTP][39m [37m<-- POST /wd/hub/session/89da6772-3c55-454f-9b15-197d1a3adb4a/timeouts [39m[32m200[39m [90m2 ms - 14[39m
[35m[HTTP][39m [90m[39m
[35m[HTTP][39m [37m-->[39m [37mGET[39m [37m/wd/hub/session/89da6772-3c55-454f-9b15-197d1a3adb4a/window/rect[39m
[35m[HTTP][39m [90m{}[39m
[35m[HTTP][39m [37m<-- GET /wd/hub/session/89da6772-3c55-454f-9b15-197d1a3adb4a/window/rect [39m[32m200[39m [90m15 ms - 49[39m
[35m[HTTP][39m [90m[39m
[35m[HTTP][39m [37m-->[39m [37mPOST[39m [37m/wd/hub/session/89da6772-3c55-454f-9b15-197d1a3adb4a/elements[39m
[35m[HTTP][39m [90m{"using":"xpath","value":"//*[@class = 'android.widget.TextView' and (@text = 'Omitir' or . = 'Omitir') and @resource-id = 'com.naposystems.napoleonchat:id/textViewSkip']"}[39m
[35m[HTTP][39m [37m<-- POST /wd/hub/session/89da6772-3c55-454f-9b15-197d1a3adb4a/elements [39m[32m200[39m [90m237 ms - 139[39m
[35m[HTTP][39m [90m[39m
[35m[HTTP][39m [37m-->[39m [37mGET[39m [37m/wd/hub/session/89da6772-3c55-454f-9b15-197d1a3adb4a/element/00000000-0000-04a2-ffff-ffff00000033/location[39m
[35m[HTTP][39m [90m{}[39m
[35m[W3C (89da6772)][39m Driver proxy active, passing request on via HTTP proxy
[35m[WD Proxy][39m Replacing sessionId 6a4c7c66-f20a-4e32-92dc-7179f8853dd0 with 89da6772-3c55-454f-9b15-197d1a3adb4a
[35m[HTTP][39m [37m<-- GET /wd/hub/session/89da6772-3c55-454f-9b15-197d1a3adb4a/element/00000000-0000-04a2-ffff-ffff00000033/location [39m[32m200[39m [90m30 ms - 77[39m
[35m[HTTP][39m [90m[39m
[35m[HTTP][39m [37m-->[39m [37mPOST[39m [37m/wd/hub/session/89da6772-3c55-454f-9b15-197d1a3adb4a/timeouts[39m
[35m[HTTP][39m [90m{"implicit":30000}[39m
[35m[HTTP][39m [37m<-- POST /wd/hub/session/89da6772-3c55-454f-9b15-197d1a3adb4a/timeouts [39m[32m200[39m [90m1 ms - 14[39m
[35m[HTTP][39m [90m[39m
[35m[HTTP][39m [37m-->[39m [37mPOST[39m [37m/wd/hub/session/89da6772-3c55-454f-9b15-197d1a3adb4a/element/00000000-0000-04a2-ffff-ffff00000033/click[39m
[35m[HTTP][39m [90m{"id":"00000000-0000-04a2-ffff-ffff00000033"}[39m
[35m[HTTP][39m [37m<-- POST /wd/hub/session/89da6772-3c55-454f-9b15-197d1a3adb4a/element/00000000-0000-04a2-ffff-ffff00000033/click [39m[32m200[39m [90m96 ms - 14[39m
[35m[HTTP][39m [90m[39m
[35m[HTTP][39m [37m-->[39m [37mGET[39m [37m/wd/hub/session/89da6772-3c55-454f-9b15-197d1a3adb4a/context[39m
[35m[HTTP][39m [90m{}[39m
[35m[HTTP][39m [37m<-- GET /wd/hub/session/89da6772-3c55-454f-9b15-197d1a3adb4a/context [39m[32m200[39m [90m2 ms - 22[39m
[35m[HTTP][39m [90m[39m
[35m[HTTP][39m [37m-->[39m [37mGET[39m [37m/wd/hub/session/89da6772-3c55-454f-9b15-197d1a3adb4a/contexts[39m
[35m[HTTP][39m [90m{}[39m
[35m[HTTP][39m [37m<-- GET /wd/hub/session/89da6772-3c55-454f-9b15-197d1a3adb4a/contexts [39m[32m200[39m [90m248 ms - 70[39m
[35m[HTTP][39m [90m[39m
[35m[HTTP][39m [37m-->[39m [37mPOST[39m [37m/wd/hub/session/89da6772-3c55-454f-9b15-197d1a3adb4a/context[39m
[35m[HTTP][39m [90m{"name":"NATIVE_APP"}[39m
[35m[HTTP][39m [37m<-- POST /wd/hub/session/89da6772-3c55-454f-9b15-197d1a3adb4a/context [39m[32m200[39m [90m1 ms - 14[39m
[35m[HTTP][39m [90m[39m
[35m[HTTP][39m [37m-->[39m [37mPOST[39m [37m/wd/hub/session/89da6772-3c55-454f-9b15-197d1a3adb4a/appium/device/press_keycode[39m
[35m[HTTP][39m [90m{"keycode":4}[39m
[35m[HTTP][39m [37m<-- POST /wd/hub/session/89da6772-3c55-454f-9b15-197d1a3adb4a/appium/device/press_keycode [39m[32m200[39m [90m807 ms - 14[39m
[35m[HTTP][39m [90m[39m
[35m[HTTP][39m [37m-->[39m [37mPOST[39m [37m/wd/hub/session/89da6772-3c55-454f-9b15-197d1a3adb4a/context[39m
[35m[HTTP][39m [90m{"name":"NATIVE_APP"}[39m
[35m[HTTP][39m [37m<-- POST /wd/hub/session/89da6772-3c55-454f-9b15-197d1a3adb4a/context [39m[32m200[39m [90m1 ms - 14[39m
[35m[HTTP][39m [90m[39m
[35m[HTTP][39m [37m-->[39m [37mGET[39m [37m/wd/hub/session/89da6772-3c55-454f-9b15-197d1a3adb4a/context[39m
[35m[HTTP][39m [90m{}[39m
[35m[HTTP][39m [37m<-- GET /wd/hub/session/89da6772-3c55-454f-9b15-197d1a3adb4a/context [39m[32m200[39m [90m1 ms - 22[39m
[35m[HTTP][39m [90m[39m
[35m[HTTP][39m [37m-->[39m [37mGET[39m [37m/wd/hub/session/89da6772-3c55-454f-9b15-197d1a3adb4a/contexts[39m
[35m[HTTP][39m [90m{}[39m
[35m[HTTP][39m [37m<-- GET /wd/hub/session/89da6772-3c55-454f-9b15-197d1a3adb4a/contexts [39m[32m200[39m [90m131 ms - 70[39m
[35m[HTTP][39m [90m[39m
[35m[HTTP][39m [37m-->[39m [37mPOST[39m [37m/wd/hub/session/89da6772-3c55-454f-9b15-197d1a3adb4a/context[39m
[35m[HTTP][39m [90m{"name":"NATIVE_APP"}[39m
[35m[HTTP][39m [37m<-- POST /wd/hub/session/89da6772-3c55-454f-9b15-197d1a3adb4a/context [39m[32m200[39m [90m1 ms - 14[39m
[35m[HTTP][39m [90m[39m
[35m[HTTP][39m [37m-->[39m [37mPOST[39m [37m/wd/hub/session/89da6772-3c55-454f-9b15-197d1a3adb4a/network_connection[39m
[35m[HTTP][39m [90m{"name":"network_connection","parameters":{"type":2}}[39m
[35m[AndroidDriver][39m Setting network connection
[35m[AndroidDriver][39m Getting network connection
[35m[AndroidDriver][39m Not changing airplane mode, since it is already disabled
[35m[AndroidDriver][39m Not changing data connection/Wi-Fi states, since they are already set to expected values
[35m[HTTP][39m [37m<-- POST /wd/hub/session/89da6772-3c55-454f-9b15-197d1a3adb4a/network_connection [39m[32m200[39m [90m345 ms - 11[39m
[35m[HTTP][39m [90m[39m
[35m[HTTP][39m [37m-->[39m [37mPOST[39m [37m/wd/hub/session/89da6772-3c55-454f-9b15-197d1a3adb4a/context[39m
[35m[HTTP][39m [90m{"name":"NATIVE_APP"}[39m
[35m[HTTP][39m [37m<-- POST /wd/hub/session/89da6772-3c55-454f-9b15-197d1a3adb4a/context [39m[32m200[39m [90m1 ms - 14[39m
[35m[HTTP][39m [90m[39m
[35m[HTTP][39m [37m-->[39m [37mPOST[39m [37m/wd/hub/session/89da6772-3c55-454f-9b15-197d1a3adb4a/timeouts[39m
[35m[HTTP][39m [90m{"implicit":50}[39m
[35m[HTTP][39m [37m<-- POST /wd/hub/session/89da6772-3c55-454f-9b15-197d1a3adb4a/timeouts [39m[32m200[39m [90m1 ms - 14[39m
[35m[HTTP][39m [90m[39m
[35m[HTTP][39m [37m-->[39m [37mGET[39m [37m/wd/hub/session/89da6772-3c55-454f-9b15-197d1a3adb4a/window/rect[39m
[35m[HTTP][39m [90m{}[39m
[35m[HTTP][39m [37m<-- GET /wd/hub/session/89da6772-3c55-454f-9b15-197d1a3adb4a/window/rect [39m[32m200[39m [90m21 ms - 49[39m
[35m[HTTP][39m [90m[39m
[35m[HTTP][39m [37m-->[39m [37mPOST[39m [37m/wd/hub/session/89da6772-3c55-454f-9b15-197d1a3adb4a/elements[39m
[35m[HTTP][39m [90m{"using":"xpath","value":"//*[@class = 'android.widget.TextView' and (@text = 'Siguiente' or . = 'Siguiente') and @resource-id = 'com.naposystems.napoleonchat:id/textViewNextSlide']"}[39m
[35m[HTTP][39m [37m<-- POST /wd/hub/session/89da6772-3c55-454f-9b15-197d1a3adb4a/elements [39m[32m200[39m [90m352 ms - 139[39m
[35m[HTTP][39m [90m[39m
[35m[HTTP][39m [37m-->[39m [37mGET[39m [37m/wd/hub/session/89da6772-3c55-454f-9b15-197d1a3adb4a/element/00000000-0000-04a2-ffff-ffff0000004e/location[39m
[35m[HTTP][39m [90m{}[39m
[35m[W3C (89da6772)][39m Driver proxy active, passing request on via HTTP proxy
[35m[WD Proxy][39m Replacing sessionId 6a4c7c66-f20a-4e32-92dc-7179f8853dd0 with 89da6772-3c55-454f-9b15-197d1a3adb4a
[35m[HTTP][39m [37m<-- GET /wd/hub/session/89da6772-3c55-454f-9b15-197d1a3adb4a/element/00000000-0000-04a2-ffff-ffff0000004e/location [39m[32m200[39m [90m27 ms - 79[39m
[35m[HTTP][39m [90m[39m
[35m[HTTP][39m [37m-->[39m [37mPOST[39m [37m/wd/hub/session/89da6772-3c55-454f-9b15-197d1a3adb4a/timeouts[39m
[35m[HTTP][39m [90m{"implicit":30000}[39m
[35m[HTTP][39m [37m<-- POST /wd/hub/session/89da6772-3c55-454f-9b15-197d1a3adb4a/timeouts [39m[32m200[39m [90m2 ms - 14[39m
[35m[HTTP][39m [90m[39m
[35m[HTTP][39m [37m-->[39m [37mPOST[39m [37m/wd/hub/session/89da6772-3c55-454f-9b15-197d1a3adb4a/element/00000000-0000-04a2-ffff-ffff0000004e/click[39m
[35m[HTTP][39m [90m{"id":"00000000-0000-04a2-ffff-ffff0000004e"}[39m
[35m[HTTP][39m [37m<-- POST /wd/hub/session/89da6772-3c55-454f-9b15-197d1a3adb4a/element/00000000-0000-04a2-ffff-ffff0000004e/click [39m[32m200[39m [90m54 ms - 14[39m
[35m[HTTP][39m [90m[39m
[35m[HTTP][39m [37m-->[39m [37mPOST[39m [37m/wd/hub/session/89da6772-3c55-454f-9b15-197d1a3adb4a/timeouts[39m
[35m[HTTP][39m [90m{"implicit":50}[39m
[35m[HTTP][39m [37m<-- POST /wd/hub/session/89da6772-3c55-454f-9b15-197d1a3adb4a/timeouts [39m[32m200[39m [90m1 ms - 14[39m
[35m[HTTP][39m [90m[39m
[35m[HTTP][39m [37m-->[39m [37mGET[39m [37m/wd/hub/session/89da6772-3c55-454f-9b15-197d1a3adb4a/window/rect[39m
[35m[HTTP][39m [90m{}[39m
[35m[HTTP][39m [37m<-- GET /wd/hub/session/89da6772-3c55-454f-9b15-197d1a3adb4a/window/rect [39m[32m200[39m [90m17 ms - 49[39m
[35m[HTTP][39m [90m[39m
[35m[HTTP][39m [37m-->[39m [37mPOST[39m [37m/wd/hub/session/89da6772-3c55-454f-9b15-197d1a3adb4a/elements[39m
[35m[HTTP][39m [90m{"using":"xpath","value":"//hierarchy/android.widget.FrameLayout[1]"}[39m
[35m[HTTP][39m [37m<-- POST /wd/hub/session/89da6772-3c55-454f-9b15-197d1a3adb4a/elements [39m[32m200[39m [90m164 ms - 139[39m
[35m[HTTP][39m [90m[39m
[35m[HTTP][39m [37m-->[39m [37mGET[39m [37m/wd/hub/session/89da6772-3c55-454f-9b15-197d1a3adb4a/element/00000000-0000-04a2-ffff-ffff7ffffffe/location[39m
[35m[HTTP][39m [90m{}[39m
[35m[W3C (89da6772)][39m Driver proxy active, passing request on via HTTP proxy
[35m[WD Proxy][39m Replacing sessionId 6a4c7c66-f20a-4e32-92dc-7179f8853dd0 with 89da6772-3c55-454f-9b15-197d1a3adb4a
[35m[HTTP][39m [37m<-- GET /wd/hub/session/89da6772-3c55-454f-9b15-197d1a3adb4a/element/00000000-0000-04a2-ffff-ffff7ffffffe/location [39m[32m200[39m [90m475 ms - 74[39m
[35m[HTTP][39m [90m[39m
[35m[HTTP][39m [37m-->[39m [37mPOST[39m [37m/wd/hub/session/89da6772-3c55-454f-9b15-197d1a3adb4a/timeouts[39m
[35m[HTTP][39m [90m{"implicit":30000}[39m
[35m[HTTP][39m [37m<-- POST /wd/hub/session/89da6772-3c55-454f-9b15-197d1a3adb4a/timeouts [39m[32m200[39m [90m1 ms - 14[39m
[35m[HTTP][39m [90m[39m
[35m[HTTP][39m [37m-->[39m [37mGET[39m [37m/wd/hub/session/89da6772-3c55-454f-9b15-197d1a3adb4a/element/00000000-0000-04a2-ffff-ffff7ffffffe/text[39m
[35m[HTTP][39m [90m{}[39m
[35m[W3C (89da6772)][39m Driver proxy active, passing request on via HTTP proxy
[35m[WD Proxy][39m Replacing sessionId 6a4c7c66-f20a-4e32-92dc-7179f8853dd0 with 89da6772-3c55-454f-9b15-197d1a3adb4a
[35m[HTTP][39m [37m<-- GET /wd/hub/session/89da6772-3c55-454f-9b15-197d1a3adb4a/element/00000000-0000-04a2-ffff-ffff7ffffffe/text [39m[32m200[39m [90m22 ms - 63[39m
[35m[HTTP][39m [90m[39m
[35m[HTTP][39m [37m-->[39m [37mPOST[39m [37m/wd/hub/session/89da6772-3c55-454f-9b15-197d1a3adb4a/timeouts[39m
[35m[HTTP][39m [90m{"implicit":50}[39m
[35m[HTTP][39m [37m<-- POST /wd/hub/session/89da6772-3c55-454f-9b15-197d1a3adb4a/timeouts [39m[32m200[39m [90m1 ms - 14[39m
[35m[HTTP][39m [90m[39m
[35m[HTTP][39m [37m-->[39m [37mGET[39m [37m/wd/hub/session/89da6772-3c55-454f-9b15-197d1a3adb4a/window/rect[39m
[35m[HTTP][39m [90m{}[39m
[35m[HTTP][39m [37m<-- GET /wd/hub/session/89da6772-3c55-454f-9b15-197d1a3adb4a/window/rect [39m[32m200[39m [90m16 ms - 49[39m
[35m[HTTP][39m [90m[39m
[35m[HTTP][39m [37m-->[39m [37mPOST[39m [37m/wd/hub/session/89da6772-3c55-454f-9b15-197d1a3adb4a/elements[39m
[35m[HTTP][39m [90m{"using":"xpath","value":"//*[@class = 'android.widget.TextView' and (@text = 'Siguiente' or . = 'Siguiente') and @resource-id = 'com.naposystems.napoleonchat:id/textViewNextSlide']"}[39m
[35m[HTTP][39m [37m<-- POST /wd/hub/session/89da6772-3c55-454f-9b15-197d1a3adb4a/elements [39m[32m200[39m [90m204 ms - 139[39m
[35m[HTTP][39m [90m[39m
[35m[HTTP][39m [37m-->[39m [37mGET[39m [37m/wd/hub/session/89da6772-3c55-454f-9b15-197d1a3adb4a/element/00000000-0000-04a2-ffff-ffff0000004e/location[39m
[35m[HTTP][39m [90m{}[39m
[35m[W3C (89da6772)][39m Driver proxy active, passing request on via HTTP proxy
[35m[WD Proxy][39m Replacing sessionId 6a4c7c66-f20a-4e32-92dc-7179f8853dd0 with 89da6772-3c55-454f-9b15-197d1a3adb4a
[35m[HTTP][39m [37m<-- GET /wd/hub/session/89da6772-3c55-454f-9b15-197d1a3adb4a/element/00000000-0000-04a2-ffff-ffff0000004e/location [39m[32m200[39m [90m27 ms - 79[39m
[35m[HTTP][39m [90m[39m
[35m[HTTP][39m [37m-->[39m [37mPOST[39m [37m/wd/hub/session/89da6772-3c55-454f-9b15-197d1a3adb4a/timeouts[39m
[35m[HTTP][39m [90m{"implicit":30000}[39m
[35m[HTTP][39m [37m<-- POST /wd/hub/session/89da6772-3c55-454f-9b15-197d1a3adb4a/timeouts [39m[32m200[39m [90m1 ms - 14[39m
[35m[HTTP][39m [90m[39m
[35m[HTTP][39m [37m-->[39m [37mPOST[39m [37m/wd/hub/session/89da6772-3c55-454f-9b15-197d1a3adb4a/element/00000000-0000-04a2-ffff-ffff0000004e/click[39m
[35m[HTTP][39m [90m{"id":"00000000-0000-04a2-ffff-ffff0000004e"}[39m
[35m[HTTP][39m [37m<-- POST /wd/hub/session/89da6772-3c55-454f-9b15-197d1a3adb4a/element/00000000-0000-04a2-ffff-ffff0000004e/click [39m[32m200[39m [90m64 ms - 14[39m
[35m[HTTP][39m [90m[39m
[35m[HTTP][39m [37m-->[39m [37mPOST[39m [37m/wd/hub/session/89da6772-3c55-454f-9b15-197d1a3adb4a/timeouts[39m
[35m[HTTP][39m [90m{"implicit":50}[39m
[35m[HTTP][39m [37m<-- POST /wd/hub/session/89da6772-3c55-454f-9b15-197d1a3adb4a/timeouts [39m[32m200[39m [90m1 ms - 14[39m
[35m[HTTP][39m [90m[39m
[35m[HTTP][39m [37m-->[39m [37mGET[39m [37m/wd/hub/session/89da6772-3c55-454f-9b15-197d1a3adb4a/window/rect[39m
[35m[HTTP][39m [90m{}[39m
[35m[HTTP][39m [37m<-- GET /wd/hub/session/89da6772-3c55-454f-9b15-197d1a3adb4a/window/rect [39m[32m200[39m [90m16 ms - 49[39m
[35m[HTTP][39m [90m[39m
[35m[HTTP][39m [37m-->[39m [37mPOST[39m [37m/wd/hub/session/89da6772-3c55-454f-9b15-197d1a3adb4a/elements[39m
[35m[HTTP][39m [90m{"using":"xpath","value":"//hierarchy/android.widget.FrameLayout[1]"}[39m
[35m[HTTP][39m [37m<-- POST /wd/hub/session/89da6772-3c55-454f-9b15-197d1a3adb4a/elements [39m[32m200[39m [90m756 ms - 139[39m
[35m[HTTP][39m [90m[39m
[35m[HTTP][39m [37m-->[39m [37mGET[39m [37m/wd/hub/session/89da6772-3c55-454f-9b15-197d1a3adb4a/element/00000000-0000-04a2-ffff-ffff7ffffffe/location[39m
[35m[HTTP][39m [90m{}[39m
[35m[W3C (89da6772)][39m Driver proxy active, passing request on via HTTP proxy
[35m[WD Proxy][39m Replacing sessionId 6a4c7c66-f20a-4e32-92dc-7179f8853dd0 with 89da6772-3c55-454f-9b15-197d1a3adb4a
[35m[HTTP][39m [37m<-- GET /wd/hub/session/89da6772-3c55-454f-9b15-197d1a3adb4a/element/00000000-0000-04a2-ffff-ffff7ffffffe/location [39m[32m200[39m [90m30 ms - 74[39m
[35m[HTTP][39m [90m[39m
[35m[HTTP][39m [37m-->[39m [37mPOST[39m [37m/wd/hub/session/89da6772-3c55-454f-9b15-197d1a3adb4a/timeouts[39m
[35m[HTTP][39m [90m{"implicit":30000}[39m
[35m[HTTP][39m [37m<-- POST /wd/hub/session/89da6772-3c55-454f-9b15-197d1a3adb4a/timeouts [39m[32m200[39m [90m1 ms - 14[39m
[35m[HTTP][39m [90m[39m
[35m[HTTP][39m [37m-->[39m [37mGET[39m [37m/wd/hub/session/89da6772-3c55-454f-9b15-197d1a3adb4a/element/00000000-0000-04a2-ffff-ffff7ffffffe/text[39m
[35m[HTTP][39m [90m{}[39m
[35m[W3C (89da6772)][39m Driver proxy active, passing request on via HTTP proxy
[35m[WD Proxy][39m Replacing sessionId 6a4c7c66-f20a-4e32-92dc-7179f8853dd0 with 89da6772-3c55-454f-9b15-197d1a3adb4a
[35m[HTTP][39m [37m<-- GET /wd/hub/session/89da6772-3c55-454f-9b15-197d1a3adb4a/element/00000000-0000-04a2-ffff-ffff7ffffffe/text [39m[32m200[39m [90m23 ms - 63[39m
[35m[HTTP][39m [90m[39m
[35m[HTTP][39m [37m-->[39m [37mPOST[39m [37m/wd/hub/session/89da6772-3c55-454f-9b15-197d1a3adb4a/timeouts[39m
[35m[HTTP][39m [90m{"implicit":50}[39m
[35m[HTTP][39m [37m<-- POST /wd/hub/session/89da6772-3c55-454f-9b15-197d1a3adb4a/timeouts [39m[32m200[39m [90m1 ms - 14[39m
[35m[HTTP][39m [90m[39m
[35m[HTTP][39m [37m-->[39m [37mGET[39m [37m/wd/hub/session/89da6772-3c55-454f-9b15-197d1a3adb4a/window/rect[39m
[35m[HTTP][39m [90m{}[39m
[35m[HTTP][39m [37m<-- GET /wd/hub/session/89da6772-3c55-454f-9b15-197d1a3adb4a/window/rect [39m[32m200[39m [90m18 ms - 49[39m
[35m[HTTP][39m [90m[39m
[35m[HTTP][39m [37m-->[39m [37mPOST[39m [37m/wd/hub/session/89da6772-3c55-454f-9b15-197d1a3adb4a/elements[39m
[35m[HTTP][39m [90m{"using":"xpath","value":"//*[@class = 'android.widget.TextView' and (@text = 'Siguiente' or . = 'Siguiente') and @resource-id = 'com.naposystems.napoleonchat:id/textViewNextSlide']"}[39m
[35m[HTTP][39m [37m<-- POST /wd/hub/session/89da6772-3c55-454f-9b15-197d1a3adb4a/elements [39m[32m200[39m [90m222 ms - 139[39m
[35m[HTTP][39m [90m[39m
[35m[HTTP][39m [37m-->[39m [37mGET[39m [37m/wd/hub/session/89da6772-3c55-454f-9b15-197d1a3adb4a/element/00000000-0000-04a2-ffff-ffff0000004e/location[39m
[35m[HTTP][39m [90m{}[39m
[35m[W3C (89da6772)][39m Driver proxy active, passing request on via HTTP proxy
[35m[WD Proxy][39m Replacing sessionId 6a4c7c66-f20a-4e32-92dc-7179f8853dd0 with 89da6772-3c55-454f-9b15-197d1a3adb4a
[35m[HTTP][39m [37m<-- GET /wd/hub/session/89da6772-3c55-454f-9b15-197d1a3adb4a/element/00000000-0000-04a2-ffff-ffff0000004e/location [39m[32m200[39m [90m27 ms - 79[39m
[35m[HTTP][39m [90m[39m
[35m[HTTP][39m [37m-->[39m [37mPOST[39m [37m/wd/hub/session/89da6772-3c55-454f-9b15-197d1a3adb4a/timeouts[39m
[35m[HTTP][39m [90m{"implicit":30000}[39m
[35m[HTTP][39m [37m<-- POST /wd/hub/session/89da6772-3c55-454f-9b15-197d1a3adb4a/timeouts [39m[32m200[39m [90m1 ms - 14[39m
[35m[HTTP][39m [90m[39m
[35m[HTTP][39m [37m-->[39m [37mPOST[39m [37m/wd/hub/session/89da6772-3c55-454f-9b15-197d1a3adb4a/element/00000000-0000-04a2-ffff-ffff0000004e/click[39m
[35m[HTTP][39m [90m{"id":"00000000-0000-04a2-ffff-ffff0000004e"}[39m
[35m[HTTP][39m [37m<-- POST /wd/hub/session/89da6772-3c55-454f-9b15-197d1a3adb4a/element/00000000-0000-04a2-ffff-ffff0000004e/click [39m[32m200[39m [90m78 ms - 14[39m
[35m[HTTP][39m [90m[39m
[35m[HTTP][39m [37m-->[39m [37mPOST[39m [37m/wd/hub/session/89da6772-3c55-454f-9b15-197d1a3adb4a/timeouts[39m
[35m[HTTP][39m [90m{"implicit":50}[39m
[35m[HTTP][39m [37m<-- POST /wd/hub/session/89da6772-3c55-454f-9b15-197d1a3adb4a/timeouts [39m[32m200[39m [90m1 ms - 14[39m
[35m[HTTP][39m [90m[39m
[35m[HTTP][39m [37m-->[39m [37mGET[39m [37m/wd/hub/session/89da6772-3c55-454f-9b15-197d1a3adb4a/window/rect[39m
[35m[HTTP][39m [90m{}[39m
[35m[HTTP][39m [37m<-- GET /wd/hub/session/89da6772-3c55-454f-9b15-197d1a3adb4a/window/rect [39m[32m200[39m [90m15 ms - 49[39m
[35m[HTTP][39m [90m[39m
[35m[HTTP][39m [37m-->[39m [37mPOST[39m [37m/wd/hub/session/89da6772-3c55-454f-9b15-197d1a3adb4a/elements[39m
[35m[HTTP][39m [90m{"using":"xpath","value":"//*[@class = 'android.widget.TextView' and (@text = 'Siguiente' or . = 'Siguiente') and @resource-id = 'com.naposystems.napoleonchat:id/textViewNextSlide']"}[39m
[35m[HTTP][39m [37m<-- POST /wd/hub/session/89da6772-3c55-454f-9b15-197d1a3adb4a/elements [39m[32m200[39m [90m184 ms - 139[39m
[35m[HTTP][39m [90m[39m
[35m[HTTP][39m [37m-->[39m [37mGET[39m [37m/wd/hub/session/89da6772-3c55-454f-9b15-197d1a3adb4a/element/00000000-0000-04a2-ffff-ffff0000004e/location[39m
[35m[HTTP][39m [90m{}[39m
[35m[W3C (89da6772)][39m Driver proxy active, passing request on via HTTP proxy
[35m[WD Proxy][39m Replacing sessionId 6a4c7c66-f20a-4e32-92dc-7179f8853dd0 with 89da6772-3c55-454f-9b15-197d1a3adb4a
[35m[HTTP][39m [37m<-- GET /wd/hub/session/89da6772-3c55-454f-9b15-197d1a3adb4a/element/00000000-0000-04a2-ffff-ffff0000004e/location [39m[32m200[39m [90m436 ms - 79[39m
[35m[HTTP][39m [90m[39m
[35m[HTTP][39m [37m-->[39m [37mPOST[39m [37m/wd/hub/session/89da6772-3c55-454f-9b15-197d1a3adb4a/timeouts[39m
[35m[HTTP][39m [90m{"implicit":30000}[39m
[35m[HTTP][39m [37m<-- POST /wd/hub/session/89da6772-3c55-454f-9b15-197d1a3adb4a/timeouts [39m[32m200[39m [90m1 ms - 14[39m
[35m[HTTP][39m [90m[39m
[35m[HTTP][39m [37m-->[39m [37mPOST[39m [37m/wd/hub/session/89da6772-3c55-454f-9b15-197d1a3adb4a/element/00000000-0000-04a2-ffff-ffff0000004e/click[39m
[35m[HTTP][39m [90m{"id":"00000000-0000-04a2-ffff-ffff0000004e"}[39m
[35m[HTTP][39m [37m<-- POST /wd/hub/session/89da6772-3c55-454f-9b15-197d1a3adb4a/element/00000000-0000-04a2-ffff-ffff0000004e/click [39m[32m200[39m [90m733 ms - 14[39m
[35m[HTTP][39m [90m[39m
[35m[HTTP][39m [37m-->[39m [37mPOST[39m [37m/wd/hub/session/89da6772-3c55-454f-9b15-197d1a3adb4a/timeouts[39m
[35m[HTTP][39m [90m{"implicit":50}[39m
[35m[HTTP][39m [37m<-- POST /wd/hub/session/89da6772-3c55-454f-9b15-197d1a3adb4a/timeouts [39m[32m200[39m [90m1 ms - 14[39m
[35m[HTTP][39m [90m[39m
[35m[HTTP][39m [37m-->[39m [37mGET[39m [37m/wd/hub/session/89da6772-3c55-454f-9b15-197d1a3adb4a/window/rect[39m
[35m[HTTP][39m [90m{}[39m
[35m[HTTP][39m [37m<-- GET /wd/hub/session/89da6772-3c55-454f-9b15-197d1a3adb4a/window/rect [39m[32m200[39m [90m17 ms - 49[39m
[35m[HTTP][39m [90m[39m
[35m[HTTP][39m [37m-->[39m [37mPOST[39m [37m/wd/hub/session/89da6772-3c55-454f-9b15-197d1a3adb4a/elements[39m
[35m[HTTP][39m [90m{"using":"xpath","value":"//hierarchy/android.widget.FrameLayout[1]"}[39m
[35m[HTTP][39m [37m<-- POST /wd/hub/session/89da6772-3c55-454f-9b15-197d1a3adb4a/elements [39m[32m200[39m [90m125 ms - 139[39m
[35m[HTTP][39m [90m[39m
[35m[HTTP][39m [37m-->[39m [37mGET[39m [37m/wd/hub/session/89da6772-3c55-454f-9b15-197d1a3adb4a/element/00000000-0000-04a2-ffff-ffff7ffffffe/location[39m
[35m[HTTP][39m [90m{}[39m
[35m[W3C (89da6772)][39m Driver proxy active, passing request on via HTTP proxy
[35m[WD Proxy][39m Replacing sessionId 6a4c7c66-f20a-4e32-92dc-7179f8853dd0 with 89da6772-3c55-454f-9b15-197d1a3adb4a
[35m[HTTP][39m [37m<-- GET /wd/hub/session/89da6772-3c55-454f-9b15-197d1a3adb4a/element/00000000-0000-04a2-ffff-ffff7ffffffe/location [39m[32m200[39m [90m24 ms - 74[39m
[35m[HTTP][39m [90m[39m
[35m[HTTP][39m [37m-->[39m [37mPOST[39m [37m/wd/hub/session/89da6772-3c55-454f-9b15-197d1a3adb4a/timeouts[39m
[35m[HTTP][39m [90m{"implicit":30000}[39m
[35m[HTTP][39m [37m<-- POST /wd/hub/session/89da6772-3c55-454f-9b15-197d1a3adb4a/timeouts [39m[32m200[39m [90m1 ms - 14[39m
[35m[HTTP][39m [90m[39m
[35m[HTTP][39m [37m-->[39m [37mGET[39m [37m/wd/hub/session/89da6772-3c55-454f-9b15-197d1a3adb4a/element/00000000-0000-04a2-ffff-ffff7ffffffe/text[39m
[35m[HTTP][39m [90m{}[39m
[35m[W3C (89da6772)][39m Driver proxy active, passing request on via HTTP proxy
[35m[WD Proxy][39m Replacing sessionId 6a4c7c66-f20a-4e32-92dc-7179f8853dd0 with 89da6772-3c55-454f-9b15-197d1a3adb4a
[35m[HTTP][39m [37m<-- GET /wd/hub/session/89da6772-3c55-454f-9b15-197d1a3adb4a/element/00000000-0000-04a2-ffff-ffff7ffffffe/text [39m[32m200[39m [90m22 ms - 63[39m
[35m[HTTP][39m [90m[39m
[35m[HTTP][39m [37m-->[39m [37mPOST[39m [37m/wd/hub/session/89da6772-3c55-454f-9b15-197d1a3adb4a/timeouts[39m
[35m[HTTP][39m [90m{"implicit":50}[39m
[35m[HTTP][39m [37m<-- POST /wd/hub/session/89da6772-3c55-454f-9b15-197d1a3adb4a/timeouts [39m[32m200[39m [90m1 ms - 14[39m
[35m[HTTP][39m [90m[39m
[35m[HTTP][39m [37m-->[39m [37mGET[39m [37m/wd/hub/session/89da6772-3c55-454f-9b15-197d1a3adb4a/window/rect[39m
[35m[HTTP][39m [90m{}[39m
[35m[HTTP][39m [37m<-- GET /wd/hub/session/89da6772-3c55-454f-9b15-197d1a3adb4a/window/rect [39m[32m200[39m [90m16 ms - 49[39m
[35m[HTTP][39m [90m[39m
[35m[HTTP][39m [37m-->[39m [37mPOST[39m [37m/wd/hub/session/89da6772-3c55-454f-9b15-197d1a3adb4a/elements[39m
[35m[HTTP][39m [90m{"using":"xpath","value":"//*[@class = 'android.widget.TextView' and (@text = 'Siguiente' or . = 'Siguiente') and @resource-id = 'com.naposystems.napoleonchat:id/textViewNextSlide']"}[39m
[35m[HTTP][39m [37m<-- POST /wd/hub/session/89da6772-3c55-454f-9b15-197d1a3adb4a/elements [39m[32m200[39m [90m175 ms - 139[39m
[35m[HTTP][39m [90m[39m
[35m[HTTP][39m [37m-->[39m [37mGET[39m [37m/wd/hub/session/89da6772-3c55-454f-9b15-197d1a3adb4a/element/00000000-0000-04a2-ffff-ffff0000004e/location[39m
[35m[HTTP][39m [90m{}[39m
[35m[W3C (89da6772)][39m Driver proxy active, passing request on via HTTP proxy
[35m[WD Proxy][39m Replacing sessionId 6a4c7c66-f20a-4e32-92dc-7179f8853dd0 with 89da6772-3c55-454f-9b15-197d1a3adb4a
[35m[HTTP][39m [37m<-- GET /wd/hub/session/89da6772-3c55-454f-9b15-197d1a3adb4a/element/00000000-0000-04a2-ffff-ffff0000004e/location [39m[32m200[39m [90m25 ms - 79[39m
[35m[HTTP][39m [90m[39m
[35m[HTTP][39m [37m-->[39m [37mPOST[39m [37m/wd/hub/session/89da6772-3c55-454f-9b15-197d1a3adb4a/timeouts[39m
[35m[HTTP][39m [90m{"implicit":30000}[39m
[35m[HTTP][39m [37m<-- POST /wd/hub/session/89da6772-3c55-454f-9b15-197d1a3adb4a/timeouts [39m[32m200[39m [90m1 ms - 14[39m
[35m[HTTP][39m [90m[39m
[35m[HTTP][39m [37m-->[39m [37mPOST[39m [37m/wd/hub/session/89da6772-3c55-454f-9b15-197d1a3adb4a/element/00000000-0000-04a2-ffff-ffff0000004e/click[39m
[35m[HTTP][39m [90m{"id":"00000000-0000-04a2-ffff-ffff0000004e"}[39m
[35m[HTTP][39m [37m<-- POST /wd/hub/session/89da6772-3c55-454f-9b15-197d1a3adb4a/element/00000000-0000-04a2-ffff-ffff0000004e/click [39m[32m200[39m [90m59 ms - 14[39m
[35m[HTTP][39m [90m[39m
[35m[HTTP][39m [37m-->[39m [37mPOST[39m [37m/wd/hub/session/89da6772-3c55-454f-9b15-197d1a3adb4a/timeouts[39m
[35m[HTTP][39m [90m{"implicit":50}[39m
[35m[HTTP][39m [37m<-- POST /wd/hub/session/89da6772-3c55-454f-9b15-197d1a3adb4a/timeouts [39m[32m200[39m [90m1 ms - 14[39m
[35m[HTTP][39m [90m[39m
[35m[HTTP][39m [37m-->[39m [37mGET[39m [37m/wd/hub/session/89da6772-3c55-454f-9b15-197d1a3adb4a/window/rect[39m
[35m[HTTP][39m [90m{}[39m
[35m[HTTP][39m [37m<-- GET /wd/hub/session/89da6772-3c55-454f-9b15-197d1a3adb4a/window/rect [39m[32m200[39m [90m17 ms - 49[39m
[35m[HTTP][39m [90m[39m
[35m[HTTP][39m [37m-->[39m [37mPOST[39m [37m/wd/hub/session/89da6772-3c55-454f-9b15-197d1a3adb4a/elements[39m
[35m[HTTP][39m [90m{"using":"xpath","value":"//hierarchy/android.widget.FrameLayout[1]"}[39m
[35m[HTTP][39m [37m<-- POST /wd/hub/session/89da6772-3c55-454f-9b15-197d1a3adb4a/elements [39m[32m200[39m [90m711 ms - 139[39m
[35m[HTTP][39m [90m[39m
[35m[HTTP][39m [37m-->[39m [37mGET[39m [37m/wd/hub/session/89da6772-3c55-454f-9b15-197d1a3adb4a/element/00000000-0000-04a2-ffff-ffff7ffffffe/location[39m
[35m[HTTP][39m [90m{}[39m
[35m[W3C (89da6772)][39m Driver proxy active, passing request on via HTTP proxy
[35m[WD Proxy][39m Replacing sessionId 6a4c7c66-f20a-4e32-92dc-7179f8853dd0 with 89da6772-3c55-454f-9b15-197d1a3adb4a
[35m[HTTP][39m [37m<-- GET /wd/hub/session/89da6772-3c55-454f-9b15-197d1a3adb4a/element/00000000-0000-04a2-ffff-ffff7ffffffe/location [39m[32m200[39m [90m21 ms - 74[39m
[35m[HTTP][39m [90m[39m
[35m[HTTP][39m [37m-->[39m [37mPOST[39m [37m/wd/hub/session/89da6772-3c55-454f-9b15-197d1a3adb4a/timeouts[39m
[35m[HTTP][39m [90m{"implicit":30000}[39m
[35m[HTTP][39m [37m<-- POST /wd/hub/session/89da6772-3c55-454f-9b15-197d1a3adb4a/timeouts [39m[32m200[39m [90m1 ms - 14[39m
[35m[HTTP][39m [90m[39m
[35m[HTTP][39m [37m-->[39m [37mGET[39m [37m/wd/hub/session/89da6772-3c55-454f-9b15-197d1a3adb4a/element/00000000-0000-04a2-ffff-ffff7ffffffe/text[39m
[35m[HTTP][39m [90m{}[39m
[35m[W3C (89da6772)][39m Driver proxy active, passing request on via HTTP proxy
[35m[WD Proxy][39m Replacing sessionId 6a4c7c66-f20a-4e32-92dc-7179f8853dd0 with 89da6772-3c55-454f-9b15-197d1a3adb4a
[35m[HTTP][39m [37m<-- GET /wd/hub/session/89da6772-3c55-454f-9b15-197d1a3adb4a/element/00000000-0000-04a2-ffff-ffff7ffffffe/text [39m[32m200[39m [90m20 ms - 63[39m
[35m[HTTP][39m [90m[39m
[35m[HTTP][39m [37m-->[39m [37mPOST[39m [37m/wd/hub/session/89da6772-3c55-454f-9b15-197d1a3adb4a/timeouts[39m
[35m[HTTP][39m [90m{"implicit":50}[39m
[35m[HTTP][39m [37m<-- POST /wd/hub/session/89da6772-3c55-454f-9b15-197d1a3adb4a/timeouts [39m[32m200[39m [90m1 ms - 14[39m
[35m[HTTP][39m [90m[39m
[35m[HTTP][39m [37m-->[39m [37mGET[39m [37m/wd/hub/session/89da6772-3c55-454f-9b15-197d1a3adb4a/window/rect[39m
[35m[HTTP][39m [90m{}[39m
[35m[HTTP][39m [37m<-- GET /wd/hub/session/89da6772-3c55-454f-9b15-197d1a3adb4a/window/rect [39m[32m200[39m [90m14 ms - 49[39m
[35m[HTTP][39m [90m[39m
[35m[HTTP][39m [37m-->[39m [37mPOST[39m [37m/wd/hub/session/89da6772-3c55-454f-9b15-197d1a3adb4a/elements[39m
[35m[HTTP][39m [90m{"using":"xpath","value":"//*[@class = 'android.widget.TextView' and (@text = 'Empezar' or . = 'Empezar') and @resource-id = 'com.naposystems.napoleonchat:id/textViewFinishSlide']"}[39m
[35m[HTTP][39m [37m<-- POST /wd/hub/session/89da6772-3c55-454f-9b15-197d1a3adb4a/elements [39m[32m200[39m [90m144 ms - 139[39m
[35m[HTTP][39m [90m[39m
[35m[HTTP][39m [37m-->[39m [37mGET[39m [37m/wd/hub/session/89da6772-3c55-454f-9b15-197d1a3adb4a/element/00000000-0000-04a2-ffff-ffff0000004f/location[39m
[35m[HTTP][39m [90m{}[39m
[35m[W3C (89da6772)][39m Driver proxy active, passing request on via HTTP proxy
[35m[WD Proxy][39m Replacing sessionId 6a4c7c66-f20a-4e32-92dc-7179f8853dd0 with 89da6772-3c55-454f-9b15-197d1a3adb4a
[35m[HTTP][39m [37m<-- GET /wd/hub/session/89da6772-3c55-454f-9b15-197d1a3adb4a/element/00000000-0000-04a2-ffff-ffff0000004f/location [39m[32m200[39m [90m24 ms - 79[39m
[35m[HTTP][39m [90m[39m
[35m[HTTP][39m [37m-->[39m [37mPOST[39m [37m/wd/hub/session/89da6772-3c55-454f-9b15-197d1a3adb4a/timeouts[39m
[35m[HTTP][39m [90m{"implicit":30000}[39m
[35m[HTTP][39m [37m<-- POST /wd/hub/session/89da6772-3c55-454f-9b15-197d1a3adb4a/timeouts [39m[32m200[39m [90m1 ms - 14[39m
[35m[HTTP][39m [90m[39m
[35m[HTTP][39m [37m-->[39m [37mPOST[39m [37m/wd/hub/session/89da6772-3c55-454f-9b15-197d1a3adb4a/element/00000000-0000-04a2-ffff-ffff0000004f/click[39m
[35m[HTTP][39m [90m{"id":"00000000-0000-04a2-ffff-ffff0000004f"}[39m
[35m[HTTP][39m [37m<-- POST /wd/hub/session/89da6772-3c55-454f-9b15-197d1a3adb4a/element/00000000-0000-04a2-ffff-ffff0000004f/click [39m[32m200[39m [90m50 ms - 14[39m
[35m[HTTP][39m [90m[39m
[35m[HTTP][39m [37m-->[39m [37mGET[39m [37m/wd/hub/session/89da6772-3c55-454f-9b15-197d1a3adb4a/context[39m
[35m[HTTP][39m [90m{}[39m
[35m[HTTP][39m [37m<-- GET /wd/hub/session/89da6772-3c55-454f-9b15-197d1a3adb4a/context [39m[32m200[39m [90m1 ms - 22[39m
[35m[HTTP][39m [90m[39m
[35m[HTTP][39m [37m-->[39m [37mGET[39m [37m/wd/hub/session/89da6772-3c55-454f-9b15-197d1a3adb4a/contexts[39m
[35m[HTTP][39m [90m{}[39m
[35m[HTTP][39m [37m<-- GET /wd/hub/session/89da6772-3c55-454f-9b15-197d1a3adb4a/contexts [39m[32m200[39m [90m145 ms - 70[39m
[35m[HTTP][39m [90m[39m
[35m[HTTP][39m [37m-->[39m [37mPOST[39m [37m/wd/hub/session/89da6772-3c55-454f-9b15-197d1a3adb4a/context[39m
[35m[HTTP][39m [90m{"name":"NATIVE_APP"}[39m
[35m[HTTP][39m [37m<-- POST /wd/hub/session/89da6772-3c55-454f-9b15-197d1a3adb4a/context [39m[32m200[39m [90m1 ms - 14[39m
[35m[HTTP][39m [90m[39m
[35m[HTTP][39m [37m-->[39m [37mPOST[39m [37m/wd/hub/session/89da6772-3c55-454f-9b15-197d1a3adb4a/appium/device/press_keycode[39m
[35m[HTTP][39m [90m{"keycode":4}[39m
[35m[HTTP][39m [37m<-- POST /wd/hub/session/89da6772-3c55-454f-9b15-197d1a3adb4a/appium/device/press_keycode [39m[32m200[39m [90m385 ms - 14[39m
[35m[HTTP][39m [90m[39m
[35m[HTTP][39m [37m-->[39m [37mPOST[39m [37m/wd/hub/session/89da6772-3c55-454f-9b15-197d1a3adb4a/context[39m
[35m[HTTP][39m [90m{"name":"NATIVE_APP"}[39m
[35m[HTTP][39m [37m<-- POST /wd/hub/session/89da6772-3c55-454f-9b15-197d1a3adb4a/context [39m[32m200[39m [90m1 ms - 14[39m
[35m[HTTP][39m [90m[39m
[35m[HTTP][39m [37m-->[39m [37mGET[39m [37m/wd/hub/session/89da6772-3c55-454f-9b15-197d1a3adb4a/context[39m
[35m[HTTP][39m [90m{}[39m
[35m[HTTP][39m [37m<-- GET /wd/hub/session/89da6772-3c55-454f-9b15-197d1a3adb4a/context [39m[32m200[39m [90m1 ms - 22[39m
[35m[HTTP][39m [90m[39m
[35m[HTTP][39m [37m-->[39m [37mGET[39m [37m/wd/hub/session/89da6772-3c55-454f-9b15-197d1a3adb4a/contexts[39m
[35m[HTTP][39m [90m{}[39m
[35m[HTTP][39m [37m<-- GET /wd/hub/session/89da6772-3c55-454f-9b15-197d1a3adb4a/contexts [39m[32m200[39m [90m153 ms - 70[39m
[35m[HTTP][39m [90m[39m
[35m[HTTP][39m [37m-->[39m [37mPOST[39m [37m/wd/hub/session/89da6772-3c55-454f-9b15-197d1a3adb4a/context[39m
[35m[HTTP][39m [90m{"name":"NATIVE_APP"}[39m
[35m[HTTP][39m [37m<-- POST /wd/hub/session/89da6772-3c55-454f-9b15-197d1a3adb4a/context [39m[32m200[39m [90m1 ms - 14[39m
[35m[HTTP][39m [90m[39m
[35m[HTTP][39m [37m-->[39m [37mPOST[39m [37m/wd/hub/session/89da6772-3c55-454f-9b15-197d1a3adb4a/appium/device/press_keycode[39m
[35m[HTTP][39m [90m{"keycode":4}[39m
[35m[HTTP][39m [37m<-- POST /wd/hub/session/89da6772-3c55-454f-9b15-197d1a3adb4a/appium/device/press_keycode [39m[32m200[39m [90m579 ms - 14[39m
[35m[HTTP][39m [90m[39m
[35m[HTTP][39m [37m-->[39m [37mPOST[39m [37m/wd/hub/session/89da6772-3c55-454f-9b15-197d1a3adb4a/context[39m
[35m[HTTP][39m [90m{"name":"NATIVE_APP"}[39m
[35m[HTTP][39m [37m<-- POST /wd/hub/session/89da6772-3c55-454f-9b15-197d1a3adb4a/context [39m[32m200[39m [90m1 ms - 14[39m
[35m[HTTP][39m [90m[39m
[35m[HTTP][39m [37m-->[39m [37mGET[39m [37m/wd/hub/session/89da6772-3c55-454f-9b15-197d1a3adb4a/context[39m
[35m[HTTP][39m [90m{}[39m
[35m[HTTP][39m [37m<-- GET /wd/hub/session/89da6772-3c55-454f-9b15-197d1a3adb4a/context [39m[32m200[39m [90m1 ms - 22[39m
[35m[HTTP][39m [90m[39m
[35m[HTTP][39m [37m-->[39m [37mGET[39m [37m/wd/hub/session/89da6772-3c55-454f-9b15-197d1a3adb4a/contexts[39m
[35m[HTTP][39m [90m{}[39m
[35m[HTTP][39m [37m<-- GET /wd/hub/session/89da6772-3c55-454f-9b15-197d1a3adb4a/contexts [39m[32m200[39m [90m181 ms - 70[39m
[35m[HTTP][39m [90m[39m
[35m[HTTP][39m [37m-->[39m [37mPOST[39m [37m/wd/hub/session/89da6772-3c55-454f-9b15-197d1a3adb4a/context[39m
[35m[HTTP][39m [90m{"name":"NATIVE_APP"}[39m
[35m[HTTP][39m [37m<-- POST /wd/hub/session/89da6772-3c55-454f-9b15-197d1a3adb4a/context [39m[32m200[39m [90m1 ms - 14[39m
[35m[HTTP][39m [90m[39m
[35m[HTTP][39m [37m-->[39m [37mPOST[39m [37m/wd/hub/session/89da6772-3c55-454f-9b15-197d1a3adb4a/network_connection[39m
[35m[HTTP][39m [90m{"name":"network_connection","parameters":{"type":0}}[39m
[35m[AndroidDriver][39m Setting network connection
[35m[AndroidDriver][39m Getting network connection
[35m[AndroidDriver][39m Not changing airplane mode, since it is already disabled
[35m[AndroidDriver][39m Not changing data connection state, since it is already disabled
[35m[AndroidDriver][39m Getting network connection
[35m[HTTP][39m [37m<-- POST /wd/hub/session/89da6772-3c55-454f-9b15-197d1a3adb4a/network_connection [39m[32m200[39m [90m960 ms - 11[39m
[35m[HTTP][39m [90m[39m
[35m[HTTP][39m [37m-->[39m [37mPOST[39m [37m/wd/hub/session/89da6772-3c55-454f-9b15-197d1a3adb4a/context[39m
[35m[HTTP][39m [90m{"name":"NATIVE_APP"}[39m
[35m[HTTP][39m [37m<-- POST /wd/hub/session/89da6772-3c55-454f-9b15-197d1a3adb4a/context [39m[32m200[39m [90m1 ms - 14[39m
[35m[HTTP][39m [90m[39m
[35m[HTTP][39m [37m-->[39m [37mPOST[39m [37m/wd/hub/session/89da6772-3c55-454f-9b15-197d1a3adb4a/timeouts[39m
[35m[HTTP][39m [90m{"implicit":50}[39m
[35m[HTTP][39m [37m<-- POST /wd/hub/session/89da6772-3c55-454f-9b15-197d1a3adb4a/timeouts [39m[32m200[39m [90m1 ms - 14[39m
[35m[HTTP][39m [90m[39m
[35m[HTTP][39m [37m-->[39m [37mGET[39m [37m/wd/hub/session/89da6772-3c55-454f-9b15-197d1a3adb4a/window/rect[39m
[35m[HTTP][39m [90m{}[39m
[35m[HTTP][39m [37m<-- GET /wd/hub/session/89da6772-3c55-454f-9b15-197d1a3adb4a/window/rect [39m[32m200[39m [90m21 ms - 49[39m
[35m[HTTP][39m [90m[39m
[35m[HTTP][39m [37m-->[39m [37mPOST[39m [37m/wd/hub/session/89da6772-3c55-454f-9b15-197d1a3adb4a/elements[39m
[35m[HTTP][39m [90m{"using":"xpath","value":"//*[@class = 'android.widget.TextView' and (@text = 'NapoleoN' or . = 'NapoleoN') and @resource-id = 'com.sec.android.app.launcher:id/home_icon']"}[39m
[35m[HTTP][39m [37m<-- POST /wd/hub/session/89da6772-3c55-454f-9b15-197d1a3adb4a/elements [39m[32m200[39m [90m471 ms - 139[39m
[35m[HTTP][39m [90m[39m
[35m[HTTP][39m [37m-->[39m [37mGET[39m [37m/wd/hub/session/89da6772-3c55-454f-9b15-197d1a3adb4a/element/00000000-0000-049c-ffff-ffff0000011d/location[39m
[35m[HTTP][39m [90m{}[39m
[35m[W3C (89da6772)][39m Driver proxy active, passing request on via HTTP proxy
[35m[WD Proxy][39m Replacing sessionId 6a4c7c66-f20a-4e32-92dc-7179f8853dd0 with 89da6772-3c55-454f-9b15-197d1a3adb4a
[35m[HTTP][39m [37m<-- GET /wd/hub/session/89da6772-3c55-454f-9b15-197d1a3adb4a/element/00000000-0000-049c-ffff-ffff0000011d/location [39m[32m200[39m [90m590 ms - 78[39m
[35m[HTTP][39m [90m[39m
[35m[HTTP][39m [37m-->[39m [37mPOST[39m [37m/wd/hub/session/89da6772-3c55-454f-9b15-197d1a3adb4a/timeouts[39m
[35m[HTTP][39m [90m{"implicit":30000}[39m
[35m[HTTP][39m [37m<-- POST /wd/hub/session/89da6772-3c55-454f-9b15-197d1a3adb4a/timeouts [39m[32m200[39m [90m2 ms - 14[39m
[35m[HTTP][39m [90m[39m
[35m[HTTP][39m [37m-->[39m [37mPOST[39m [37m/wd/hub/session/89da6772-3c55-454f-9b15-197d1a3adb4a/element/00000000-0000-049c-ffff-ffff0000011d/click[39m
[35m[HTTP][39m [90m{"id":"00000000-0000-049c-ffff-ffff0000011d"}[39m
[35m[HTTP][39m [37m<-- POST /wd/hub/session/89da6772-3c55-454f-9b15-197d1a3adb4a/element/00000000-0000-049c-ffff-ffff0000011d/click [39m[32m200[39m [90m93 ms - 14[39m
[35m[HTTP][39m [90m[39m
[35m[HTTP][39m [37m-->[39m [37mGET[39m [37m/wd/hub/session/89da6772-3c55-454f-9b15-197d1a3adb4a/context[39m
[35m[HTTP][39m [90m{}[39m
[35m[HTTP][39m [37m<-- GET /wd/hub/session/89da6772-3c55-454f-9b15-197d1a3adb4a/context [39m[32m200[39m [90m1 ms - 22[39m
[35m[HTTP][39m [90m[39m
[35m[HTTP][39m [37m-->[39m [37mGET[39m [37m/wd/hub/session/89da6772-3c55-454f-9b15-197d1a3adb4a/contexts[39m
[35m[HTTP][39m [90m{}[39m
[35m[HTTP][39m [37m<-- GET /wd/hub/session/89da6772-3c55-454f-9b15-197d1a3adb4a/contexts [39m[32m200[39m [90m170 ms - 70[39m
[35m[HTTP][39m [90m[39m
[35m[HTTP][39m [37m-->[39m [37mPOST[39m [37m/wd/hub/session/89da6772-3c55-454f-9b15-197d1a3adb4a/context[39m
[35m[HTTP][39m [90m{"name":"NATIVE_APP"}[39m
[35m[HTTP][39m [37m<-- POST /wd/hub/session/89da6772-3c55-454f-9b15-197d1a3adb4a/context [39m[32m200[39m [90m1 ms - 14[39m
[35m[HTTP][39m [90m[39m
[35m[HTTP][39m [37m-->[39m [37mPOST[39m [37m/wd/hub/session/89da6772-3c55-454f-9b15-197d1a3adb4a/network_connection[39m
[35m[HTTP][39m [90m{"name":"network_connection","parameters":{"type":2}}[39m
[35m[AndroidDriver][39m Setting network connection
[35m[AndroidDriver][39m Getting network connection
[35m[AndroidDriver][39m Not changing airplane mode, since it is already disabled
[35m[AndroidDriver][39m Not changing data connection state, since it is already disabled
[35m[AndroidDriver][39m Getting network connection
[35m[HTTP][39m [37m<-- POST /wd/hub/session/89da6772-3c55-454f-9b15-197d1a3adb4a/network_connection [39m[32m200[39m [90m886 ms - 11[39m
[35m[HTTP][39m [90m[39m
[35m[HTTP][39m [37m-->[39m [37mPOST[39m [37m/wd/hub/session/89da6772-3c55-454f-9b15-197d1a3adb4a/context[39m
[35m[HTTP][39m [90m{"name":"NATIVE_APP"}[39m
[35m[HTTP][39m [37m<-- POST /wd/hub/session/89da6772-3c55-454f-9b15-197d1a3adb4a/context [39m[32m200[39m [90m1 ms - 14[39m
[35m[HTTP][39m [90m[39m
[35m[HTTP][39m [37m-->[39m [37mGET[39m [37m/wd/hub/session/89da6772-3c55-454f-9b15-197d1a3adb4a/context[39m
[35m[HTTP][39m [90m{}[39m
[35m[HTTP][39m [37m<-- GET /wd/hub/session/89da6772-3c55-454f-9b15-197d1a3adb4a/context [39m[32m200[39m [90m1 ms - 22[39m
[35m[HTTP][39m [90m[39m
[35m[HTTP][39m [37m-->[39m [37mGET[39m [37m/wd/hub/session/89da6772-3c55-454f-9b15-197d1a3adb4a/contexts[39m
[35m[HTTP][39m [90m{}[39m
[35m[HTTP][39m [37m<-- GET /wd/hub/session/89da6772-3c55-454f-9b15-197d1a3adb4a/contexts [39m[32m200[39m [90m129 ms - 70[39m
[35m[HTTP][39m [90m[39m
[35m[HTTP][39m [37m-->[39m [37mPOST[39m [37m/wd/hub/session/89da6772-3c55-454f-9b15-197d1a3adb4a/context[39m
[35m[HTTP][39m [90m{"name":"NATIVE_APP"}[39m
[35m[HTTP][39m [37m<-- POST /wd/hub/session/89da6772-3c55-454f-9b15-197d1a3adb4a/context [39m[32m200[39m [90m4 ms - 14[39m
[35m[HTTP][39m [90m[39m
[35m[HTTP][39m [37m-->[39m [37mPOST[39m [37m/wd/hub/session/89da6772-3c55-454f-9b15-197d1a3adb4a/appium/device/press_keycode[39m
[35m[HTTP][39m [90m{"keycode":4}[39m
[35m[HTTP][39m [37m<-- POST /wd/hub/session/89da6772-3c55-454f-9b15-197d1a3adb4a/appium/device/press_keycode [39m[32m200[39m [90m73 ms - 14[39m
[35m[HTTP][39m [90m[39m
[35m[HTTP][39m [37m-->[39m [37mPOST[39m [37m/wd/hub/session/89da6772-3c55-454f-9b15-197d1a3adb4a/context[39m
[35m[HTTP][39m [90m{"name":"NATIVE_APP"}[39m
[35m[HTTP][39m [37m<-- POST /wd/hub/session/89da6772-3c55-454f-9b15-197d1a3adb4a/context [39m[32m200[39m [90m1 ms - 14[39m
[35m[HTTP][39m [90m[39m
[35m[HTTP][39m [37m-->[39m [37mGET[39m [37m/wd/hub/session/89da6772-3c55-454f-9b15-197d1a3adb4a/context[39m
[35m[HTTP][39m [90m{}[39m
[35m[HTTP][39m [37m<-- GET /wd/hub/session/89da6772-3c55-454f-9b15-197d1a3adb4a/context [39m[32m200[39m [90m1 ms - 22[39m
[35m[HTTP][39m [90m[39m
[35m[HTTP][39m [37m-->[39m [37mGET[39m [37m/wd/hub/session/89da6772-3c55-454f-9b15-197d1a3adb4a/contexts[39m
[35m[HTTP][39m [90m{}[39m
[35m[HTTP][39m [37m<-- GET /wd/hub/session/89da6772-3c55-454f-9b15-197d1a3adb4a/contexts [39m[32m200[39m [90m157 ms - 70[39m
[35m[HTTP][39m [90m[39m
[35m[HTTP][39m [37m-->[39m [37mPOST[39m [37m/wd/hub/session/89da6772-3c55-454f-9b15-197d1a3adb4a/context[39m
[35m[HTTP][39m [90m{"name":"NATIVE_APP"}[39m
[35m[HTTP][39m [37m<-- POST /wd/hub/session/89da6772-3c55-454f-9b15-197d1a3adb4a/context [39m[32m200[39m [90m1 ms - 14[39m
[35m[HTTP][39m [90m[39m
[35m[HTTP][39m [37m-->[39m [37mPOST[39m [37m/wd/hub/session/89da6772-3c55-454f-9b15-197d1a3adb4a/appium/device/press_keycode[39m
[35m[HTTP][39m [90m{"keycode":4}[39m
[35m[HTTP][39m [37m<-- POST /wd/hub/session/89da6772-3c55-454f-9b15-197d1a3adb4a/appium/device/press_keycode [39m[32m200[39m [90m851 ms - 14[39m
[35m[HTTP][39m [90m[39m
[35m[HTTP][39m [37m-->[39m [37mPOST[39m [37m/wd/hub/session/89da6772-3c55-454f-9b15-197d1a3adb4a/context[39m
[35m[HTTP][39m [90m{"name":"NATIVE_APP"}[39m
[35m[HTTP][39m [37m<-- POST /wd/hub/session/89da6772-3c55-454f-9b15-197d1a3adb4a/context [39m[32m200[39m [90m1 ms - 14[39m
[35m[HTTP][39m [90m[39m
[35m[HTTP][39m [37m-->[39m [37mPOST[39m [37m/wd/hub/session/89da6772-3c55-454f-9b15-197d1a3adb4a/timeouts[39m
[35m[HTTP][39m [90m{"implicit":50}[39m
[35m[HTTP][39m [37m<-- POST /wd/hub/session/89da6772-3c55-454f-9b15-197d1a3adb4a/timeouts [39m[32m200[39m [90m1 ms - 14[39m
[35m[HTTP][39m [90m[39m
[35m[HTTP][39m [37m-->[39m [37mGET[39m [37m/wd/hub/session/89da6772-3c55-454f-9b15-197d1a3adb4a/window/rect[39m
[35m[HTTP][39m [90m{}[39m
[35m[HTTP][39m [37m<-- GET /wd/hub/session/89da6772-3c55-454f-9b15-197d1a3adb4a/window/rect [39m[32m200[39m [90m18 ms - 49[39m
[35m[HTTP][39m [90m[39m
[35m[HTTP][39m [37m-->[39m [37mPOST[39m [37m/wd/hub/session/89da6772-3c55-454f-9b15-197d1a3adb4a/elements[39m
[35m[HTTP][39m [90m{"using":"xpath","value":"//*[@class = 'android.widget.TextView' and (@text = 'NapoleoN' or . = 'NapoleoN') and @resource-id = 'com.sec.android.app.launcher:id/home_icon']"}[39m
[35m[HTTP][39m [37m<-- POST /wd/hub/session/89da6772-3c55-454f-9b15-197d1a3adb4a/elements [39m[32m200[39m [90m242 ms - 139[39m
[35m[HTTP][39m [90m[39m
[35m[HTTP][39m [37m-->[39m [37mGET[39m [37m/wd/hub/session/89da6772-3c55-454f-9b15-197d1a3adb4a/element/00000000-0000-049c-ffff-ffff0000011d/location[39m
[35m[HTTP][39m [90m{}[39m
[35m[W3C (89da6772)][39m Driver proxy active, passing request on via HTTP proxy
[35m[WD Proxy][39m Replacing sessionId 6a4c7c66-f20a-4e32-92dc-7179f8853dd0 with 89da6772-3c55-454f-9b15-197d1a3adb4a
[35m[HTTP][39m [37m<-- GET /wd/hub/session/89da6772-3c55-454f-9b15-197d1a3adb4a/element/00000000-0000-049c-ffff-ffff0000011d/location [39m[32m200[39m [90m23 ms - 78[39m
[35m[HTTP][39m [90m[39m
[35m[HTTP][39m [37m-->[39m [37mPOST[39m [37m/wd/hub/session/89da6772-3c55-454f-9b15-197d1a3adb4a/timeouts[39m
[35m[HTTP][39m [90m{"implicit":30000}[39m
[35m[HTTP][39m [37m<-- POST /wd/hub/session/89da6772-3c55-454f-9b15-197d1a3adb4a/timeouts [39m[32m200[39m [90m1 ms - 14[39m
[35m[HTTP][39m [90m[39m
[35m[HTTP][39m [37m-->[39m [37mPOST[39m [37m/wd/hub/session/89da6772-3c55-454f-9b15-197d1a3adb4a/element/00000000-0000-049c-ffff-ffff0000011d/click[39m
[35m[HTTP][39m [90m{"id":"00000000-0000-049c-ffff-ffff0000011d"}[39m
[35m[HTTP][39m [37m<-- POST /wd/hub/session/89da6772-3c55-454f-9b15-197d1a3adb4a/element/00000000-0000-049c-ffff-ffff0000011d/click [39m[32m200[39m [90m83 ms - 14[39m
[35m[HTTP][39m [90m[39m
[35m[HTTP][39m [37m-->[39m [37mGET[39m [37m/wd/hub/session/89da6772-3c55-454f-9b15-197d1a3adb4a/context[39m
[35m[HTTP][39m [90m{}[39m
[35m[HTTP][39m [37m<-- GET /wd/hub/session/89da6772-3c55-454f-9b15-197d1a3adb4a/context [39m[32m200[39m [90m1 ms - 22[39m
[35m[HTTP][39m [90m[39m
[35m[HTTP][39m [37m-->[39m [37mGET[39m [37m/wd/hub/session/89da6772-3c55-454f-9b15-197d1a3adb4a/contexts[39m
[35m[HTTP][39m [90m{}[39m
[35m[HTTP][39m [37m<-- GET /wd/hub/session/89da6772-3c55-454f-9b15-197d1a3adb4a/contexts [39m[32m200[39m [90m292 ms - 70[39m
[35m[HTTP][39m [90m[39m
[35m[HTTP][39m [37m-->[39m [37mPOST[39m [37m/wd/hub/session/89da6772-3c55-454f-9b15-197d1a3adb4a/context[39m
[35m[HTTP][39m [90m{"name":"NATIVE_APP"}[39m
[35m[HTTP][39m [37m<-- POST /wd/hub/session/89da6772-3c55-454f-9b15-197d1a3adb4a/context [39m[32m200[39m [90m1 ms - 14[39m
[35m[HTTP][39m [90m[39m
[35m[HTTP][39m [37m-->[39m [37mPOST[39m [37m/wd/hub/session/89da6772-3c55-454f-9b15-197d1a3adb4a/network_connection[39m
[35m[HTTP][39m [90m{"name":"network_connection","parameters":{"type":0}}[39m
[35m[AndroidDriver][39m Setting network connection
[35m[AndroidDriver][39m Getting network connection
[35m[AndroidDriver][39m Not changing airplane mode, since it is already disabled
[35m[AndroidDriver][39m Not changing data connection state, since it is already disabled
[35m[AndroidDriver][39m Getting network connection
[35m[HTTP][39m [37m<-- POST /wd/hub/session/89da6772-3c55-454f-9b15-197d1a3adb4a/network_connection [39m[32m200[39m [90m949 ms - 11[39m
[35m[HTTP][39m [90m[39m
[35m[HTTP][39m [37m-->[39m [37mPOST[39m [37m/wd/hub/session/89da6772-3c55-454f-9b15-197d1a3adb4a/context[39m
[35m[HTTP][39m [90m{"name":"NATIVE_APP"}[39m
[35m[HTTP][39m [37m<-- POST /wd/hub/session/89da6772-3c55-454f-9b15-197d1a3adb4a/context [39m[32m200[39m [90m1 ms - 14[39m
[35m[HTTP][39m [90m[39m
[35m[HTTP][39m [37m-->[39m [37mGET[39m [37m/wd/hub/session/89da6772-3c55-454f-9b15-197d1a3adb4a/context[39m
[35m[HTTP][39m [90m{}[39m
[35m[HTTP][39m [37m<-- GET /wd/hub/session/89da6772-3c55-454f-9b15-197d1a3adb4a/context [39m[32m200[39m [90m1 ms - 22[39m
[35m[HTTP][39m [90m[39m
[35m[HTTP][39m [37m-->[39m [37mGET[39m [37m/wd/hub/session/89da6772-3c55-454f-9b15-197d1a3adb4a/contexts[39m
[35m[HTTP][39m [90m{}[39m
[35m[HTTP][39m [37m<-- GET /wd/hub/session/89da6772-3c55-454f-9b15-197d1a3adb4a/contexts [39m[32m200[39m [90m114 ms - 70[39m
[35m[HTTP][39m [90m[39m
[35m[HTTP][39m [37m-->[39m [37mPOST[39m [37m/wd/hub/session/89da6772-3c55-454f-9b15-197d1a3adb4a/context[39m
[35m[HTTP][39m [90m{"name":"NATIVE_APP"}[39m
[35m[HTTP][39m [37m<-- POST /wd/hub/session/89da6772-3c55-454f-9b15-197d1a3adb4a/context [39m[32m200[39m [90m1 ms - 14[39m
[35m[HTTP][39m [90m[39m
[35m[HTTP][39m [37m-->[39m [37mPOST[39m [37m/wd/hub/session/89da6772-3c55-454f-9b15-197d1a3adb4a/appium/device/press_keycode[39m
[35m[HTTP][39m [90m{"keycode":4}[39m
[35m[HTTP][39m [37m<-- POST /wd/hub/session/89da6772-3c55-454f-9b15-197d1a3adb4a/appium/device/press_keycode [39m[32m200[39m [90m70 ms - 14[39m
[35m[HTTP][39m [90m[39m
[35m[HTTP][39m [37m-->[39m [37mPOST[39m [37m/wd/hub/session/89da6772-3c55-454f-9b15-197d1a3adb4a/context[39m
[35m[HTTP][39m [90m{"name":"NATIVE_APP"}[39m
[35m[HTTP][39m [37m<-- POST /wd/hub/session/89da6772-3c55-454f-9b15-197d1a3adb4a/context [39m[32m200[39m [90m1 ms - 14[39m
[35m[HTTP][39m [90m[39m
[35m[HTTP][39m [37m-->[39m [37mGET[39m [37m/wd/hub/session/89da6772-3c55-454f-9b15-197d1a3adb4a/context[39m
[35m[HTTP][39m [90m{}[39m
[35m[HTTP][39m [37m<-- GET /wd/hub/session/89da6772-3c55-454f-9b15-197d1a3adb4a/context [39m[32m200[39m [90m1 ms - 22[39m
[35m[HTTP][39m [90m[39m
[35m[HTTP][39m [37m-->[39m [37mGET[39m [37m/wd/hub/session/89da6772-3c55-454f-9b15-197d1a3adb4a/contexts[39m
[35m[HTTP][39m [90m{}[39m
[35m[HTTP][39m [37m<-- GET /wd/hub/session/89da6772-3c55-454f-9b15-197d1a3adb4a/contexts [39m[32m200[39m [90m172 ms - 70[39m
[35m[HTTP][39m [90m[39m
[35m[HTTP][39m [37m-->[39m [37mPOST[39m [37m/wd/hub/session/89da6772-3c55-454f-9b15-197d1a3adb4a/context[39m
[35m[HTTP][39m [90m{"name":"NATIVE_APP"}[39m
[35m[HTTP][39m [37m<-- POST /wd/hub/session/89da6772-3c55-454f-9b15-197d1a3adb4a/context [39m[32m200[39m [90m1 ms - 14[39m
[35m[HTTP][39m [90m[39m
[35m[HTTP][39m [37m-->[39m [37mPOST[39m [37m/wd/hub/session/89da6772-3c55-454f-9b15-197d1a3adb4a/appium/device/press_keycode[39m
[35m[HTTP][39m [90m{"keycode":4}[39m
[35m[HTTP][39m [37m<-- POST /wd/hub/session/89da6772-3c55-454f-9b15-197d1a3adb4a/appium/device/press_keycode [39m[32m200[39m [90m839 ms - 14[39m
[35m[HTTP][39m [90m[39m
[35m[HTTP][39m [37m-->[39m [37mPOST[39m [37m/wd/hub/session/89da6772-3c55-454f-9b15-197d1a3adb4a/context[39m
[35m[HTTP][39m [90m{"name":"NATIVE_APP"}[39m
[35m[HTTP][39m [37m<-- POST /wd/hub/session/89da6772-3c55-454f-9b15-197d1a3adb4a/context [39m[32m200[39m [90m2 ms - 14[39m
[35m[HTTP][39m [90m[39m
[35m[HTTP][39m [37m-->[39m [37mGET[39m [37m/wd/hub/session/89da6772-3c55-454f-9b15-197d1a3adb4a/context[39m
[35m[HTTP][39m [90m{}[39m
[35m[HTTP][39m [37m<-- GET /wd/hub/session/89da6772-3c55-454f-9b15-197d1a3adb4a/context [39m[32m200[39m [90m1 ms - 22[39m
[35m[HTTP][39m [90m[39m
[35m[HTTP][39m [37m-->[39m [37mGET[39m [37m/wd/hub/session/89da6772-3c55-454f-9b15-197d1a3adb4a/contexts[39m
[35m[HTTP][39m [90m{}[39m
[35m[HTTP][39m [37m<-- GET /wd/hub/session/89da6772-3c55-454f-9b15-197d1a3adb4a/contexts [39m[32m200[39m [90m133 ms - 70[39m
[35m[HTTP][39m [90m[39m
[35m[HTTP][39m [37m-->[39m [37mPOST[39m [37m/wd/hub/session/89da6772-3c55-454f-9b15-197d1a3adb4a/context[39m
[35m[HTTP][39m [90m{"name":"NATIVE_APP"}[39m
[35m[HTTP][39m [37m<-- POST /wd/hub/session/89da6772-3c55-454f-9b15-197d1a3adb4a/context [39m[32m200[39m [90m1 ms - 14[39m
[35m[HTTP][39m [90m[39m
[35m[HTTP][39m [37m-->[39m [37mPOST[39m [37m/wd/hub/session/89da6772-3c55-454f-9b15-197d1a3adb4a/network_connection[39m
[35m[HTTP][39m [90m{"name":"network_connection","parameters":{"type":2}}[39m
[35m[AndroidDriver][39m Setting network connection
[35m[AndroidDriver][39m Getting network connection
[35m[AndroidDriver][39m Not changing airplane mode, since it is already disabled
[35m[AndroidDriver][39m Not changing data connection state, since it is already disabled
[35m[AndroidDriver][39m Getting network connection
[35m[HTTP][39m [37m<-- POST /wd/hub/session/89da6772-3c55-454f-9b15-197d1a3adb4a/network_connection [39m[32m200[39m [90m613 ms - 11[39m
[35m[HTTP][39m [90m[39m
[35m[HTTP][39m [37m-->[39m [37mPOST[39m [37m/wd/hub/session/89da6772-3c55-454f-9b15-197d1a3adb4a/context[39m
[35m[HTTP][39m [90m{"name":"NATIVE_APP"}[39m
[35m[HTTP][39m [37m<-- POST /wd/hub/session/89da6772-3c55-454f-9b15-197d1a3adb4a/context [39m[32m200[39m [90m1 ms - 14[39m
[35m[HTTP][39m [90m[39m
[35m[HTTP][39m [37m-->[39m [37mGET[39m [37m/wd/hub/session/89da6772-3c55-454f-9b15-197d1a3adb4a/context[39m
[35m[HTTP][39m [90m{}[39m
[35m[HTTP][39m [37m<-- GET /wd/hub/session/89da6772-3c55-454f-9b15-197d1a3adb4a/context [39m[32m200[39m [90m1 ms - 22[39m
[35m[HTTP][39m [90m[39m
[35m[HTTP][39m [37m-->[39m [37mGET[39m [37m/wd/hub/session/89da6772-3c55-454f-9b15-197d1a3adb4a/contexts[39m
[35m[HTTP][39m [90m{}[39m
[35m[HTTP][39m [37m<-- GET /wd/hub/session/89da6772-3c55-454f-9b15-197d1a3adb4a/contexts [39m[32m200[39m [90m102 ms - 24[39m
[35m[HTTP][39m [90m[39m
[35m[HTTP][39m [37m-->[39m [37mPOST[39m [37m/wd/hub/session/89da6772-3c55-454f-9b15-197d1a3adb4a/context[39m
[35m[HTTP][39m [90m{"name":"NATIVE_APP"}[39m
[35m[HTTP][39m [37m<-- POST /wd/hub/session/89da6772-3c55-454f-9b15-197d1a3adb4a/context [39m[32m200[39m [90m1 ms - 14[39m
[35m[HTTP][39m [90m[39m
[35m[HTTP][39m [37m-->[39m [37mPOST[39m [37m/wd/hub/session/89da6772-3c55-454f-9b15-197d1a3adb4a/network_connection[39m
[35m[HTTP][39m [90m{"name":"network_connection","parameters":{"type":0}}[39m
[35m[AndroidDriver][39m Setting network connection
[35m[AndroidDriver][39m Getting network connection
[35m[AndroidDriver][39m Not changing airplane mode, since it is already disabled
[35m[AndroidDriver][39m Not changing data connection state, since it is already disabled
[35m[AndroidDriver][39m Getting network connection
[35m[HTTP][39m [37m<-- POST /wd/hub/session/89da6772-3c55-454f-9b15-197d1a3adb4a/network_connection [39m[32m200[39m [90m13248 ms - 11[39m
[35m[HTTP][39m [90m[39m
[35m[HTTP][39m [37m-->[39m [37mPOST[39m [37m/wd/hub/session/89da6772-3c55-454f-9b15-197d1a3adb4a/context[39m
[35m[HTTP][39m [90m{"name":"NATIVE_APP"}[39m
[35m[HTTP][39m [37m<-- POST /wd/hub/session/89da6772-3c55-454f-9b15-197d1a3adb4a/context [39m[32m200[39m [90m2 ms - 14[39m
[35m[HTTP][39m [90m[39m
[35m[HTTP][39m [37m-->[39m [37mPOST[39m [37m/wd/hub/session/89da6772-3c55-454f-9b15-197d1a3adb4a/timeouts[39m
[35m[HTTP][39m [90m{"implicit":50}[39m
[35m[HTTP][39m [37m<-- POST /wd/hub/session/89da6772-3c55-454f-9b15-197d1a3adb4a/timeouts [39m[32m200[39m [90m1 ms - 14[39m
[35m[HTTP][39m [90m[39m
[35m[HTTP][39m [37m-->[39m [37mGET[39m [37m/wd/hub/session/89da6772-3c55-454f-9b15-197d1a3adb4a/window/rect[39m
[35m[HTTP][39m [90m{}[39m
[35m[HTTP][39m [37m<-- GET /wd/hub/session/89da6772-3c55-454f-9b15-197d1a3adb4a/window/rect [39m[32m200[39m [90m74 ms - 49[39m
[35m[HTTP][39m [90m[39m
[35m[HTTP][39m [37m-->[39m [37mPOST[39m [37m/wd/hub/session/89da6772-3c55-454f-9b15-197d1a3adb4a/elements[39m
[35m[HTTP][39m [90m{"using":"xpath","value":"//*[@class = 'android.widget.TextView' and (@text = 'NapoleoN' or . = 'NapoleoN') and @resource-id = 'com.sec.android.app.launcher:id/home_icon']"}[39m
[35m[HTTP][39m [37m<-- POST /wd/hub/session/89da6772-3c55-454f-9b15-197d1a3adb4a/elements [39m[32m200[39m [90m774 ms - 12[39m
[35m[HTTP][39m [90m[39m
[35m[HTTP][39m [37m-->[39m [37mPOST[39m [37m/wd/hub/session/89da6772-3c55-454f-9b15-197d1a3adb4a/elements[39m
[35m[HTTP][39m [90m{"using":"xpath","value":"//*[@class = 'android.widget.TextView' and (@text = 'NapoleoN' or . = 'NapoleoN') and @resource-id = 'com.sec.android.app.launcher:id/home_icon']"}[39m
[35m[HTTP][39m [37m<-- POST /wd/hub/session/89da6772-3c55-454f-9b15-197d1a3adb4a/elements [39m[32m200[39m [90m273 ms - 12[39m
[35m[HTTP][39m [90m[39m
[35m[HTTP][39m [37m-->[39m [37mPOST[39m [37m/wd/hub/session/89da6772-3c55-454f-9b15-197d1a3adb4a/elements[39m
[35m[HTTP][39m [90m{"using":"xpath","value":"//*[@class = 'android.widget.TextView' and (@text = 'NapoleoN' or . = 'NapoleoN') and @resource-id = 'com.sec.android.app.launcher:id/home_icon']"}[39m
[35m[HTTP][39m [37m<-- POST /wd/hub/session/89da6772-3c55-454f-9b15-197d1a3adb4a/elements [39m[32m200[39m [90m202 ms - 12[39m
[35m[HTTP][39m [90m[39m
[35m[HTTP][39m [37m-->[39m [37mPOST[39m [37m/wd/hub/session/89da6772-3c55-454f-9b15-197d1a3adb4a/elements[39m
[35m[HTTP][39m [90m{"using":"xpath","value":"//*[@class = 'android.widget.TextView' and (@text = 'NapoleoN' or . = 'NapoleoN') and @resource-id = 'com.sec.android.app.launcher:id/home_icon']"}[39m
[35m[HTTP][39m [37m<-- POST /wd/hub/session/89da6772-3c55-454f-9b15-197d1a3adb4a/elements [39m[32m200[39m [90m192 ms - 12[39m
[35m[HTTP][39m [90m[39m
[35m[HTTP][39m [37m-->[39m [37mPOST[39m [37m/wd/hub/session/89da6772-3c55-454f-9b15-197d1a3adb4a/elements[39m
[35m[HTTP][39m [90m{"using":"xpath","value":"//*[@class = 'android.widget.TextView' and (@text = 'NapoleoN' or . = 'NapoleoN') and @resource-id = 'com.sec.android.app.launcher:id/home_icon']"}[39m
[35m[HTTP][39m [37m<-- POST /wd/hub/session/89da6772-3c55-454f-9b15-197d1a3adb4a/elements [39m[32m200[39m [90m151 ms - 12[39m
[35m[HTTP][39m [90m[39m
[35m[HTTP][39m [37m-->[39m [37mPOST[39m [37m/wd/hub/session/89da6772-3c55-454f-9b15-197d1a3adb4a/elements[39m
[35m[HTTP][39m [90m{"using":"xpath","value":"//*[@class = 'android.widget.TextView' and (@text = 'NapoleoN' or . = 'NapoleoN') and @resource-id = 'com.sec.android.app.launcher:id/home_icon']"}[39m
[35m[HTTP][39m [37m<-- POST /wd/hub/session/89da6772-3c55-454f-9b15-197d1a3adb4a/elements [39m[32m-[39m [90m- ms - -[39m
[35m[HTTP][39m [90m[39m
[35m[BaseDriver][39m Shutting down because we waited 1800 seconds for a command
[35m[Appium][39m Closing session, cause was 'New Command Timeout of 1800 seconds expired. Try customizing the timeout using the 'newCommandTimeout' desired capability'
[35m[Appium][39m Removing session '89da6772-3c55-454f-9b15-197d1a3adb4a' from our master session list
[35m[ADB][39m com.naposystems.napoleonchat was not uninstalled, because it was not present on the device
[35m[UiAutomator2][39m Restoring hidden api policy to the device default configuration
