[35m[Appium][39m Welcome to Appium v1.22.3
[35m[Appium][39m Non-default server args:
[35m[Appium][39m   port: 61449
[35m[Appium][39m   loglevel: info
[35m[Appium][39m   tmpDir: C:\Users\Testing\AppData\Local\Temp\\Katalon\Appium\Temp1685634701456
[35m[Appium][39m   chromedriverPort: 61450
[35m[Appium][39m Deprecated server args:
[35m[Appium][39m   [31m--chromedriver-port[39m => --default-capabilities
[35m[Appium][39m Default capabilities, which will be added to each request unless overridden by desired capabilities:
[35m[Appium][39m   chromedriverPort: 61450
[35m[Appium][39m Appium REST http interface listener started on 0.0.0.0:61449
[35m[HTTP][39m [37m-->[39m [37mGET[39m [37m/wd/hub/status[39m
[35m[HTTP][39m [90m{}[39m
[35m[HTTP][39m [37m<-- GET /wd/hub/status [39m[32m200[39m [90m10 ms - 68[39m
[35m[HTTP][39m [90m[39m
[35m[HTTP][39m [37m-->[39m [37mPOST[39m [37m/wd/hub/session[39m
[35m[HTTP][39m [90m{"desiredCapabilities":{"app":"C:\\Users\\Testing\\Desktop\\katalon\\Version nueva\\app-debug (2).apk","noReset":false,"deviceName":"samsung SM-A107M (Android 11)","fullReset":true,"platform":"ANDROID","newCommandTimeout":1800,"platformVersion":"11","automationName":"uiautomator2","autoGrantPermissions":true,"platformName":"Android","udid":"R9WN40KBXDJ","systemPort":61448},"capabilities":{"firstMatch":[{"appium:app":"C:\\Users\\Testing\\Desktop\\katalon\\Version nueva\\app-debug (2).apk","appium:autoGrantPermissions":true,"appium:automationName":"uiautomator2","appium:deviceName":"samsung SM-A107M (Android 11)","appium:fullReset":true,"appium:newCommandTimeout":1800,"appium:noReset":false,"platform":"ANDROID","platformName":"android","appium:platformVersion":"11","appium:systemPort":61448,"appium:udid":"R9WN40KBXDJ"}]}}[39m
[35m[BaseDriver][39m The following capabilities are not standard capabilities and should have an extension prefix:
[35m[BaseDriver][39m   platform
[35m[BaseDriver][39m   chromedriverPort
[35m[Appium][39m Appium v1.22.3 creating new AndroidUiautomator2Driver (v1.70.1) session
[35m[BaseDriver][39m The following capabilities were provided, but are not recognized by Appium:
[35m[BaseDriver][39m   platform
[35m[BaseDriver][39m Session created with session id: b22f88f2-de42-4e83-8227-c7341ae2f5ae
[35m[BaseDriver][39m Using local app 'C:\Users\Testing\Desktop\katalon\Version nueva\app-debug (2).apk'
[35m[ADB][39m Found 1 'build-tools' folders under 'C:\Users\Testing\.katalon\tools\android_sdk' (newest first):
[35m[ADB][39m     C:/Users/Testing/.katalon/tools/android_sdk/build-tools/29.0.3
[35m[ADB][39m Using 'adb.exe' from 'C:\Users\Testing\.katalon\tools\android_sdk\platform-tools\adb.exe'
[35m[AndroidDriver][39m Retrieving device list
[35m[AndroidDriver][39m Using device: R9WN40KBXDJ
[35m[ADB][39m Using 'adb.exe' from 'C:\Users\Testing\.katalon\tools\android_sdk\platform-tools\adb.exe'
[35m[ADB][39m Getting device platform version
[35m[UiAutomator2][39m Relaxing hidden api policy
[35m[ADB][39m Package name: 'com.naposystems.napoleonchat'
[35m[ADB][39m Main activity name: 'com.naposystems.napoleonchat.ui.mainActivity.MainActivity'
[35m[ADB][39m Using 'apksigner.jar' from 'C:\Users\Testing\.katalon\tools\android_sdk\build-tools\29.0.3\lib\apksigner.jar'
[35m[ADB][39m 'C:\Users\Testing\AppData\Roaming\npm\node_modules\appium\node_modules\appium-uiautomator2-server\apks\appium-uiautomator2-server-v4.27.0.apk' is signed with the default certificate
[35m[ADB][39m 'C:\Users\Testing\AppData\Roaming\npm\node_modules\appium\node_modules\appium-uiautomator2-server\apks\appium-uiautomator2-server-debug-androidTest.apk' is signed with the default certificate
[35m[UiAutomator2][39m Server packages are not going to be (re)installed
[35m[ADB][39m Adding packages ["io.appium.settings","io.appium.uiautomator2.server","io.appium.uiautomator2.server.test"] to Doze whitelist
[35m[ADB][39m 'C:\Users\Testing\Desktop\katalon\Version nueva\app-debug (2).apk' is signed with a non-default certificate
[35m[ADB][39m com.naposystems.napoleonchat was not uninstalled, because it was not present on the device
[35m[ADB][39m The application at 'C:\Users\Testing\Desktop\katalon\Version nueva\app-debug (2).apk' will not be cached, because the device under test has confirmed the support of streamed installs
[35m[ADB][39m The installation of 'app-debug (2).apk' took 9014ms
[35m[UiAutomator2][39m Starting UIAutomator2 server 4.27.0
[35m[UiAutomator2][39m Using UIAutomator2 server from 'C:\Users\Testing\AppData\Roaming\npm\node_modules\appium\node_modules\appium-uiautomator2-server\apks\appium-uiautomator2-server-v4.27.0.apk' and test from 'C:\Users\Testing\AppData\Roaming\npm\node_modules\appium\node_modules\appium-uiautomator2-server\apks\appium-uiautomator2-server-debug-androidTest.apk'
[35m[UiAutomator2][39m Waiting up to 30000ms for UiAutomator2 to be online...
[35m[WD Proxy][39m socket hang up
[35m[WD Proxy][39m socket hang up
[35m[WD Proxy][39m socket hang up
[35m[WD Proxy][39m socket hang up
[35m[WD Proxy][39m socket hang up
[35m[WD Proxy][39m socket hang up
[35m[WD Proxy][39m Determined the downstream protocol as 'W3C'
[35m[AndroidDriver][39m Screen already unlocked, doing nothing
[35m[UiAutomator2][39m Starting 'com.naposystems.napoleonchat/com.naposystems.napoleonchat.ui.mainActivity.MainActivity and waiting for 'com.naposystems.napoleonchat/com.naposystems.napoleonchat.ui.mainActivity.MainActivity'
[35m[Appium][39m New AndroidUiautomator2Driver session created successfully, session b22f88f2-de42-4e83-8227-c7341ae2f5ae added to master session list
[35m[HTTP][39m [37m<-- POST /wd/hub/session [39m[32m200[39m [90m30551 ms - 1301[39m
[35m[HTTP][39m [90m[39m
[35m[HTTP][39m [37m-->[39m [37mGET[39m [37m/wd/hub/session/b22f88f2-de42-4e83-8227-c7341ae2f5ae[39m
[35m[HTTP][39m [90m{}[39m
[35m[HTTP][39m [37m<-- GET /wd/hub/session/b22f88f2-de42-4e83-8227-c7341ae2f5ae [39m[32m200[39m [90m20 ms - 1255[39m
[35m[HTTP][39m [90m[39m
[35m[HTTP][39m [37m-->[39m [37mGET[39m [37m/wd/hub/session/b22f88f2-de42-4e83-8227-c7341ae2f5ae[39m
[35m[HTTP][39m [90m{}[39m
[35m[HTTP][39m [37m<-- GET /wd/hub/session/b22f88f2-de42-4e83-8227-c7341ae2f5ae [39m[32m200[39m [90m21 ms - 1255[39m
[35m[HTTP][39m [90m[39m
[35m[HTTP][39m [37m-->[39m [37mGET[39m [37m/wd/hub/status[39m
[35m[HTTP][39m [90m{}[39m
[35m[HTTP][39m [37m<-- GET /wd/hub/status [39m[32m200[39m [90m1 ms - 68[39m
[35m[HTTP][39m [90m[39m
[35m[HTTP][39m [37m-->[39m [37mPOST[39m [37m/wd/hub/session/b22f88f2-de42-4e83-8227-c7341ae2f5ae/timeouts[39m
[35m[HTTP][39m [90m{"implicit":30000}[39m
[35m[HTTP][39m [37m<-- POST /wd/hub/session/b22f88f2-de42-4e83-8227-c7341ae2f5ae/timeouts [39m[32m200[39m [90m2 ms - 14[39m
[35m[HTTP][39m [90m[39m
[35m[HTTP][39m [37m-->[39m [37mGET[39m [37m/wd/hub/session/b22f88f2-de42-4e83-8227-c7341ae2f5ae/screenshot[39m
[35m[HTTP][39m [90m{}[39m
[35m[HTTP][39m [37m<-- GET /wd/hub/session/b22f88f2-de42-4e83-8227-c7341ae2f5ae/screenshot [39m[32m200[39m [90m890 ms - 102188[39m
[35m[HTTP][39m [90m[39m
[35m[HTTP][39m [37m-->[39m [37mGET[39m [37m/wd/hub/session/b22f88f2-de42-4e83-8227-c7341ae2f5ae/window/rect[39m
[35m[HTTP][39m [90m{}[39m
[35m[HTTP][39m [37m<-- GET /wd/hub/session/b22f88f2-de42-4e83-8227-c7341ae2f5ae/window/rect [39m[32m200[39m [90m28 ms - 49[39m
[35m[HTTP][39m [90m[39m
[35m[HTTP][39m [37m-->[39m [37mGET[39m [37m/wd/hub/session/b22f88f2-de42-4e83-8227-c7341ae2f5ae/appium/device/system_bars[39m
[35m[HTTP][39m [90m{}[39m
[35m[HTTP][39m [37m<-- GET /wd/hub/session/b22f88f2-de42-4e83-8227-c7341ae2f5ae/appium/device/system_bars [39m[32m200[39m [90m99 ms - 145[39m
[35m[HTTP][39m [90m[39m
[35m[HTTP][39m [37m-->[39m [37mGET[39m [37m/wd/hub/session/b22f88f2-de42-4e83-8227-c7341ae2f5ae/context[39m
[35m[HTTP][39m [90m{}[39m
[35m[HTTP][39m [37m<-- GET /wd/hub/session/b22f88f2-de42-4e83-8227-c7341ae2f5ae/context [39m[32m200[39m [90m1 ms - 22[39m
[35m[HTTP][39m [90m[39m
[35m[HTTP][39m [37m-->[39m [37mGET[39m [37m/wd/hub/session/b22f88f2-de42-4e83-8227-c7341ae2f5ae/contexts[39m
[35m[HTTP][39m [90m{}[39m
[35m[HTTP][39m [37m<-- GET /wd/hub/session/b22f88f2-de42-4e83-8227-c7341ae2f5ae/contexts [39m[32m200[39m [90m350 ms - 87[39m
[35m[HTTP][39m [90m[39m
[35m[HTTP][39m [37m-->[39m [37mPOST[39m [37m/wd/hub/session/b22f88f2-de42-4e83-8227-c7341ae2f5ae/context[39m
[35m[HTTP][39m [90m{"name":"NATIVE_APP"}[39m
[35m[HTTP][39m [37m<-- POST /wd/hub/session/b22f88f2-de42-4e83-8227-c7341ae2f5ae/context [39m[32m200[39m [90m2 ms - 14[39m
[35m[HTTP][39m [90m[39m
[35m[HTTP][39m [37m-->[39m [37mPOST[39m [37m/wd/hub/session/b22f88f2-de42-4e83-8227-c7341ae2f5ae/appium/device/press_keycode[39m
[35m[HTTP][39m [90m{"keycode":4}[39m
[35m[HTTP][39m [37m<-- POST /wd/hub/session/b22f88f2-de42-4e83-8227-c7341ae2f5ae/appium/device/press_keycode [39m[32m200[39m [90m99 ms - 14[39m
[35m[HTTP][39m [90m[39m
[35m[HTTP][39m [37m-->[39m [37mPOST[39m [37m/wd/hub/session/b22f88f2-de42-4e83-8227-c7341ae2f5ae/context[39m
[35m[HTTP][39m [90m{"name":"NATIVE_APP"}[39m
[35m[HTTP][39m [37m<-- POST /wd/hub/session/b22f88f2-de42-4e83-8227-c7341ae2f5ae/context [39m[32m200[39m [90m1 ms - 14[39m
[35m[HTTP][39m [90m[39m
[35m[HTTP][39m [37m-->[39m [37mGET[39m [37m/wd/hub/session/b22f88f2-de42-4e83-8227-c7341ae2f5ae/context[39m
[35m[HTTP][39m [90m{}[39m
[35m[HTTP][39m [37m<-- GET /wd/hub/session/b22f88f2-de42-4e83-8227-c7341ae2f5ae/context [39m[32m200[39m [90m1 ms - 22[39m
[35m[HTTP][39m [90m[39m
[35m[HTTP][39m [37m-->[39m [37mGET[39m [37m/wd/hub/session/b22f88f2-de42-4e83-8227-c7341ae2f5ae/contexts[39m
[35m[HTTP][39m [90m{}[39m
[35m[HTTP][39m [37m<-- GET /wd/hub/session/b22f88f2-de42-4e83-8227-c7341ae2f5ae/contexts [39m[32m200[39m [90m299 ms - 87[39m
[35m[HTTP][39m [90m[39m
[35m[HTTP][39m [37m-->[39m [37mPOST[39m [37m/wd/hub/session/b22f88f2-de42-4e83-8227-c7341ae2f5ae/context[39m
[35m[HTTP][39m [90m{"name":"NATIVE_APP"}[39m
[35m[HTTP][39m [37m<-- POST /wd/hub/session/b22f88f2-de42-4e83-8227-c7341ae2f5ae/context [39m[32m200[39m [90m1 ms - 14[39m
[35m[HTTP][39m [90m[39m
[35m[HTTP][39m [37m-->[39m [37mPOST[39m [37m/wd/hub/session/b22f88f2-de42-4e83-8227-c7341ae2f5ae/network_connection[39m
[35m[HTTP][39m [90m{"name":"network_connection","parameters":{"type":0}}[39m
[35m[AndroidDriver][39m Setting network connection
[35m[AndroidDriver][39m Getting network connection
[35m[AndroidDriver][39m Not changing airplane mode, since it is already disabled
[35m[AndroidDriver][39m Not changing data connection state, since it is already disabled
[35m[AndroidDriver][39m Getting network connection
[35m[HTTP][39m [37m<-- POST /wd/hub/session/b22f88f2-de42-4e83-8227-c7341ae2f5ae/network_connection [39m[32m200[39m [90m728 ms - 11[39m
[35m[HTTP][39m [90m[39m
[35m[HTTP][39m [37m-->[39m [37mPOST[39m [37m/wd/hub/session/b22f88f2-de42-4e83-8227-c7341ae2f5ae/context[39m
[35m[HTTP][39m [90m{"name":"NATIVE_APP"}[39m
[35m[HTTP][39m [37m<-- POST /wd/hub/session/b22f88f2-de42-4e83-8227-c7341ae2f5ae/context [39m[32m200[39m [90m1 ms - 14[39m
[35m[HTTP][39m [90m[39m
[35m[HTTP][39m [37m-->[39m [37mPOST[39m [37m/wd/hub/session/b22f88f2-de42-4e83-8227-c7341ae2f5ae/timeouts[39m
[35m[HTTP][39m [90m{"implicit":50}[39m
[35m[HTTP][39m [37m<-- POST /wd/hub/session/b22f88f2-de42-4e83-8227-c7341ae2f5ae/timeouts [39m[32m200[39m [90m1 ms - 14[39m
[35m[HTTP][39m [90m[39m
[35m[HTTP][39m [37m-->[39m [37mGET[39m [37m/wd/hub/session/b22f88f2-de42-4e83-8227-c7341ae2f5ae/window/rect[39m
[35m[HTTP][39m [90m{}[39m
[35m[HTTP][39m [37m<-- GET /wd/hub/session/b22f88f2-de42-4e83-8227-c7341ae2f5ae/window/rect [39m[32m200[39m [90m24 ms - 49[39m
[35m[HTTP][39m [90m[39m
[35m[HTTP][39m [37m-->[39m [37mPOST[39m [37m/wd/hub/session/b22f88f2-de42-4e83-8227-c7341ae2f5ae/elements[39m
[35m[HTTP][39m [90m{"using":"xpath","value":"//*[@class = 'android.widget.TextView' and (@text = 'NapoleoN' or . = 'NapoleoN') and @resource-id = 'com.sec.android.app.launcher:id/home_icon']"}[39m
[35m[HTTP][39m [37m<-- POST /wd/hub/session/b22f88f2-de42-4e83-8227-c7341ae2f5ae/elements [39m[32m200[39m [90m1549 ms - 139[39m
[35m[HTTP][39m [90m[39m
[35m[HTTP][39m [37m-->[39m [37mGET[39m [37m/wd/hub/session/b22f88f2-de42-4e83-8227-c7341ae2f5ae/element/00000000-0000-0185-ffff-ffff000000f5/location[39m
[35m[HTTP][39m [90m{}[39m
[35m[W3C (b22f88f2)][39m Driver proxy active, passing request on via HTTP proxy
[35m[WD Proxy][39m Replacing sessionId 2b24eaf7-6835-4811-8b6a-d5100a6c913a with b22f88f2-de42-4e83-8227-c7341ae2f5ae
[35m[HTTP][39m [37m<-- GET /wd/hub/session/b22f88f2-de42-4e83-8227-c7341ae2f5ae/element/00000000-0000-0185-ffff-ffff000000f5/location [39m[32m200[39m [90m28 ms - 78[39m
[35m[HTTP][39m [90m[39m
[35m[HTTP][39m [37m-->[39m [37mPOST[39m [37m/wd/hub/session/b22f88f2-de42-4e83-8227-c7341ae2f5ae/timeouts[39m
[35m[HTTP][39m [90m{"implicit":30000}[39m
[35m[HTTP][39m [37m<-- POST /wd/hub/session/b22f88f2-de42-4e83-8227-c7341ae2f5ae/timeouts [39m[32m200[39m [90m1 ms - 14[39m
[35m[HTTP][39m [90m[39m
[35m[HTTP][39m [37m-->[39m [37mPOST[39m [37m/wd/hub/session/b22f88f2-de42-4e83-8227-c7341ae2f5ae/element/00000000-0000-0185-ffff-ffff000000f5/click[39m
[35m[HTTP][39m [90m{"id":"00000000-0000-0185-ffff-ffff000000f5"}[39m
[35m[HTTP][39m [37m<-- POST /wd/hub/session/b22f88f2-de42-4e83-8227-c7341ae2f5ae/element/00000000-0000-0185-ffff-ffff000000f5/click [39m[32m200[39m [90m96 ms - 14[39m
[35m[HTTP][39m [90m[39m
[35m[HTTP][39m [37m-->[39m [37mGET[39m [37m/wd/hub/session/b22f88f2-de42-4e83-8227-c7341ae2f5ae/context[39m
[35m[HTTP][39m [90m{}[39m
[35m[HTTP][39m [37m<-- GET /wd/hub/session/b22f88f2-de42-4e83-8227-c7341ae2f5ae/context [39m[32m200[39m [90m1 ms - 22[39m
[35m[HTTP][39m [90m[39m
[35m[HTTP][39m [37m-->[39m [37mGET[39m [37m/wd/hub/session/b22f88f2-de42-4e83-8227-c7341ae2f5ae/contexts[39m
[35m[HTTP][39m [90m{}[39m
[35m[HTTP][39m [37m<-- GET /wd/hub/session/b22f88f2-de42-4e83-8227-c7341ae2f5ae/contexts [39m[32m200[39m [90m260 ms - 87[39m
[35m[HTTP][39m [90m[39m
[35m[HTTP][39m [37m-->[39m [37mPOST[39m [37m/wd/hub/session/b22f88f2-de42-4e83-8227-c7341ae2f5ae/context[39m
[35m[HTTP][39m [90m{"name":"NATIVE_APP"}[39m
[35m[HTTP][39m [37m<-- POST /wd/hub/session/b22f88f2-de42-4e83-8227-c7341ae2f5ae/context [39m[32m200[39m [90m1 ms - 14[39m
[35m[HTTP][39m [90m[39m
[35m[HTTP][39m [37m-->[39m [37mPOST[39m [37m/wd/hub/session/b22f88f2-de42-4e83-8227-c7341ae2f5ae/network_connection[39m
[35m[HTTP][39m [90m{"name":"network_connection","parameters":{"type":2}}[39m
[35m[AndroidDriver][39m Setting network connection
[35m[AndroidDriver][39m Getting network connection
[35m[AndroidDriver][39m Not changing airplane mode, since it is already disabled
[35m[AndroidDriver][39m Not changing data connection state, since it is already disabled
[35m[AndroidDriver][39m Getting network connection
[35m[HTTP][39m [37m<-- POST /wd/hub/session/b22f88f2-de42-4e83-8227-c7341ae2f5ae/network_connection [39m[32m200[39m [90m609 ms - 11[39m
[35m[HTTP][39m [90m[39m
[35m[HTTP][39m [37m-->[39m [37mPOST[39m [37m/wd/hub/session/b22f88f2-de42-4e83-8227-c7341ae2f5ae/context[39m
[35m[HTTP][39m [90m{"name":"NATIVE_APP"}[39m
[35m[HTTP][39m [37m<-- POST /wd/hub/session/b22f88f2-de42-4e83-8227-c7341ae2f5ae/context [39m[32m200[39m [90m1 ms - 14[39m
[35m[HTTP][39m [90m[39m
[35m[HTTP][39m [37m-->[39m [37mGET[39m [37m/wd/hub/session/b22f88f2-de42-4e83-8227-c7341ae2f5ae/context[39m
[35m[HTTP][39m [90m{}[39m
[35m[HTTP][39m [37m<-- GET /wd/hub/session/b22f88f2-de42-4e83-8227-c7341ae2f5ae/context [39m[32m200[39m [90m1 ms - 22[39m
[35m[HTTP][39m [90m[39m
[35m[HTTP][39m [37m-->[39m [37mGET[39m [37m/wd/hub/session/b22f88f2-de42-4e83-8227-c7341ae2f5ae/contexts[39m
[35m[HTTP][39m [90m{}[39m
[35m[HTTP][39m [37m<-- GET /wd/hub/session/b22f88f2-de42-4e83-8227-c7341ae2f5ae/contexts [39m[32m200[39m [90m237 ms - 87[39m
[35m[HTTP][39m [90m[39m
[35m[HTTP][39m [37m-->[39m [37mPOST[39m [37m/wd/hub/session/b22f88f2-de42-4e83-8227-c7341ae2f5ae/context[39m
[35m[HTTP][39m [90m{"name":"NATIVE_APP"}[39m
[35m[HTTP][39m [37m<-- POST /wd/hub/session/b22f88f2-de42-4e83-8227-c7341ae2f5ae/context [39m[32m200[39m [90m1 ms - 14[39m
[35m[HTTP][39m [90m[39m
[35m[HTTP][39m [37m-->[39m [37mPOST[39m [37m/wd/hub/session/b22f88f2-de42-4e83-8227-c7341ae2f5ae/appium/device/press_keycode[39m
[35m[HTTP][39m [90m{"keycode":4}[39m
[35m[HTTP][39m [37m<-- POST /wd/hub/session/b22f88f2-de42-4e83-8227-c7341ae2f5ae/appium/device/press_keycode [39m[32m200[39m [90m88 ms - 14[39m
[35m[HTTP][39m [90m[39m
[35m[HTTP][39m [37m-->[39m [37mPOST[39m [37m/wd/hub/session/b22f88f2-de42-4e83-8227-c7341ae2f5ae/context[39m
[35m[HTTP][39m [90m{"name":"NATIVE_APP"}[39m
[35m[HTTP][39m [37m<-- POST /wd/hub/session/b22f88f2-de42-4e83-8227-c7341ae2f5ae/context [39m[32m200[39m [90m1 ms - 14[39m
[35m[HTTP][39m [90m[39m
[35m[HTTP][39m [37m-->[39m [37mPOST[39m [37m/wd/hub/session/b22f88f2-de42-4e83-8227-c7341ae2f5ae/timeouts[39m
[35m[HTTP][39m [90m{"implicit":50}[39m
[35m[HTTP][39m [37m<-- POST /wd/hub/session/b22f88f2-de42-4e83-8227-c7341ae2f5ae/timeouts [39m[32m200[39m [90m1 ms - 14[39m
[35m[HTTP][39m [90m[39m
[35m[HTTP][39m [37m-->[39m [37mGET[39m [37m/wd/hub/session/b22f88f2-de42-4e83-8227-c7341ae2f5ae/window/rect[39m
[35m[HTTP][39m [90m{}[39m
[35m[HTTP][39m [37m<-- GET /wd/hub/session/b22f88f2-de42-4e83-8227-c7341ae2f5ae/window/rect [39m[32m200[39m [90m33 ms - 49[39m
[35m[HTTP][39m [90m[39m
[35m[HTTP][39m [37m-->[39m [37mPOST[39m [37m/wd/hub/session/b22f88f2-de42-4e83-8227-c7341ae2f5ae/elements[39m
[35m[HTTP][39m [90m{"using":"xpath","value":"//*[@class = 'android.widget.TextView' and (@text = 'NapoleoN' or . = 'NapoleoN') and @resource-id = 'com.sec.android.app.launcher:id/home_icon']"}[39m
[35m[HTTP][39m [37m<-- POST /wd/hub/session/b22f88f2-de42-4e83-8227-c7341ae2f5ae/elements [39m[32m200[39m [90m525 ms - 139[39m
[35m[HTTP][39m [90m[39m
[35m[HTTP][39m [37m-->[39m [37mGET[39m [37m/wd/hub/session/b22f88f2-de42-4e83-8227-c7341ae2f5ae/element/00000000-0000-0185-ffff-ffff000000f5/location[39m
[35m[HTTP][39m [90m{}[39m
[35m[W3C (b22f88f2)][39m Driver proxy active, passing request on via HTTP proxy
[35m[WD Proxy][39m Replacing sessionId 2b24eaf7-6835-4811-8b6a-d5100a6c913a with b22f88f2-de42-4e83-8227-c7341ae2f5ae
[35m[HTTP][39m [37m<-- GET /wd/hub/session/b22f88f2-de42-4e83-8227-c7341ae2f5ae/element/00000000-0000-0185-ffff-ffff000000f5/location [39m[32m200[39m [90m416 ms - 78[39m
[35m[HTTP][39m [90m[39m
[35m[HTTP][39m [37m-->[39m [37mPOST[39m [37m/wd/hub/session/b22f88f2-de42-4e83-8227-c7341ae2f5ae/timeouts[39m
[35m[HTTP][39m [90m{"implicit":30000}[39m
[35m[HTTP][39m [37m<-- POST /wd/hub/session/b22f88f2-de42-4e83-8227-c7341ae2f5ae/timeouts [39m[32m200[39m [90m2 ms - 14[39m
[35m[HTTP][39m [90m[39m
[35m[HTTP][39m [37m-->[39m [37mPOST[39m [37m/wd/hub/session/b22f88f2-de42-4e83-8227-c7341ae2f5ae/element/00000000-0000-0185-ffff-ffff000000f5/click[39m
[35m[HTTP][39m [90m{"id":"00000000-0000-0185-ffff-ffff000000f5"}[39m
[35m[HTTP][39m [37m<-- POST /wd/hub/session/b22f88f2-de42-4e83-8227-c7341ae2f5ae/element/00000000-0000-0185-ffff-ffff000000f5/click [39m[32m200[39m [90m56 ms - 14[39m
[35m[HTTP][39m [90m[39m
[35m[HTTP][39m [37m-->[39m [37mPOST[39m [37m/wd/hub/session/b22f88f2-de42-4e83-8227-c7341ae2f5ae/timeouts[39m
[35m[HTTP][39m [90m{"implicit":50}[39m
[35m[HTTP][39m [37m<-- POST /wd/hub/session/b22f88f2-de42-4e83-8227-c7341ae2f5ae/timeouts [39m[32m200[39m [90m2 ms - 14[39m
[35m[HTTP][39m [90m[39m
[35m[HTTP][39m [37m-->[39m [37mGET[39m [37m/wd/hub/session/b22f88f2-de42-4e83-8227-c7341ae2f5ae/window/rect[39m
[35m[HTTP][39m [90m{}[39m
[35m[HTTP][39m [37m<-- GET /wd/hub/session/b22f88f2-de42-4e83-8227-c7341ae2f5ae/window/rect [39m[32m200[39m [90m21 ms - 49[39m
[35m[HTTP][39m [90m[39m
[35m[HTTP][39m [37m-->[39m [37mPOST[39m [37m/wd/hub/session/b22f88f2-de42-4e83-8227-c7341ae2f5ae/elements[39m
[35m[HTTP][39m [90m{"using":"xpath","value":"//*[@class = 'android.widget.TextView' and (@text = 'Omitir' or . = 'Omitir') and @resource-id = 'com.naposystems.napoleonchat:id/textViewSkip']"}[39m
[35m[HTTP][39m [37m<-- POST /wd/hub/session/b22f88f2-de42-4e83-8227-c7341ae2f5ae/elements [39m[32m200[39m [90m1381 ms - 139[39m
[35m[HTTP][39m [90m[39m
[35m[HTTP][39m [37m-->[39m [37mGET[39m [37m/wd/hub/session/b22f88f2-de42-4e83-8227-c7341ae2f5ae/element/00000000-0000-018c-ffff-ffff000000af/location[39m
[35m[HTTP][39m [90m{}[39m
[35m[W3C (b22f88f2)][39m Driver proxy active, passing request on via HTTP proxy
[35m[WD Proxy][39m Replacing sessionId 2b24eaf7-6835-4811-8b6a-d5100a6c913a with b22f88f2-de42-4e83-8227-c7341ae2f5ae
[35m[HTTP][39m [37m<-- GET /wd/hub/session/b22f88f2-de42-4e83-8227-c7341ae2f5ae/element/00000000-0000-018c-ffff-ffff000000af/location [39m[32m200[39m [90m352 ms - 77[39m
[35m[HTTP][39m [90m[39m
[35m[HTTP][39m [37m-->[39m [37mPOST[39m [37m/wd/hub/session/b22f88f2-de42-4e83-8227-c7341ae2f5ae/timeouts[39m
[35m[HTTP][39m [90m{"implicit":30000}[39m
[35m[HTTP][39m [37m<-- POST /wd/hub/session/b22f88f2-de42-4e83-8227-c7341ae2f5ae/timeouts [39m[32m200[39m [90m1 ms - 14[39m
[35m[HTTP][39m [90m[39m
[35m[HTTP][39m [37m-->[39m [37mPOST[39m [37m/wd/hub/session/b22f88f2-de42-4e83-8227-c7341ae2f5ae/element/00000000-0000-018c-ffff-ffff000000af/click[39m
[35m[HTTP][39m [90m{"id":"00000000-0000-018c-ffff-ffff000000af"}[39m
[35m[HTTP][39m [37m<-- POST /wd/hub/session/b22f88f2-de42-4e83-8227-c7341ae2f5ae/element/00000000-0000-018c-ffff-ffff000000af/click [39m[32m200[39m [90m60 ms - 14[39m
[35m[HTTP][39m [90m[39m
[35m[HTTP][39m [37m-->[39m [37mGET[39m [37m/wd/hub/session/b22f88f2-de42-4e83-8227-c7341ae2f5ae/context[39m
[35m[HTTP][39m [90m{}[39m
[35m[HTTP][39m [37m<-- GET /wd/hub/session/b22f88f2-de42-4e83-8227-c7341ae2f5ae/context [39m[32m200[39m [90m1 ms - 22[39m
[35m[HTTP][39m [90m[39m
[35m[HTTP][39m [37m-->[39m [37mGET[39m [37m/wd/hub/session/b22f88f2-de42-4e83-8227-c7341ae2f5ae/contexts[39m
[35m[HTTP][39m [90m{}[39m
[35m[HTTP][39m [37m<-- GET /wd/hub/session/b22f88f2-de42-4e83-8227-c7341ae2f5ae/contexts [39m[32m200[39m [90m263 ms - 87[39m
[35m[HTTP][39m [90m[39m
[35m[HTTP][39m [37m-->[39m [37mPOST[39m [37m/wd/hub/session/b22f88f2-de42-4e83-8227-c7341ae2f5ae/context[39m
[35m[HTTP][39m [90m{"name":"NATIVE_APP"}[39m
[35m[HTTP][39m [37m<-- POST /wd/hub/session/b22f88f2-de42-4e83-8227-c7341ae2f5ae/context [39m[32m200[39m [90m1 ms - 14[39m
[35m[HTTP][39m [90m[39m
[35m[HTTP][39m [37m-->[39m [37mPOST[39m [37m/wd/hub/session/b22f88f2-de42-4e83-8227-c7341ae2f5ae/network_connection[39m
[35m[HTTP][39m [90m{"name":"network_connection","parameters":{"type":0}}[39m
[35m[AndroidDriver][39m Setting network connection
[35m[AndroidDriver][39m Getting network connection
[35m[AndroidDriver][39m Not changing airplane mode, since it is already disabled
[35m[AndroidDriver][39m Not changing data connection state, since it is already disabled
[35m[AndroidDriver][39m Getting network connection
[35m[HTTP][39m [37m<-- POST /wd/hub/session/b22f88f2-de42-4e83-8227-c7341ae2f5ae/network_connection [39m[32m200[39m [90m729 ms - 11[39m
[35m[HTTP][39m [90m[39m
[35m[HTTP][39m [37m-->[39m [37mPOST[39m [37m/wd/hub/session/b22f88f2-de42-4e83-8227-c7341ae2f5ae/context[39m
[35m[HTTP][39m [90m{"name":"NATIVE_APP"}[39m
[35m[HTTP][39m [37m<-- POST /wd/hub/session/b22f88f2-de42-4e83-8227-c7341ae2f5ae/context [39m[32m200[39m [90m2 ms - 14[39m
[35m[HTTP][39m [90m[39m
[35m[HTTP][39m [37m-->[39m [37mGET[39m [37m/wd/hub/session/b22f88f2-de42-4e83-8227-c7341ae2f5ae/context[39m
[35m[HTTP][39m [90m{}[39m
[35m[HTTP][39m [37m<-- GET /wd/hub/session/b22f88f2-de42-4e83-8227-c7341ae2f5ae/context [39m[32m200[39m [90m1 ms - 22[39m
[35m[HTTP][39m [90m[39m
[35m[HTTP][39m [37m-->[39m [37mGET[39m [37m/wd/hub/session/b22f88f2-de42-4e83-8227-c7341ae2f5ae/contexts[39m
[35m[HTTP][39m [90m{}[39m
[35m[HTTP][39m [37m<-- GET /wd/hub/session/b22f88f2-de42-4e83-8227-c7341ae2f5ae/contexts [39m[32m200[39m [90m244 ms - 87[39m
[35m[HTTP][39m [90m[39m
[35m[HTTP][39m [37m-->[39m [37mPOST[39m [37m/wd/hub/session/b22f88f2-de42-4e83-8227-c7341ae2f5ae/context[39m
[35m[HTTP][39m [90m{"name":"NATIVE_APP"}[39m
[35m[HTTP][39m [37m<-- POST /wd/hub/session/b22f88f2-de42-4e83-8227-c7341ae2f5ae/context [39m[32m200[39m [90m1 ms - 14[39m
[35m[HTTP][39m [90m[39m
[35m[HTTP][39m [37m-->[39m [37mPOST[39m [37m/wd/hub/session/b22f88f2-de42-4e83-8227-c7341ae2f5ae/network_connection[39m
[35m[HTTP][39m [90m{"name":"network_connection","parameters":{"type":2}}[39m
[35m[AndroidDriver][39m Setting network connection
[35m[AndroidDriver][39m Getting network connection
[35m[AndroidDriver][39m Not changing airplane mode, since it is already disabled
[35m[AndroidDriver][39m Not changing data connection state, since it is already disabled
[35m[AndroidDriver][39m Getting network connection
[35m[HTTP][39m [37m<-- POST /wd/hub/session/b22f88f2-de42-4e83-8227-c7341ae2f5ae/network_connection [39m[32m200[39m [90m602 ms - 11[39m
[35m[HTTP][39m [90m[39m
[35m[HTTP][39m [37m-->[39m [37mPOST[39m [37m/wd/hub/session/b22f88f2-de42-4e83-8227-c7341ae2f5ae/context[39m
[35m[HTTP][39m [90m{"name":"NATIVE_APP"}[39m
[35m[HTTP][39m [37m<-- POST /wd/hub/session/b22f88f2-de42-4e83-8227-c7341ae2f5ae/context [39m[32m200[39m [90m1 ms - 14[39m
[35m[HTTP][39m [90m[39m
[35m[HTTP][39m [37m-->[39m [37mGET[39m [37m/wd/hub/session/b22f88f2-de42-4e83-8227-c7341ae2f5ae/context[39m
[35m[HTTP][39m [90m{}[39m
[35m[HTTP][39m [37m<-- GET /wd/hub/session/b22f88f2-de42-4e83-8227-c7341ae2f5ae/context [39m[32m200[39m [90m1 ms - 22[39m
[35m[HTTP][39m [90m[39m
[35m[HTTP][39m [37m-->[39m [37mGET[39m [37m/wd/hub/session/b22f88f2-de42-4e83-8227-c7341ae2f5ae/contexts[39m
[35m[HTTP][39m [90m{}[39m
[35m[HTTP][39m [37m<-- GET /wd/hub/session/b22f88f2-de42-4e83-8227-c7341ae2f5ae/contexts [39m[32m200[39m [90m247 ms - 87[39m
[35m[HTTP][39m [90m[39m
[35m[HTTP][39m [37m-->[39m [37mPOST[39m [37m/wd/hub/session/b22f88f2-de42-4e83-8227-c7341ae2f5ae/context[39m
[35m[HTTP][39m [90m{"name":"NATIVE_APP"}[39m
[35m[HTTP][39m [37m<-- POST /wd/hub/session/b22f88f2-de42-4e83-8227-c7341ae2f5ae/context [39m[32m200[39m [90m1 ms - 14[39m
[35m[HTTP][39m [90m[39m
[35m[HTTP][39m [37m-->[39m [37mPOST[39m [37m/wd/hub/session/b22f88f2-de42-4e83-8227-c7341ae2f5ae/network_connection[39m
[35m[HTTP][39m [90m{"name":"network_connection","parameters":{"type":0}}[39m
[35m[AndroidDriver][39m Setting network connection
[35m[AndroidDriver][39m Getting network connection
[35m[AndroidDriver][39m Not changing airplane mode, since it is already disabled
[35m[AndroidDriver][39m Not changing data connection state, since it is already disabled
[35m[AndroidDriver][39m Getting network connection
[35m[HTTP][39m [37m<-- POST /wd/hub/session/b22f88f2-de42-4e83-8227-c7341ae2f5ae/network_connection [39m[32m200[39m [90m690 ms - 11[39m
[35m[HTTP][39m [90m[39m
[35m[HTTP][39m [37m-->[39m [37mPOST[39m [37m/wd/hub/session/b22f88f2-de42-4e83-8227-c7341ae2f5ae/context[39m
[35m[HTTP][39m [90m{"name":"NATIVE_APP"}[39m
[35m[HTTP][39m [37m<-- POST /wd/hub/session/b22f88f2-de42-4e83-8227-c7341ae2f5ae/context [39m[32m200[39m [90m1 ms - 14[39m
[35m[HTTP][39m [90m[39m
[35m[HTTP][39m [37m-->[39m [37mPOST[39m [37m/wd/hub/session/b22f88f2-de42-4e83-8227-c7341ae2f5ae/timeouts[39m
[35m[HTTP][39m [90m{"implicit":50}[39m
[35m[HTTP][39m [37m<-- POST /wd/hub/session/b22f88f2-de42-4e83-8227-c7341ae2f5ae/timeouts [39m[32m200[39m [90m1 ms - 14[39m
[35m[HTTP][39m [90m[39m
[35m[HTTP][39m [37m-->[39m [37mGET[39m [37m/wd/hub/session/b22f88f2-de42-4e83-8227-c7341ae2f5ae/window/rect[39m
[35m[HTTP][39m [90m{}[39m
[35m[HTTP][39m [37m<-- GET /wd/hub/session/b22f88f2-de42-4e83-8227-c7341ae2f5ae/window/rect [39m[32m200[39m [90m22 ms - 49[39m
[35m[HTTP][39m [90m[39m
[35m[HTTP][39m [37m-->[39m [37mPOST[39m [37m/wd/hub/session/b22f88f2-de42-4e83-8227-c7341ae2f5ae/elements[39m
[35m[HTTP][39m [90m{"using":"xpath","value":"//*[@class = 'android.widget.TextView' and (@text = 'Omitir' or . = 'Omitir') and @resource-id = 'com.naposystems.napoleonchat:id/textViewSkip']"}[39m
[35m[HTTP][39m [37m<-- POST /wd/hub/session/b22f88f2-de42-4e83-8227-c7341ae2f5ae/elements [39m[32m-[39m [90m- ms - -[39m
[35m[HTTP][39m [90m[39m
[35m[BaseDriver][39m Shutting down because we waited 1800 seconds for a command
[35m[Appium][39m Closing session, cause was 'New Command Timeout of 1800 seconds expired. Try customizing the timeout using the 'newCommandTimeout' desired capability'
[35m[Appium][39m Removing session 'b22f88f2-de42-4e83-8227-c7341ae2f5ae' from our master session list
[35m[UiAutomator2][39m Did not get confirmation UiAutomator2 deleteSession worked; Error was: UnknownError: An unknown server-side error occurred while processing the command. Original error: 'DELETE /' cannot be proxied to UiAutomator2 server because the instrumentation process is not running (probably crashed). Check the server log and/or the logcat output for more details
[35m[ADB][39m com.naposystems.napoleonchat was successfully uninstalled
[35m[UiAutomator2][39m Restoring hidden api policy to the device default configuration
