[35m[Appium][39m Welcome to Appium v1.22.3
[35m[Appium][39m Non-default server args:
[35m[Appium][39m   port: 50260
[35m[Appium][39m   loglevel: info
[35m[Appium][39m   tmpDir: C:\Users\Testing\AppData\Local\Temp\\Katalon\Appium\Temp1692377946764
[35m[Appium][39m   chromedriverPort: 50261
[35m[Appium][39m Deprecated server args:
[35m[Appium][39m   [31m--chromedriver-port[39m => --default-capabilities
[35m[Appium][39m Default capabilities, which will be added to each request unless overridden by desired capabilities:
[35m[Appium][39m   chromedriverPort: 50261
[35m[Appium][39m Appium REST http interface listener started on 0.0.0.0:50260
[35m[HTTP][39m [37m-->[39m [37mGET[39m [37m/wd/hub/status[39m
[35m[HTTP][39m [90m{}[39m
[35m[HTTP][39m [37m<-- GET /wd/hub/status [39m[32m200[39m [90m10 ms - 68[39m
[35m[HTTP][39m [90m[39m
[35m[HTTP][39m [37m-->[39m [37mPOST[39m [37m/wd/hub/session[39m
[35m[HTTP][39m [90m{"desiredCapabilities":{"app":"C:\\Users\\Testing\\Desktop\\katalon\\Version QA ACTUALIZADA 14-08-23\\app-qa.apk","noReset":false,"deviceId":"","deviceName":"samsung SM-A107M (Android 11)","fullReset":true,"platform":"ANDROID","newCommandTimeout":1800,"platformVersion":"11","automationName":"uiautomator2","autoGrantPermissions":true,"platformName":"Android","udid":"R9WN40KBXDJ","systemPort":50259},"capabilities":{"firstMatch":[{"appium:app":"C:\\Users\\Testing\\Desktop\\katalon\\Version QA ACTUALIZADA 14-08-23\\app-qa.apk","appium:autoGrantPermissions":true,"appium:automationName":"uiautomator2","deviceId":"","appium:deviceName":"samsung SM-A107M (Android 11)","appium:fullReset":true,"appium:newCommandTimeout":1800,"appium:noReset":false,"platform":"ANDROID","platformName":"android","appium:platformVersion":"11","appium:systemPort":50259,"appium:udid":"R9WN40KBXDJ"}]}}[39m
[35m[BaseDriver][39m The following capabilities are not standard capabilities and should have an extension prefix:
[35m[BaseDriver][39m   deviceId
[35m[BaseDriver][39m   platform
[35m[BaseDriver][39m   chromedriverPort
[35m[Appium][39m Appium v1.22.3 creating new AndroidUiautomator2Driver (v1.70.1) session
[35m[BaseDriver][39m The following capabilities were provided, but are not recognized by Appium:
[35m[BaseDriver][39m   deviceId
[35m[BaseDriver][39m   platform
[35m[BaseDriver][39m Session created with session id: dbf81ad3-8ee6-4c66-9214-3e5bbe6d7e0a
[35m[BaseDriver][39m Using local app 'C:\Users\Testing\Desktop\katalon\Version QA ACTUALIZADA 14-08-23\app-qa.apk'
[35m[ADB][39m Found 1 'build-tools' folders under 'C:\Users\Testing\.katalon\tools\android_sdk' (newest first):
[35m[ADB][39m     C:/Users/Testing/.katalon/tools/android_sdk/build-tools/29.0.3
[35m[ADB][39m Using 'adb.exe' from 'C:\Users\Testing\.katalon\tools\android_sdk\platform-tools\adb.exe'
[35m[AndroidDriver][39m Retrieving device list
[35m[AndroidDriver][39m Using device: R9WN40KBXDJ
[35m[ADB][39m Using 'adb.exe' from 'C:\Users\Testing\.katalon\tools\android_sdk\platform-tools\adb.exe'
[35m[ADB][39m Getting device platform version
[35m[UiAutomator2][39m Relaxing hidden api policy
[35m[ADB][39m Package name: 'com.naposystems.napoleonchat'
[35m[ADB][39m Main activity name: 'com.naposystems.napoleonchat.ui.mainActivity.MainActivity'
[35m[ADB][39m Using 'apksigner.jar' from 'C:\Users\Testing\.katalon\tools\android_sdk\build-tools\29.0.3\lib\apksigner.jar'
[35m[ADB][39m 'C:\Users\Testing\AppData\Roaming\npm\node_modules\appium\node_modules\appium-uiautomator2-server\apks\appium-uiautomator2-server-v4.27.0.apk' is signed with the default certificate
[35m[ADB][39m 'C:\Users\Testing\AppData\Roaming\npm\node_modules\appium\node_modules\appium-uiautomator2-server\apks\appium-uiautomator2-server-debug-androidTest.apk' is signed with the default certificate
[35m[UiAutomator2][39m Server packages are not going to be (re)installed
[35m[ADB][39m Adding packages ["io.appium.settings","io.appium.uiautomator2.server","io.appium.uiautomator2.server.test"] to Doze whitelist
[35m[ADB][39m 'C:\Users\Testing\Desktop\katalon\Version QA ACTUALIZADA 14-08-23\app-qa.apk' is signed with a non-default certificate
[35m[ADB][39m com.naposystems.napoleonchat was not uninstalled, because it was not present on the device
[35m[ADB][39m The application at 'C:\Users\Testing\Desktop\katalon\Version QA ACTUALIZADA 14-08-23\app-qa.apk' will not be cached, because the device under test has confirmed the support of streamed installs
[35m[ADB][39m The installation of 'app-qa.apk' took 7918ms
[35m[UiAutomator2][39m Starting UIAutomator2 server 4.27.0
[35m[UiAutomator2][39m Using UIAutomator2 server from 'C:\Users\Testing\AppData\Roaming\npm\node_modules\appium\node_modules\appium-uiautomator2-server\apks\appium-uiautomator2-server-v4.27.0.apk' and test from 'C:\Users\Testing\AppData\Roaming\npm\node_modules\appium\node_modules\appium-uiautomator2-server\apks\appium-uiautomator2-server-debug-androidTest.apk'
[35m[UiAutomator2][39m Waiting up to 30000ms for UiAutomator2 to be online...
[35m[WD Proxy][39m socket hang up
[35m[WD Proxy][39m socket hang up
[35m[WD Proxy][39m socket hang up
[35m[WD Proxy][39m socket hang up
[35m[WD Proxy][39m socket hang up
[35m[WD Proxy][39m socket hang up
[35m[WD Proxy][39m socket hang up
[35m[WD Proxy][39m Determined the downstream protocol as 'W3C'
[35m[AndroidDriver][39m Screen already unlocked, doing nothing
[35m[UiAutomator2][39m Starting 'com.naposystems.napoleonchat/com.naposystems.napoleonchat.ui.mainActivity.MainActivity and waiting for 'com.naposystems.napoleonchat/com.naposystems.napoleonchat.ui.mainActivity.MainActivity'
[35m[Appium][39m New AndroidUiautomator2Driver session created successfully, session dbf81ad3-8ee6-4c66-9214-3e5bbe6d7e0a added to master session list
[35m[HTTP][39m [37m<-- POST /wd/hub/session [39m[32m200[39m [90m29944 ms - 1351[39m
[35m[HTTP][39m [90m[39m
[35m[HTTP][39m [37m-->[39m [37mGET[39m [37m/wd/hub/session/dbf81ad3-8ee6-4c66-9214-3e5bbe6d7e0a[39m
[35m[HTTP][39m [90m{}[39m
[35m[HTTP][39m [37m<-- GET /wd/hub/session/dbf81ad3-8ee6-4c66-9214-3e5bbe6d7e0a [39m[32m200[39m [90m23 ms - 1305[39m
[35m[HTTP][39m [90m[39m
[35m[HTTP][39m [37m-->[39m [37mGET[39m [37m/wd/hub/session/dbf81ad3-8ee6-4c66-9214-3e5bbe6d7e0a[39m
[35m[HTTP][39m [90m{}[39m
[35m[HTTP][39m [37m<-- GET /wd/hub/session/dbf81ad3-8ee6-4c66-9214-3e5bbe6d7e0a [39m[32m200[39m [90m20 ms - 1305[39m
[35m[HTTP][39m [90m[39m
[35m[HTTP][39m [37m-->[39m [37mGET[39m [37m/wd/hub/status[39m
[35m[HTTP][39m [90m{}[39m
[35m[HTTP][39m [37m<-- GET /wd/hub/status [39m[32m200[39m [90m1 ms - 68[39m
[35m[HTTP][39m [90m[39m
[35m[HTTP][39m [37m-->[39m [37mPOST[39m [37m/wd/hub/session/dbf81ad3-8ee6-4c66-9214-3e5bbe6d7e0a/timeouts[39m
[35m[HTTP][39m [90m{"implicit":30000}[39m
[35m[HTTP][39m [37m<-- POST /wd/hub/session/dbf81ad3-8ee6-4c66-9214-3e5bbe6d7e0a/timeouts [39m[32m200[39m [90m3 ms - 14[39m
[35m[HTTP][39m [90m[39m
[35m[HTTP][39m [37m-->[39m [37mGET[39m [37m/wd/hub/session/dbf81ad3-8ee6-4c66-9214-3e5bbe6d7e0a/screenshot[39m
[35m[HTTP][39m [90m{}[39m
[35m[HTTP][39m [37m<-- GET /wd/hub/session/dbf81ad3-8ee6-4c66-9214-3e5bbe6d7e0a/screenshot [39m[32m200[39m [90m1098 ms - 91434[39m
[35m[HTTP][39m [90m[39m
[35m[HTTP][39m [37m-->[39m [37mGET[39m [37m/wd/hub/session/dbf81ad3-8ee6-4c66-9214-3e5bbe6d7e0a/window/rect[39m
[35m[HTTP][39m [90m{}[39m
[35m[HTTP][39m [37m<-- GET /wd/hub/session/dbf81ad3-8ee6-4c66-9214-3e5bbe6d7e0a/window/rect [39m[32m200[39m [90m24 ms - 49[39m
[35m[HTTP][39m [90m[39m
[35m[HTTP][39m [37m-->[39m [37mGET[39m [37m/wd/hub/session/dbf81ad3-8ee6-4c66-9214-3e5bbe6d7e0a/appium/device/system_bars[39m
[35m[HTTP][39m [90m{}[39m
[35m[HTTP][39m [37m<-- GET /wd/hub/session/dbf81ad3-8ee6-4c66-9214-3e5bbe6d7e0a/appium/device/system_bars [39m[32m200[39m [90m102 ms - 145[39m
[35m[HTTP][39m [90m[39m
[35m[HTTP][39m [37m-->[39m [37mPOST[39m [37m/wd/hub/session/dbf81ad3-8ee6-4c66-9214-3e5bbe6d7e0a/timeouts[39m
[35m[HTTP][39m [90m{"implicit":50}[39m
[35m[HTTP][39m [37m<-- POST /wd/hub/session/dbf81ad3-8ee6-4c66-9214-3e5bbe6d7e0a/timeouts [39m[32m200[39m [90m3 ms - 14[39m
[35m[HTTP][39m [90m[39m
[35m[HTTP][39m [37m-->[39m [37mGET[39m [37m/wd/hub/session/dbf81ad3-8ee6-4c66-9214-3e5bbe6d7e0a/window/rect[39m
[35m[HTTP][39m [90m{}[39m
[35m[HTTP][39m [37m<-- GET /wd/hub/session/dbf81ad3-8ee6-4c66-9214-3e5bbe6d7e0a/window/rect [39m[32m200[39m [90m17 ms - 49[39m
[35m[HTTP][39m [90m[39m
[35m[HTTP][39m [37m-->[39m [37mPOST[39m [37m/wd/hub/session/dbf81ad3-8ee6-4c66-9214-3e5bbe6d7e0a/elements[39m
[35m[HTTP][39m [90m{"using":"xpath","value":"//*[@class = 'android.widget.TextView' and (@text = 'Omitir' or . = 'Omitir') and @resource-id = 'com.naposystems.napoleonchat:id/textViewSkip']"}[39m
[35m[HTTP][39m [37m<-- POST /wd/hub/session/dbf81ad3-8ee6-4c66-9214-3e5bbe6d7e0a/elements [39m[32m200[39m [90m953 ms - 139[39m
[35m[HTTP][39m [90m[39m
[35m[HTTP][39m [37m-->[39m [37mGET[39m [37m/wd/hub/session/dbf81ad3-8ee6-4c66-9214-3e5bbe6d7e0a/element/00000000-0000-0229-ffff-ffff0000003e/location[39m
[35m[HTTP][39m [90m{}[39m
[35m[W3C (dbf81ad3)][39m Driver proxy active, passing request on via HTTP proxy
[35m[WD Proxy][39m Replacing sessionId 3ee4f948-fda2-49ce-a357-6b1e8a345d5a with dbf81ad3-8ee6-4c66-9214-3e5bbe6d7e0a
[35m[HTTP][39m [37m<-- GET /wd/hub/session/dbf81ad3-8ee6-4c66-9214-3e5bbe6d7e0a/element/00000000-0000-0229-ffff-ffff0000003e/location [39m[32m200[39m [90m35 ms - 77[39m
[35m[HTTP][39m [90m[39m
[35m[HTTP][39m [37m-->[39m [37mPOST[39m [37m/wd/hub/session/dbf81ad3-8ee6-4c66-9214-3e5bbe6d7e0a/timeouts[39m
[35m[HTTP][39m [90m{"implicit":30000}[39m
[35m[HTTP][39m [37m<-- POST /wd/hub/session/dbf81ad3-8ee6-4c66-9214-3e5bbe6d7e0a/timeouts [39m[32m200[39m [90m1 ms - 14[39m
[35m[HTTP][39m [90m[39m
[35m[HTTP][39m [37m-->[39m [37mPOST[39m [37m/wd/hub/session/dbf81ad3-8ee6-4c66-9214-3e5bbe6d7e0a/element/00000000-0000-0229-ffff-ffff0000003e/click[39m
[35m[HTTP][39m [90m{"id":"00000000-0000-0229-ffff-ffff0000003e"}[39m
[35m[HTTP][39m [37m<-- POST /wd/hub/session/dbf81ad3-8ee6-4c66-9214-3e5bbe6d7e0a/element/00000000-0000-0229-ffff-ffff0000003e/click [39m[32m200[39m [90m81 ms - 14[39m
[35m[HTTP][39m [90m[39m
[35m[HTTP][39m [37m-->[39m [37mPOST[39m [37m/wd/hub/session/dbf81ad3-8ee6-4c66-9214-3e5bbe6d7e0a/timeouts[39m
[35m[HTTP][39m [90m{"implicit":50}[39m
[35m[HTTP][39m [37m<-- POST /wd/hub/session/dbf81ad3-8ee6-4c66-9214-3e5bbe6d7e0a/timeouts [39m[32m200[39m [90m2 ms - 14[39m
[35m[HTTP][39m [90m[39m
[35m[HTTP][39m [37m-->[39m [37mGET[39m [37m/wd/hub/session/dbf81ad3-8ee6-4c66-9214-3e5bbe6d7e0a/window/rect[39m
[35m[HTTP][39m [90m{}[39m
[35m[HTTP][39m [37m<-- GET /wd/hub/session/dbf81ad3-8ee6-4c66-9214-3e5bbe6d7e0a/window/rect [39m[32m200[39m [90m17 ms - 49[39m
[35m[HTTP][39m [90m[39m
[35m[HTTP][39m [37m-->[39m [37mPOST[39m [37m/wd/hub/session/dbf81ad3-8ee6-4c66-9214-3e5bbe6d7e0a/elements[39m
[35m[HTTP][39m [90m{"using":"xpath","value":"//*[@class = 'android.widget.Button' and (@text = 'Crear Cuenta' or . = 'Crear Cuenta') and @resource-id = 'com.naposystems.napoleonchat:id/button_register']"}[39m
[35m[HTTP][39m [37m<-- POST /wd/hub/session/dbf81ad3-8ee6-4c66-9214-3e5bbe6d7e0a/elements [39m[32m200[39m [90m1049 ms - 139[39m
[35m[HTTP][39m [90m[39m
[35m[HTTP][39m [37m-->[39m [37mGET[39m [37m/wd/hub/session/dbf81ad3-8ee6-4c66-9214-3e5bbe6d7e0a/element/00000000-0000-0229-ffff-ffff00000051/location[39m
[35m[HTTP][39m [90m{}[39m
[35m[W3C (dbf81ad3)][39m Driver proxy active, passing request on via HTTP proxy
[35m[WD Proxy][39m Replacing sessionId 3ee4f948-fda2-49ce-a357-6b1e8a345d5a with dbf81ad3-8ee6-4c66-9214-3e5bbe6d7e0a
[35m[HTTP][39m [37m<-- GET /wd/hub/session/dbf81ad3-8ee6-4c66-9214-3e5bbe6d7e0a/element/00000000-0000-0229-ffff-ffff00000051/location [39m[32m200[39m [90m29 ms - 78[39m
[35m[HTTP][39m [90m[39m
[35m[HTTP][39m [37m-->[39m [37mPOST[39m [37m/wd/hub/session/dbf81ad3-8ee6-4c66-9214-3e5bbe6d7e0a/timeouts[39m
[35m[HTTP][39m [90m{"implicit":30000}[39m
[35m[HTTP][39m [37m<-- POST /wd/hub/session/dbf81ad3-8ee6-4c66-9214-3e5bbe6d7e0a/timeouts [39m[32m200[39m [90m1 ms - 14[39m
[35m[HTTP][39m [90m[39m
[35m[HTTP][39m [37m-->[39m [37mPOST[39m [37m/wd/hub/session/dbf81ad3-8ee6-4c66-9214-3e5bbe6d7e0a/element/00000000-0000-0229-ffff-ffff00000051/click[39m
[35m[HTTP][39m [90m{"id":"00000000-0000-0229-ffff-ffff00000051"}[39m
[35m[HTTP][39m [37m<-- POST /wd/hub/session/dbf81ad3-8ee6-4c66-9214-3e5bbe6d7e0a/element/00000000-0000-0229-ffff-ffff00000051/click [39m[32m200[39m [90m98 ms - 14[39m
[35m[HTTP][39m [90m[39m
[35m[HTTP][39m [37m-->[39m [37mPOST[39m [37m/wd/hub/session/dbf81ad3-8ee6-4c66-9214-3e5bbe6d7e0a/timeouts[39m
[35m[HTTP][39m [90m{"implicit":50}[39m
[35m[HTTP][39m [37m<-- POST /wd/hub/session/dbf81ad3-8ee6-4c66-9214-3e5bbe6d7e0a/timeouts [39m[32m200[39m [90m1 ms - 14[39m
[35m[HTTP][39m [90m[39m
[35m[HTTP][39m [37m-->[39m [37mGET[39m [37m/wd/hub/session/dbf81ad3-8ee6-4c66-9214-3e5bbe6d7e0a/window/rect[39m
[35m[HTTP][39m [90m{}[39m
[35m[HTTP][39m [37m<-- GET /wd/hub/session/dbf81ad3-8ee6-4c66-9214-3e5bbe6d7e0a/window/rect [39m[32m200[39m [90m18 ms - 49[39m
[35m[HTTP][39m [90m[39m
[35m[HTTP][39m [37m-->[39m [37mPOST[39m [37m/wd/hub/session/dbf81ad3-8ee6-4c66-9214-3e5bbe6d7e0a/elements[39m
[35m[HTTP][39m [90m{"using":"xpath","value":"//*[@class = 'android.widget.Button' and (@text = 'Enviar código de registro' or . = 'Enviar código de registro') and @resource-id = 'com.naposystems.napoleonchat:id/button_request_code']"}[39m
[35m[HTTP][39m [37m<-- POST /wd/hub/session/dbf81ad3-8ee6-4c66-9214-3e5bbe6d7e0a/elements [39m[32m200[39m [90m1147 ms - 139[39m
[35m[HTTP][39m [90m[39m
[35m[HTTP][39m [37m-->[39m [37mGET[39m [37m/wd/hub/session/dbf81ad3-8ee6-4c66-9214-3e5bbe6d7e0a/element/00000000-0000-0229-ffff-ffff00000063/location[39m
[35m[HTTP][39m [90m{}[39m
[35m[W3C (dbf81ad3)][39m Driver proxy active, passing request on via HTTP proxy
[35m[WD Proxy][39m Replacing sessionId 3ee4f948-fda2-49ce-a357-6b1e8a345d5a with dbf81ad3-8ee6-4c66-9214-3e5bbe6d7e0a
[35m[HTTP][39m [37m<-- GET /wd/hub/session/dbf81ad3-8ee6-4c66-9214-3e5bbe6d7e0a/element/00000000-0000-0229-ffff-ffff00000063/location [39m[32m200[39m [90m28 ms - 78[39m
[35m[HTTP][39m [90m[39m
[35m[HTTP][39m [37m-->[39m [37mPOST[39m [37m/wd/hub/session/dbf81ad3-8ee6-4c66-9214-3e5bbe6d7e0a/timeouts[39m
[35m[HTTP][39m [90m{"implicit":30000}[39m
[35m[HTTP][39m [37m<-- POST /wd/hub/session/dbf81ad3-8ee6-4c66-9214-3e5bbe6d7e0a/timeouts [39m[32m200[39m [90m1 ms - 14[39m
[35m[HTTP][39m [90m[39m
[35m[HTTP][39m [37m-->[39m [37mPOST[39m [37m/wd/hub/session/dbf81ad3-8ee6-4c66-9214-3e5bbe6d7e0a/element/00000000-0000-0229-ffff-ffff00000063/click[39m
[35m[HTTP][39m [90m{"id":"00000000-0000-0229-ffff-ffff00000063"}[39m
[35m[HTTP][39m [37m<-- POST /wd/hub/session/dbf81ad3-8ee6-4c66-9214-3e5bbe6d7e0a/element/00000000-0000-0229-ffff-ffff00000063/click [39m[32m200[39m [90m89 ms - 14[39m
[35m[HTTP][39m [90m[39m
[35m[HTTP][39m [37m-->[39m [37mPOST[39m [37m/wd/hub/session/dbf81ad3-8ee6-4c66-9214-3e5bbe6d7e0a/timeouts[39m
[35m[HTTP][39m [90m{"implicit":50}[39m
[35m[HTTP][39m [37m<-- POST /wd/hub/session/dbf81ad3-8ee6-4c66-9214-3e5bbe6d7e0a/timeouts [39m[32m200[39m [90m1 ms - 14[39m
[35m[HTTP][39m [90m[39m
[35m[HTTP][39m [37m-->[39m [37mGET[39m [37m/wd/hub/session/dbf81ad3-8ee6-4c66-9214-3e5bbe6d7e0a/window/rect[39m
[35m[HTTP][39m [90m{}[39m
[35m[HTTP][39m [37m<-- GET /wd/hub/session/dbf81ad3-8ee6-4c66-9214-3e5bbe6d7e0a/window/rect [39m[32m200[39m [90m18 ms - 49[39m
[35m[HTTP][39m [90m[39m
[35m[HTTP][39m [37m-->[39m [37mPOST[39m [37m/wd/hub/session/dbf81ad3-8ee6-4c66-9214-3e5bbe6d7e0a/elements[39m
[35m[HTTP][39m [90m{"using":"xpath","value":"//*[@class = 'android.widget.Button' and (@text = 'Continuar' or . = 'Continuar') and @resource-id = 'com.naposystems.napoleonchat:id/button_continue']"}[39m
[35m[HTTP][39m [37m<-- POST /wd/hub/session/dbf81ad3-8ee6-4c66-9214-3e5bbe6d7e0a/elements [39m[32m200[39m [90m1660 ms - 12[39m
[35m[HTTP][39m [90m[39m
[35m[HTTP][39m [37m-->[39m [37mPOST[39m [37m/wd/hub/session/dbf81ad3-8ee6-4c66-9214-3e5bbe6d7e0a/elements[39m
[35m[HTTP][39m [90m{"using":"xpath","value":"//*[@class = 'android.widget.Button' and (@text = 'Continuar' or . = 'Continuar') and @resource-id = 'com.naposystems.napoleonchat:id/button_continue']"}[39m
[35m[HTTP][39m [37m<-- POST /wd/hub/session/dbf81ad3-8ee6-4c66-9214-3e5bbe6d7e0a/elements [39m[32m200[39m [90m657 ms - 12[39m
[35m[HTTP][39m [90m[39m
[35m[HTTP][39m [37m-->[39m [37mPOST[39m [37m/wd/hub/session/dbf81ad3-8ee6-4c66-9214-3e5bbe6d7e0a/elements[39m
[35m[HTTP][39m [90m{"using":"xpath","value":"//*[@class = 'android.widget.Button' and (@text = 'Continuar' or . = 'Continuar') and @resource-id = 'com.naposystems.napoleonchat:id/button_continue']"}[39m
[35m[HTTP][39m [37m<-- POST /wd/hub/session/dbf81ad3-8ee6-4c66-9214-3e5bbe6d7e0a/elements [39m[32m200[39m [90m1682 ms - 139[39m
[35m[HTTP][39m [90m[39m
[35m[HTTP][39m [37m-->[39m [37mGET[39m [37m/wd/hub/session/dbf81ad3-8ee6-4c66-9214-3e5bbe6d7e0a/element/00000000-0000-0229-ffff-ffff0000007b/location[39m
[35m[HTTP][39m [90m{}[39m
[35m[W3C (dbf81ad3)][39m Driver proxy active, passing request on via HTTP proxy
[35m[WD Proxy][39m Replacing sessionId 3ee4f948-fda2-49ce-a357-6b1e8a345d5a with dbf81ad3-8ee6-4c66-9214-3e5bbe6d7e0a
[35m[HTTP][39m [37m<-- GET /wd/hub/session/dbf81ad3-8ee6-4c66-9214-3e5bbe6d7e0a/element/00000000-0000-0229-ffff-ffff0000007b/location [39m[32m200[39m [90m2227 ms - 77[39m
[35m[HTTP][39m [90m[39m
[35m[HTTP][39m [37m-->[39m [37mPOST[39m [37m/wd/hub/session/dbf81ad3-8ee6-4c66-9214-3e5bbe6d7e0a/timeouts[39m
[35m[HTTP][39m [90m{"implicit":30000}[39m
[35m[HTTP][39m [37m<-- POST /wd/hub/session/dbf81ad3-8ee6-4c66-9214-3e5bbe6d7e0a/timeouts [39m[32m200[39m [90m1 ms - 14[39m
[35m[HTTP][39m [90m[39m
[35m[HTTP][39m [37m-->[39m [37mPOST[39m [37m/wd/hub/session/dbf81ad3-8ee6-4c66-9214-3e5bbe6d7e0a/element/00000000-0000-0229-ffff-ffff0000007b/click[39m
[35m[HTTP][39m [90m{"id":"00000000-0000-0229-ffff-ffff0000007b"}[39m
[35m[HTTP][39m [37m<-- POST /wd/hub/session/dbf81ad3-8ee6-4c66-9214-3e5bbe6d7e0a/element/00000000-0000-0229-ffff-ffff0000007b/click [39m[32m200[39m [90m89 ms - 14[39m
[35m[HTTP][39m [90m[39m
[35m[HTTP][39m [37m-->[39m [37mPOST[39m [37m/wd/hub/session/dbf81ad3-8ee6-4c66-9214-3e5bbe6d7e0a/timeouts[39m
[35m[HTTP][39m [90m{"implicit":50}[39m
[35m[HTTP][39m [37m<-- POST /wd/hub/session/dbf81ad3-8ee6-4c66-9214-3e5bbe6d7e0a/timeouts [39m[32m200[39m [90m1 ms - 14[39m
[35m[HTTP][39m [90m[39m
[35m[HTTP][39m [37m-->[39m [37mGET[39m [37m/wd/hub/session/dbf81ad3-8ee6-4c66-9214-3e5bbe6d7e0a/window/rect[39m
[35m[HTTP][39m [90m{}[39m
[35m[HTTP][39m [37m<-- GET /wd/hub/session/dbf81ad3-8ee6-4c66-9214-3e5bbe6d7e0a/window/rect [39m[32m200[39m [90m19 ms - 49[39m
[35m[HTTP][39m [90m[39m
[35m[HTTP][39m [37m-->[39m [37mPOST[39m [37m/wd/hub/session/dbf81ad3-8ee6-4c66-9214-3e5bbe6d7e0a/elements[39m
[35m[HTTP][39m [90m{"using":"xpath","value":"//*[@class = 'android.widget.EditText' and (@text = 'Apodo*' or . = 'Apodo*') and @resource-id = 'com.naposystems.napoleonchat:id/textInputEditText_nickname']"}[39m
[35m[HTTP][39m [37m<-- POST /wd/hub/session/dbf81ad3-8ee6-4c66-9214-3e5bbe6d7e0a/elements [39m[32m200[39m [90m1863 ms - 139[39m
[35m[HTTP][39m [90m[39m
[35m[HTTP][39m [37m-->[39m [37mGET[39m [37m/wd/hub/session/dbf81ad3-8ee6-4c66-9214-3e5bbe6d7e0a/element/00000000-0000-0229-ffff-ffff000000a9/location[39m
[35m[HTTP][39m [90m{}[39m
[35m[W3C (dbf81ad3)][39m Driver proxy active, passing request on via HTTP proxy
[35m[WD Proxy][39m Replacing sessionId 3ee4f948-fda2-49ce-a357-6b1e8a345d5a with dbf81ad3-8ee6-4c66-9214-3e5bbe6d7e0a
[35m[HTTP][39m [37m<-- GET /wd/hub/session/dbf81ad3-8ee6-4c66-9214-3e5bbe6d7e0a/element/00000000-0000-0229-ffff-ffff000000a9/location [39m[32m200[39m [90m178 ms - 77[39m
[35m[HTTP][39m [90m[39m
[35m[HTTP][39m [37m-->[39m [37mPOST[39m [37m/wd/hub/session/dbf81ad3-8ee6-4c66-9214-3e5bbe6d7e0a/timeouts[39m
[35m[HTTP][39m [90m{"implicit":30000}[39m
[35m[HTTP][39m [37m<-- POST /wd/hub/session/dbf81ad3-8ee6-4c66-9214-3e5bbe6d7e0a/timeouts [39m[32m200[39m [90m1 ms - 14[39m
[35m[HTTP][39m [90m[39m
[35m[HTTP][39m [37m-->[39m [37mPOST[39m [37m/wd/hub/session/dbf81ad3-8ee6-4c66-9214-3e5bbe6d7e0a/element/00000000-0000-0229-ffff-ffff000000a9/clear[39m
[35m[HTTP][39m [90m{"id":"00000000-0000-0229-ffff-ffff000000a9"}[39m
[35m[HTTP][39m [37m<-- POST /wd/hub/session/dbf81ad3-8ee6-4c66-9214-3e5bbe6d7e0a/element/00000000-0000-0229-ffff-ffff000000a9/clear [39m[32m200[39m [90m77 ms - 14[39m
[35m[HTTP][39m [90m[39m
[35m[HTTP][39m [37m-->[39m [37mPOST[39m [37m/wd/hub/session/dbf81ad3-8ee6-4c66-9214-3e5bbe6d7e0a/element/00000000-0000-0229-ffff-ffff000000a9/value[39m
[35m[HTTP][39m [90m{"id":"00000000-0000-0229-ffff-ffff000000a9","text":"libre024","value":["l","i","b","r","e","0","2","4"]}[39m
[35m[HTTP][39m [37m<-- POST /wd/hub/session/dbf81ad3-8ee6-4c66-9214-3e5bbe6d7e0a/element/00000000-0000-0229-ffff-ffff000000a9/value [39m[32m200[39m [90m2408 ms - 14[39m
[35m[HTTP][39m [90m[39m
[35m[HTTP][39m [37m-->[39m [37mPOST[39m [37m/wd/hub/session/dbf81ad3-8ee6-4c66-9214-3e5bbe6d7e0a/timeouts[39m
[35m[HTTP][39m [90m{"implicit":50}[39m
[35m[HTTP][39m [37m<-- POST /wd/hub/session/dbf81ad3-8ee6-4c66-9214-3e5bbe6d7e0a/timeouts [39m[32m200[39m [90m1 ms - 14[39m
[35m[HTTP][39m [90m[39m
[35m[HTTP][39m [37m-->[39m [37mGET[39m [37m/wd/hub/session/dbf81ad3-8ee6-4c66-9214-3e5bbe6d7e0a/window/rect[39m
[35m[HTTP][39m [90m{}[39m
[35m[HTTP][39m [37m<-- GET /wd/hub/session/dbf81ad3-8ee6-4c66-9214-3e5bbe6d7e0a/window/rect [39m[32m200[39m [90m19 ms - 49[39m
[35m[HTTP][39m [90m[39m
[35m[HTTP][39m [37m-->[39m [37mPOST[39m [37m/wd/hub/session/dbf81ad3-8ee6-4c66-9214-3e5bbe6d7e0a/elements[39m
[35m[HTTP][39m [90m{"using":"xpath","value":"//*[@class = 'android.widget.Button' and (@text = 'Siguiente' or . = 'Siguiente') and @resource-id = 'com.naposystems.napoleonchat:id/button_next']"}[39m
[35m[HTTP][39m [37m<-- POST /wd/hub/session/dbf81ad3-8ee6-4c66-9214-3e5bbe6d7e0a/elements [39m[32m200[39m [90m1151 ms - 139[39m
[35m[HTTP][39m [90m[39m
[35m[HTTP][39m [37m-->[39m [37mGET[39m [37m/wd/hub/session/dbf81ad3-8ee6-4c66-9214-3e5bbe6d7e0a/element/00000000-0000-0229-ffff-ffff000000c8/location[39m
[35m[HTTP][39m [90m{}[39m
[35m[W3C (dbf81ad3)][39m Driver proxy active, passing request on via HTTP proxy
[35m[WD Proxy][39m Replacing sessionId 3ee4f948-fda2-49ce-a357-6b1e8a345d5a with dbf81ad3-8ee6-4c66-9214-3e5bbe6d7e0a
[35m[HTTP][39m [37m<-- GET /wd/hub/session/dbf81ad3-8ee6-4c66-9214-3e5bbe6d7e0a/element/00000000-0000-0229-ffff-ffff000000c8/location [39m[32m200[39m [90m28 ms - 78[39m
[35m[HTTP][39m [90m[39m
[35m[HTTP][39m [37m-->[39m [37mPOST[39m [37m/wd/hub/session/dbf81ad3-8ee6-4c66-9214-3e5bbe6d7e0a/timeouts[39m
[35m[HTTP][39m [90m{"implicit":30000}[39m
[35m[HTTP][39m [37m<-- POST /wd/hub/session/dbf81ad3-8ee6-4c66-9214-3e5bbe6d7e0a/timeouts [39m[32m200[39m [90m1 ms - 14[39m
[35m[HTTP][39m [90m[39m
[35m[HTTP][39m [37m-->[39m [37mPOST[39m [37m/wd/hub/session/dbf81ad3-8ee6-4c66-9214-3e5bbe6d7e0a/element/00000000-0000-0229-ffff-ffff000000c8/click[39m
[35m[HTTP][39m [90m{"id":"00000000-0000-0229-ffff-ffff000000c8"}[39m
[35m[HTTP][39m [37m<-- POST /wd/hub/session/dbf81ad3-8ee6-4c66-9214-3e5bbe6d7e0a/element/00000000-0000-0229-ffff-ffff000000c8/click [39m[32m200[39m [90m82 ms - 14[39m
[35m[HTTP][39m [90m[39m
[35m[HTTP][39m [37m-->[39m [37mPOST[39m [37m/wd/hub/session/dbf81ad3-8ee6-4c66-9214-3e5bbe6d7e0a/timeouts[39m
[35m[HTTP][39m [90m{"implicit":50}[39m
[35m[HTTP][39m [37m<-- POST /wd/hub/session/dbf81ad3-8ee6-4c66-9214-3e5bbe6d7e0a/timeouts [39m[32m200[39m [90m1 ms - 14[39m
[35m[HTTP][39m [90m[39m
[35m[HTTP][39m [37m-->[39m [37mGET[39m [37m/wd/hub/session/dbf81ad3-8ee6-4c66-9214-3e5bbe6d7e0a/window/rect[39m
[35m[HTTP][39m [90m{}[39m
[35m[HTTP][39m [37m<-- GET /wd/hub/session/dbf81ad3-8ee6-4c66-9214-3e5bbe6d7e0a/window/rect [39m[32m200[39m [90m17 ms - 49[39m
[35m[HTTP][39m [90m[39m
[35m[HTTP][39m [37m-->[39m [37mPOST[39m [37m/wd/hub/session/dbf81ad3-8ee6-4c66-9214-3e5bbe6d7e0a/elements[39m
[35m[HTTP][39m [90m{"using":"xpath","value":"//*[@class = 'android.widget.EditText' and (@text = 'Pin de Acceso' or . = 'Pin de Acceso') and @resource-id = 'com.naposystems.napoleonchat:id/textInputEditText_access_pin']"}[39m
[35m[HTTP][39m [37m<-- POST /wd/hub/session/dbf81ad3-8ee6-4c66-9214-3e5bbe6d7e0a/elements [39m[32m200[39m [90m160 ms - 12[39m
[35m[HTTP][39m [90m[39m
[35m[HTTP][39m [37m-->[39m [37mPOST[39m [37m/wd/hub/session/dbf81ad3-8ee6-4c66-9214-3e5bbe6d7e0a/elements[39m
[35m[HTTP][39m [90m{"using":"xpath","value":"//*[@class = 'android.widget.EditText' and (@text = 'Pin de Acceso' or . = 'Pin de Acceso') and @resource-id = 'com.naposystems.napoleonchat:id/textInputEditText_access_pin']"}[39m
[35m[HTTP][39m [37m<-- POST /wd/hub/session/dbf81ad3-8ee6-4c66-9214-3e5bbe6d7e0a/elements [39m[32m200[39m [90m153 ms - 12[39m
[35m[HTTP][39m [90m[39m
[35m[HTTP][39m [37m-->[39m [37mPOST[39m [37m/wd/hub/session/dbf81ad3-8ee6-4c66-9214-3e5bbe6d7e0a/elements[39m
[35m[HTTP][39m [90m{"using":"xpath","value":"//*[@class = 'android.widget.EditText' and (@text = 'Pin de Acceso' or . = 'Pin de Acceso') and @resource-id = 'com.naposystems.napoleonchat:id/textInputEditText_access_pin']"}[39m
[35m[HTTP][39m [37m<-- POST /wd/hub/session/dbf81ad3-8ee6-4c66-9214-3e5bbe6d7e0a/elements [39m[32m200[39m [90m153 ms - 12[39m
[35m[HTTP][39m [90m[39m
[35m[HTTP][39m [37m-->[39m [37mPOST[39m [37m/wd/hub/session/dbf81ad3-8ee6-4c66-9214-3e5bbe6d7e0a/elements[39m
[35m[HTTP][39m [90m{"using":"xpath","value":"//*[@class = 'android.widget.EditText' and (@text = 'Pin de Acceso' or . = 'Pin de Acceso') and @resource-id = 'com.naposystems.napoleonchat:id/textInputEditText_access_pin']"}[39m
[35m[HTTP][39m [37m<-- POST /wd/hub/session/dbf81ad3-8ee6-4c66-9214-3e5bbe6d7e0a/elements [39m[32m200[39m [90m157 ms - 12[39m
[35m[HTTP][39m [90m[39m
[35m[HTTP][39m [37m-->[39m [37mPOST[39m [37m/wd/hub/session/dbf81ad3-8ee6-4c66-9214-3e5bbe6d7e0a/elements[39m
[35m[HTTP][39m [90m{"using":"xpath","value":"//*[@class = 'android.widget.EditText' and (@text = 'Pin de Acceso' or . = 'Pin de Acceso') and @resource-id = 'com.naposystems.napoleonchat:id/textInputEditText_access_pin']"}[39m
[35m[HTTP][39m [37m<-- POST /wd/hub/session/dbf81ad3-8ee6-4c66-9214-3e5bbe6d7e0a/elements [39m[32m200[39m [90m136 ms - 12[39m
[35m[HTTP][39m [90m[39m
[35m[HTTP][39m [37m-->[39m [37mPOST[39m [37m/wd/hub/session/dbf81ad3-8ee6-4c66-9214-3e5bbe6d7e0a/elements[39m
[35m[HTTP][39m [90m{"using":"xpath","value":"//*[@class = 'android.widget.EditText' and (@text = 'Pin de Acceso' or . = 'Pin de Acceso') and @resource-id = 'com.naposystems.napoleonchat:id/textInputEditText_access_pin']"}[39m
[35m[HTTP][39m [37m<-- POST /wd/hub/session/dbf81ad3-8ee6-4c66-9214-3e5bbe6d7e0a/elements [39m[32m200[39m [90m142 ms - 12[39m
[35m[HTTP][39m [90m[39m
[35m[HTTP][39m [37m-->[39m [37mPOST[39m [37m/wd/hub/session/dbf81ad3-8ee6-4c66-9214-3e5bbe6d7e0a/elements[39m
[35m[HTTP][39m [90m{"using":"xpath","value":"//*[@class = 'android.widget.EditText' and (@text = 'Pin de Acceso' or . = 'Pin de Acceso') and @resource-id = 'com.naposystems.napoleonchat:id/textInputEditText_access_pin']"}[39m
[35m[HTTP][39m [37m<-- POST /wd/hub/session/dbf81ad3-8ee6-4c66-9214-3e5bbe6d7e0a/elements [39m[32m200[39m [90m124 ms - 12[39m
[35m[HTTP][39m [90m[39m
[35m[HTTP][39m [37m-->[39m [37mPOST[39m [37m/wd/hub/session/dbf81ad3-8ee6-4c66-9214-3e5bbe6d7e0a/elements[39m
[35m[HTTP][39m [90m{"using":"xpath","value":"//*[@class = 'android.widget.EditText' and (@text = 'Pin de Acceso' or . = 'Pin de Acceso') and @resource-id = 'com.naposystems.napoleonchat:id/textInputEditText_access_pin']"}[39m
[35m[HTTP][39m [37m<-- POST /wd/hub/session/dbf81ad3-8ee6-4c66-9214-3e5bbe6d7e0a/elements [39m[32m200[39m [90m133 ms - 12[39m
[35m[HTTP][39m [90m[39m
[35m[HTTP][39m [37m-->[39m [37mPOST[39m [37m/wd/hub/session/dbf81ad3-8ee6-4c66-9214-3e5bbe6d7e0a/elements[39m
[35m[HTTP][39m [90m{"using":"xpath","value":"//*[@class = 'android.widget.EditText' and (@text = 'Pin de Acceso' or . = 'Pin de Acceso') and @resource-id = 'com.naposystems.napoleonchat:id/textInputEditText_access_pin']"}[39m
[35m[HTTP][39m [37m<-- POST /wd/hub/session/dbf81ad3-8ee6-4c66-9214-3e5bbe6d7e0a/elements [39m[32m200[39m [90m137 ms - 12[39m
[35m[HTTP][39m [90m[39m
[35m[HTTP][39m [37m-->[39m [37mPOST[39m [37m/wd/hub/session/dbf81ad3-8ee6-4c66-9214-3e5bbe6d7e0a/elements[39m
[35m[HTTP][39m [90m{"using":"xpath","value":"//*[@class = 'android.widget.EditText' and (@text = 'Pin de Acceso' or . = 'Pin de Acceso') and @resource-id = 'com.naposystems.napoleonchat:id/textInputEditText_access_pin']"}[39m
[35m[HTTP][39m [37m<-- POST /wd/hub/session/dbf81ad3-8ee6-4c66-9214-3e5bbe6d7e0a/elements [39m[32m200[39m [90m127 ms - 12[39m
[35m[HTTP][39m [90m[39m
[35m[HTTP][39m [37m-->[39m [37mPOST[39m [37m/wd/hub/session/dbf81ad3-8ee6-4c66-9214-3e5bbe6d7e0a/elements[39m
[35m[HTTP][39m [90m{"using":"xpath","value":"//*[@class = 'android.widget.EditText' and (@text = 'Pin de Acceso' or . = 'Pin de Acceso') and @resource-id = 'com.naposystems.napoleonchat:id/textInputEditText_access_pin']"}[39m
[35m[HTTP][39m [37m<-- POST /wd/hub/session/dbf81ad3-8ee6-4c66-9214-3e5bbe6d7e0a/elements [39m[32m200[39m [90m102 ms - 12[39m
[35m[HTTP][39m [90m[39m
[35m[HTTP][39m [37m-->[39m [37mPOST[39m [37m/wd/hub/session/dbf81ad3-8ee6-4c66-9214-3e5bbe6d7e0a/elements[39m
[35m[HTTP][39m [90m{"using":"xpath","value":"//*[@class = 'android.widget.EditText' and (@text = 'Pin de Acceso' or . = 'Pin de Acceso') and @resource-id = 'com.naposystems.napoleonchat:id/textInputEditText_access_pin']"}[39m
[35m[HTTP][39m [37m<-- POST /wd/hub/session/dbf81ad3-8ee6-4c66-9214-3e5bbe6d7e0a/elements [39m[32m200[39m [90m99 ms - 12[39m
[35m[HTTP][39m [90m[39m
[35m[HTTP][39m [37m-->[39m [37mPOST[39m [37m/wd/hub/session/dbf81ad3-8ee6-4c66-9214-3e5bbe6d7e0a/elements[39m
[35m[HTTP][39m [90m{"using":"xpath","value":"//*[@class = 'android.widget.EditText' and (@text = 'Pin de Acceso' or . = 'Pin de Acceso') and @resource-id = 'com.naposystems.napoleonchat:id/textInputEditText_access_pin']"}[39m
[35m[HTTP][39m [37m<-- POST /wd/hub/session/dbf81ad3-8ee6-4c66-9214-3e5bbe6d7e0a/elements [39m[32m200[39m [90m99 ms - 12[39m
[35m[HTTP][39m [90m[39m
[35m[HTTP][39m [37m-->[39m [37mPOST[39m [37m/wd/hub/session/dbf81ad3-8ee6-4c66-9214-3e5bbe6d7e0a/elements[39m
[35m[HTTP][39m [90m{"using":"xpath","value":"//*[@class = 'android.widget.EditText' and (@text = 'Pin de Acceso' or . = 'Pin de Acceso') and @resource-id = 'com.naposystems.napoleonchat:id/textInputEditText_access_pin']"}[39m
[35m[HTTP][39m [37m<-- POST /wd/hub/session/dbf81ad3-8ee6-4c66-9214-3e5bbe6d7e0a/elements [39m[32m200[39m [90m116 ms - 12[39m
[35m[HTTP][39m [90m[39m
[35m[HTTP][39m [37m-->[39m [37mPOST[39m [37m/wd/hub/session/dbf81ad3-8ee6-4c66-9214-3e5bbe6d7e0a/elements[39m
[35m[HTTP][39m [90m{"using":"xpath","value":"//*[@class = 'android.widget.EditText' and (@text = 'Pin de Acceso' or . = 'Pin de Acceso') and @resource-id = 'com.naposystems.napoleonchat:id/textInputEditText_access_pin']"}[39m
[35m[HTTP][39m [37m<-- POST /wd/hub/session/dbf81ad3-8ee6-4c66-9214-3e5bbe6d7e0a/elements [39m[32m200[39m [90m106 ms - 12[39m
[35m[HTTP][39m [90m[39m
[35m[HTTP][39m [37m-->[39m [37mPOST[39m [37m/wd/hub/session/dbf81ad3-8ee6-4c66-9214-3e5bbe6d7e0a/elements[39m
[35m[HTTP][39m [90m{"using":"xpath","value":"//*[@class = 'android.widget.EditText' and (@text = 'Pin de Acceso' or . = 'Pin de Acceso') and @resource-id = 'com.naposystems.napoleonchat:id/textInputEditText_access_pin']"}[39m
[35m[HTTP][39m [37m<-- POST /wd/hub/session/dbf81ad3-8ee6-4c66-9214-3e5bbe6d7e0a/elements [39m[32m200[39m [90m115 ms - 12[39m
[35m[HTTP][39m [90m[39m
[35m[HTTP][39m [37m-->[39m [37mPOST[39m [37m/wd/hub/session/dbf81ad3-8ee6-4c66-9214-3e5bbe6d7e0a/elements[39m
[35m[HTTP][39m [90m{"using":"xpath","value":"//*[@class = 'android.widget.EditText' and (@text = 'Pin de Acceso' or . = 'Pin de Acceso') and @resource-id = 'com.naposystems.napoleonchat:id/textInputEditText_access_pin']"}[39m
[35m[HTTP][39m [37m<-- POST /wd/hub/session/dbf81ad3-8ee6-4c66-9214-3e5bbe6d7e0a/elements [39m[32m200[39m [90m108 ms - 12[39m
[35m[HTTP][39m [90m[39m
[35m[HTTP][39m [37m-->[39m [37mPOST[39m [37m/wd/hub/session/dbf81ad3-8ee6-4c66-9214-3e5bbe6d7e0a/elements[39m
[35m[HTTP][39m [90m{"using":"xpath","value":"//*[@class = 'android.widget.EditText' and (@text = 'Pin de Acceso' or . = 'Pin de Acceso') and @resource-id = 'com.naposystems.napoleonchat:id/textInputEditText_access_pin']"}[39m
[35m[HTTP][39m [37m<-- POST /wd/hub/session/dbf81ad3-8ee6-4c66-9214-3e5bbe6d7e0a/elements [39m[32m200[39m [90m112 ms - 12[39m
[35m[HTTP][39m [90m[39m
[35m[HTTP][39m [37m-->[39m [37mPOST[39m [37m/wd/hub/session/dbf81ad3-8ee6-4c66-9214-3e5bbe6d7e0a/elements[39m
[35m[HTTP][39m [90m{"using":"xpath","value":"//*[@class = 'android.widget.EditText' and (@text = 'Pin de Acceso' or . = 'Pin de Acceso') and @resource-id = 'com.naposystems.napoleonchat:id/textInputEditText_access_pin']"}[39m
[35m[HTTP][39m [37m<-- POST /wd/hub/session/dbf81ad3-8ee6-4c66-9214-3e5bbe6d7e0a/elements [39m[32m200[39m [90m112 ms - 12[39m
[35m[HTTP][39m [90m[39m
[35m[HTTP][39m [37m-->[39m [37mPOST[39m [37m/wd/hub/session/dbf81ad3-8ee6-4c66-9214-3e5bbe6d7e0a/elements[39m
[35m[HTTP][39m [90m{"using":"xpath","value":"//*[@class = 'android.widget.EditText' and (@text = 'Pin de Acceso' or . = 'Pin de Acceso') and @resource-id = 'com.naposystems.napoleonchat:id/textInputEditText_access_pin']"}[39m
[35m[HTTP][39m [37m<-- POST /wd/hub/session/dbf81ad3-8ee6-4c66-9214-3e5bbe6d7e0a/elements [39m[32m200[39m [90m106 ms - 12[39m
[35m[HTTP][39m [90m[39m
[35m[HTTP][39m [37m-->[39m [37mPOST[39m [37m/wd/hub/session/dbf81ad3-8ee6-4c66-9214-3e5bbe6d7e0a/elements[39m
[35m[HTTP][39m [90m{"using":"xpath","value":"//*[@class = 'android.widget.EditText' and (@text = 'Pin de Acceso' or . = 'Pin de Acceso') and @resource-id = 'com.naposystems.napoleonchat:id/textInputEditText_access_pin']"}[39m
[35m[HTTP][39m [37m<-- POST /wd/hub/session/dbf81ad3-8ee6-4c66-9214-3e5bbe6d7e0a/elements [39m[32m200[39m [90m708 ms - 12[39m
[35m[HTTP][39m [90m[39m
[35m[HTTP][39m [37m-->[39m [37mPOST[39m [37m/wd/hub/session/dbf81ad3-8ee6-4c66-9214-3e5bbe6d7e0a/elements[39m
[35m[HTTP][39m [90m{"using":"xpath","value":"//*[@class = 'android.widget.EditText' and (@text = 'Pin de Acceso' or . = 'Pin de Acceso') and @resource-id = 'com.naposystems.napoleonchat:id/textInputEditText_access_pin']"}[39m
[35m[HTTP][39m [37m<-- POST /wd/hub/session/dbf81ad3-8ee6-4c66-9214-3e5bbe6d7e0a/elements [39m[32m200[39m [90m102 ms - 12[39m
[35m[HTTP][39m [90m[39m
[35m[HTTP][39m [37m-->[39m [37mPOST[39m [37m/wd/hub/session/dbf81ad3-8ee6-4c66-9214-3e5bbe6d7e0a/elements[39m
[35m[HTTP][39m [90m{"using":"xpath","value":"//*[@class = 'android.widget.EditText' and (@text = 'Pin de Acceso' or . = 'Pin de Acceso') and @resource-id = 'com.naposystems.napoleonchat:id/textInputEditText_access_pin']"}[39m
[35m[HTTP][39m [37m<-- POST /wd/hub/session/dbf81ad3-8ee6-4c66-9214-3e5bbe6d7e0a/elements [39m[32m200[39m [90m105 ms - 12[39m
[35m[HTTP][39m [90m[39m
[35m[HTTP][39m [37m-->[39m [37mPOST[39m [37m/wd/hub/session/dbf81ad3-8ee6-4c66-9214-3e5bbe6d7e0a/elements[39m
[35m[HTTP][39m [90m{"using":"xpath","value":"//*[@class = 'android.widget.EditText' and (@text = 'Pin de Acceso' or . = 'Pin de Acceso') and @resource-id = 'com.naposystems.napoleonchat:id/textInputEditText_access_pin']"}[39m
[35m[HTTP][39m [37m<-- POST /wd/hub/session/dbf81ad3-8ee6-4c66-9214-3e5bbe6d7e0a/elements [39m[32m200[39m [90m110 ms - 12[39m
[35m[HTTP][39m [90m[39m
[35m[HTTP][39m [37m-->[39m [37mPOST[39m [37m/wd/hub/session/dbf81ad3-8ee6-4c66-9214-3e5bbe6d7e0a/elements[39m
[35m[HTTP][39m [90m{"using":"xpath","value":"//*[@class = 'android.widget.EditText' and (@text = 'Pin de Acceso' or . = 'Pin de Acceso') and @resource-id = 'com.naposystems.napoleonchat:id/textInputEditText_access_pin']"}[39m
[35m[HTTP][39m [37m<-- POST /wd/hub/session/dbf81ad3-8ee6-4c66-9214-3e5bbe6d7e0a/elements [39m[32m200[39m [90m102 ms - 12[39m
[35m[HTTP][39m [90m[39m
[35m[HTTP][39m [37m-->[39m [37mPOST[39m [37m/wd/hub/session/dbf81ad3-8ee6-4c66-9214-3e5bbe6d7e0a/elements[39m
[35m[HTTP][39m [90m{"using":"xpath","value":"//*[@class = 'android.widget.EditText' and (@text = 'Pin de Acceso' or . = 'Pin de Acceso') and @resource-id = 'com.naposystems.napoleonchat:id/textInputEditText_access_pin']"}[39m
[35m[HTTP][39m [37m<-- POST /wd/hub/session/dbf81ad3-8ee6-4c66-9214-3e5bbe6d7e0a/elements [39m[32m200[39m [90m112 ms - 12[39m
[35m[HTTP][39m [90m[39m
[35m[HTTP][39m [37m-->[39m [37mPOST[39m [37m/wd/hub/session/dbf81ad3-8ee6-4c66-9214-3e5bbe6d7e0a/elements[39m
[35m[HTTP][39m [90m{"using":"xpath","value":"//*[@class = 'android.widget.EditText' and (@text = 'Pin de Acceso' or . = 'Pin de Acceso') and @resource-id = 'com.naposystems.napoleonchat:id/textInputEditText_access_pin']"}[39m
[35m[HTTP][39m [37m<-- POST /wd/hub/session/dbf81ad3-8ee6-4c66-9214-3e5bbe6d7e0a/elements [39m[32m200[39m [90m105 ms - 12[39m
[35m[HTTP][39m [90m[39m
[35m[HTTP][39m [37m-->[39m [37mPOST[39m [37m/wd/hub/session/dbf81ad3-8ee6-4c66-9214-3e5bbe6d7e0a/elements[39m
[35m[HTTP][39m [90m{"using":"xpath","value":"//*[@class = 'android.widget.EditText' and (@text = 'Pin de Acceso' or . = 'Pin de Acceso') and @resource-id = 'com.naposystems.napoleonchat:id/textInputEditText_access_pin']"}[39m
[35m[HTTP][39m [37m<-- POST /wd/hub/session/dbf81ad3-8ee6-4c66-9214-3e5bbe6d7e0a/elements [39m[32m200[39m [90m104 ms - 12[39m
[35m[HTTP][39m [90m[39m
[35m[HTTP][39m [37m-->[39m [37mPOST[39m [37m/wd/hub/session/dbf81ad3-8ee6-4c66-9214-3e5bbe6d7e0a/elements[39m
[35m[HTTP][39m [90m{"using":"xpath","value":"//*[@class = 'android.widget.EditText' and (@text = 'Pin de Acceso' or . = 'Pin de Acceso') and @resource-id = 'com.naposystems.napoleonchat:id/textInputEditText_access_pin']"}[39m
[35m[HTTP][39m [37m<-- POST /wd/hub/session/dbf81ad3-8ee6-4c66-9214-3e5bbe6d7e0a/elements [39m[32m200[39m [90m102 ms - 12[39m
[35m[HTTP][39m [90m[39m
[35m[HTTP][39m [37m-->[39m [37mPOST[39m [37m/wd/hub/session/dbf81ad3-8ee6-4c66-9214-3e5bbe6d7e0a/elements[39m
[35m[HTTP][39m [90m{"using":"xpath","value":"//*[@class = 'android.widget.EditText' and (@text = 'Pin de Acceso' or . = 'Pin de Acceso') and @resource-id = 'com.naposystems.napoleonchat:id/textInputEditText_access_pin']"}[39m
[35m[HTTP][39m [37m<-- POST /wd/hub/session/dbf81ad3-8ee6-4c66-9214-3e5bbe6d7e0a/elements [39m[32m200[39m [90m100 ms - 12[39m
[35m[HTTP][39m [90m[39m
[35m[HTTP][39m [37m-->[39m [37mPOST[39m [37m/wd/hub/session/dbf81ad3-8ee6-4c66-9214-3e5bbe6d7e0a/elements[39m
[35m[HTTP][39m [90m{"using":"xpath","value":"//*[@class = 'android.widget.EditText' and (@text = 'Pin de Acceso' or . = 'Pin de Acceso') and @resource-id = 'com.naposystems.napoleonchat:id/textInputEditText_access_pin']"}[39m
[35m[HTTP][39m [37m<-- POST /wd/hub/session/dbf81ad3-8ee6-4c66-9214-3e5bbe6d7e0a/elements [39m[32m200[39m [90m117 ms - 12[39m
[35m[HTTP][39m [90m[39m
[35m[HTTP][39m [37m-->[39m [37mPOST[39m [37m/wd/hub/session/dbf81ad3-8ee6-4c66-9214-3e5bbe6d7e0a/elements[39m
[35m[HTTP][39m [90m{"using":"xpath","value":"//*[@class = 'android.widget.EditText' and (@text = 'Pin de Acceso' or . = 'Pin de Acceso') and @resource-id = 'com.naposystems.napoleonchat:id/textInputEditText_access_pin']"}[39m
[35m[HTTP][39m [37m<-- POST /wd/hub/session/dbf81ad3-8ee6-4c66-9214-3e5bbe6d7e0a/elements [39m[32m200[39m [90m97 ms - 12[39m
[35m[HTTP][39m [90m[39m
[35m[HTTP][39m [37m-->[39m [37mPOST[39m [37m/wd/hub/session/dbf81ad3-8ee6-4c66-9214-3e5bbe6d7e0a/elements[39m
[35m[HTTP][39m [90m{"using":"xpath","value":"//*[@class = 'android.widget.EditText' and (@text = 'Pin de Acceso' or . = 'Pin de Acceso') and @resource-id = 'com.naposystems.napoleonchat:id/textInputEditText_access_pin']"}[39m
[35m[HTTP][39m [37m<-- POST /wd/hub/session/dbf81ad3-8ee6-4c66-9214-3e5bbe6d7e0a/elements [39m[32m200[39m [90m98 ms - 12[39m
[35m[HTTP][39m [90m[39m
[35m[HTTP][39m [37m-->[39m [37mPOST[39m [37m/wd/hub/session/dbf81ad3-8ee6-4c66-9214-3e5bbe6d7e0a/elements[39m
[35m[HTTP][39m [90m{"using":"xpath","value":"//*[@class = 'android.widget.EditText' and (@text = 'Pin de Acceso' or . = 'Pin de Acceso') and @resource-id = 'com.naposystems.napoleonchat:id/textInputEditText_access_pin']"}[39m
[35m[HTTP][39m [37m<-- POST /wd/hub/session/dbf81ad3-8ee6-4c66-9214-3e5bbe6d7e0a/elements [39m[32m200[39m [90m97 ms - 12[39m
[35m[HTTP][39m [90m[39m
[35m[HTTP][39m [37m-->[39m [37mPOST[39m [37m/wd/hub/session/dbf81ad3-8ee6-4c66-9214-3e5bbe6d7e0a/elements[39m
[35m[HTTP][39m [90m{"using":"xpath","value":"//*[@class = 'android.widget.EditText' and (@text = 'Pin de Acceso' or . = 'Pin de Acceso') and @resource-id = 'com.naposystems.napoleonchat:id/textInputEditText_access_pin']"}[39m
[35m[HTTP][39m [37m<-- POST /wd/hub/session/dbf81ad3-8ee6-4c66-9214-3e5bbe6d7e0a/elements [39m[32m200[39m [90m98 ms - 12[39m
[35m[HTTP][39m [90m[39m
[35m[HTTP][39m [37m-->[39m [37mPOST[39m [37m/wd/hub/session/dbf81ad3-8ee6-4c66-9214-3e5bbe6d7e0a/elements[39m
[35m[HTTP][39m [90m{"using":"xpath","value":"//*[@class = 'android.widget.EditText' and (@text = 'Pin de Acceso' or . = 'Pin de Acceso') and @resource-id = 'com.naposystems.napoleonchat:id/textInputEditText_access_pin']"}[39m
[35m[HTTP][39m [37m<-- POST /wd/hub/session/dbf81ad3-8ee6-4c66-9214-3e5bbe6d7e0a/elements [39m[32m200[39m [90m104 ms - 12[39m
[35m[HTTP][39m [90m[39m
[35m[HTTP][39m [37m-->[39m [37mPOST[39m [37m/wd/hub/session/dbf81ad3-8ee6-4c66-9214-3e5bbe6d7e0a/elements[39m
[35m[HTTP][39m [90m{"using":"xpath","value":"//*[@class = 'android.widget.EditText' and (@text = 'Pin de Acceso' or . = 'Pin de Acceso') and @resource-id = 'com.naposystems.napoleonchat:id/textInputEditText_access_pin']"}[39m
[35m[HTTP][39m [37m<-- POST /wd/hub/session/dbf81ad3-8ee6-4c66-9214-3e5bbe6d7e0a/elements [39m[32m200[39m [90m92 ms - 12[39m
[35m[HTTP][39m [90m[39m
[35m[HTTP][39m [37m-->[39m [37mPOST[39m [37m/wd/hub/session/dbf81ad3-8ee6-4c66-9214-3e5bbe6d7e0a/elements[39m
[35m[HTTP][39m [90m{"using":"xpath","value":"//*[@class = 'android.widget.EditText' and (@text = 'Pin de Acceso' or . = 'Pin de Acceso') and @resource-id = 'com.naposystems.napoleonchat:id/textInputEditText_access_pin']"}[39m
[35m[HTTP][39m [37m<-- POST /wd/hub/session/dbf81ad3-8ee6-4c66-9214-3e5bbe6d7e0a/elements [39m[32m200[39m [90m98 ms - 12[39m
[35m[HTTP][39m [90m[39m
[35m[HTTP][39m [37m-->[39m [37mPOST[39m [37m/wd/hub/session/dbf81ad3-8ee6-4c66-9214-3e5bbe6d7e0a/elements[39m
[35m[HTTP][39m [90m{"using":"xpath","value":"//*[@class = 'android.widget.EditText' and (@text = 'Pin de Acceso' or . = 'Pin de Acceso') and @resource-id = 'com.naposystems.napoleonchat:id/textInputEditText_access_pin']"}[39m
[35m[HTTP][39m [37m<-- POST /wd/hub/session/dbf81ad3-8ee6-4c66-9214-3e5bbe6d7e0a/elements [39m[32m200[39m [90m98 ms - 12[39m
[35m[HTTP][39m [90m[39m
[35m[HTTP][39m [37m-->[39m [37mPOST[39m [37m/wd/hub/session/dbf81ad3-8ee6-4c66-9214-3e5bbe6d7e0a/elements[39m
[35m[HTTP][39m [90m{"using":"xpath","value":"//*[@class = 'android.widget.EditText' and (@text = 'Pin de Acceso' or . = 'Pin de Acceso') and @resource-id = 'com.naposystems.napoleonchat:id/textInputEditText_access_pin']"}[39m
[35m[HTTP][39m [37m<-- POST /wd/hub/session/dbf81ad3-8ee6-4c66-9214-3e5bbe6d7e0a/elements [39m[32m200[39m [90m93 ms - 12[39m
[35m[HTTP][39m [90m[39m
[35m[HTTP][39m [37m-->[39m [37mPOST[39m [37m/wd/hub/session/dbf81ad3-8ee6-4c66-9214-3e5bbe6d7e0a/elements[39m
[35m[HTTP][39m [90m{"using":"xpath","value":"//*[@class = 'android.widget.EditText' and (@text = 'Pin de Acceso' or . = 'Pin de Acceso') and @resource-id = 'com.naposystems.napoleonchat:id/textInputEditText_access_pin']"}[39m
[35m[HTTP][39m [37m<-- POST /wd/hub/session/dbf81ad3-8ee6-4c66-9214-3e5bbe6d7e0a/elements [39m[32m200[39m [90m101 ms - 12[39m
[35m[HTTP][39m [90m[39m
[35m[HTTP][39m [37m-->[39m [37mPOST[39m [37m/wd/hub/session/dbf81ad3-8ee6-4c66-9214-3e5bbe6d7e0a/elements[39m
[35m[HTTP][39m [90m{"using":"xpath","value":"//*[@class = 'android.widget.EditText' and (@text = 'Pin de Acceso' or . = 'Pin de Acceso') and @resource-id = 'com.naposystems.napoleonchat:id/textInputEditText_access_pin']"}[39m
[35m[HTTP][39m [37m<-- POST /wd/hub/session/dbf81ad3-8ee6-4c66-9214-3e5bbe6d7e0a/elements [39m[32m200[39m [90m93 ms - 12[39m
[35m[HTTP][39m [90m[39m
[35m[HTTP][39m [37m-->[39m [37mPOST[39m [37m/wd/hub/session/dbf81ad3-8ee6-4c66-9214-3e5bbe6d7e0a/elements[39m
[35m[HTTP][39m [90m{"using":"xpath","value":"//*[@class = 'android.widget.EditText' and (@text = 'Pin de Acceso' or . = 'Pin de Acceso') and @resource-id = 'com.naposystems.napoleonchat:id/textInputEditText_access_pin']"}[39m
[35m[HTTP][39m [37m<-- POST /wd/hub/session/dbf81ad3-8ee6-4c66-9214-3e5bbe6d7e0a/elements [39m[32m200[39m [90m94 ms - 12[39m
[35m[HTTP][39m [90m[39m
[35m[HTTP][39m [37m-->[39m [37mPOST[39m [37m/wd/hub/session/dbf81ad3-8ee6-4c66-9214-3e5bbe6d7e0a/elements[39m
[35m[HTTP][39m [90m{"using":"xpath","value":"//*[@class = 'android.widget.EditText' and (@text = 'Pin de Acceso' or . = 'Pin de Acceso') and @resource-id = 'com.naposystems.napoleonchat:id/textInputEditText_access_pin']"}[39m
[35m[HTTP][39m [37m<-- POST /wd/hub/session/dbf81ad3-8ee6-4c66-9214-3e5bbe6d7e0a/elements [39m[32m200[39m [90m93 ms - 12[39m
[35m[HTTP][39m [90m[39m
[35m[HTTP][39m [37m-->[39m [37mPOST[39m [37m/wd/hub/session/dbf81ad3-8ee6-4c66-9214-3e5bbe6d7e0a/elements[39m
[35m[HTTP][39m [90m{"using":"xpath","value":"//*[@class = 'android.widget.EditText' and (@text = 'Pin de Acceso' or . = 'Pin de Acceso') and @resource-id = 'com.naposystems.napoleonchat:id/textInputEditText_access_pin']"}[39m
[35m[HTTP][39m [37m<-- POST /wd/hub/session/dbf81ad3-8ee6-4c66-9214-3e5bbe6d7e0a/elements [39m[32m200[39m [90m82 ms - 12[39m
[35m[HTTP][39m [90m[39m
[35m[HTTP][39m [37m-->[39m [37mPOST[39m [37m/wd/hub/session/dbf81ad3-8ee6-4c66-9214-3e5bbe6d7e0a/elements[39m
[35m[HTTP][39m [90m{"using":"xpath","value":"//*[@class = 'android.widget.EditText' and (@text = 'Pin de Acceso' or . = 'Pin de Acceso') and @resource-id = 'com.naposystems.napoleonchat:id/textInputEditText_access_pin']"}[39m
[35m[HTTP][39m [37m<-- POST /wd/hub/session/dbf81ad3-8ee6-4c66-9214-3e5bbe6d7e0a/elements [39m[32m200[39m [90m86 ms - 12[39m
[35m[HTTP][39m [90m[39m
[35m[HTTP][39m [37m-->[39m [37mPOST[39m [37m/wd/hub/session/dbf81ad3-8ee6-4c66-9214-3e5bbe6d7e0a/elements[39m
[35m[HTTP][39m [90m{"using":"xpath","value":"//*[@class = 'android.widget.EditText' and (@text = 'Pin de Acceso' or . = 'Pin de Acceso') and @resource-id = 'com.naposystems.napoleonchat:id/textInputEditText_access_pin']"}[39m
[35m[HTTP][39m [37m<-- POST /wd/hub/session/dbf81ad3-8ee6-4c66-9214-3e5bbe6d7e0a/elements [39m[32m200[39m [90m87 ms - 12[39m
[35m[HTTP][39m [90m[39m
[35m[HTTP][39m [37m-->[39m [37mPOST[39m [37m/wd/hub/session/dbf81ad3-8ee6-4c66-9214-3e5bbe6d7e0a/elements[39m
[35m[HTTP][39m [90m{"using":"xpath","value":"//*[@class = 'android.widget.EditText' and (@text = 'Pin de Acceso' or . = 'Pin de Acceso') and @resource-id = 'com.naposystems.napoleonchat:id/textInputEditText_access_pin']"}[39m
[35m[HTTP][39m [37m<-- POST /wd/hub/session/dbf81ad3-8ee6-4c66-9214-3e5bbe6d7e0a/elements [39m[32m200[39m [90m81 ms - 12[39m
[35m[HTTP][39m [90m[39m
[35m[HTTP][39m [37m-->[39m [37mPOST[39m [37m/wd/hub/session/dbf81ad3-8ee6-4c66-9214-3e5bbe6d7e0a/elements[39m
[35m[HTTP][39m [90m{"using":"xpath","value":"//*[@class = 'android.widget.EditText' and (@text = 'Pin de Acceso' or . = 'Pin de Acceso') and @resource-id = 'com.naposystems.napoleonchat:id/textInputEditText_access_pin']"}[39m
[35m[HTTP][39m [37m<-- POST /wd/hub/session/dbf81ad3-8ee6-4c66-9214-3e5bbe6d7e0a/elements [39m[32m200[39m [90m88 ms - 12[39m
[35m[HTTP][39m [90m[39m
[35m[HTTP][39m [37m-->[39m [37mPOST[39m [37m/wd/hub/session/dbf81ad3-8ee6-4c66-9214-3e5bbe6d7e0a/elements[39m
[35m[HTTP][39m [90m{"using":"xpath","value":"//*[@class = 'android.widget.EditText' and (@text = 'Pin de Acceso' or . = 'Pin de Acceso') and @resource-id = 'com.naposystems.napoleonchat:id/textInputEditText_access_pin']"}[39m
[35m[HTTP][39m [37m<-- POST /wd/hub/session/dbf81ad3-8ee6-4c66-9214-3e5bbe6d7e0a/elements [39m[32m200[39m [90m84 ms - 12[39m
[35m[HTTP][39m [90m[39m
[35m[HTTP][39m [37m-->[39m [37mPOST[39m [37m/wd/hub/session/dbf81ad3-8ee6-4c66-9214-3e5bbe6d7e0a/elements[39m
[35m[HTTP][39m [90m{"using":"xpath","value":"//*[@class = 'android.widget.EditText' and (@text = 'Pin de Acceso' or . = 'Pin de Acceso') and @resource-id = 'com.naposystems.napoleonchat:id/textInputEditText_access_pin']"}[39m
[35m[HTTP][39m [37m<-- POST /wd/hub/session/dbf81ad3-8ee6-4c66-9214-3e5bbe6d7e0a/elements [39m[32m200[39m [90m96 ms - 12[39m
[35m[HTTP][39m [90m[39m
[35m[HTTP][39m [37m-->[39m [37mPOST[39m [37m/wd/hub/session/dbf81ad3-8ee6-4c66-9214-3e5bbe6d7e0a/elements[39m
[35m[HTTP][39m [90m{"using":"xpath","value":"//*[@class = 'android.widget.EditText' and (@text = 'Pin de Acceso' or . = 'Pin de Acceso') and @resource-id = 'com.naposystems.napoleonchat:id/textInputEditText_access_pin']"}[39m
[35m[HTTP][39m [37m<-- POST /wd/hub/session/dbf81ad3-8ee6-4c66-9214-3e5bbe6d7e0a/elements [39m[32m200[39m [90m87 ms - 12[39m
[35m[HTTP][39m [90m[39m
[35m[HTTP][39m [37m-->[39m [37mPOST[39m [37m/wd/hub/session/dbf81ad3-8ee6-4c66-9214-3e5bbe6d7e0a/elements[39m
[35m[HTTP][39m [90m{"using":"xpath","value":"//*[@class = 'android.widget.EditText' and (@text = 'Pin de Acceso' or . = 'Pin de Acceso') and @resource-id = 'com.naposystems.napoleonchat:id/textInputEditText_access_pin']"}[39m
[35m[HTTP][39m [37m<-- POST /wd/hub/session/dbf81ad3-8ee6-4c66-9214-3e5bbe6d7e0a/elements [39m[32m200[39m [90m92 ms - 12[39m
[35m[HTTP][39m [90m[39m
[35m[HTTP][39m [37m-->[39m [37mPOST[39m [37m/wd/hub/session/dbf81ad3-8ee6-4c66-9214-3e5bbe6d7e0a/elements[39m
[35m[HTTP][39m [90m{"using":"xpath","value":"//*[@class = 'android.widget.EditText' and (@text = 'Pin de Acceso' or . = 'Pin de Acceso') and @resource-id = 'com.naposystems.napoleonchat:id/textInputEditText_access_pin']"}[39m
[35m[HTTP][39m [37m<-- POST /wd/hub/session/dbf81ad3-8ee6-4c66-9214-3e5bbe6d7e0a/elements [39m[32m200[39m [90m87 ms - 12[39m
[35m[HTTP][39m [90m[39m
[35m[HTTP][39m [37m-->[39m [37mPOST[39m [37m/wd/hub/session/dbf81ad3-8ee6-4c66-9214-3e5bbe6d7e0a/elements[39m
[35m[HTTP][39m [90m{"using":"xpath","value":"//*[@class = 'android.widget.EditText' and (@text = 'Pin de Acceso' or . = 'Pin de Acceso') and @resource-id = 'com.naposystems.napoleonchat:id/textInputEditText_access_pin']"}[39m
[35m[HTTP][39m [37m<-- POST /wd/hub/session/dbf81ad3-8ee6-4c66-9214-3e5bbe6d7e0a/elements [39m[32m200[39m [90m81 ms - 12[39m
[35m[HTTP][39m [90m[39m
[35m[HTTP][39m [37m-->[39m [37mPOST[39m [37m/wd/hub/session/dbf81ad3-8ee6-4c66-9214-3e5bbe6d7e0a/elements[39m
[35m[HTTP][39m [90m{"using":"xpath","value":"//*[@class = 'android.widget.EditText' and (@text = 'Pin de Acceso' or . = 'Pin de Acceso') and @resource-id = 'com.naposystems.napoleonchat:id/textInputEditText_access_pin']"}[39m
[35m[HTTP][39m [37m<-- POST /wd/hub/session/dbf81ad3-8ee6-4c66-9214-3e5bbe6d7e0a/elements [39m[32m200[39m [90m93 ms - 12[39m
[35m[HTTP][39m [90m[39m
[35m[HTTP][39m [37m-->[39m [37mPOST[39m [37m/wd/hub/session/dbf81ad3-8ee6-4c66-9214-3e5bbe6d7e0a/elements[39m
[35m[HTTP][39m [90m{"using":"xpath","value":"//*[@class = 'android.widget.EditText' and (@text = 'Pin de Acceso' or . = 'Pin de Acceso') and @resource-id = 'com.naposystems.napoleonchat:id/textInputEditText_access_pin']"}[39m
[35m[HTTP][39m [37m<-- POST /wd/hub/session/dbf81ad3-8ee6-4c66-9214-3e5bbe6d7e0a/elements [39m[32m200[39m [90m80 ms - 12[39m
[35m[HTTP][39m [90m[39m
[35m[HTTP][39m [37m-->[39m [37mPOST[39m [37m/wd/hub/session/dbf81ad3-8ee6-4c66-9214-3e5bbe6d7e0a/elements[39m
[35m[HTTP][39m [90m{"using":"xpath","value":"//*[@class = 'android.widget.EditText' and (@text = 'Pin de Acceso' or . = 'Pin de Acceso') and @resource-id = 'com.naposystems.napoleonchat:id/textInputEditText_access_pin']"}[39m
[35m[HTTP][39m [37m<-- POST /wd/hub/session/dbf81ad3-8ee6-4c66-9214-3e5bbe6d7e0a/elements [39m[32m200[39m [90m222 ms - 12[39m
[35m[HTTP][39m [90m[39m
[35m[HTTP][39m [37m-->[39m [37mPOST[39m [37m/wd/hub/session/dbf81ad3-8ee6-4c66-9214-3e5bbe6d7e0a/elements[39m
[35m[HTTP][39m [90m{"using":"xpath","value":"//*[@class = 'android.widget.EditText' and (@text = 'Pin de Acceso' or . = 'Pin de Acceso') and @resource-id = 'com.naposystems.napoleonchat:id/textInputEditText_access_pin']"}[39m
[35m[HTTP][39m [37m<-- POST /wd/hub/session/dbf81ad3-8ee6-4c66-9214-3e5bbe6d7e0a/elements [39m[32m200[39m [90m592 ms - 12[39m
[35m[HTTP][39m [90m[39m
[35m[HTTP][39m [37m-->[39m [37mPOST[39m [37m/wd/hub/session/dbf81ad3-8ee6-4c66-9214-3e5bbe6d7e0a/elements[39m
[35m[HTTP][39m [90m{"using":"xpath","value":"//*[@class = 'android.widget.EditText' and (@text = 'Pin de Acceso' or . = 'Pin de Acceso') and @resource-id = 'com.naposystems.napoleonchat:id/textInputEditText_access_pin']"}[39m
[35m[HTTP][39m [37m<-- POST /wd/hub/session/dbf81ad3-8ee6-4c66-9214-3e5bbe6d7e0a/elements [39m[32m200[39m [90m3148 ms - 139[39m
[35m[HTTP][39m [90m[39m
[35m[HTTP][39m [37m-->[39m [37mGET[39m [37m/wd/hub/session/dbf81ad3-8ee6-4c66-9214-3e5bbe6d7e0a/element/00000000-0000-0229-ffff-ffff000000e1/location[39m
[35m[HTTP][39m [90m{}[39m
[35m[W3C (dbf81ad3)][39m Driver proxy active, passing request on via HTTP proxy
[35m[WD Proxy][39m Replacing sessionId 3ee4f948-fda2-49ce-a357-6b1e8a345d5a with dbf81ad3-8ee6-4c66-9214-3e5bbe6d7e0a
[35m[HTTP][39m [37m<-- GET /wd/hub/session/dbf81ad3-8ee6-4c66-9214-3e5bbe6d7e0a/element/00000000-0000-0229-ffff-ffff000000e1/location [39m[32m200[39m [90m543 ms - 77[39m
[35m[HTTP][39m [90m[39m
[35m[HTTP][39m [37m-->[39m [37mPOST[39m [37m/wd/hub/session/dbf81ad3-8ee6-4c66-9214-3e5bbe6d7e0a/timeouts[39m
[35m[HTTP][39m [90m{"implicit":30000}[39m
[35m[HTTP][39m [37m<-- POST /wd/hub/session/dbf81ad3-8ee6-4c66-9214-3e5bbe6d7e0a/timeouts [39m[32m200[39m [90m1 ms - 14[39m
[35m[HTTP][39m [90m[39m
[35m[HTTP][39m [37m-->[39m [37mPOST[39m [37m/wd/hub/session/dbf81ad3-8ee6-4c66-9214-3e5bbe6d7e0a/element/00000000-0000-0229-ffff-ffff000000e1/clear[39m
[35m[HTTP][39m [90m{"id":"00000000-0000-0229-ffff-ffff000000e1"}[39m
[35m[HTTP][39m [37m<-- POST /wd/hub/session/dbf81ad3-8ee6-4c66-9214-3e5bbe6d7e0a/element/00000000-0000-0229-ffff-ffff000000e1/clear [39m[32m200[39m [90m55 ms - 14[39m
[35m[HTTP][39m [90m[39m
[35m[HTTP][39m [37m-->[39m [37mPOST[39m [37m/wd/hub/session/dbf81ad3-8ee6-4c66-9214-3e5bbe6d7e0a/element/00000000-0000-0229-ffff-ffff000000e1/value[39m
[35m[HTTP][39m [90m{"id":"00000000-0000-0229-ffff-ffff000000e1","text":"0000","value":["0","0","0","0"]}[39m
[35m[HTTP][39m [37m<-- POST /wd/hub/session/dbf81ad3-8ee6-4c66-9214-3e5bbe6d7e0a/element/00000000-0000-0229-ffff-ffff000000e1/value [39m[32m200[39m [90m1725 ms - 14[39m
[35m[HTTP][39m [90m[39m
[35m[HTTP][39m [37m-->[39m [37mPOST[39m [37m/wd/hub/session/dbf81ad3-8ee6-4c66-9214-3e5bbe6d7e0a/timeouts[39m
[35m[HTTP][39m [90m{"implicit":50}[39m
[35m[HTTP][39m [37m<-- POST /wd/hub/session/dbf81ad3-8ee6-4c66-9214-3e5bbe6d7e0a/timeouts [39m[32m200[39m [90m2 ms - 14[39m
[35m[HTTP][39m [90m[39m
[35m[HTTP][39m [37m-->[39m [37mGET[39m [37m/wd/hub/session/dbf81ad3-8ee6-4c66-9214-3e5bbe6d7e0a/window/rect[39m
[35m[HTTP][39m [90m{}[39m
[35m[HTTP][39m [37m<-- GET /wd/hub/session/dbf81ad3-8ee6-4c66-9214-3e5bbe6d7e0a/window/rect [39m[32m200[39m [90m18 ms - 49[39m
[35m[HTTP][39m [90m[39m
[35m[HTTP][39m [37m-->[39m [37mPOST[39m [37m/wd/hub/session/dbf81ad3-8ee6-4c66-9214-3e5bbe6d7e0a/elements[39m
[35m[HTTP][39m [90m{"using":"xpath","value":"//*[@class = 'android.widget.EditText' and (@text = 'Confirmar nuevo pin de acceso' or . = 'Confirmar nuevo pin de acceso') and @resource-id = 'com.naposystems.napoleonchat:id/textInputEditText_confirm_access_pin']"}[39m
[35m[HTTP][39m [37m<-- POST /wd/hub/session/dbf81ad3-8ee6-4c66-9214-3e5bbe6d7e0a/elements [39m[32m200[39m [90m668 ms - 139[39m
[35m[HTTP][39m [90m[39m
[35m[HTTP][39m [37m-->[39m [37mGET[39m [37m/wd/hub/session/dbf81ad3-8ee6-4c66-9214-3e5bbe6d7e0a/element/00000000-0000-0229-ffff-ffff000000f0/location[39m
[35m[HTTP][39m [90m{}[39m
[35m[W3C (dbf81ad3)][39m Driver proxy active, passing request on via HTTP proxy
[35m[WD Proxy][39m Replacing sessionId 3ee4f948-fda2-49ce-a357-6b1e8a345d5a with dbf81ad3-8ee6-4c66-9214-3e5bbe6d7e0a
[35m[HTTP][39m [37m<-- GET /wd/hub/session/dbf81ad3-8ee6-4c66-9214-3e5bbe6d7e0a/element/00000000-0000-0229-ffff-ffff000000f0/location [39m[32m200[39m [90m27 ms - 78[39m
[35m[HTTP][39m [90m[39m
[35m[HTTP][39m [37m-->[39m [37mPOST[39m [37m/wd/hub/session/dbf81ad3-8ee6-4c66-9214-3e5bbe6d7e0a/timeouts[39m
[35m[HTTP][39m [90m{"implicit":30000}[39m
[35m[HTTP][39m [37m<-- POST /wd/hub/session/dbf81ad3-8ee6-4c66-9214-3e5bbe6d7e0a/timeouts [39m[32m200[39m [90m1 ms - 14[39m
[35m[HTTP][39m [90m[39m
[35m[HTTP][39m [37m-->[39m [37mPOST[39m [37m/wd/hub/session/dbf81ad3-8ee6-4c66-9214-3e5bbe6d7e0a/element/00000000-0000-0229-ffff-ffff000000f0/clear[39m
[35m[HTTP][39m [90m{"id":"00000000-0000-0229-ffff-ffff000000f0"}[39m
[35m[HTTP][39m [37m<-- POST /wd/hub/session/dbf81ad3-8ee6-4c66-9214-3e5bbe6d7e0a/element/00000000-0000-0229-ffff-ffff000000f0/clear [39m[32m200[39m [90m53 ms - 14[39m
[35m[HTTP][39m [90m[39m
[35m[HTTP][39m [37m-->[39m [37mPOST[39m [37m/wd/hub/session/dbf81ad3-8ee6-4c66-9214-3e5bbe6d7e0a/element/00000000-0000-0229-ffff-ffff000000f0/value[39m
[35m[HTTP][39m [90m{"id":"00000000-0000-0229-ffff-ffff000000f0","text":"0000","value":["0","0","0","0"]}[39m
[35m[HTTP][39m [37m<-- POST /wd/hub/session/dbf81ad3-8ee6-4c66-9214-3e5bbe6d7e0a/element/00000000-0000-0229-ffff-ffff000000f0/value [39m[32m200[39m [90m1684 ms - 14[39m
[35m[HTTP][39m [90m[39m
[35m[HTTP][39m [37m-->[39m [37mPOST[39m [37m/wd/hub/session/dbf81ad3-8ee6-4c66-9214-3e5bbe6d7e0a/timeouts[39m
[35m[HTTP][39m [90m{"implicit":50}[39m
[35m[HTTP][39m [37m<-- POST /wd/hub/session/dbf81ad3-8ee6-4c66-9214-3e5bbe6d7e0a/timeouts [39m[32m200[39m [90m1 ms - 14[39m
[35m[HTTP][39m [90m[39m
[35m[HTTP][39m [37m-->[39m [37mGET[39m [37m/wd/hub/session/dbf81ad3-8ee6-4c66-9214-3e5bbe6d7e0a/window/rect[39m
[35m[HTTP][39m [90m{}[39m
[35m[HTTP][39m [37m<-- GET /wd/hub/session/dbf81ad3-8ee6-4c66-9214-3e5bbe6d7e0a/window/rect [39m[32m200[39m [90m17 ms - 49[39m
[35m[HTTP][39m [90m[39m
[35m[HTTP][39m [37m-->[39m [37mPOST[39m [37m/wd/hub/session/dbf81ad3-8ee6-4c66-9214-3e5bbe6d7e0a/elements[39m
[35m[HTTP][39m [90m{"using":"xpath","value":"//*[@class = 'android.widget.Button' and (@text = 'Crear Cuenta' or . = 'Crear Cuenta') and @resource-id = 'com.naposystems.napoleonchat:id/button_register']"}[39m
[35m[HTTP][39m [37m<-- POST /wd/hub/session/dbf81ad3-8ee6-4c66-9214-3e5bbe6d7e0a/elements [39m[32m200[39m [90m684 ms - 139[39m
[35m[HTTP][39m [90m[39m
[35m[HTTP][39m [37m-->[39m [37mGET[39m [37m/wd/hub/session/dbf81ad3-8ee6-4c66-9214-3e5bbe6d7e0a/element/00000000-0000-0229-ffff-ffff000000fe/location[39m
[35m[HTTP][39m [90m{}[39m
[35m[W3C (dbf81ad3)][39m Driver proxy active, passing request on via HTTP proxy
[35m[WD Proxy][39m Replacing sessionId 3ee4f948-fda2-49ce-a357-6b1e8a345d5a with dbf81ad3-8ee6-4c66-9214-3e5bbe6d7e0a
[35m[HTTP][39m [37m<-- GET /wd/hub/session/dbf81ad3-8ee6-4c66-9214-3e5bbe6d7e0a/element/00000000-0000-0229-ffff-ffff000000fe/location [39m[32m200[39m [90m22 ms - 79[39m
[35m[HTTP][39m [90m[39m
[35m[HTTP][39m [37m-->[39m [37mPOST[39m [37m/wd/hub/session/dbf81ad3-8ee6-4c66-9214-3e5bbe6d7e0a/timeouts[39m
[35m[HTTP][39m [90m{"implicit":30000}[39m
[35m[HTTP][39m [37m<-- POST /wd/hub/session/dbf81ad3-8ee6-4c66-9214-3e5bbe6d7e0a/timeouts [39m[32m200[39m [90m2 ms - 14[39m
[35m[HTTP][39m [90m[39m
[35m[HTTP][39m [37m-->[39m [37mPOST[39m [37m/wd/hub/session/dbf81ad3-8ee6-4c66-9214-3e5bbe6d7e0a/element/00000000-0000-0229-ffff-ffff000000fe/click[39m
[35m[HTTP][39m [90m{"id":"00000000-0000-0229-ffff-ffff000000fe"}[39m
[35m[HTTP][39m [37m<-- POST /wd/hub/session/dbf81ad3-8ee6-4c66-9214-3e5bbe6d7e0a/element/00000000-0000-0229-ffff-ffff000000fe/click [39m[32m200[39m [90m85 ms - 14[39m
[35m[HTTP][39m [90m[39m
[35m[HTTP][39m [37m-->[39m [37mPOST[39m [37m/wd/hub/session/dbf81ad3-8ee6-4c66-9214-3e5bbe6d7e0a/timeouts[39m
[35m[HTTP][39m [90m{"implicit":50}[39m
[35m[HTTP][39m [37m<-- POST /wd/hub/session/dbf81ad3-8ee6-4c66-9214-3e5bbe6d7e0a/timeouts [39m[32m200[39m [90m1 ms - 14[39m
[35m[HTTP][39m [90m[39m
[35m[HTTP][39m [37m-->[39m [37mGET[39m [37m/wd/hub/session/dbf81ad3-8ee6-4c66-9214-3e5bbe6d7e0a/window/rect[39m
[35m[HTTP][39m [90m{}[39m
[35m[HTTP][39m [37m<-- GET /wd/hub/session/dbf81ad3-8ee6-4c66-9214-3e5bbe6d7e0a/window/rect [39m[32m200[39m [90m18 ms - 49[39m
[35m[HTTP][39m [90m[39m
[35m[HTTP][39m [37m-->[39m [37mPOST[39m [37m/wd/hub/session/dbf81ad3-8ee6-4c66-9214-3e5bbe6d7e0a/elements[39m
[35m[HTTP][39m [90m{"using":"xpath","value":"//*[@class = 'android.widget.FrameLayout' and @resource-id = 'com.naposystems.napoleonchat:id/action_bar_root' and (@text = '' or . = '')]"}[39m
[35m[HTTP][39m [37m<-- POST /wd/hub/session/dbf81ad3-8ee6-4c66-9214-3e5bbe6d7e0a/elements [39m[32m200[39m [90m115 ms - 139[39m
[35m[HTTP][39m [90m[39m
[35m[HTTP][39m [37m-->[39m [37mGET[39m [37m/wd/hub/session/dbf81ad3-8ee6-4c66-9214-3e5bbe6d7e0a/element/00000000-0000-0229-ffff-ffff00000003/location[39m
[35m[HTTP][39m [90m{}[39m
[35m[W3C (dbf81ad3)][39m Driver proxy active, passing request on via HTTP proxy
[35m[WD Proxy][39m Replacing sessionId 3ee4f948-fda2-49ce-a357-6b1e8a345d5a with dbf81ad3-8ee6-4c66-9214-3e5bbe6d7e0a
[35m[HTTP][39m [37m<-- GET /wd/hub/session/dbf81ad3-8ee6-4c66-9214-3e5bbe6d7e0a/element/00000000-0000-0229-ffff-ffff00000003/location [39m[32m200[39m [90m20 ms - 75[39m
[35m[HTTP][39m [90m[39m
[35m[HTTP][39m [37m-->[39m [37mPOST[39m [37m/wd/hub/session/dbf81ad3-8ee6-4c66-9214-3e5bbe6d7e0a/timeouts[39m
[35m[HTTP][39m [90m{"implicit":30000}[39m
[35m[HTTP][39m [37m<-- POST /wd/hub/session/dbf81ad3-8ee6-4c66-9214-3e5bbe6d7e0a/timeouts [39m[32m200[39m [90m1 ms - 14[39m
[35m[HTTP][39m [90m[39m
[35m[HTTP][39m [37m-->[39m [37mPOST[39m [37m/wd/hub/session/dbf81ad3-8ee6-4c66-9214-3e5bbe6d7e0a/timeouts[39m
[35m[HTTP][39m [90m{"implicit":50}[39m
[35m[HTTP][39m [37m<-- POST /wd/hub/session/dbf81ad3-8ee6-4c66-9214-3e5bbe6d7e0a/timeouts [39m[32m200[39m [90m1 ms - 14[39m
[35m[HTTP][39m [90m[39m
[35m[HTTP][39m [37m-->[39m [37mGET[39m [37m/wd/hub/session/dbf81ad3-8ee6-4c66-9214-3e5bbe6d7e0a/window/rect[39m
[35m[HTTP][39m [90m{}[39m
[35m[HTTP][39m [37m<-- GET /wd/hub/session/dbf81ad3-8ee6-4c66-9214-3e5bbe6d7e0a/window/rect [39m[32m200[39m [90m13 ms - 49[39m
[35m[HTTP][39m [90m[39m
[35m[HTTP][39m [37m-->[39m [37mPOST[39m [37m/wd/hub/session/dbf81ad3-8ee6-4c66-9214-3e5bbe6d7e0a/elements[39m
[35m[HTTP][39m [90m{"using":"xpath","value":"//hierarchy/android.widget.FrameLayout[1]/android.widget.LinearLayout[1]/android.widget.FrameLayout[1]/android.widget.FrameLayout[1]/android.widget.FrameLayout[1]/android.view.ViewGroup[1]/android.widget.FrameLayout[1]/android.view.ViewGroup[1]/androidx.appcompat.widget.LinearLayoutCompat[1]/android.widget.FrameLayout[1]/android.widget.ImageView[1]"}[39m
[35m[HTTP][39m [37m<-- POST /wd/hub/session/dbf81ad3-8ee6-4c66-9214-3e5bbe6d7e0a/elements [39m[32m200[39m [90m108 ms - 139[39m
[35m[HTTP][39m [90m[39m
[35m[HTTP][39m [37m-->[39m [37mGET[39m [37m/wd/hub/session/dbf81ad3-8ee6-4c66-9214-3e5bbe6d7e0a/element/00000000-0000-0229-ffff-ffff00000128/location[39m
[35m[HTTP][39m [90m{}[39m
[35m[W3C (dbf81ad3)][39m Driver proxy active, passing request on via HTTP proxy
[35m[WD Proxy][39m Replacing sessionId 3ee4f948-fda2-49ce-a357-6b1e8a345d5a with dbf81ad3-8ee6-4c66-9214-3e5bbe6d7e0a
[35m[HTTP][39m [37m<-- GET /wd/hub/session/dbf81ad3-8ee6-4c66-9214-3e5bbe6d7e0a/element/00000000-0000-0229-ffff-ffff00000128/location [39m[32m200[39m [90m29 ms - 77[39m
[35m[HTTP][39m [90m[39m
[35m[HTTP][39m [37m-->[39m [37mPOST[39m [37m/wd/hub/session/dbf81ad3-8ee6-4c66-9214-3e5bbe6d7e0a/timeouts[39m
[35m[HTTP][39m [90m{"implicit":30000}[39m
[35m[HTTP][39m [37m<-- POST /wd/hub/session/dbf81ad3-8ee6-4c66-9214-3e5bbe6d7e0a/timeouts [39m[32m200[39m [90m1 ms - 14[39m
[35m[HTTP][39m [90m[39m
[35m[HTTP][39m [37m-->[39m [37mPOST[39m [37m/wd/hub/session/dbf81ad3-8ee6-4c66-9214-3e5bbe6d7e0a/element/00000000-0000-0229-ffff-ffff00000128/click[39m
[35m[HTTP][39m [90m{"id":"00000000-0000-0229-ffff-ffff00000128"}[39m
[35m[HTTP][39m [37m<-- POST /wd/hub/session/dbf81ad3-8ee6-4c66-9214-3e5bbe6d7e0a/element/00000000-0000-0229-ffff-ffff00000128/click [39m[32m200[39m [90m92 ms - 14[39m
[35m[HTTP][39m [90m[39m
[35m[HTTP][39m [37m-->[39m [37mPOST[39m [37m/wd/hub/session/dbf81ad3-8ee6-4c66-9214-3e5bbe6d7e0a/timeouts[39m
[35m[HTTP][39m [90m{"implicit":50}[39m
[35m[HTTP][39m [37m<-- POST /wd/hub/session/dbf81ad3-8ee6-4c66-9214-3e5bbe6d7e0a/timeouts [39m[32m200[39m [90m1 ms - 14[39m
[35m[HTTP][39m [90m[39m
[35m[HTTP][39m [37m-->[39m [37mGET[39m [37m/wd/hub/session/dbf81ad3-8ee6-4c66-9214-3e5bbe6d7e0a/window/rect[39m
[35m[HTTP][39m [90m{}[39m
[35m[HTTP][39m [37m<-- GET /wd/hub/session/dbf81ad3-8ee6-4c66-9214-3e5bbe6d7e0a/window/rect [39m[32m200[39m [90m15 ms - 49[39m
[35m[HTTP][39m [90m[39m
[35m[HTTP][39m [37m-->[39m [37mPOST[39m [37m/wd/hub/session/dbf81ad3-8ee6-4c66-9214-3e5bbe6d7e0a/elements[39m
[35m[HTTP][39m [90m{"using":"xpath","value":"//*[@class = 'android.widget.Button' and @resource-id = 'com.naposystems.napoleonchat:id/search' and (@text = '' or . = '')]"}[39m
[35m[HTTP][39m [37m<-- POST /wd/hub/session/dbf81ad3-8ee6-4c66-9214-3e5bbe6d7e0a/elements [39m[32m200[39m [90m970 ms - 139[39m
[35m[HTTP][39m [90m[39m
[35m[HTTP][39m [37m-->[39m [37mGET[39m [37m/wd/hub/session/dbf81ad3-8ee6-4c66-9214-3e5bbe6d7e0a/element/00000000-0000-0229-ffff-ffff00000148/location[39m
[35m[HTTP][39m [90m{}[39m
[35m[W3C (dbf81ad3)][39m Driver proxy active, passing request on via HTTP proxy
[35m[WD Proxy][39m Replacing sessionId 3ee4f948-fda2-49ce-a357-6b1e8a345d5a with dbf81ad3-8ee6-4c66-9214-3e5bbe6d7e0a
[35m[HTTP][39m [37m<-- GET /wd/hub/session/dbf81ad3-8ee6-4c66-9214-3e5bbe6d7e0a/element/00000000-0000-0229-ffff-ffff00000148/location [39m[32m200[39m [90m24 ms - 77[39m
[35m[HTTP][39m [90m[39m
[35m[HTTP][39m [37m-->[39m [37mPOST[39m [37m/wd/hub/session/dbf81ad3-8ee6-4c66-9214-3e5bbe6d7e0a/timeouts[39m
[35m[HTTP][39m [90m{"implicit":30000}[39m
[35m[HTTP][39m [37m<-- POST /wd/hub/session/dbf81ad3-8ee6-4c66-9214-3e5bbe6d7e0a/timeouts [39m[32m200[39m [90m1 ms - 14[39m
[35m[HTTP][39m [90m[39m
[35m[HTTP][39m [37m-->[39m [37mPOST[39m [37m/wd/hub/session/dbf81ad3-8ee6-4c66-9214-3e5bbe6d7e0a/element/00000000-0000-0229-ffff-ffff00000148/click[39m
[35m[HTTP][39m [90m{"id":"00000000-0000-0229-ffff-ffff00000148"}[39m
[35m[HTTP][39m [37m<-- POST /wd/hub/session/dbf81ad3-8ee6-4c66-9214-3e5bbe6d7e0a/element/00000000-0000-0229-ffff-ffff00000148/click [39m[32m200[39m [90m74 ms - 14[39m
[35m[HTTP][39m [90m[39m
[35m[HTTP][39m [37m-->[39m [37mPOST[39m [37m/wd/hub/session/dbf81ad3-8ee6-4c66-9214-3e5bbe6d7e0a/timeouts[39m
[35m[HTTP][39m [90m{"implicit":50}[39m
[35m[HTTP][39m [37m<-- POST /wd/hub/session/dbf81ad3-8ee6-4c66-9214-3e5bbe6d7e0a/timeouts [39m[32m200[39m [90m1 ms - 14[39m
[35m[HTTP][39m [90m[39m
[35m[HTTP][39m [37m-->[39m [37mGET[39m [37m/wd/hub/session/dbf81ad3-8ee6-4c66-9214-3e5bbe6d7e0a/window/rect[39m
[35m[HTTP][39m [90m{}[39m
[35m[HTTP][39m [37m<-- GET /wd/hub/session/dbf81ad3-8ee6-4c66-9214-3e5bbe6d7e0a/window/rect [39m[32m200[39m [90m15 ms - 49[39m
[35m[HTTP][39m [90m[39m
[35m[HTTP][39m [37m-->[39m [37mPOST[39m [37m/wd/hub/session/dbf81ad3-8ee6-4c66-9214-3e5bbe6d7e0a/elements[39m
[35m[HTTP][39m [90m{"using":"xpath","value":"//*[@class = 'android.widget.EditText' and (@text = 'Busca por apodo' or . = 'Busca por apodo')]"}[39m
[35m[HTTP][39m [37m<-- POST /wd/hub/session/dbf81ad3-8ee6-4c66-9214-3e5bbe6d7e0a/elements [39m[32m200[39m [90m1202 ms - 139[39m
[35m[HTTP][39m [90m[39m
[35m[HTTP][39m [37m-->[39m [37mGET[39m [37m/wd/hub/session/dbf81ad3-8ee6-4c66-9214-3e5bbe6d7e0a/element/00000000-0000-0229-ffff-ffff00000146/location[39m
[35m[HTTP][39m [90m{}[39m
[35m[W3C (dbf81ad3)][39m Driver proxy active, passing request on via HTTP proxy
[35m[WD Proxy][39m Replacing sessionId 3ee4f948-fda2-49ce-a357-6b1e8a345d5a with dbf81ad3-8ee6-4c66-9214-3e5bbe6d7e0a
[35m[HTTP][39m [37m<-- GET /wd/hub/session/dbf81ad3-8ee6-4c66-9214-3e5bbe6d7e0a/element/00000000-0000-0229-ffff-ffff00000146/location [39m[32m200[39m [90m26 ms - 76[39m
[35m[HTTP][39m [90m[39m
[35m[HTTP][39m [37m-->[39m [37mPOST[39m [37m/wd/hub/session/dbf81ad3-8ee6-4c66-9214-3e5bbe6d7e0a/timeouts[39m
[35m[HTTP][39m [90m{"implicit":30000}[39m
[35m[HTTP][39m [37m<-- POST /wd/hub/session/dbf81ad3-8ee6-4c66-9214-3e5bbe6d7e0a/timeouts [39m[32m200[39m [90m1 ms - 14[39m
[35m[HTTP][39m [90m[39m
[35m[HTTP][39m [37m-->[39m [37mPOST[39m [37m/wd/hub/session/dbf81ad3-8ee6-4c66-9214-3e5bbe6d7e0a/element/00000000-0000-0229-ffff-ffff00000146/clear[39m
[35m[HTTP][39m [90m{"id":"00000000-0000-0229-ffff-ffff00000146"}[39m
[35m[HTTP][39m [37m<-- POST /wd/hub/session/dbf81ad3-8ee6-4c66-9214-3e5bbe6d7e0a/element/00000000-0000-0229-ffff-ffff00000146/clear [39m[32m200[39m [90m66 ms - 14[39m
[35m[HTTP][39m [90m[39m
[35m[HTTP][39m [37m-->[39m [37mPOST[39m [37m/wd/hub/session/dbf81ad3-8ee6-4c66-9214-3e5bbe6d7e0a/element/00000000-0000-0229-ffff-ffff00000146/value[39m
[35m[HTTP][39m [90m{"id":"00000000-0000-0229-ffff-ffff00000146","text":"prueba3217","value":["p","r","u","e","b","a","3","2","1","7"]}[39m
[35m[HTTP][39m [37m<-- POST /wd/hub/session/dbf81ad3-8ee6-4c66-9214-3e5bbe6d7e0a/element/00000000-0000-0229-ffff-ffff00000146/value [39m[32m200[39m [90m1387 ms - 14[39m
[35m[HTTP][39m [90m[39m
[35m[HTTP][39m [37m-->[39m [37mPOST[39m [37m/wd/hub/session/dbf81ad3-8ee6-4c66-9214-3e5bbe6d7e0a/timeouts[39m
[35m[HTTP][39m [90m{"implicit":50}[39m
[35m[HTTP][39m [37m<-- POST /wd/hub/session/dbf81ad3-8ee6-4c66-9214-3e5bbe6d7e0a/timeouts [39m[32m200[39m [90m1 ms - 14[39m
[35m[HTTP][39m [90m[39m
[35m[HTTP][39m [37m-->[39m [37mGET[39m [37m/wd/hub/session/dbf81ad3-8ee6-4c66-9214-3e5bbe6d7e0a/window/rect[39m
[35m[HTTP][39m [90m{}[39m
[35m[HTTP][39m [37m<-- GET /wd/hub/session/dbf81ad3-8ee6-4c66-9214-3e5bbe6d7e0a/window/rect [39m[32m200[39m [90m27 ms - 49[39m
[35m[HTTP][39m [90m[39m
[35m[HTTP][39m [37m-->[39m [37mPOST[39m [37m/wd/hub/session/dbf81ad3-8ee6-4c66-9214-3e5bbe6d7e0a/elements[39m
[35m[HTTP][39m [90m{"using":"xpath","value":"//*[@class = 'android.widget.Button' and (@text = 'AGREGAR' or . = 'AGREGAR') and @resource-id = 'com.naposystems.napoleonchat:id/button_add']"}[39m
[35m[HTTP][39m [37m<-- POST /wd/hub/session/dbf81ad3-8ee6-4c66-9214-3e5bbe6d7e0a/elements [39m[32m200[39m [90m1403 ms - 139[39m
[35m[HTTP][39m [90m[39m
[35m[HTTP][39m [37m-->[39m [37mGET[39m [37m/wd/hub/session/dbf81ad3-8ee6-4c66-9214-3e5bbe6d7e0a/element/00000000-0000-0229-ffff-ffff00000151/location[39m
[35m[HTTP][39m [90m{}[39m
[35m[W3C (dbf81ad3)][39m Driver proxy active, passing request on via HTTP proxy
[35m[WD Proxy][39m Replacing sessionId 3ee4f948-fda2-49ce-a357-6b1e8a345d5a with dbf81ad3-8ee6-4c66-9214-3e5bbe6d7e0a
[35m[HTTP][39m [37m<-- GET /wd/hub/session/dbf81ad3-8ee6-4c66-9214-3e5bbe6d7e0a/element/00000000-0000-0229-ffff-ffff00000151/location [39m[32m200[39m [90m24 ms - 78[39m
[35m[HTTP][39m [90m[39m
[35m[HTTP][39m [37m-->[39m [37mPOST[39m [37m/wd/hub/session/dbf81ad3-8ee6-4c66-9214-3e5bbe6d7e0a/timeouts[39m
[35m[HTTP][39m [90m{"implicit":30000}[39m
[35m[HTTP][39m [37m<-- POST /wd/hub/session/dbf81ad3-8ee6-4c66-9214-3e5bbe6d7e0a/timeouts [39m[32m200[39m [90m2 ms - 14[39m
[35m[HTTP][39m [90m[39m
[35m[HTTP][39m [37m-->[39m [37mPOST[39m [37m/wd/hub/session/dbf81ad3-8ee6-4c66-9214-3e5bbe6d7e0a/element/00000000-0000-0229-ffff-ffff00000151/click[39m
[35m[HTTP][39m [90m{"id":"00000000-0000-0229-ffff-ffff00000151"}[39m
[35m[HTTP][39m [37m<-- POST /wd/hub/session/dbf81ad3-8ee6-4c66-9214-3e5bbe6d7e0a/element/00000000-0000-0229-ffff-ffff00000151/click [39m[32m200[39m [90m65 ms - 14[39m
[35m[HTTP][39m [90m[39m
[35m[HTTP][39m [37m-->[39m [37mPOST[39m [37m/wd/hub/session/dbf81ad3-8ee6-4c66-9214-3e5bbe6d7e0a/timeouts[39m
[35m[HTTP][39m [90m{"implicit":50}[39m
[35m[HTTP][39m [37m<-- POST /wd/hub/session/dbf81ad3-8ee6-4c66-9214-3e5bbe6d7e0a/timeouts [39m[32m200[39m [90m1 ms - 14[39m
[35m[HTTP][39m [90m[39m
[35m[HTTP][39m [37m-->[39m [37mGET[39m [37m/wd/hub/session/dbf81ad3-8ee6-4c66-9214-3e5bbe6d7e0a/window/rect[39m
[35m[HTTP][39m [90m{}[39m
[35m[HTTP][39m [37m<-- GET /wd/hub/session/dbf81ad3-8ee6-4c66-9214-3e5bbe6d7e0a/window/rect [39m[32m200[39m [90m19 ms - 49[39m
[35m[HTTP][39m [90m[39m
[35m[HTTP][39m [37m-->[39m [37mPOST[39m [37m/wd/hub/session/dbf81ad3-8ee6-4c66-9214-3e5bbe6d7e0a/elements[39m
[35m[HTTP][39m [90m{"using":"xpath","value":"//*[@class = 'android.widget.TextView' and @resource-id = 'com.naposystems.napoleonchat:id/search' and (@text = '' or . = '')]"}[39m
[35m[HTTP][39m [37m<-- POST /wd/hub/session/dbf81ad3-8ee6-4c66-9214-3e5bbe6d7e0a/elements [39m[32m200[39m [90m103 ms - 12[39m
[35m[HTTP][39m [90m[39m
[35m[HTTP][39m [37m-->[39m [37mPOST[39m [37m/wd/hub/session/dbf81ad3-8ee6-4c66-9214-3e5bbe6d7e0a/elements[39m
[35m[HTTP][39m [90m{"using":"xpath","value":"//*[@class = 'android.widget.TextView' and @resource-id = 'com.naposystems.napoleonchat:id/search' and (@text = '' or . = '')]"}[39m
[35m[HTTP][39m [37m<-- POST /wd/hub/session/dbf81ad3-8ee6-4c66-9214-3e5bbe6d7e0a/elements [39m[32m200[39m [90m75 ms - 12[39m
[35m[HTTP][39m [90m[39m
[35m[HTTP][39m [37m-->[39m [37mPOST[39m [37m/wd/hub/session/dbf81ad3-8ee6-4c66-9214-3e5bbe6d7e0a/elements[39m
[35m[HTTP][39m [90m{"using":"xpath","value":"//*[@class = 'android.widget.TextView' and @resource-id = 'com.naposystems.napoleonchat:id/search' and (@text = '' or . = '')]"}[39m
[35m[HTTP][39m [37m<-- POST /wd/hub/session/dbf81ad3-8ee6-4c66-9214-3e5bbe6d7e0a/elements [39m[32m200[39m [90m72 ms - 12[39m
[35m[HTTP][39m [90m[39m
[35m[HTTP][39m [37m-->[39m [37mPOST[39m [37m/wd/hub/session/dbf81ad3-8ee6-4c66-9214-3e5bbe6d7e0a/elements[39m
[35m[HTTP][39m [90m{"using":"xpath","value":"//*[@class = 'android.widget.TextView' and @resource-id = 'com.naposystems.napoleonchat:id/search' and (@text = '' or . = '')]"}[39m
[35m[HTTP][39m [37m<-- POST /wd/hub/session/dbf81ad3-8ee6-4c66-9214-3e5bbe6d7e0a/elements [39m[32m200[39m [90m87 ms - 12[39m
[35m[HTTP][39m [90m[39m
[35m[HTTP][39m [37m-->[39m [37mPOST[39m [37m/wd/hub/session/dbf81ad3-8ee6-4c66-9214-3e5bbe6d7e0a/elements[39m
[35m[HTTP][39m [90m{"using":"xpath","value":"//*[@class = 'android.widget.TextView' and @resource-id = 'com.naposystems.napoleonchat:id/search' and (@text = '' or . = '')]"}[39m
[35m[HTTP][39m [37m<-- POST /wd/hub/session/dbf81ad3-8ee6-4c66-9214-3e5bbe6d7e0a/elements [39m[32m200[39m [90m75 ms - 12[39m
[35m[HTTP][39m [90m[39m
[35m[HTTP][39m [37m-->[39m [37mPOST[39m [37m/wd/hub/session/dbf81ad3-8ee6-4c66-9214-3e5bbe6d7e0a/elements[39m
[35m[HTTP][39m [90m{"using":"xpath","value":"//*[@class = 'android.widget.TextView' and @resource-id = 'com.naposystems.napoleonchat:id/search' and (@text = '' or . = '')]"}[39m
[35m[HTTP][39m [37m<-- POST /wd/hub/session/dbf81ad3-8ee6-4c66-9214-3e5bbe6d7e0a/elements [39m[32m200[39m [90m70 ms - 12[39m
[35m[HTTP][39m [90m[39m
[35m[HTTP][39m [37m-->[39m [37mPOST[39m [37m/wd/hub/session/dbf81ad3-8ee6-4c66-9214-3e5bbe6d7e0a/elements[39m
[35m[HTTP][39m [90m{"using":"xpath","value":"//*[@class = 'android.widget.TextView' and @resource-id = 'com.naposystems.napoleonchat:id/search' and (@text = '' or . = '')]"}[39m
[35m[HTTP][39m [37m<-- POST /wd/hub/session/dbf81ad3-8ee6-4c66-9214-3e5bbe6d7e0a/elements [39m[32m200[39m [90m76 ms - 12[39m
[35m[HTTP][39m [90m[39m
[35m[HTTP][39m [37m-->[39m [37mPOST[39m [37m/wd/hub/session/dbf81ad3-8ee6-4c66-9214-3e5bbe6d7e0a/elements[39m
[35m[HTTP][39m [90m{"using":"xpath","value":"//*[@class = 'android.widget.TextView' and @resource-id = 'com.naposystems.napoleonchat:id/search' and (@text = '' or . = '')]"}[39m
[35m[HTTP][39m [37m<-- POST /wd/hub/session/dbf81ad3-8ee6-4c66-9214-3e5bbe6d7e0a/elements [39m[32m200[39m [90m91 ms - 12[39m
[35m[HTTP][39m [90m[39m
[35m[HTTP][39m [37m-->[39m [37mPOST[39m [37m/wd/hub/session/dbf81ad3-8ee6-4c66-9214-3e5bbe6d7e0a/elements[39m
[35m[HTTP][39m [90m{"using":"xpath","value":"//*[@class = 'android.widget.TextView' and @resource-id = 'com.naposystems.napoleonchat:id/search' and (@text = '' or . = '')]"}[39m
[35m[HTTP][39m [37m<-- POST /wd/hub/session/dbf81ad3-8ee6-4c66-9214-3e5bbe6d7e0a/elements [39m[32m200[39m [90m75 ms - 12[39m
[35m[HTTP][39m [90m[39m
[35m[HTTP][39m [37m-->[39m [37mPOST[39m [37m/wd/hub/session/dbf81ad3-8ee6-4c66-9214-3e5bbe6d7e0a/elements[39m
[35m[HTTP][39m [90m{"using":"xpath","value":"//*[@class = 'android.widget.TextView' and @resource-id = 'com.naposystems.napoleonchat:id/search' and (@text = '' or . = '')]"}[39m
[35m[HTTP][39m [37m<-- POST /wd/hub/session/dbf81ad3-8ee6-4c66-9214-3e5bbe6d7e0a/elements [39m[32m200[39m [90m74 ms - 12[39m
[35m[HTTP][39m [90m[39m
[35m[HTTP][39m [37m-->[39m [37mPOST[39m [37m/wd/hub/session/dbf81ad3-8ee6-4c66-9214-3e5bbe6d7e0a/elements[39m
[35m[HTTP][39m [90m{"using":"xpath","value":"//*[@class = 'android.widget.TextView' and @resource-id = 'com.naposystems.napoleonchat:id/search' and (@text = '' or . = '')]"}[39m
[35m[HTTP][39m [37m<-- POST /wd/hub/session/dbf81ad3-8ee6-4c66-9214-3e5bbe6d7e0a/elements [39m[32m200[39m [90m90 ms - 12[39m
[35m[HTTP][39m [90m[39m
[35m[HTTP][39m [37m-->[39m [37mPOST[39m [37m/wd/hub/session/dbf81ad3-8ee6-4c66-9214-3e5bbe6d7e0a/timeouts[39m
[35m[HTTP][39m [90m{"implicit":30000}[39m
[35m[HTTP][39m [37m<-- POST /wd/hub/session/dbf81ad3-8ee6-4c66-9214-3e5bbe6d7e0a/timeouts [39m[32m200[39m [90m2 ms - 14[39m
[35m[HTTP][39m [90m[39m
[35m[HTTP][39m [37m-->[39m [37mGET[39m [37m/wd/hub/session/dbf81ad3-8ee6-4c66-9214-3e5bbe6d7e0a/context[39m
[35m[HTTP][39m [90m{}[39m
[35m[HTTP][39m [37m<-- GET /wd/hub/session/dbf81ad3-8ee6-4c66-9214-3e5bbe6d7e0a/context [39m[32m200[39m [90m1 ms - 22[39m
[35m[HTTP][39m [90m[39m
[35m[HTTP][39m [37m-->[39m [37mGET[39m [37m/wd/hub/session/dbf81ad3-8ee6-4c66-9214-3e5bbe6d7e0a/contexts[39m
[35m[HTTP][39m [90m{}[39m
[35m[HTTP][39m [37m<-- GET /wd/hub/session/dbf81ad3-8ee6-4c66-9214-3e5bbe6d7e0a/contexts [39m[32m200[39m [90m279 ms - 70[39m
[35m[HTTP][39m [90m[39m
[35m[HTTP][39m [37m-->[39m [37mPOST[39m [37m/wd/hub/session/dbf81ad3-8ee6-4c66-9214-3e5bbe6d7e0a/context[39m
[35m[HTTP][39m [90m{"name":"NATIVE_APP"}[39m
[35m[HTTP][39m [37m<-- POST /wd/hub/session/dbf81ad3-8ee6-4c66-9214-3e5bbe6d7e0a/context [39m[32m200[39m [90m1 ms - 14[39m
[35m[HTTP][39m [90m[39m
[35m[HTTP][39m [37m-->[39m [37mGET[39m [37m/wd/hub/session/dbf81ad3-8ee6-4c66-9214-3e5bbe6d7e0a/screenshot[39m
[35m[HTTP][39m [90m{}[39m
[35m[HTTP][39m [37m<-- GET /wd/hub/session/dbf81ad3-8ee6-4c66-9214-3e5bbe6d7e0a/screenshot [39m[32m200[39m [90m938 ms - 141612[39m
[35m[HTTP][39m [90m[39m
[35m[HTTP][39m [37m-->[39m [37mPOST[39m [37m/wd/hub/session/dbf81ad3-8ee6-4c66-9214-3e5bbe6d7e0a/context[39m
[35m[HTTP][39m [90m{"name":"NATIVE_APP"}[39m
[35m[HTTP][39m [37m<-- POST /wd/hub/session/dbf81ad3-8ee6-4c66-9214-3e5bbe6d7e0a/context [39m[32m200[39m [90m1 ms - 14[39m
[35m[HTTP][39m [90m[39m
[35m[HTTP][39m [37m-->[39m [37mDELETE[39m [37m/wd/hub/session/dbf81ad3-8ee6-4c66-9214-3e5bbe6d7e0a[39m
[35m[HTTP][39m [90m{}[39m
[35m[Appium][39m Removing session dbf81ad3-8ee6-4c66-9214-3e5bbe6d7e0a from our master session list
[35m[ADB][39m com.naposystems.napoleonchat was successfully uninstalled
[35m[UiAutomator2][39m Restoring hidden api policy to the device default configuration
[35m[HTTP][39m [37m<-- DELETE /wd/hub/session/dbf81ad3-8ee6-4c66-9214-3e5bbe6d7e0a [39m[32m200[39m [90m2346 ms - 14[39m
[35m[HTTP][39m [90m[39m
