[35m[Appium][39m Welcome to Appium v1.22.3
[35m[Appium][39m Non-default server args:
[35m[Appium][39m   port: 55243
[35m[Appium][39m   loglevel: info
[35m[Appium][39m   tmpDir: C:\Users\Testing\AppData\Local\Temp\\Katalon\Appium\Temp1686090312397
[35m[Appium][39m   chromedriverPort: 55244
[35m[Appium][39m Deprecated server args:
[35m[Appium][39m   [31m--chromedriver-port[39m => --default-capabilities
[35m[Appium][39m Default capabilities, which will be added to each request unless overridden by desired capabilities:
[35m[Appium][39m   chromedriverPort: 55244
[35m[Appium][39m Appium REST http interface listener started on 0.0.0.0:55243
[35m[HTTP][39m [37m-->[39m [37mGET[39m [37m/wd/hub/status[39m
[35m[HTTP][39m [90m{}[39m
[35m[HTTP][39m [37m<-- GET /wd/hub/status [39m[32m200[39m [90m10 ms - 68[39m
[35m[HTTP][39m [90m[39m
[35m[HTTP][39m [37m-->[39m [37mPOST[39m [37m/wd/hub/session[39m
[35m[HTTP][39m [90m{"desiredCapabilities":{"app":"C:\\Users\\Testing\\Desktop\\katalon\\Version nueva\\app-debug (2).apk","noReset":false,"deviceName":"samsung SM-A107M (Android 11)","fullReset":true,"platform":"ANDROID","newCommandTimeout":1800,"platformVersion":"11","automationName":"uiautomator2","autoGrantPermissions":true,"platformName":"Android","udid":"R9WN40KBXDJ","systemPort":55242},"capabilities":{"firstMatch":[{"appium:app":"C:\\Users\\Testing\\Desktop\\katalon\\Version nueva\\app-debug (2).apk","appium:autoGrantPermissions":true,"appium:automationName":"uiautomator2","appium:deviceName":"samsung SM-A107M (Android 11)","appium:fullReset":true,"appium:newCommandTimeout":1800,"appium:noReset":false,"platform":"ANDROID","platformName":"android","appium:platformVersion":"11","appium:systemPort":55242,"appium:udid":"R9WN40KBXDJ"}]}}[39m
[35m[BaseDriver][39m The following capabilities are not standard capabilities and should have an extension prefix:
[35m[BaseDriver][39m   platform
[35m[BaseDriver][39m   chromedriverPort
[35m[Appium][39m Appium v1.22.3 creating new AndroidUiautomator2Driver (v1.70.1) session
[35m[BaseDriver][39m The following capabilities were provided, but are not recognized by Appium:
[35m[BaseDriver][39m   platform
[35m[BaseDriver][39m Session created with session id: 2e48328c-efac-41e9-b4a0-56dbbfa84a05
[35m[BaseDriver][39m Using local app 'C:\Users\Testing\Desktop\katalon\Version nueva\app-debug (2).apk'
[35m[ADB][39m Found 1 'build-tools' folders under 'C:\Users\Testing\.katalon\tools\android_sdk' (newest first):
[35m[ADB][39m     C:/Users/Testing/.katalon/tools/android_sdk/build-tools/29.0.3
[35m[ADB][39m Using 'adb.exe' from 'C:\Users\Testing\.katalon\tools\android_sdk\platform-tools\adb.exe'
[35m[AndroidDriver][39m Retrieving device list
[35m[AndroidDriver][39m Using device: R9WN40KBXDJ
[35m[ADB][39m Using 'adb.exe' from 'C:\Users\Testing\.katalon\tools\android_sdk\platform-tools\adb.exe'
[35m[ADB][39m Getting device platform version
[35m[UiAutomator2][39m Relaxing hidden api policy
[35m[ADB][39m Package name: 'com.naposystems.napoleonchat'
[35m[ADB][39m Main activity name: 'com.naposystems.napoleonchat.ui.mainActivity.MainActivity'
[35m[ADB][39m Using 'apksigner.jar' from 'C:\Users\Testing\.katalon\tools\android_sdk\build-tools\29.0.3\lib\apksigner.jar'
[35m[ADB][39m 'C:\Users\Testing\AppData\Roaming\npm\node_modules\appium\node_modules\appium-uiautomator2-server\apks\appium-uiautomator2-server-v4.27.0.apk' is signed with the default certificate
[35m[ADB][39m 'C:\Users\Testing\AppData\Roaming\npm\node_modules\appium\node_modules\appium-uiautomator2-server\apks\appium-uiautomator2-server-debug-androidTest.apk' is signed with the default certificate
[35m[UiAutomator2][39m Server packages are not going to be (re)installed
[35m[ADB][39m Adding packages ["io.appium.settings","io.appium.uiautomator2.server","io.appium.uiautomator2.server.test"] to Doze whitelist
[35m[ADB][39m 'C:\Users\Testing\Desktop\katalon\Version nueva\app-debug (2).apk' is signed with a non-default certificate
[35m[ADB][39m com.naposystems.napoleonchat was not uninstalled, because it was not present on the device
[35m[ADB][39m The application at 'C:\Users\Testing\Desktop\katalon\Version nueva\app-debug (2).apk' will not be cached, because the device under test has confirmed the support of streamed installs
[35m[ADB][39m The installation of 'app-debug (2).apk' took 8500ms
[35m[UiAutomator2][39m Starting UIAutomator2 server 4.27.0
[35m[UiAutomator2][39m Using UIAutomator2 server from 'C:\Users\Testing\AppData\Roaming\npm\node_modules\appium\node_modules\appium-uiautomator2-server\apks\appium-uiautomator2-server-v4.27.0.apk' and test from 'C:\Users\Testing\AppData\Roaming\npm\node_modules\appium\node_modules\appium-uiautomator2-server\apks\appium-uiautomator2-server-debug-androidTest.apk'
[35m[UiAutomator2][39m Waiting up to 30000ms for UiAutomator2 to be online...
[35m[WD Proxy][39m socket hang up
[35m[WD Proxy][39m socket hang up
[35m[WD Proxy][39m socket hang up
[35m[WD Proxy][39m socket hang up
[35m[WD Proxy][39m socket hang up
[35m[WD Proxy][39m socket hang up
[35m[WD Proxy][39m Determined the downstream protocol as 'W3C'
[35m[AndroidDriver][39m Screen already unlocked, doing nothing
[35m[UiAutomator2][39m Starting 'com.naposystems.napoleonchat/com.naposystems.napoleonchat.ui.mainActivity.MainActivity and waiting for 'com.naposystems.napoleonchat/com.naposystems.napoleonchat.ui.mainActivity.MainActivity'
[35m[Appium][39m New AndroidUiautomator2Driver session created successfully, session 2e48328c-efac-41e9-b4a0-56dbbfa84a05 added to master session list
[35m[HTTP][39m [37m<-- POST /wd/hub/session [39m[32m200[39m [90m29322 ms - 1301[39m
[35m[HTTP][39m [90m[39m
[35m[HTTP][39m [37m-->[39m [37mGET[39m [37m/wd/hub/session/2e48328c-efac-41e9-b4a0-56dbbfa84a05[39m
[35m[HTTP][39m [90m{}[39m
[35m[HTTP][39m [37m<-- GET /wd/hub/session/2e48328c-efac-41e9-b4a0-56dbbfa84a05 [39m[32m200[39m [90m20 ms - 1255[39m
[35m[HTTP][39m [90m[39m
[35m[HTTP][39m [37m-->[39m [37mGET[39m [37m/wd/hub/session/2e48328c-efac-41e9-b4a0-56dbbfa84a05[39m
[35m[HTTP][39m [90m{}[39m
[35m[HTTP][39m [37m<-- GET /wd/hub/session/2e48328c-efac-41e9-b4a0-56dbbfa84a05 [39m[32m200[39m [90m38 ms - 1255[39m
[35m[HTTP][39m [90m[39m
[35m[HTTP][39m [37m-->[39m [37mGET[39m [37m/wd/hub/status[39m
[35m[HTTP][39m [90m{}[39m
[35m[HTTP][39m [37m<-- GET /wd/hub/status [39m[32m200[39m [90m1 ms - 68[39m
[35m[HTTP][39m [90m[39m
[35m[HTTP][39m [37m-->[39m [37mPOST[39m [37m/wd/hub/session/2e48328c-efac-41e9-b4a0-56dbbfa84a05/timeouts[39m
[35m[HTTP][39m [90m{"implicit":30000}[39m
[35m[HTTP][39m [37m<-- POST /wd/hub/session/2e48328c-efac-41e9-b4a0-56dbbfa84a05/timeouts [39m[32m200[39m [90m2 ms - 14[39m
[35m[HTTP][39m [90m[39m
[35m[HTTP][39m [37m-->[39m [37mGET[39m [37m/wd/hub/session/2e48328c-efac-41e9-b4a0-56dbbfa84a05/screenshot[39m
[35m[HTTP][39m [90m{}[39m
[35m[HTTP][39m [37m<-- GET /wd/hub/session/2e48328c-efac-41e9-b4a0-56dbbfa84a05/screenshot [39m[32m200[39m [90m861 ms - 100732[39m
[35m[HTTP][39m [90m[39m
[35m[HTTP][39m [37m-->[39m [37mGET[39m [37m/wd/hub/session/2e48328c-efac-41e9-b4a0-56dbbfa84a05/window/rect[39m
[35m[HTTP][39m [90m{}[39m
[35m[HTTP][39m [37m<-- GET /wd/hub/session/2e48328c-efac-41e9-b4a0-56dbbfa84a05/window/rect [39m[32m200[39m [90m24 ms - 49[39m
[35m[HTTP][39m [90m[39m
[35m[HTTP][39m [37m-->[39m [37mGET[39m [37m/wd/hub/session/2e48328c-efac-41e9-b4a0-56dbbfa84a05/appium/device/system_bars[39m
[35m[HTTP][39m [90m{}[39m
[35m[HTTP][39m [37m<-- GET /wd/hub/session/2e48328c-efac-41e9-b4a0-56dbbfa84a05/appium/device/system_bars [39m[32m200[39m [90m109 ms - 145[39m
[35m[HTTP][39m [90m[39m
[35m[HTTP][39m [37m-->[39m [37mPOST[39m [37m/wd/hub/session/2e48328c-efac-41e9-b4a0-56dbbfa84a05/timeouts[39m
[35m[HTTP][39m [90m{"implicit":50}[39m
[35m[HTTP][39m [37m<-- POST /wd/hub/session/2e48328c-efac-41e9-b4a0-56dbbfa84a05/timeouts [39m[32m200[39m [90m2 ms - 14[39m
[35m[HTTP][39m [90m[39m
[35m[HTTP][39m [37m-->[39m [37mGET[39m [37m/wd/hub/session/2e48328c-efac-41e9-b4a0-56dbbfa84a05/window/rect[39m
[35m[HTTP][39m [90m{}[39m
[35m[HTTP][39m [37m<-- GET /wd/hub/session/2e48328c-efac-41e9-b4a0-56dbbfa84a05/window/rect [39m[32m200[39m [90m18 ms - 49[39m
[35m[HTTP][39m [90m[39m
[35m[HTTP][39m [37m-->[39m [37mPOST[39m [37m/wd/hub/session/2e48328c-efac-41e9-b4a0-56dbbfa84a05/elements[39m
[35m[HTTP][39m [90m{"using":"xpath","value":"//*[@class = 'android.widget.TextView' and (@text = 'Omitir' or . = 'Omitir') and @resource-id = 'com.naposystems.napoleonchat:id/textViewSkip']"}[39m
[35m[HTTP][39m [37m<-- POST /wd/hub/session/2e48328c-efac-41e9-b4a0-56dbbfa84a05/elements [39m[32m200[39m [90m966 ms - 139[39m
[35m[HTTP][39m [90m[39m
[35m[HTTP][39m [37m-->[39m [37mGET[39m [37m/wd/hub/session/2e48328c-efac-41e9-b4a0-56dbbfa84a05/element/00000000-0000-0357-ffff-ffff00000033/location[39m
[35m[HTTP][39m [90m{}[39m
[35m[W3C (2e48328c)][39m Driver proxy active, passing request on via HTTP proxy
[35m[WD Proxy][39m Replacing sessionId 5bc41f3f-62a1-4b2b-a793-1b09b0407929 with 2e48328c-efac-41e9-b4a0-56dbbfa84a05
[35m[HTTP][39m [37m<-- GET /wd/hub/session/2e48328c-efac-41e9-b4a0-56dbbfa84a05/element/00000000-0000-0357-ffff-ffff00000033/location [39m[32m200[39m [90m31 ms - 77[39m
[35m[HTTP][39m [90m[39m
[35m[HTTP][39m [37m-->[39m [37mPOST[39m [37m/wd/hub/session/2e48328c-efac-41e9-b4a0-56dbbfa84a05/timeouts[39m
[35m[HTTP][39m [90m{"implicit":30000}[39m
[35m[HTTP][39m [37m<-- POST /wd/hub/session/2e48328c-efac-41e9-b4a0-56dbbfa84a05/timeouts [39m[32m200[39m [90m1 ms - 14[39m
[35m[HTTP][39m [90m[39m
[35m[HTTP][39m [37m-->[39m [37mPOST[39m [37m/wd/hub/session/2e48328c-efac-41e9-b4a0-56dbbfa84a05/element/00000000-0000-0357-ffff-ffff00000033/click[39m
[35m[HTTP][39m [90m{"id":"00000000-0000-0357-ffff-ffff00000033"}[39m
[35m[HTTP][39m [37m<-- POST /wd/hub/session/2e48328c-efac-41e9-b4a0-56dbbfa84a05/element/00000000-0000-0357-ffff-ffff00000033/click [39m[32m200[39m [90m80 ms - 14[39m
[35m[HTTP][39m [90m[39m
[35m[HTTP][39m [37m-->[39m [37mPOST[39m [37m/wd/hub/session/2e48328c-efac-41e9-b4a0-56dbbfa84a05/timeouts[39m
[35m[HTTP][39m [90m{"implicit":50}[39m
[35m[HTTP][39m [37m<-- POST /wd/hub/session/2e48328c-efac-41e9-b4a0-56dbbfa84a05/timeouts [39m[32m200[39m [90m1 ms - 14[39m
[35m[HTTP][39m [90m[39m
[35m[HTTP][39m [37m-->[39m [37mGET[39m [37m/wd/hub/session/2e48328c-efac-41e9-b4a0-56dbbfa84a05/window/rect[39m
[35m[HTTP][39m [90m{}[39m
[35m[HTTP][39m [37m<-- GET /wd/hub/session/2e48328c-efac-41e9-b4a0-56dbbfa84a05/window/rect [39m[32m200[39m [90m20 ms - 49[39m
[35m[HTTP][39m [90m[39m
[35m[HTTP][39m [37m-->[39m [37mPOST[39m [37m/wd/hub/session/2e48328c-efac-41e9-b4a0-56dbbfa84a05/elements[39m
[35m[HTTP][39m [90m{"using":"xpath","value":"//*[@class = 'android.widget.Button' and (@text = 'Crear Cuenta' or . = 'Crear Cuenta') and @resource-id = 'com.naposystems.napoleonchat:id/button_register']"}[39m
[35m[HTTP][39m [37m<-- POST /wd/hub/session/2e48328c-efac-41e9-b4a0-56dbbfa84a05/elements [39m[32m200[39m [90m1071 ms - 139[39m
[35m[HTTP][39m [90m[39m
[35m[HTTP][39m [37m-->[39m [37mGET[39m [37m/wd/hub/session/2e48328c-efac-41e9-b4a0-56dbbfa84a05/element/00000000-0000-0357-ffff-ffff00000047/location[39m
[35m[HTTP][39m [90m{}[39m
[35m[W3C (2e48328c)][39m Driver proxy active, passing request on via HTTP proxy
[35m[WD Proxy][39m Replacing sessionId 5bc41f3f-62a1-4b2b-a793-1b09b0407929 with 2e48328c-efac-41e9-b4a0-56dbbfa84a05
[35m[HTTP][39m [37m<-- GET /wd/hub/session/2e48328c-efac-41e9-b4a0-56dbbfa84a05/element/00000000-0000-0357-ffff-ffff00000047/location [39m[32m200[39m [90m29 ms - 78[39m
[35m[HTTP][39m [90m[39m
[35m[HTTP][39m [37m-->[39m [37mPOST[39m [37m/wd/hub/session/2e48328c-efac-41e9-b4a0-56dbbfa84a05/timeouts[39m
[35m[HTTP][39m [90m{"implicit":30000}[39m
[35m[HTTP][39m [37m<-- POST /wd/hub/session/2e48328c-efac-41e9-b4a0-56dbbfa84a05/timeouts [39m[32m200[39m [90m2 ms - 14[39m
[35m[HTTP][39m [90m[39m
[35m[HTTP][39m [37m-->[39m [37mPOST[39m [37m/wd/hub/session/2e48328c-efac-41e9-b4a0-56dbbfa84a05/element/00000000-0000-0357-ffff-ffff00000047/click[39m
[35m[HTTP][39m [90m{"id":"00000000-0000-0357-ffff-ffff00000047"}[39m
[35m[HTTP][39m [37m<-- POST /wd/hub/session/2e48328c-efac-41e9-b4a0-56dbbfa84a05/element/00000000-0000-0357-ffff-ffff00000047/click [39m[32m200[39m [90m84 ms - 14[39m
[35m[HTTP][39m [90m[39m
[35m[HTTP][39m [37m-->[39m [37mPOST[39m [37m/wd/hub/session/2e48328c-efac-41e9-b4a0-56dbbfa84a05/timeouts[39m
[35m[HTTP][39m [90m{"implicit":50}[39m
[35m[HTTP][39m [37m<-- POST /wd/hub/session/2e48328c-efac-41e9-b4a0-56dbbfa84a05/timeouts [39m[32m200[39m [90m1 ms - 14[39m
[35m[HTTP][39m [90m[39m
[35m[HTTP][39m [37m-->[39m [37mGET[39m [37m/wd/hub/session/2e48328c-efac-41e9-b4a0-56dbbfa84a05/window/rect[39m
[35m[HTTP][39m [90m{}[39m
[35m[HTTP][39m [37m<-- GET /wd/hub/session/2e48328c-efac-41e9-b4a0-56dbbfa84a05/window/rect [39m[32m200[39m [90m19 ms - 49[39m
[35m[HTTP][39m [90m[39m
[35m[HTTP][39m [37m-->[39m [37mPOST[39m [37m/wd/hub/session/2e48328c-efac-41e9-b4a0-56dbbfa84a05/elements[39m
[35m[HTTP][39m [90m{"using":"xpath","value":"//*[@class = 'android.widget.Button' and (@text = 'Enviar código de registro' or . = 'Enviar código de registro') and @resource-id = 'com.naposystems.napoleonchat:id/button_request_code']"}[39m
[35m[HTTP][39m [37m<-- POST /wd/hub/session/2e48328c-efac-41e9-b4a0-56dbbfa84a05/elements [39m[32m200[39m [90m1149 ms - 139[39m
[35m[HTTP][39m [90m[39m
[35m[HTTP][39m [37m-->[39m [37mGET[39m [37m/wd/hub/session/2e48328c-efac-41e9-b4a0-56dbbfa84a05/element/00000000-0000-0357-ffff-ffff0000005a/location[39m
[35m[HTTP][39m [90m{}[39m
[35m[W3C (2e48328c)][39m Driver proxy active, passing request on via HTTP proxy
[35m[WD Proxy][39m Replacing sessionId 5bc41f3f-62a1-4b2b-a793-1b09b0407929 with 2e48328c-efac-41e9-b4a0-56dbbfa84a05
[35m[HTTP][39m [37m<-- GET /wd/hub/session/2e48328c-efac-41e9-b4a0-56dbbfa84a05/element/00000000-0000-0357-ffff-ffff0000005a/location [39m[32m200[39m [90m39 ms - 78[39m
[35m[HTTP][39m [90m[39m
[35m[HTTP][39m [37m-->[39m [37mPOST[39m [37m/wd/hub/session/2e48328c-efac-41e9-b4a0-56dbbfa84a05/timeouts[39m
[35m[HTTP][39m [90m{"implicit":30000}[39m
[35m[HTTP][39m [37m<-- POST /wd/hub/session/2e48328c-efac-41e9-b4a0-56dbbfa84a05/timeouts [39m[32m200[39m [90m1 ms - 14[39m
[35m[HTTP][39m [90m[39m
[35m[HTTP][39m [37m-->[39m [37mPOST[39m [37m/wd/hub/session/2e48328c-efac-41e9-b4a0-56dbbfa84a05/element/00000000-0000-0357-ffff-ffff0000005a/click[39m
[35m[HTTP][39m [90m{"id":"00000000-0000-0357-ffff-ffff0000005a"}[39m
[35m[HTTP][39m [37m<-- POST /wd/hub/session/2e48328c-efac-41e9-b4a0-56dbbfa84a05/element/00000000-0000-0357-ffff-ffff0000005a/click [39m[32m200[39m [90m598 ms - 14[39m
[35m[HTTP][39m [90m[39m
[35m[HTTP][39m [37m-->[39m [37mPOST[39m [37m/wd/hub/session/2e48328c-efac-41e9-b4a0-56dbbfa84a05/timeouts[39m
[35m[HTTP][39m [90m{"implicit":50}[39m
[35m[HTTP][39m [37m<-- POST /wd/hub/session/2e48328c-efac-41e9-b4a0-56dbbfa84a05/timeouts [39m[32m200[39m [90m1 ms - 14[39m
[35m[HTTP][39m [90m[39m
[35m[HTTP][39m [37m-->[39m [37mGET[39m [37m/wd/hub/session/2e48328c-efac-41e9-b4a0-56dbbfa84a05/window/rect[39m
[35m[HTTP][39m [90m{}[39m
[35m[HTTP][39m [37m<-- GET /wd/hub/session/2e48328c-efac-41e9-b4a0-56dbbfa84a05/window/rect [39m[32m200[39m [90m18 ms - 49[39m
[35m[HTTP][39m [90m[39m
[35m[HTTP][39m [37m-->[39m [37mPOST[39m [37m/wd/hub/session/2e48328c-efac-41e9-b4a0-56dbbfa84a05/elements[39m
[35m[HTTP][39m [90m{"using":"xpath","value":"//*[@class = 'android.widget.Button' and (@text = 'Continuar' or . = 'Continuar') and @resource-id = 'com.naposystems.napoleonchat:id/button_continue']"}[39m
[35m[HTTP][39m [37m<-- POST /wd/hub/session/2e48328c-efac-41e9-b4a0-56dbbfa84a05/elements [39m[32m200[39m [90m1157 ms - 12[39m
[35m[HTTP][39m [90m[39m
[35m[HTTP][39m [37m-->[39m [37mPOST[39m [37m/wd/hub/session/2e48328c-efac-41e9-b4a0-56dbbfa84a05/elements[39m
[35m[HTTP][39m [90m{"using":"xpath","value":"//*[@class = 'android.widget.Button' and (@text = 'Continuar' or . = 'Continuar') and @resource-id = 'com.naposystems.napoleonchat:id/button_continue']"}[39m
[35m[HTTP][39m [37m<-- POST /wd/hub/session/2e48328c-efac-41e9-b4a0-56dbbfa84a05/elements [39m[32m200[39m [90m505 ms - 12[39m
[35m[HTTP][39m [90m[39m
[35m[HTTP][39m [37m-->[39m [37mPOST[39m [37m/wd/hub/session/2e48328c-efac-41e9-b4a0-56dbbfa84a05/elements[39m
[35m[HTTP][39m [90m{"using":"xpath","value":"//*[@class = 'android.widget.Button' and (@text = 'Continuar' or . = 'Continuar') and @resource-id = 'com.naposystems.napoleonchat:id/button_continue']"}[39m
[35m[HTTP][39m [37m<-- POST /wd/hub/session/2e48328c-efac-41e9-b4a0-56dbbfa84a05/elements [39m[32m200[39m [90m181 ms - 12[39m
[35m[HTTP][39m [90m[39m
[35m[HTTP][39m [37m-->[39m [37mPOST[39m [37m/wd/hub/session/2e48328c-efac-41e9-b4a0-56dbbfa84a05/elements[39m
[35m[HTTP][39m [90m{"using":"xpath","value":"//*[@class = 'android.widget.Button' and (@text = 'Continuar' or . = 'Continuar') and @resource-id = 'com.naposystems.napoleonchat:id/button_continue']"}[39m
[35m[HTTP][39m [37m<-- POST /wd/hub/session/2e48328c-efac-41e9-b4a0-56dbbfa84a05/elements [39m[32m200[39m [90m213 ms - 12[39m
[35m[HTTP][39m [90m[39m
[35m[HTTP][39m [37m-->[39m [37mPOST[39m [37m/wd/hub/session/2e48328c-efac-41e9-b4a0-56dbbfa84a05/elements[39m
[35m[HTTP][39m [90m{"using":"xpath","value":"//*[@class = 'android.widget.Button' and (@text = 'Continuar' or . = 'Continuar') and @resource-id = 'com.naposystems.napoleonchat:id/button_continue']"}[39m
[35m[HTTP][39m [37m<-- POST /wd/hub/session/2e48328c-efac-41e9-b4a0-56dbbfa84a05/elements [39m[32m200[39m [90m199 ms - 12[39m
[35m[HTTP][39m [90m[39m
[35m[HTTP][39m [37m-->[39m [37mPOST[39m [37m/wd/hub/session/2e48328c-efac-41e9-b4a0-56dbbfa84a05/elements[39m
[35m[HTTP][39m [90m{"using":"xpath","value":"//*[@class = 'android.widget.Button' and (@text = 'Continuar' or . = 'Continuar') and @resource-id = 'com.naposystems.napoleonchat:id/button_continue']"}[39m
[35m[HTTP][39m [37m<-- POST /wd/hub/session/2e48328c-efac-41e9-b4a0-56dbbfa84a05/elements [39m[32m200[39m [90m169 ms - 12[39m
[35m[HTTP][39m [90m[39m
[35m[HTTP][39m [37m-->[39m [37mPOST[39m [37m/wd/hub/session/2e48328c-efac-41e9-b4a0-56dbbfa84a05/elements[39m
[35m[HTTP][39m [90m{"using":"xpath","value":"//*[@class = 'android.widget.Button' and (@text = 'Continuar' or . = 'Continuar') and @resource-id = 'com.naposystems.napoleonchat:id/button_continue']"}[39m
[35m[HTTP][39m [37m<-- POST /wd/hub/session/2e48328c-efac-41e9-b4a0-56dbbfa84a05/elements [39m[32m200[39m [90m177 ms - 12[39m
[35m[HTTP][39m [90m[39m
[35m[HTTP][39m [37m-->[39m [37mPOST[39m [37m/wd/hub/session/2e48328c-efac-41e9-b4a0-56dbbfa84a05/elements[39m
[35m[HTTP][39m [90m{"using":"xpath","value":"//*[@class = 'android.widget.Button' and (@text = 'Continuar' or . = 'Continuar') and @resource-id = 'com.naposystems.napoleonchat:id/button_continue']"}[39m
[35m[HTTP][39m [37m<-- POST /wd/hub/session/2e48328c-efac-41e9-b4a0-56dbbfa84a05/elements [39m[32m200[39m [90m1656 ms - 139[39m
[35m[HTTP][39m [90m[39m
[35m[HTTP][39m [37m-->[39m [37mGET[39m [37m/wd/hub/session/2e48328c-efac-41e9-b4a0-56dbbfa84a05/element/00000000-0000-0357-ffff-ffff00000072/location[39m
[35m[HTTP][39m [90m{}[39m
[35m[W3C (2e48328c)][39m Driver proxy active, passing request on via HTTP proxy
[35m[WD Proxy][39m Replacing sessionId 5bc41f3f-62a1-4b2b-a793-1b09b0407929 with 2e48328c-efac-41e9-b4a0-56dbbfa84a05
[35m[HTTP][39m [37m<-- GET /wd/hub/session/2e48328c-efac-41e9-b4a0-56dbbfa84a05/element/00000000-0000-0357-ffff-ffff00000072/location [39m[32m200[39m [90m2227 ms - 77[39m
[35m[HTTP][39m [90m[39m
[35m[HTTP][39m [37m-->[39m [37mPOST[39m [37m/wd/hub/session/2e48328c-efac-41e9-b4a0-56dbbfa84a05/timeouts[39m
[35m[HTTP][39m [90m{"implicit":30000}[39m
[35m[HTTP][39m [37m<-- POST /wd/hub/session/2e48328c-efac-41e9-b4a0-56dbbfa84a05/timeouts [39m[32m200[39m [90m1 ms - 14[39m
[35m[HTTP][39m [90m[39m
[35m[HTTP][39m [37m-->[39m [37mPOST[39m [37m/wd/hub/session/2e48328c-efac-41e9-b4a0-56dbbfa84a05/element/00000000-0000-0357-ffff-ffff00000072/click[39m
[35m[HTTP][39m [90m{"id":"00000000-0000-0357-ffff-ffff00000072"}[39m
[35m[HTTP][39m [37m<-- POST /wd/hub/session/2e48328c-efac-41e9-b4a0-56dbbfa84a05/element/00000000-0000-0357-ffff-ffff00000072/click [39m[32m200[39m [90m79 ms - 14[39m
[35m[HTTP][39m [90m[39m
[35m[HTTP][39m [37m-->[39m [37mPOST[39m [37m/wd/hub/session/2e48328c-efac-41e9-b4a0-56dbbfa84a05/timeouts[39m
[35m[HTTP][39m [90m{"implicit":50}[39m
[35m[HTTP][39m [37m<-- POST /wd/hub/session/2e48328c-efac-41e9-b4a0-56dbbfa84a05/timeouts [39m[32m200[39m [90m1 ms - 14[39m
[35m[HTTP][39m [90m[39m
[35m[HTTP][39m [37m-->[39m [37mGET[39m [37m/wd/hub/session/2e48328c-efac-41e9-b4a0-56dbbfa84a05/window/rect[39m
[35m[HTTP][39m [90m{}[39m
[35m[HTTP][39m [37m<-- GET /wd/hub/session/2e48328c-efac-41e9-b4a0-56dbbfa84a05/window/rect [39m[32m200[39m [90m21 ms - 49[39m
[35m[HTTP][39m [90m[39m
[35m[HTTP][39m [37m-->[39m [37mPOST[39m [37m/wd/hub/session/2e48328c-efac-41e9-b4a0-56dbbfa84a05/elements[39m
[35m[HTTP][39m [90m{"using":"xpath","value":"//*[@class = 'android.widget.EditText' and (@text = 'Apodo*' or . = 'Apodo*') and @resource-id = 'com.naposystems.napoleonchat:id/textInputEditText_nickname']"}[39m
[35m[HTTP][39m [37m<-- POST /wd/hub/session/2e48328c-efac-41e9-b4a0-56dbbfa84a05/elements [39m[32m200[39m [90m1556 ms - 139[39m
[35m[HTTP][39m [90m[39m
[35m[HTTP][39m [37m-->[39m [37mGET[39m [37m/wd/hub/session/2e48328c-efac-41e9-b4a0-56dbbfa84a05/element/00000000-0000-0357-ffff-ffff000000a0/location[39m
[35m[HTTP][39m [90m{}[39m
[35m[W3C (2e48328c)][39m Driver proxy active, passing request on via HTTP proxy
[35m[WD Proxy][39m Replacing sessionId 5bc41f3f-62a1-4b2b-a793-1b09b0407929 with 2e48328c-efac-41e9-b4a0-56dbbfa84a05
[35m[HTTP][39m [37m<-- GET /wd/hub/session/2e48328c-efac-41e9-b4a0-56dbbfa84a05/element/00000000-0000-0357-ffff-ffff000000a0/location [39m[32m200[39m [90m394 ms - 77[39m
[35m[HTTP][39m [90m[39m
[35m[HTTP][39m [37m-->[39m [37mPOST[39m [37m/wd/hub/session/2e48328c-efac-41e9-b4a0-56dbbfa84a05/timeouts[39m
[35m[HTTP][39m [90m{"implicit":30000}[39m
[35m[HTTP][39m [37m<-- POST /wd/hub/session/2e48328c-efac-41e9-b4a0-56dbbfa84a05/timeouts [39m[32m200[39m [90m2 ms - 14[39m
[35m[HTTP][39m [90m[39m
[35m[HTTP][39m [37m-->[39m [37mPOST[39m [37m/wd/hub/session/2e48328c-efac-41e9-b4a0-56dbbfa84a05/element/00000000-0000-0357-ffff-ffff000000a0/clear[39m
[35m[HTTP][39m [90m{"id":"00000000-0000-0357-ffff-ffff000000a0"}[39m
[35m[HTTP][39m [37m<-- POST /wd/hub/session/2e48328c-efac-41e9-b4a0-56dbbfa84a05/element/00000000-0000-0357-ffff-ffff000000a0/clear [39m[32m200[39m [90m67 ms - 14[39m
[35m[HTTP][39m [90m[39m
[35m[HTTP][39m [37m-->[39m [37mPOST[39m [37m/wd/hub/session/2e48328c-efac-41e9-b4a0-56dbbfa84a05/element/00000000-0000-0357-ffff-ffff000000a0/value[39m
[35m[HTTP][39m [90m{"id":"00000000-0000-0357-ffff-ffff000000a0","text":"libre02","value":["l","i","b","r","e","0","2"]}[39m
[35m[HTTP][39m [37m<-- POST /wd/hub/session/2e48328c-efac-41e9-b4a0-56dbbfa84a05/element/00000000-0000-0357-ffff-ffff000000a0/value [39m[32m200[39m [90m2524 ms - 14[39m
[35m[HTTP][39m [90m[39m
[35m[HTTP][39m [37m-->[39m [37mPOST[39m [37m/wd/hub/session/2e48328c-efac-41e9-b4a0-56dbbfa84a05/timeouts[39m
[35m[HTTP][39m [90m{"implicit":50}[39m
[35m[HTTP][39m [37m<-- POST /wd/hub/session/2e48328c-efac-41e9-b4a0-56dbbfa84a05/timeouts [39m[32m200[39m [90m1 ms - 14[39m
[35m[HTTP][39m [90m[39m
[35m[HTTP][39m [37m-->[39m [37mGET[39m [37m/wd/hub/session/2e48328c-efac-41e9-b4a0-56dbbfa84a05/window/rect[39m
[35m[HTTP][39m [90m{}[39m
[35m[HTTP][39m [37m<-- GET /wd/hub/session/2e48328c-efac-41e9-b4a0-56dbbfa84a05/window/rect [39m[32m200[39m [90m22 ms - 49[39m
[35m[HTTP][39m [90m[39m
[35m[HTTP][39m [37m-->[39m [37mPOST[39m [37m/wd/hub/session/2e48328c-efac-41e9-b4a0-56dbbfa84a05/elements[39m
[35m[HTTP][39m [90m{"using":"xpath","value":"//*[@class = 'android.widget.Button' and (@text = 'Siguiente' or . = 'Siguiente') and @resource-id = 'com.naposystems.napoleonchat:id/button_next']"}[39m
[35m[HTTP][39m [37m<-- POST /wd/hub/session/2e48328c-efac-41e9-b4a0-56dbbfa84a05/elements [39m[32m200[39m [90m1074 ms - 139[39m
[35m[HTTP][39m [90m[39m
[35m[HTTP][39m [37m-->[39m [37mGET[39m [37m/wd/hub/session/2e48328c-efac-41e9-b4a0-56dbbfa84a05/element/00000000-0000-0357-ffff-ffff000000bf/location[39m
[35m[HTTP][39m [90m{}[39m
[35m[W3C (2e48328c)][39m Driver proxy active, passing request on via HTTP proxy
[35m[WD Proxy][39m Replacing sessionId 5bc41f3f-62a1-4b2b-a793-1b09b0407929 with 2e48328c-efac-41e9-b4a0-56dbbfa84a05
[35m[HTTP][39m [37m<-- GET /wd/hub/session/2e48328c-efac-41e9-b4a0-56dbbfa84a05/element/00000000-0000-0357-ffff-ffff000000bf/location [39m[32m200[39m [90m28 ms - 78[39m
[35m[HTTP][39m [90m[39m
[35m[HTTP][39m [37m-->[39m [37mPOST[39m [37m/wd/hub/session/2e48328c-efac-41e9-b4a0-56dbbfa84a05/timeouts[39m
[35m[HTTP][39m [90m{"implicit":30000}[39m
[35m[HTTP][39m [37m<-- POST /wd/hub/session/2e48328c-efac-41e9-b4a0-56dbbfa84a05/timeouts [39m[32m200[39m [90m2 ms - 14[39m
[35m[HTTP][39m [90m[39m
[35m[HTTP][39m [37m-->[39m [37mPOST[39m [37m/wd/hub/session/2e48328c-efac-41e9-b4a0-56dbbfa84a05/element/00000000-0000-0357-ffff-ffff000000bf/click[39m
[35m[HTTP][39m [90m{"id":"00000000-0000-0357-ffff-ffff000000bf"}[39m
[35m[HTTP][39m [37m<-- POST /wd/hub/session/2e48328c-efac-41e9-b4a0-56dbbfa84a05/element/00000000-0000-0357-ffff-ffff000000bf/click [39m[32m200[39m [90m89 ms - 14[39m
[35m[HTTP][39m [90m[39m
[35m[HTTP][39m [37m-->[39m [37mPOST[39m [37m/wd/hub/session/2e48328c-efac-41e9-b4a0-56dbbfa84a05/timeouts[39m
[35m[HTTP][39m [90m{"implicit":50}[39m
[35m[HTTP][39m [37m<-- POST /wd/hub/session/2e48328c-efac-41e9-b4a0-56dbbfa84a05/timeouts [39m[32m200[39m [90m1 ms - 14[39m
[35m[HTTP][39m [90m[39m
[35m[HTTP][39m [37m-->[39m [37mGET[39m [37m/wd/hub/session/2e48328c-efac-41e9-b4a0-56dbbfa84a05/window/rect[39m
[35m[HTTP][39m [90m{}[39m
[35m[HTTP][39m [37m<-- GET /wd/hub/session/2e48328c-efac-41e9-b4a0-56dbbfa84a05/window/rect [39m[32m200[39m [90m18 ms - 49[39m
[35m[HTTP][39m [90m[39m
[35m[HTTP][39m [37m-->[39m [37mPOST[39m [37m/wd/hub/session/2e48328c-efac-41e9-b4a0-56dbbfa84a05/elements[39m
[35m[HTTP][39m [90m{"using":"xpath","value":"//*[@class = 'android.widget.EditText' and (@text = 'Pin de Acceso' or . = 'Pin de Acceso') and @resource-id = 'com.naposystems.napoleonchat:id/textInputEditText_access_pin']"}[39m
[35m[HTTP][39m [37m<-- POST /wd/hub/session/2e48328c-efac-41e9-b4a0-56dbbfa84a05/elements [39m[32m200[39m [90m795 ms - 139[39m
[35m[HTTP][39m [90m[39m
[35m[HTTP][39m [37m-->[39m [37mGET[39m [37m/wd/hub/session/2e48328c-efac-41e9-b4a0-56dbbfa84a05/element/00000000-0000-0357-ffff-ffff000000cf/location[39m
[35m[HTTP][39m [90m{}[39m
[35m[W3C (2e48328c)][39m Driver proxy active, passing request on via HTTP proxy
[35m[WD Proxy][39m Replacing sessionId 5bc41f3f-62a1-4b2b-a793-1b09b0407929 with 2e48328c-efac-41e9-b4a0-56dbbfa84a05
[35m[HTTP][39m [37m<-- GET /wd/hub/session/2e48328c-efac-41e9-b4a0-56dbbfa84a05/element/00000000-0000-0357-ffff-ffff000000cf/location [39m[32m200[39m [90m501 ms - 77[39m
[35m[HTTP][39m [90m[39m
[35m[HTTP][39m [37m-->[39m [37mPOST[39m [37m/wd/hub/session/2e48328c-efac-41e9-b4a0-56dbbfa84a05/timeouts[39m
[35m[HTTP][39m [90m{"implicit":30000}[39m
[35m[HTTP][39m [37m<-- POST /wd/hub/session/2e48328c-efac-41e9-b4a0-56dbbfa84a05/timeouts [39m[32m200[39m [90m1 ms - 14[39m
[35m[HTTP][39m [90m[39m
[35m[HTTP][39m [37m-->[39m [37mPOST[39m [37m/wd/hub/session/2e48328c-efac-41e9-b4a0-56dbbfa84a05/element/00000000-0000-0357-ffff-ffff000000cf/clear[39m
[35m[HTTP][39m [90m{"id":"00000000-0000-0357-ffff-ffff000000cf"}[39m
[35m[HTTP][39m [37m<-- POST /wd/hub/session/2e48328c-efac-41e9-b4a0-56dbbfa84a05/element/00000000-0000-0357-ffff-ffff000000cf/clear [39m[32m200[39m [90m61 ms - 14[39m
[35m[HTTP][39m [90m[39m
[35m[HTTP][39m [37m-->[39m [37mPOST[39m [37m/wd/hub/session/2e48328c-efac-41e9-b4a0-56dbbfa84a05/element/00000000-0000-0357-ffff-ffff000000cf/value[39m
[35m[HTTP][39m [90m{"id":"00000000-0000-0357-ffff-ffff000000cf","text":"0000","value":["0","0","0","0"]}[39m
[35m[HTTP][39m [37m<-- POST /wd/hub/session/2e48328c-efac-41e9-b4a0-56dbbfa84a05/element/00000000-0000-0357-ffff-ffff000000cf/value [39m[32m200[39m [90m1720 ms - 14[39m
[35m[HTTP][39m [90m[39m
[35m[HTTP][39m [37m-->[39m [37mPOST[39m [37m/wd/hub/session/2e48328c-efac-41e9-b4a0-56dbbfa84a05/timeouts[39m
[35m[HTTP][39m [90m{"implicit":50}[39m
[35m[HTTP][39m [37m<-- POST /wd/hub/session/2e48328c-efac-41e9-b4a0-56dbbfa84a05/timeouts [39m[32m200[39m [90m1 ms - 14[39m
[35m[HTTP][39m [90m[39m
[35m[HTTP][39m [37m-->[39m [37mGET[39m [37m/wd/hub/session/2e48328c-efac-41e9-b4a0-56dbbfa84a05/window/rect[39m
[35m[HTTP][39m [90m{}[39m
[35m[HTTP][39m [37m<-- GET /wd/hub/session/2e48328c-efac-41e9-b4a0-56dbbfa84a05/window/rect [39m[32m200[39m [90m19 ms - 49[39m
[35m[HTTP][39m [90m[39m
[35m[HTTP][39m [37m-->[39m [37mPOST[39m [37m/wd/hub/session/2e48328c-efac-41e9-b4a0-56dbbfa84a05/elements[39m
[35m[HTTP][39m [90m{"using":"xpath","value":"//*[@class = 'android.widget.EditText' and (@text = 'Confirmar nuevo pin de acceso' or . = 'Confirmar nuevo pin de acceso') and @resource-id = 'com.naposystems.napoleonchat:id/textInputEditText_confirm_access_pin']"}[39m
[35m[HTTP][39m [37m<-- POST /wd/hub/session/2e48328c-efac-41e9-b4a0-56dbbfa84a05/elements [39m[32m200[39m [90m624 ms - 139[39m
[35m[HTTP][39m [90m[39m
[35m[HTTP][39m [37m-->[39m [37mGET[39m [37m/wd/hub/session/2e48328c-efac-41e9-b4a0-56dbbfa84a05/element/00000000-0000-0357-ffff-ffff000000de/location[39m
[35m[HTTP][39m [90m{}[39m
[35m[W3C (2e48328c)][39m Driver proxy active, passing request on via HTTP proxy
[35m[WD Proxy][39m Replacing sessionId 5bc41f3f-62a1-4b2b-a793-1b09b0407929 with 2e48328c-efac-41e9-b4a0-56dbbfa84a05
[35m[HTTP][39m [37m<-- GET /wd/hub/session/2e48328c-efac-41e9-b4a0-56dbbfa84a05/element/00000000-0000-0357-ffff-ffff000000de/location [39m[32m200[39m [90m31 ms - 78[39m
[35m[HTTP][39m [90m[39m
[35m[HTTP][39m [37m-->[39m [37mPOST[39m [37m/wd/hub/session/2e48328c-efac-41e9-b4a0-56dbbfa84a05/timeouts[39m
[35m[HTTP][39m [90m{"implicit":30000}[39m
[35m[HTTP][39m [37m<-- POST /wd/hub/session/2e48328c-efac-41e9-b4a0-56dbbfa84a05/timeouts [39m[32m200[39m [90m1 ms - 14[39m
[35m[HTTP][39m [90m[39m
[35m[HTTP][39m [37m-->[39m [37mPOST[39m [37m/wd/hub/session/2e48328c-efac-41e9-b4a0-56dbbfa84a05/element/00000000-0000-0357-ffff-ffff000000de/clear[39m
[35m[HTTP][39m [90m{"id":"00000000-0000-0357-ffff-ffff000000de"}[39m
[35m[HTTP][39m [37m<-- POST /wd/hub/session/2e48328c-efac-41e9-b4a0-56dbbfa84a05/element/00000000-0000-0357-ffff-ffff000000de/clear [39m[32m200[39m [90m56 ms - 14[39m
[35m[HTTP][39m [90m[39m
[35m[HTTP][39m [37m-->[39m [37mPOST[39m [37m/wd/hub/session/2e48328c-efac-41e9-b4a0-56dbbfa84a05/element/00000000-0000-0357-ffff-ffff000000de/value[39m
[35m[HTTP][39m [90m{"id":"00000000-0000-0357-ffff-ffff000000de","text":"0000","value":["0","0","0","0"]}[39m
[35m[HTTP][39m [37m<-- POST /wd/hub/session/2e48328c-efac-41e9-b4a0-56dbbfa84a05/element/00000000-0000-0357-ffff-ffff000000de/value [39m[32m200[39m [90m1686 ms - 14[39m
[35m[HTTP][39m [90m[39m
[35m[HTTP][39m [37m-->[39m [37mPOST[39m [37m/wd/hub/session/2e48328c-efac-41e9-b4a0-56dbbfa84a05/timeouts[39m
[35m[HTTP][39m [90m{"implicit":50}[39m
[35m[HTTP][39m [37m<-- POST /wd/hub/session/2e48328c-efac-41e9-b4a0-56dbbfa84a05/timeouts [39m[32m200[39m [90m1 ms - 14[39m
[35m[HTTP][39m [90m[39m
[35m[HTTP][39m [37m-->[39m [37mGET[39m [37m/wd/hub/session/2e48328c-efac-41e9-b4a0-56dbbfa84a05/window/rect[39m
[35m[HTTP][39m [90m{}[39m
[35m[HTTP][39m [37m<-- GET /wd/hub/session/2e48328c-efac-41e9-b4a0-56dbbfa84a05/window/rect [39m[32m200[39m [90m23 ms - 49[39m
[35m[HTTP][39m [90m[39m
[35m[HTTP][39m [37m-->[39m [37mPOST[39m [37m/wd/hub/session/2e48328c-efac-41e9-b4a0-56dbbfa84a05/elements[39m
[35m[HTTP][39m [90m{"using":"xpath","value":"//*[@class = 'android.widget.Button' and (@text = 'Crear Cuenta' or . = 'Crear Cuenta') and @resource-id = 'com.naposystems.napoleonchat:id/button_register']"}[39m
[35m[HTTP][39m [37m<-- POST /wd/hub/session/2e48328c-efac-41e9-b4a0-56dbbfa84a05/elements [39m[32m200[39m [90m636 ms - 139[39m
[35m[HTTP][39m [90m[39m
[35m[HTTP][39m [37m-->[39m [37mGET[39m [37m/wd/hub/session/2e48328c-efac-41e9-b4a0-56dbbfa84a05/element/00000000-0000-0357-ffff-ffff000000ec/location[39m
[35m[HTTP][39m [90m{}[39m
[35m[W3C (2e48328c)][39m Driver proxy active, passing request on via HTTP proxy
[35m[WD Proxy][39m Replacing sessionId 5bc41f3f-62a1-4b2b-a793-1b09b0407929 with 2e48328c-efac-41e9-b4a0-56dbbfa84a05
[35m[HTTP][39m [37m<-- GET /wd/hub/session/2e48328c-efac-41e9-b4a0-56dbbfa84a05/element/00000000-0000-0357-ffff-ffff000000ec/location [39m[32m200[39m [90m28 ms - 79[39m
[35m[HTTP][39m [90m[39m
[35m[HTTP][39m [37m-->[39m [37mPOST[39m [37m/wd/hub/session/2e48328c-efac-41e9-b4a0-56dbbfa84a05/timeouts[39m
[35m[HTTP][39m [90m{"implicit":30000}[39m
[35m[HTTP][39m [37m<-- POST /wd/hub/session/2e48328c-efac-41e9-b4a0-56dbbfa84a05/timeouts [39m[32m200[39m [90m1 ms - 14[39m
[35m[HTTP][39m [90m[39m
[35m[HTTP][39m [37m-->[39m [37mPOST[39m [37m/wd/hub/session/2e48328c-efac-41e9-b4a0-56dbbfa84a05/element/00000000-0000-0357-ffff-ffff000000ec/click[39m
[35m[HTTP][39m [90m{"id":"00000000-0000-0357-ffff-ffff000000ec"}[39m
[35m[HTTP][39m [37m<-- POST /wd/hub/session/2e48328c-efac-41e9-b4a0-56dbbfa84a05/element/00000000-0000-0357-ffff-ffff000000ec/click [39m[32m200[39m [90m74 ms - 14[39m
[35m[HTTP][39m [90m[39m
[35m[HTTP][39m [37m-->[39m [37mPOST[39m [37m/wd/hub/session/2e48328c-efac-41e9-b4a0-56dbbfa84a05/timeouts[39m
[35m[HTTP][39m [90m{"implicit":50}[39m
[35m[HTTP][39m [37m<-- POST /wd/hub/session/2e48328c-efac-41e9-b4a0-56dbbfa84a05/timeouts [39m[32m200[39m [90m1 ms - 14[39m
[35m[HTTP][39m [90m[39m
[35m[HTTP][39m [37m-->[39m [37mGET[39m [37m/wd/hub/session/2e48328c-efac-41e9-b4a0-56dbbfa84a05/window/rect[39m
[35m[HTTP][39m [90m{}[39m
[35m[HTTP][39m [37m<-- GET /wd/hub/session/2e48328c-efac-41e9-b4a0-56dbbfa84a05/window/rect [39m[32m200[39m [90m15 ms - 49[39m
[35m[HTTP][39m [90m[39m
[35m[HTTP][39m [37m-->[39m [37mPOST[39m [37m/wd/hub/session/2e48328c-efac-41e9-b4a0-56dbbfa84a05/elements[39m
[35m[HTTP][39m [90m{"using":"xpath","value":"//*[@class = 'android.widget.FrameLayout' and @resource-id = 'com.naposystems.napoleonchat:id/profileFragment' and (@text = '' or . = '')]"}[39m
[35m[HTTP][39m [37m<-- POST /wd/hub/session/2e48328c-efac-41e9-b4a0-56dbbfa84a05/elements [39m[32m200[39m [90m445 ms - 12[39m
[35m[HTTP][39m [90m[39m
[35m[HTTP][39m [37m-->[39m [37mPOST[39m [37m/wd/hub/session/2e48328c-efac-41e9-b4a0-56dbbfa84a05/elements[39m
[35m[HTTP][39m [90m{"using":"xpath","value":"//*[@class = 'android.widget.FrameLayout' and @resource-id = 'com.naposystems.napoleonchat:id/profileFragment' and (@text = '' or . = '')]"}[39m
[35m[HTTP][39m [37m<-- POST /wd/hub/session/2e48328c-efac-41e9-b4a0-56dbbfa84a05/elements [39m[32m200[39m [90m701 ms - 139[39m
[35m[HTTP][39m [90m[39m
[35m[HTTP][39m [37m-->[39m [37mGET[39m [37m/wd/hub/session/2e48328c-efac-41e9-b4a0-56dbbfa84a05/element/00000000-0000-0357-ffff-ffff00000017/location[39m
[35m[HTTP][39m [90m{}[39m
[35m[W3C (2e48328c)][39m Driver proxy active, passing request on via HTTP proxy
[35m[WD Proxy][39m Replacing sessionId 5bc41f3f-62a1-4b2b-a793-1b09b0407929 with 2e48328c-efac-41e9-b4a0-56dbbfa84a05
[35m[HTTP][39m [37m<-- GET /wd/hub/session/2e48328c-efac-41e9-b4a0-56dbbfa84a05/element/00000000-0000-0357-ffff-ffff00000017/location [39m[32m200[39m [90m1949 ms - 79[39m
[35m[HTTP][39m [90m[39m
[35m[HTTP][39m [37m-->[39m [37mPOST[39m [37m/wd/hub/session/2e48328c-efac-41e9-b4a0-56dbbfa84a05/timeouts[39m
[35m[HTTP][39m [90m{"implicit":30000}[39m
[35m[HTTP][39m [37m<-- POST /wd/hub/session/2e48328c-efac-41e9-b4a0-56dbbfa84a05/timeouts [39m[32m200[39m [90m2 ms - 14[39m
[35m[HTTP][39m [90m[39m
[35m[HTTP][39m [37m-->[39m [37mPOST[39m [37m/wd/hub/session/2e48328c-efac-41e9-b4a0-56dbbfa84a05/element/00000000-0000-0357-ffff-ffff00000017/click[39m
[35m[HTTP][39m [90m{"id":"00000000-0000-0357-ffff-ffff00000017"}[39m
[35m[HTTP][39m [37m<-- POST /wd/hub/session/2e48328c-efac-41e9-b4a0-56dbbfa84a05/element/00000000-0000-0357-ffff-ffff00000017/click [39m[32m200[39m [90m74 ms - 14[39m
[35m[HTTP][39m [90m[39m
[35m[HTTP][39m [37m-->[39m [37mPOST[39m [37m/wd/hub/session/2e48328c-efac-41e9-b4a0-56dbbfa84a05/timeouts[39m
[35m[HTTP][39m [90m{"implicit":50}[39m
[35m[HTTP][39m [37m<-- POST /wd/hub/session/2e48328c-efac-41e9-b4a0-56dbbfa84a05/timeouts [39m[32m200[39m [90m2 ms - 14[39m
[35m[HTTP][39m [90m[39m
[35m[HTTP][39m [37m-->[39m [37mGET[39m [37m/wd/hub/session/2e48328c-efac-41e9-b4a0-56dbbfa84a05/window/rect[39m
[35m[HTTP][39m [90m{}[39m
[35m[HTTP][39m [37m<-- GET /wd/hub/session/2e48328c-efac-41e9-b4a0-56dbbfa84a05/window/rect [39m[32m200[39m [90m23 ms - 49[39m
[35m[HTTP][39m [90m[39m
[35m[HTTP][39m [37m-->[39m [37mPOST[39m [37m/wd/hub/session/2e48328c-efac-41e9-b4a0-56dbbfa84a05/elements[39m
[35m[HTTP][39m [90m{"using":"xpath","value":"//*[@class = 'android.widget.ImageView' and @resource-id = 'com.naposystems.napoleonchat:id/imageView_profile_image' and (@text = '' or . = '')]"}[39m
[35m[HTTP][39m [37m<-- POST /wd/hub/session/2e48328c-efac-41e9-b4a0-56dbbfa84a05/elements [39m[32m200[39m [90m1313 ms - 139[39m
[35m[HTTP][39m [90m[39m
[35m[HTTP][39m [37m-->[39m [37mGET[39m [37m/wd/hub/session/2e48328c-efac-41e9-b4a0-56dbbfa84a05/element/00000000-0000-0357-ffff-ffff0000011f/location[39m
[35m[HTTP][39m [90m{}[39m
[35m[W3C (2e48328c)][39m Driver proxy active, passing request on via HTTP proxy
[35m[WD Proxy][39m Replacing sessionId 5bc41f3f-62a1-4b2b-a793-1b09b0407929 with 2e48328c-efac-41e9-b4a0-56dbbfa84a05
[35m[HTTP][39m [37m<-- GET /wd/hub/session/2e48328c-efac-41e9-b4a0-56dbbfa84a05/element/00000000-0000-0357-ffff-ffff0000011f/location [39m[32m200[39m [90m24 ms - 78[39m
[35m[HTTP][39m [90m[39m
[35m[HTTP][39m [37m-->[39m [37mPOST[39m [37m/wd/hub/session/2e48328c-efac-41e9-b4a0-56dbbfa84a05/timeouts[39m
[35m[HTTP][39m [90m{"implicit":30000}[39m
[35m[HTTP][39m [37m<-- POST /wd/hub/session/2e48328c-efac-41e9-b4a0-56dbbfa84a05/timeouts [39m[32m200[39m [90m2 ms - 14[39m
[35m[HTTP][39m [90m[39m
[35m[HTTP][39m [37m-->[39m [37mPOST[39m [37m/wd/hub/session/2e48328c-efac-41e9-b4a0-56dbbfa84a05/element/00000000-0000-0357-ffff-ffff0000011f/click[39m
[35m[HTTP][39m [90m{"id":"00000000-0000-0357-ffff-ffff0000011f"}[39m
[35m[HTTP][39m [37m<-- POST /wd/hub/session/2e48328c-efac-41e9-b4a0-56dbbfa84a05/element/00000000-0000-0357-ffff-ffff0000011f/click [39m[32m200[39m [90m72 ms - 14[39m
[35m[HTTP][39m [90m[39m
[35m[HTTP][39m [37m-->[39m [37mPOST[39m [37m/wd/hub/session/2e48328c-efac-41e9-b4a0-56dbbfa84a05/timeouts[39m
[35m[HTTP][39m [90m{"implicit":50}[39m
[35m[HTTP][39m [37m<-- POST /wd/hub/session/2e48328c-efac-41e9-b4a0-56dbbfa84a05/timeouts [39m[32m200[39m [90m1 ms - 14[39m
[35m[HTTP][39m [90m[39m
[35m[HTTP][39m [37m-->[39m [37mGET[39m [37m/wd/hub/session/2e48328c-efac-41e9-b4a0-56dbbfa84a05/window/rect[39m
[35m[HTTP][39m [90m{}[39m
[35m[HTTP][39m [37m<-- GET /wd/hub/session/2e48328c-efac-41e9-b4a0-56dbbfa84a05/window/rect [39m[32m200[39m [90m20 ms - 49[39m
[35m[HTTP][39m [90m[39m
[35m[HTTP][39m [37m-->[39m [37mPOST[39m [37m/wd/hub/session/2e48328c-efac-41e9-b4a0-56dbbfa84a05/elements[39m
[35m[HTTP][39m [90m{"using":"xpath","value":"//*[@class = 'android.widget.TextView' and (@text = 'Perfil' or . = 'Perfil')]"}[39m
[35m[HTTP][39m [37m<-- POST /wd/hub/session/2e48328c-efac-41e9-b4a0-56dbbfa84a05/elements [39m[32m200[39m [90m565 ms - 139[39m
[35m[HTTP][39m [90m[39m
[35m[HTTP][39m [37m-->[39m [37mGET[39m [37m/wd/hub/session/2e48328c-efac-41e9-b4a0-56dbbfa84a05/element/00000000-0000-0357-ffff-ffff0000002c/location[39m
[35m[HTTP][39m [90m{}[39m
[35m[W3C (2e48328c)][39m Driver proxy active, passing request on via HTTP proxy
[35m[WD Proxy][39m Replacing sessionId 5bc41f3f-62a1-4b2b-a793-1b09b0407929 with 2e48328c-efac-41e9-b4a0-56dbbfa84a05
[35m[HTTP][39m [37m<-- GET /wd/hub/session/2e48328c-efac-41e9-b4a0-56dbbfa84a05/element/00000000-0000-0357-ffff-ffff0000002c/location [39m[32m200[39m [90m1501 ms - 77[39m
[35m[HTTP][39m [90m[39m
[35m[HTTP][39m [37m-->[39m [37mPOST[39m [37m/wd/hub/session/2e48328c-efac-41e9-b4a0-56dbbfa84a05/timeouts[39m
[35m[HTTP][39m [90m{"implicit":30000}[39m
[35m[HTTP][39m [37m<-- POST /wd/hub/session/2e48328c-efac-41e9-b4a0-56dbbfa84a05/timeouts [39m[32m200[39m [90m1 ms - 14[39m
[35m[HTTP][39m [90m[39m
[35m[HTTP][39m [37m-->[39m [37mGET[39m [37m/wd/hub/session/2e48328c-efac-41e9-b4a0-56dbbfa84a05/element/00000000-0000-0357-ffff-ffff0000002c/displayed[39m
[35m[HTTP][39m [90m{}[39m
[35m[HTTP][39m [37m<-- GET /wd/hub/session/2e48328c-efac-41e9-b4a0-56dbbfa84a05/element/00000000-0000-0357-ffff-ffff0000002c/displayed [39m[32m200[39m [90m33 ms - 14[39m
[35m[HTTP][39m [90m[39m
[35m[HTTP][39m [37m-->[39m [37mPOST[39m [37m/wd/hub/session/2e48328c-efac-41e9-b4a0-56dbbfa84a05/timeouts[39m
[35m[HTTP][39m [90m{"implicit":50}[39m
[35m[HTTP][39m [37m<-- POST /wd/hub/session/2e48328c-efac-41e9-b4a0-56dbbfa84a05/timeouts [39m[32m200[39m [90m1 ms - 14[39m
[35m[HTTP][39m [90m[39m
[35m[HTTP][39m [37m-->[39m [37mGET[39m [37m/wd/hub/session/2e48328c-efac-41e9-b4a0-56dbbfa84a05/window/rect[39m
[35m[HTTP][39m [90m{}[39m
[35m[HTTP][39m [37m<-- GET /wd/hub/session/2e48328c-efac-41e9-b4a0-56dbbfa84a05/window/rect [39m[32m200[39m [90m18 ms - 49[39m
[35m[HTTP][39m [90m[39m
[35m[HTTP][39m [37m-->[39m [37mPOST[39m [37m/wd/hub/session/2e48328c-efac-41e9-b4a0-56dbbfa84a05/elements[39m
[35m[HTTP][39m [90m{"using":"xpath","value":"//*[@class = 'android.widget.ImageButton' and (@text = '' or . = '')]"}[39m
[35m[HTTP][39m [37m<-- POST /wd/hub/session/2e48328c-efac-41e9-b4a0-56dbbfa84a05/elements [39m[32m200[39m [90m91 ms - 139[39m
[35m[HTTP][39m [90m[39m
[35m[HTTP][39m [37m-->[39m [37mGET[39m [37m/wd/hub/session/2e48328c-efac-41e9-b4a0-56dbbfa84a05/element/00000000-0000-0357-ffff-ffff0000002d/location[39m
[35m[HTTP][39m [90m{}[39m
[35m[W3C (2e48328c)][39m Driver proxy active, passing request on via HTTP proxy
[35m[WD Proxy][39m Replacing sessionId 5bc41f3f-62a1-4b2b-a793-1b09b0407929 with 2e48328c-efac-41e9-b4a0-56dbbfa84a05
[35m[HTTP][39m [37m<-- GET /wd/hub/session/2e48328c-efac-41e9-b4a0-56dbbfa84a05/element/00000000-0000-0357-ffff-ffff0000002d/location [39m[32m200[39m [90m25 ms - 75[39m
[35m[HTTP][39m [90m[39m
[35m[HTTP][39m [37m-->[39m [37mPOST[39m [37m/wd/hub/session/2e48328c-efac-41e9-b4a0-56dbbfa84a05/timeouts[39m
[35m[HTTP][39m [90m{"implicit":30000}[39m
[35m[HTTP][39m [37m<-- POST /wd/hub/session/2e48328c-efac-41e9-b4a0-56dbbfa84a05/timeouts [39m[32m200[39m [90m1 ms - 14[39m
[35m[HTTP][39m [90m[39m
[35m[HTTP][39m [37m-->[39m [37mPOST[39m [37m/wd/hub/session/2e48328c-efac-41e9-b4a0-56dbbfa84a05/element/00000000-0000-0357-ffff-ffff0000002d/click[39m
[35m[HTTP][39m [90m{"id":"00000000-0000-0357-ffff-ffff0000002d"}[39m
[35m[HTTP][39m [37m<-- POST /wd/hub/session/2e48328c-efac-41e9-b4a0-56dbbfa84a05/element/00000000-0000-0357-ffff-ffff0000002d/click [39m[32m200[39m [90m78 ms - 14[39m
[35m[HTTP][39m [90m[39m
[35m[HTTP][39m [37m-->[39m [37mPOST[39m [37m/wd/hub/session/2e48328c-efac-41e9-b4a0-56dbbfa84a05/timeouts[39m
[35m[HTTP][39m [90m{"implicit":50}[39m
[35m[HTTP][39m [37m<-- POST /wd/hub/session/2e48328c-efac-41e9-b4a0-56dbbfa84a05/timeouts [39m[32m200[39m [90m2 ms - 14[39m
[35m[HTTP][39m [90m[39m
[35m[HTTP][39m [37m-->[39m [37mGET[39m [37m/wd/hub/session/2e48328c-efac-41e9-b4a0-56dbbfa84a05/window/rect[39m
[35m[HTTP][39m [90m{}[39m
[35m[HTTP][39m [37m<-- GET /wd/hub/session/2e48328c-efac-41e9-b4a0-56dbbfa84a05/window/rect [39m[32m200[39m [90m18 ms - 49[39m
[35m[HTTP][39m [90m[39m
[35m[HTTP][39m [37m-->[39m [37mPOST[39m [37m/wd/hub/session/2e48328c-efac-41e9-b4a0-56dbbfa84a05/elements[39m
[35m[HTTP][39m [90m{"using":"xpath","value":"//*[@class = 'android.widget.ImageButton' and @resource-id = 'com.naposystems.napoleonchat:id/floating_button_profile_image' and (@text = '' or . = '')]"}[39m
[35m[HTTP][39m [37m<-- POST /wd/hub/session/2e48328c-efac-41e9-b4a0-56dbbfa84a05/elements [39m[32m200[39m [90m479 ms - 139[39m
[35m[HTTP][39m [90m[39m
[35m[HTTP][39m [37m-->[39m [37mGET[39m [37m/wd/hub/session/2e48328c-efac-41e9-b4a0-56dbbfa84a05/element/00000000-0000-0357-ffff-ffff00000144/location[39m
[35m[HTTP][39m [90m{}[39m
[35m[W3C (2e48328c)][39m Driver proxy active, passing request on via HTTP proxy
[35m[WD Proxy][39m Replacing sessionId 5bc41f3f-62a1-4b2b-a793-1b09b0407929 with 2e48328c-efac-41e9-b4a0-56dbbfa84a05
[35m[HTTP][39m [37m<-- GET /wd/hub/session/2e48328c-efac-41e9-b4a0-56dbbfa84a05/element/00000000-0000-0357-ffff-ffff00000144/location [39m[32m200[39m [90m25 ms - 78[39m
[35m[HTTP][39m [90m[39m
[35m[HTTP][39m [37m-->[39m [37mPOST[39m [37m/wd/hub/session/2e48328c-efac-41e9-b4a0-56dbbfa84a05/timeouts[39m
[35m[HTTP][39m [90m{"implicit":30000}[39m
[35m[HTTP][39m [37m<-- POST /wd/hub/session/2e48328c-efac-41e9-b4a0-56dbbfa84a05/timeouts [39m[32m200[39m [90m1 ms - 14[39m
[35m[HTTP][39m [90m[39m
[35m[HTTP][39m [37m-->[39m [37mPOST[39m [37m/wd/hub/session/2e48328c-efac-41e9-b4a0-56dbbfa84a05/element/00000000-0000-0357-ffff-ffff00000144/click[39m
[35m[HTTP][39m [90m{"id":"00000000-0000-0357-ffff-ffff00000144"}[39m
[35m[HTTP][39m [37m<-- POST /wd/hub/session/2e48328c-efac-41e9-b4a0-56dbbfa84a05/element/00000000-0000-0357-ffff-ffff00000144/click [39m[32m200[39m [90m77 ms - 14[39m
[35m[HTTP][39m [90m[39m
[35m[HTTP][39m [37m-->[39m [37mPOST[39m [37m/wd/hub/session/2e48328c-efac-41e9-b4a0-56dbbfa84a05/timeouts[39m
[35m[HTTP][39m [90m{"implicit":50}[39m
[35m[HTTP][39m [37m<-- POST /wd/hub/session/2e48328c-efac-41e9-b4a0-56dbbfa84a05/timeouts [39m[32m200[39m [90m1 ms - 14[39m
[35m[HTTP][39m [90m[39m
[35m[HTTP][39m [37m-->[39m [37mGET[39m [37m/wd/hub/session/2e48328c-efac-41e9-b4a0-56dbbfa84a05/window/rect[39m
[35m[HTTP][39m [90m{}[39m
[35m[HTTP][39m [37m<-- GET /wd/hub/session/2e48328c-efac-41e9-b4a0-56dbbfa84a05/window/rect [39m[32m200[39m [90m15 ms - 49[39m
[35m[HTTP][39m [90m[39m
[35m[HTTP][39m [37m-->[39m [37mPOST[39m [37m/wd/hub/session/2e48328c-efac-41e9-b4a0-56dbbfa84a05/elements[39m
[35m[HTTP][39m [90m{"using":"xpath","value":"//*[@class = 'android.widget.LinearLayout' and @resource-id = 'com.naposystems.napoleonchat:id/container_camera_option' and (@text = '' or . = '')]"}[39m
[35m[HTTP][39m [37m<-- POST /wd/hub/session/2e48328c-efac-41e9-b4a0-56dbbfa84a05/elements [39m[32m200[39m [90m380 ms - 139[39m
[35m[HTTP][39m [90m[39m
[35m[HTTP][39m [37m-->[39m [37mGET[39m [37m/wd/hub/session/2e48328c-efac-41e9-b4a0-56dbbfa84a05/element/00000000-0000-035a-ffff-ffff00000167/location[39m
[35m[HTTP][39m [90m{}[39m
[35m[W3C (2e48328c)][39m Driver proxy active, passing request on via HTTP proxy
[35m[WD Proxy][39m Replacing sessionId 5bc41f3f-62a1-4b2b-a793-1b09b0407929 with 2e48328c-efac-41e9-b4a0-56dbbfa84a05
[35m[HTTP][39m [37m<-- GET /wd/hub/session/2e48328c-efac-41e9-b4a0-56dbbfa84a05/element/00000000-0000-035a-ffff-ffff00000167/location [39m[32m200[39m [90m581 ms - 77[39m
[35m[HTTP][39m [90m[39m
[35m[HTTP][39m [37m-->[39m [37mPOST[39m [37m/wd/hub/session/2e48328c-efac-41e9-b4a0-56dbbfa84a05/timeouts[39m
[35m[HTTP][39m [90m{"implicit":30000}[39m
[35m[HTTP][39m [37m<-- POST /wd/hub/session/2e48328c-efac-41e9-b4a0-56dbbfa84a05/timeouts [39m[32m200[39m [90m2 ms - 14[39m
[35m[HTTP][39m [90m[39m
[35m[HTTP][39m [37m-->[39m [37mPOST[39m [37m/wd/hub/session/2e48328c-efac-41e9-b4a0-56dbbfa84a05/element/00000000-0000-035a-ffff-ffff00000167/click[39m
[35m[HTTP][39m [90m{"id":"00000000-0000-035a-ffff-ffff00000167"}[39m
[35m[HTTP][39m [37m<-- POST /wd/hub/session/2e48328c-efac-41e9-b4a0-56dbbfa84a05/element/00000000-0000-035a-ffff-ffff00000167/click [39m[32m200[39m [90m76 ms - 14[39m
[35m[HTTP][39m [90m[39m
[35m[HTTP][39m [37m-->[39m [37mPOST[39m [37m/wd/hub/session/2e48328c-efac-41e9-b4a0-56dbbfa84a05/timeouts[39m
[35m[HTTP][39m [90m{"implicit":50}[39m
[35m[HTTP][39m [37m<-- POST /wd/hub/session/2e48328c-efac-41e9-b4a0-56dbbfa84a05/timeouts [39m[32m200[39m [90m1 ms - 14[39m
[35m[HTTP][39m [90m[39m
[35m[HTTP][39m [37m-->[39m [37mGET[39m [37m/wd/hub/session/2e48328c-efac-41e9-b4a0-56dbbfa84a05/window/rect[39m
[35m[HTTP][39m [90m{}[39m
[35m[HTTP][39m [37m<-- GET /wd/hub/session/2e48328c-efac-41e9-b4a0-56dbbfa84a05/window/rect [39m[32m200[39m [90m16 ms - 49[39m
[35m[HTTP][39m [90m[39m
[35m[HTTP][39m [37m-->[39m [37mPOST[39m [37m/wd/hub/session/2e48328c-efac-41e9-b4a0-56dbbfa84a05/elements[39m
[35m[HTTP][39m [90m{"using":"xpath","value":"//*[@class = 'android.widget.ImageButton' and @resource-id = 'com.naposystems.napoleonchat:id/imageButton_camera' and (@text = '' or . = '')]"}[39m
[35m[HTTP][39m [37m<-- POST /wd/hub/session/2e48328c-efac-41e9-b4a0-56dbbfa84a05/elements [39m[32m200[39m [90m975 ms - 139[39m
[35m[HTTP][39m [90m[39m
[35m[HTTP][39m [37m-->[39m [37mGET[39m [37m/wd/hub/session/2e48328c-efac-41e9-b4a0-56dbbfa84a05/element/00000000-0000-0357-ffff-ffff00000179/location[39m
[35m[HTTP][39m [90m{}[39m
[35m[W3C (2e48328c)][39m Driver proxy active, passing request on via HTTP proxy
[35m[WD Proxy][39m Replacing sessionId 5bc41f3f-62a1-4b2b-a793-1b09b0407929 with 2e48328c-efac-41e9-b4a0-56dbbfa84a05
[35m[HTTP][39m [37m<-- GET /wd/hub/session/2e48328c-efac-41e9-b4a0-56dbbfa84a05/element/00000000-0000-0357-ffff-ffff00000179/location [39m[32m200[39m [90m494 ms - 79[39m
[35m[HTTP][39m [90m[39m
[35m[HTTP][39m [37m-->[39m [37mPOST[39m [37m/wd/hub/session/2e48328c-efac-41e9-b4a0-56dbbfa84a05/timeouts[39m
[35m[HTTP][39m [90m{"implicit":30000}[39m
[35m[HTTP][39m [37m<-- POST /wd/hub/session/2e48328c-efac-41e9-b4a0-56dbbfa84a05/timeouts [39m[32m200[39m [90m1 ms - 14[39m
[35m[HTTP][39m [90m[39m
[35m[HTTP][39m [37m-->[39m [37mPOST[39m [37m/wd/hub/session/2e48328c-efac-41e9-b4a0-56dbbfa84a05/element/00000000-0000-0357-ffff-ffff00000179/click[39m
[35m[HTTP][39m [90m{"id":"00000000-0000-0357-ffff-ffff00000179"}[39m
[35m[HTTP][39m [37m<-- POST /wd/hub/session/2e48328c-efac-41e9-b4a0-56dbbfa84a05/element/00000000-0000-0357-ffff-ffff00000179/click [39m[32m200[39m [90m96 ms - 14[39m
[35m[HTTP][39m [90m[39m
[35m[HTTP][39m [37m-->[39m [37mPOST[39m [37m/wd/hub/session/2e48328c-efac-41e9-b4a0-56dbbfa84a05/timeouts[39m
[35m[HTTP][39m [90m{"implicit":50}[39m
[35m[HTTP][39m [37m<-- POST /wd/hub/session/2e48328c-efac-41e9-b4a0-56dbbfa84a05/timeouts [39m[32m200[39m [90m1 ms - 14[39m
[35m[HTTP][39m [90m[39m
[35m[HTTP][39m [37m-->[39m [37mGET[39m [37m/wd/hub/session/2e48328c-efac-41e9-b4a0-56dbbfa84a05/window/rect[39m
[35m[HTTP][39m [90m{}[39m
[35m[HTTP][39m [37m<-- GET /wd/hub/session/2e48328c-efac-41e9-b4a0-56dbbfa84a05/window/rect [39m[32m200[39m [90m43 ms - 49[39m
[35m[HTTP][39m [90m[39m
[35m[HTTP][39m [37m-->[39m [37mPOST[39m [37m/wd/hub/session/2e48328c-efac-41e9-b4a0-56dbbfa84a05/elements[39m
[35m[HTTP][39m [90m{"using":"xpath","value":"//*[@class = 'android.widget.TextView' and @resource-id = 'com.naposystems.napoleonchat:id/menu_crop' and (@text = '' or . = '')]"}[39m
[35m[HTTP][39m [37m<-- POST /wd/hub/session/2e48328c-efac-41e9-b4a0-56dbbfa84a05/elements [39m[32m200[39m [90m462 ms - 12[39m
[35m[HTTP][39m [90m[39m
[35m[HTTP][39m [37m-->[39m [37mPOST[39m [37m/wd/hub/session/2e48328c-efac-41e9-b4a0-56dbbfa84a05/elements[39m
[35m[HTTP][39m [90m{"using":"xpath","value":"//*[@class = 'android.widget.TextView' and @resource-id = 'com.naposystems.napoleonchat:id/menu_crop' and (@text = '' or . = '')]"}[39m
[35m[HTTP][39m [37m<-- POST /wd/hub/session/2e48328c-efac-41e9-b4a0-56dbbfa84a05/elements [39m[32m200[39m [90m133 ms - 12[39m
[35m[HTTP][39m [90m[39m
[35m[HTTP][39m [37m-->[39m [37mPOST[39m [37m/wd/hub/session/2e48328c-efac-41e9-b4a0-56dbbfa84a05/elements[39m
[35m[HTTP][39m [90m{"using":"xpath","value":"//*[@class = 'android.widget.TextView' and @resource-id = 'com.naposystems.napoleonchat:id/menu_crop' and (@text = '' or . = '')]"}[39m
[35m[HTTP][39m [37m<-- POST /wd/hub/session/2e48328c-efac-41e9-b4a0-56dbbfa84a05/elements [39m[32m200[39m [90m168 ms - 12[39m
[35m[HTTP][39m [90m[39m
[35m[HTTP][39m [37m-->[39m [37mPOST[39m [37m/wd/hub/session/2e48328c-efac-41e9-b4a0-56dbbfa84a05/elements[39m
[35m[HTTP][39m [90m{"using":"xpath","value":"//*[@class = 'android.widget.TextView' and @resource-id = 'com.naposystems.napoleonchat:id/menu_crop' and (@text = '' or . = '')]"}[39m
[35m[HTTP][39m [37m<-- POST /wd/hub/session/2e48328c-efac-41e9-b4a0-56dbbfa84a05/elements [39m[32m200[39m [90m147 ms - 12[39m
[35m[HTTP][39m [90m[39m
[35m[HTTP][39m [37m-->[39m [37mPOST[39m [37m/wd/hub/session/2e48328c-efac-41e9-b4a0-56dbbfa84a05/elements[39m
[35m[HTTP][39m [90m{"using":"xpath","value":"//*[@class = 'android.widget.TextView' and @resource-id = 'com.naposystems.napoleonchat:id/menu_crop' and (@text = '' or . = '')]"}[39m
[35m[HTTP][39m [37m<-- POST /wd/hub/session/2e48328c-efac-41e9-b4a0-56dbbfa84a05/elements [39m[32m200[39m [90m215 ms - 12[39m
[35m[HTTP][39m [90m[39m
[35m[HTTP][39m [37m-->[39m [37mPOST[39m [37m/wd/hub/session/2e48328c-efac-41e9-b4a0-56dbbfa84a05/elements[39m
[35m[HTTP][39m [90m{"using":"xpath","value":"//*[@class = 'android.widget.TextView' and @resource-id = 'com.naposystems.napoleonchat:id/menu_crop' and (@text = '' or . = '')]"}[39m
[35m[HTTP][39m [37m<-- POST /wd/hub/session/2e48328c-efac-41e9-b4a0-56dbbfa84a05/elements [39m[32m200[39m [90m118 ms - 12[39m
[35m[HTTP][39m [90m[39m
[35m[HTTP][39m [37m-->[39m [37mPOST[39m [37m/wd/hub/session/2e48328c-efac-41e9-b4a0-56dbbfa84a05/elements[39m
[35m[HTTP][39m [90m{"using":"xpath","value":"//*[@class = 'android.widget.TextView' and @resource-id = 'com.naposystems.napoleonchat:id/menu_crop' and (@text = '' or . = '')]"}[39m
[35m[HTTP][39m [37m<-- POST /wd/hub/session/2e48328c-efac-41e9-b4a0-56dbbfa84a05/elements [39m[32m200[39m [90m100 ms - 12[39m
[35m[HTTP][39m [90m[39m
[35m[HTTP][39m [37m-->[39m [37mPOST[39m [37m/wd/hub/session/2e48328c-efac-41e9-b4a0-56dbbfa84a05/elements[39m
[35m[HTTP][39m [90m{"using":"xpath","value":"//*[@class = 'android.widget.TextView' and @resource-id = 'com.naposystems.napoleonchat:id/menu_crop' and (@text = '' or . = '')]"}[39m
[35m[HTTP][39m [37m<-- POST /wd/hub/session/2e48328c-efac-41e9-b4a0-56dbbfa84a05/elements [39m[32m200[39m [90m102 ms - 12[39m
[35m[HTTP][39m [90m[39m
[35m[HTTP][39m [37m-->[39m [37mPOST[39m [37m/wd/hub/session/2e48328c-efac-41e9-b4a0-56dbbfa84a05/elements[39m
[35m[HTTP][39m [90m{"using":"xpath","value":"//*[@class = 'android.widget.TextView' and @resource-id = 'com.naposystems.napoleonchat:id/menu_crop' and (@text = '' or . = '')]"}[39m
[35m[HTTP][39m [37m<-- POST /wd/hub/session/2e48328c-efac-41e9-b4a0-56dbbfa84a05/elements [39m[32m200[39m [90m118 ms - 12[39m
[35m[HTTP][39m [90m[39m
[35m[HTTP][39m [37m-->[39m [37mPOST[39m [37m/wd/hub/session/2e48328c-efac-41e9-b4a0-56dbbfa84a05/elements[39m
[35m[HTTP][39m [90m{"using":"xpath","value":"//*[@class = 'android.widget.TextView' and @resource-id = 'com.naposystems.napoleonchat:id/menu_crop' and (@text = '' or . = '')]"}[39m
[35m[HTTP][39m [37m<-- POST /wd/hub/session/2e48328c-efac-41e9-b4a0-56dbbfa84a05/elements [39m[32m200[39m [90m103 ms - 12[39m
[35m[HTTP][39m [90m[39m
[35m[HTTP][39m [37m-->[39m [37mPOST[39m [37m/wd/hub/session/2e48328c-efac-41e9-b4a0-56dbbfa84a05/elements[39m
[35m[HTTP][39m [90m{"using":"xpath","value":"//*[@class = 'android.widget.TextView' and @resource-id = 'com.naposystems.napoleonchat:id/menu_crop' and (@text = '' or . = '')]"}[39m
[35m[HTTP][39m [37m<-- POST /wd/hub/session/2e48328c-efac-41e9-b4a0-56dbbfa84a05/elements [39m[32m200[39m [90m448 ms - 12[39m
[35m[HTTP][39m [90m[39m
[35m[HTTP][39m [37m-->[39m [37mPOST[39m [37m/wd/hub/session/2e48328c-efac-41e9-b4a0-56dbbfa84a05/elements[39m
[35m[HTTP][39m [90m{"using":"xpath","value":"//*[@class = 'android.widget.TextView' and @resource-id = 'com.naposystems.napoleonchat:id/menu_crop' and (@text = '' or . = '')]"}[39m
[35m[HTTP][39m [37m<-- POST /wd/hub/session/2e48328c-efac-41e9-b4a0-56dbbfa84a05/elements [39m[32m200[39m [90m1580 ms - 139[39m
[35m[HTTP][39m [90m[39m
[35m[HTTP][39m [37m-->[39m [37mGET[39m [37m/wd/hub/session/2e48328c-efac-41e9-b4a0-56dbbfa84a05/element/00000000-0000-035b-ffff-ffff000001d9/location[39m
[35m[HTTP][39m [90m{}[39m
[35m[W3C (2e48328c)][39m Driver proxy active, passing request on via HTTP proxy
[35m[WD Proxy][39m Replacing sessionId 5bc41f3f-62a1-4b2b-a793-1b09b0407929 with 2e48328c-efac-41e9-b4a0-56dbbfa84a05
[35m[HTTP][39m [37m<-- GET /wd/hub/session/2e48328c-efac-41e9-b4a0-56dbbfa84a05/element/00000000-0000-035b-ffff-ffff000001d9/location [39m[32m200[39m [90m29 ms - 77[39m
[35m[HTTP][39m [90m[39m
[35m[HTTP][39m [37m-->[39m [37mPOST[39m [37m/wd/hub/session/2e48328c-efac-41e9-b4a0-56dbbfa84a05/timeouts[39m
[35m[HTTP][39m [90m{"implicit":30000}[39m
[35m[HTTP][39m [37m<-- POST /wd/hub/session/2e48328c-efac-41e9-b4a0-56dbbfa84a05/timeouts [39m[32m200[39m [90m1 ms - 14[39m
[35m[HTTP][39m [90m[39m
[35m[HTTP][39m [37m-->[39m [37mPOST[39m [37m/wd/hub/session/2e48328c-efac-41e9-b4a0-56dbbfa84a05/element/00000000-0000-035b-ffff-ffff000001d9/click[39m
[35m[HTTP][39m [90m{"id":"00000000-0000-035b-ffff-ffff000001d9"}[39m
[35m[HTTP][39m [37m<-- POST /wd/hub/session/2e48328c-efac-41e9-b4a0-56dbbfa84a05/element/00000000-0000-035b-ffff-ffff000001d9/click [39m[32m200[39m [90m86 ms - 14[39m
[35m[HTTP][39m [90m[39m
[35m[HTTP][39m [37m-->[39m [37mPOST[39m [37m/wd/hub/session/2e48328c-efac-41e9-b4a0-56dbbfa84a05/timeouts[39m
[35m[HTTP][39m [90m{"implicit":50}[39m
[35m[HTTP][39m [37m<-- POST /wd/hub/session/2e48328c-efac-41e9-b4a0-56dbbfa84a05/timeouts [39m[32m200[39m [90m1 ms - 14[39m
[35m[HTTP][39m [90m[39m
[35m[HTTP][39m [37m-->[39m [37mGET[39m [37m/wd/hub/session/2e48328c-efac-41e9-b4a0-56dbbfa84a05/window/rect[39m
[35m[HTTP][39m [90m{}[39m
[35m[HTTP][39m [37m<-- GET /wd/hub/session/2e48328c-efac-41e9-b4a0-56dbbfa84a05/window/rect [39m[32m200[39m [90m14 ms - 49[39m
[35m[HTTP][39m [90m[39m
[35m[HTTP][39m [37m-->[39m [37mPOST[39m [37m/wd/hub/session/2e48328c-efac-41e9-b4a0-56dbbfa84a05/elements[39m
[35m[HTTP][39m [90m{"using":"xpath","value":"//*[@class = 'android.widget.ImageButton' and @resource-id = 'com.naposystems.napoleonchat:id/floating_button_profile_image' and (@text = '' or . = '')]"}[39m
[35m[HTTP][39m [37m<-- POST /wd/hub/session/2e48328c-efac-41e9-b4a0-56dbbfa84a05/elements [39m[32m200[39m [90m1410 ms - 139[39m
[35m[HTTP][39m [90m[39m
[35m[HTTP][39m [37m-->[39m [37mGET[39m [37m/wd/hub/session/2e48328c-efac-41e9-b4a0-56dbbfa84a05/element/00000000-0000-0357-ffff-ffff0000018a/location[39m
[35m[HTTP][39m [90m{}[39m
[35m[W3C (2e48328c)][39m Driver proxy active, passing request on via HTTP proxy
[35m[WD Proxy][39m Replacing sessionId 5bc41f3f-62a1-4b2b-a793-1b09b0407929 with 2e48328c-efac-41e9-b4a0-56dbbfa84a05
[35m[HTTP][39m [37m<-- GET /wd/hub/session/2e48328c-efac-41e9-b4a0-56dbbfa84a05/element/00000000-0000-0357-ffff-ffff0000018a/location [39m[32m200[39m [90m24 ms - 78[39m
[35m[HTTP][39m [90m[39m
[35m[HTTP][39m [37m-->[39m [37mPOST[39m [37m/wd/hub/session/2e48328c-efac-41e9-b4a0-56dbbfa84a05/timeouts[39m
[35m[HTTP][39m [90m{"implicit":30000}[39m
[35m[HTTP][39m [37m<-- POST /wd/hub/session/2e48328c-efac-41e9-b4a0-56dbbfa84a05/timeouts [39m[32m200[39m [90m1 ms - 14[39m
[35m[HTTP][39m [90m[39m
[35m[HTTP][39m [37m-->[39m [37mPOST[39m [37m/wd/hub/session/2e48328c-efac-41e9-b4a0-56dbbfa84a05/element/00000000-0000-0357-ffff-ffff0000018a/click[39m
[35m[HTTP][39m [90m{"id":"00000000-0000-0357-ffff-ffff0000018a"}[39m
[35m[HTTP][39m [37m<-- POST /wd/hub/session/2e48328c-efac-41e9-b4a0-56dbbfa84a05/element/00000000-0000-0357-ffff-ffff0000018a/click [39m[32m200[39m [90m79 ms - 14[39m
[35m[HTTP][39m [90m[39m
[35m[HTTP][39m [37m-->[39m [37mPOST[39m [37m/wd/hub/session/2e48328c-efac-41e9-b4a0-56dbbfa84a05/timeouts[39m
[35m[HTTP][39m [90m{"implicit":50}[39m
[35m[HTTP][39m [37m<-- POST /wd/hub/session/2e48328c-efac-41e9-b4a0-56dbbfa84a05/timeouts [39m[32m200[39m [90m1 ms - 14[39m
[35m[HTTP][39m [90m[39m
[35m[HTTP][39m [37m-->[39m [37mGET[39m [37m/wd/hub/session/2e48328c-efac-41e9-b4a0-56dbbfa84a05/window/rect[39m
[35m[HTTP][39m [90m{}[39m
[35m[HTTP][39m [37m<-- GET /wd/hub/session/2e48328c-efac-41e9-b4a0-56dbbfa84a05/window/rect [39m[32m200[39m [90m17 ms - 49[39m
[35m[HTTP][39m [90m[39m
[35m[HTTP][39m [37m-->[39m [37mPOST[39m [37m/wd/hub/session/2e48328c-efac-41e9-b4a0-56dbbfa84a05/elements[39m
[35m[HTTP][39m [90m{"using":"xpath","value":"//*[@class = 'android.widget.LinearLayout' and @resource-id = 'com.naposystems.napoleonchat:id/container_camera_option' and (@text = '' or . = '')]"}[39m
[35m[HTTP][39m [37m<-- POST /wd/hub/session/2e48328c-efac-41e9-b4a0-56dbbfa84a05/elements [39m[32m200[39m [90m218 ms - 139[39m
[35m[HTTP][39m [90m[39m
[35m[HTTP][39m [37m-->[39m [37mGET[39m [37m/wd/hub/session/2e48328c-efac-41e9-b4a0-56dbbfa84a05/element/00000000-0000-035c-ffff-ffff000001e5/location[39m
[35m[HTTP][39m [90m{}[39m
[35m[W3C (2e48328c)][39m Driver proxy active, passing request on via HTTP proxy
[35m[WD Proxy][39m Replacing sessionId 5bc41f3f-62a1-4b2b-a793-1b09b0407929 with 2e48328c-efac-41e9-b4a0-56dbbfa84a05
[35m[HTTP][39m [37m<-- GET /wd/hub/session/2e48328c-efac-41e9-b4a0-56dbbfa84a05/element/00000000-0000-035c-ffff-ffff000001e5/location [39m[32m200[39m [90m484 ms - 77[39m
[35m[HTTP][39m [90m[39m
[35m[HTTP][39m [37m-->[39m [37mPOST[39m [37m/wd/hub/session/2e48328c-efac-41e9-b4a0-56dbbfa84a05/timeouts[39m
[35m[HTTP][39m [90m{"implicit":30000}[39m
[35m[HTTP][39m [37m<-- POST /wd/hub/session/2e48328c-efac-41e9-b4a0-56dbbfa84a05/timeouts [39m[32m200[39m [90m1 ms - 14[39m
[35m[HTTP][39m [90m[39m
[35m[HTTP][39m [37m-->[39m [37mPOST[39m [37m/wd/hub/session/2e48328c-efac-41e9-b4a0-56dbbfa84a05/element/00000000-0000-035c-ffff-ffff000001e5/click[39m
[35m[HTTP][39m [90m{"id":"00000000-0000-035c-ffff-ffff000001e5"}[39m
[35m[HTTP][39m [37m<-- POST /wd/hub/session/2e48328c-efac-41e9-b4a0-56dbbfa84a05/element/00000000-0000-035c-ffff-ffff000001e5/click [39m[32m200[39m [90m87 ms - 14[39m
[35m[HTTP][39m [90m[39m
[35m[HTTP][39m [37m-->[39m [37mPOST[39m [37m/wd/hub/session/2e48328c-efac-41e9-b4a0-56dbbfa84a05/timeouts[39m
[35m[HTTP][39m [90m{"implicit":50}[39m
[35m[HTTP][39m [37m<-- POST /wd/hub/session/2e48328c-efac-41e9-b4a0-56dbbfa84a05/timeouts [39m[32m200[39m [90m1 ms - 14[39m
[35m[HTTP][39m [90m[39m
[35m[HTTP][39m [37m-->[39m [37mGET[39m [37m/wd/hub/session/2e48328c-efac-41e9-b4a0-56dbbfa84a05/window/rect[39m
[35m[HTTP][39m [90m{}[39m
[35m[HTTP][39m [37m<-- GET /wd/hub/session/2e48328c-efac-41e9-b4a0-56dbbfa84a05/window/rect [39m[32m200[39m [90m17 ms - 49[39m
[35m[HTTP][39m [90m[39m
[35m[HTTP][39m [37m-->[39m [37mPOST[39m [37m/wd/hub/session/2e48328c-efac-41e9-b4a0-56dbbfa84a05/elements[39m
[35m[HTTP][39m [90m{"using":"xpath","value":"//*[@class = 'android.widget.ImageButton' and @resource-id = 'com.naposystems.napoleonchat:id/imageButton_camera' and (@text = '' or . = '')]"}[39m
[35m[HTTP][39m [37m<-- POST /wd/hub/session/2e48328c-efac-41e9-b4a0-56dbbfa84a05/elements [39m[32m200[39m [90m1051 ms - 139[39m
[35m[HTTP][39m [90m[39m
[35m[HTTP][39m [37m-->[39m [37mGET[39m [37m/wd/hub/session/2e48328c-efac-41e9-b4a0-56dbbfa84a05/element/00000000-0000-0357-ffff-ffff000001f7/location[39m
[35m[HTTP][39m [90m{}[39m
[35m[W3C (2e48328c)][39m Driver proxy active, passing request on via HTTP proxy
[35m[WD Proxy][39m Replacing sessionId 5bc41f3f-62a1-4b2b-a793-1b09b0407929 with 2e48328c-efac-41e9-b4a0-56dbbfa84a05
[35m[HTTP][39m [37m<-- GET /wd/hub/session/2e48328c-efac-41e9-b4a0-56dbbfa84a05/element/00000000-0000-0357-ffff-ffff000001f7/location [39m[32m200[39m [90m23 ms - 79[39m
[35m[HTTP][39m [90m[39m
[35m[HTTP][39m [37m-->[39m [37mPOST[39m [37m/wd/hub/session/2e48328c-efac-41e9-b4a0-56dbbfa84a05/timeouts[39m
[35m[HTTP][39m [90m{"implicit":30000}[39m
[35m[HTTP][39m [37m<-- POST /wd/hub/session/2e48328c-efac-41e9-b4a0-56dbbfa84a05/timeouts [39m[32m200[39m [90m1 ms - 14[39m
[35m[HTTP][39m [90m[39m
[35m[HTTP][39m [37m-->[39m [37mPOST[39m [37m/wd/hub/session/2e48328c-efac-41e9-b4a0-56dbbfa84a05/element/00000000-0000-0357-ffff-ffff000001f7/click[39m
[35m[HTTP][39m [90m{"id":"00000000-0000-0357-ffff-ffff000001f7"}[39m
[35m[HTTP][39m [37m<-- POST /wd/hub/session/2e48328c-efac-41e9-b4a0-56dbbfa84a05/element/00000000-0000-0357-ffff-ffff000001f7/click [39m[32m200[39m [90m80 ms - 14[39m
[35m[HTTP][39m [90m[39m
[35m[HTTP][39m [37m-->[39m [37mPOST[39m [37m/wd/hub/session/2e48328c-efac-41e9-b4a0-56dbbfa84a05/timeouts[39m
[35m[HTTP][39m [90m{"implicit":50}[39m
[35m[HTTP][39m [37m<-- POST /wd/hub/session/2e48328c-efac-41e9-b4a0-56dbbfa84a05/timeouts [39m[32m200[39m [90m1 ms - 14[39m
[35m[HTTP][39m [90m[39m
[35m[HTTP][39m [37m-->[39m [37mGET[39m [37m/wd/hub/session/2e48328c-efac-41e9-b4a0-56dbbfa84a05/window/rect[39m
[35m[HTTP][39m [90m{}[39m
[35m[HTTP][39m [37m<-- GET /wd/hub/session/2e48328c-efac-41e9-b4a0-56dbbfa84a05/window/rect [39m[32m200[39m [90m11 ms - 49[39m
[35m[HTTP][39m [90m[39m
[35m[HTTP][39m [37m-->[39m [37mPOST[39m [37m/wd/hub/session/2e48328c-efac-41e9-b4a0-56dbbfa84a05/elements[39m
[35m[HTTP][39m [90m{"using":"xpath","value":"//*[@class = 'android.widget.TextView' and @resource-id = 'com.naposystems.napoleonchat:id/menu_crop' and (@text = '' or . = '')]"}[39m
[35m[HTTP][39m [37m<-- POST /wd/hub/session/2e48328c-efac-41e9-b4a0-56dbbfa84a05/elements [39m[32m200[39m [90m502 ms - 12[39m
[35m[HTTP][39m [90m[39m
[35m[HTTP][39m [37m-->[39m [37mPOST[39m [37m/wd/hub/session/2e48328c-efac-41e9-b4a0-56dbbfa84a05/elements[39m
[35m[HTTP][39m [90m{"using":"xpath","value":"//*[@class = 'android.widget.TextView' and @resource-id = 'com.naposystems.napoleonchat:id/menu_crop' and (@text = '' or . = '')]"}[39m
[35m[HTTP][39m [37m<-- POST /wd/hub/session/2e48328c-efac-41e9-b4a0-56dbbfa84a05/elements [39m[32m200[39m [90m98 ms - 12[39m
[35m[HTTP][39m [90m[39m
[35m[HTTP][39m [37m-->[39m [37mPOST[39m [37m/wd/hub/session/2e48328c-efac-41e9-b4a0-56dbbfa84a05/elements[39m
[35m[HTTP][39m [90m{"using":"xpath","value":"//*[@class = 'android.widget.TextView' and @resource-id = 'com.naposystems.napoleonchat:id/menu_crop' and (@text = '' or . = '')]"}[39m
[35m[HTTP][39m [37m<-- POST /wd/hub/session/2e48328c-efac-41e9-b4a0-56dbbfa84a05/elements [39m[32m200[39m [90m94 ms - 12[39m
[35m[HTTP][39m [90m[39m
[35m[HTTP][39m [37m-->[39m [37mPOST[39m [37m/wd/hub/session/2e48328c-efac-41e9-b4a0-56dbbfa84a05/elements[39m
[35m[HTTP][39m [90m{"using":"xpath","value":"//*[@class = 'android.widget.TextView' and @resource-id = 'com.naposystems.napoleonchat:id/menu_crop' and (@text = '' or . = '')]"}[39m
[35m[HTTP][39m [37m<-- POST /wd/hub/session/2e48328c-efac-41e9-b4a0-56dbbfa84a05/elements [39m[32m200[39m [90m109 ms - 12[39m
[35m[HTTP][39m [90m[39m
[35m[HTTP][39m [37m-->[39m [37mPOST[39m [37m/wd/hub/session/2e48328c-efac-41e9-b4a0-56dbbfa84a05/elements[39m
[35m[HTTP][39m [90m{"using":"xpath","value":"//*[@class = 'android.widget.TextView' and @resource-id = 'com.naposystems.napoleonchat:id/menu_crop' and (@text = '' or . = '')]"}[39m
[35m[HTTP][39m [37m<-- POST /wd/hub/session/2e48328c-efac-41e9-b4a0-56dbbfa84a05/elements [39m[32m200[39m [90m335 ms - 12[39m
[35m[HTTP][39m [90m[39m
[35m[HTTP][39m [37m-->[39m [37mPOST[39m [37m/wd/hub/session/2e48328c-efac-41e9-b4a0-56dbbfa84a05/elements[39m
[35m[HTTP][39m [90m{"using":"xpath","value":"//*[@class = 'android.widget.TextView' and @resource-id = 'com.naposystems.napoleonchat:id/menu_crop' and (@text = '' or . = '')]"}[39m
[35m[HTTP][39m [37m<-- POST /wd/hub/session/2e48328c-efac-41e9-b4a0-56dbbfa84a05/elements [39m[32m200[39m [90m1335 ms - 139[39m
[35m[HTTP][39m [90m[39m
[35m[HTTP][39m [37m-->[39m [37mGET[39m [37m/wd/hub/session/2e48328c-efac-41e9-b4a0-56dbbfa84a05/element/00000000-0000-035d-ffff-ffff00000257/location[39m
[35m[HTTP][39m [90m{}[39m
[35m[W3C (2e48328c)][39m Driver proxy active, passing request on via HTTP proxy
[35m[WD Proxy][39m Replacing sessionId 5bc41f3f-62a1-4b2b-a793-1b09b0407929 with 2e48328c-efac-41e9-b4a0-56dbbfa84a05
[35m[HTTP][39m [37m<-- GET /wd/hub/session/2e48328c-efac-41e9-b4a0-56dbbfa84a05/element/00000000-0000-035d-ffff-ffff00000257/location [39m[32m200[39m [90m26 ms - 77[39m
[35m[HTTP][39m [90m[39m
[35m[HTTP][39m [37m-->[39m [37mPOST[39m [37m/wd/hub/session/2e48328c-efac-41e9-b4a0-56dbbfa84a05/timeouts[39m
[35m[HTTP][39m [90m{"implicit":30000}[39m
[35m[HTTP][39m [37m<-- POST /wd/hub/session/2e48328c-efac-41e9-b4a0-56dbbfa84a05/timeouts [39m[32m200[39m [90m2 ms - 14[39m
[35m[HTTP][39m [90m[39m
[35m[HTTP][39m [37m-->[39m [37mPOST[39m [37m/wd/hub/session/2e48328c-efac-41e9-b4a0-56dbbfa84a05/element/00000000-0000-035d-ffff-ffff00000257/click[39m
[35m[HTTP][39m [90m{"id":"00000000-0000-035d-ffff-ffff00000257"}[39m
[35m[HTTP][39m [37m<-- POST /wd/hub/session/2e48328c-efac-41e9-b4a0-56dbbfa84a05/element/00000000-0000-035d-ffff-ffff00000257/click [39m[32m200[39m [90m70 ms - 14[39m
[35m[HTTP][39m [90m[39m
[35m[HTTP][39m [37m-->[39m [37mPOST[39m [37m/wd/hub/session/2e48328c-efac-41e9-b4a0-56dbbfa84a05/timeouts[39m
[35m[HTTP][39m [90m{"implicit":50}[39m
[35m[HTTP][39m [37m<-- POST /wd/hub/session/2e48328c-efac-41e9-b4a0-56dbbfa84a05/timeouts [39m[32m200[39m [90m1 ms - 14[39m
[35m[HTTP][39m [90m[39m
[35m[HTTP][39m [37m-->[39m [37mGET[39m [37m/wd/hub/session/2e48328c-efac-41e9-b4a0-56dbbfa84a05/window/rect[39m
[35m[HTTP][39m [90m{}[39m
[35m[HTTP][39m [37m<-- GET /wd/hub/session/2e48328c-efac-41e9-b4a0-56dbbfa84a05/window/rect [39m[32m200[39m [90m18 ms - 49[39m
[35m[HTTP][39m [90m[39m
[35m[HTTP][39m [37m-->[39m [37mPOST[39m [37m/wd/hub/session/2e48328c-efac-41e9-b4a0-56dbbfa84a05/elements[39m
[35m[HTTP][39m [90m{"using":"xpath","value":"//*[@class = 'android.widget.ImageButton' and @resource-id = 'com.naposystems.napoleonchat:id/floating_button_profile_image' and (@text = '' or . = '')]"}[39m
[35m[HTTP][39m [37m<-- POST /wd/hub/session/2e48328c-efac-41e9-b4a0-56dbbfa84a05/elements [39m[32m200[39m [90m1310 ms - 139[39m
[35m[HTTP][39m [90m[39m
[35m[HTTP][39m [37m-->[39m [37mGET[39m [37m/wd/hub/session/2e48328c-efac-41e9-b4a0-56dbbfa84a05/element/00000000-0000-0357-ffff-ffff00000208/location[39m
[35m[HTTP][39m [90m{}[39m
[35m[W3C (2e48328c)][39m Driver proxy active, passing request on via HTTP proxy
[35m[WD Proxy][39m Replacing sessionId 5bc41f3f-62a1-4b2b-a793-1b09b0407929 with 2e48328c-efac-41e9-b4a0-56dbbfa84a05
[35m[HTTP][39m [37m<-- GET /wd/hub/session/2e48328c-efac-41e9-b4a0-56dbbfa84a05/element/00000000-0000-0357-ffff-ffff00000208/location [39m[32m200[39m [90m22 ms - 78[39m
[35m[HTTP][39m [90m[39m
[35m[HTTP][39m [37m-->[39m [37mPOST[39m [37m/wd/hub/session/2e48328c-efac-41e9-b4a0-56dbbfa84a05/timeouts[39m
[35m[HTTP][39m [90m{"implicit":30000}[39m
[35m[HTTP][39m [37m<-- POST /wd/hub/session/2e48328c-efac-41e9-b4a0-56dbbfa84a05/timeouts [39m[32m200[39m [90m1 ms - 14[39m
[35m[HTTP][39m [90m[39m
[35m[HTTP][39m [37m-->[39m [37mPOST[39m [37m/wd/hub/session/2e48328c-efac-41e9-b4a0-56dbbfa84a05/element/00000000-0000-0357-ffff-ffff00000208/click[39m
[35m[HTTP][39m [90m{"id":"00000000-0000-0357-ffff-ffff00000208"}[39m
[35m[HTTP][39m [37m<-- POST /wd/hub/session/2e48328c-efac-41e9-b4a0-56dbbfa84a05/element/00000000-0000-0357-ffff-ffff00000208/click [39m[32m200[39m [90m80 ms - 14[39m
[35m[HTTP][39m [90m[39m
[35m[HTTP][39m [37m-->[39m [37mPOST[39m [37m/wd/hub/session/2e48328c-efac-41e9-b4a0-56dbbfa84a05/timeouts[39m
[35m[HTTP][39m [90m{"implicit":50}[39m
[35m[HTTP][39m [37m<-- POST /wd/hub/session/2e48328c-efac-41e9-b4a0-56dbbfa84a05/timeouts [39m[32m200[39m [90m1 ms - 14[39m
[35m[HTTP][39m [90m[39m
[35m[HTTP][39m [37m-->[39m [37mGET[39m [37m/wd/hub/session/2e48328c-efac-41e9-b4a0-56dbbfa84a05/window/rect[39m
[35m[HTTP][39m [90m{}[39m
[35m[HTTP][39m [37m<-- GET /wd/hub/session/2e48328c-efac-41e9-b4a0-56dbbfa84a05/window/rect [39m[32m200[39m [90m16 ms - 49[39m
[35m[HTTP][39m [90m[39m
[35m[HTTP][39m [37m-->[39m [37mPOST[39m [37m/wd/hub/session/2e48328c-efac-41e9-b4a0-56dbbfa84a05/elements[39m
[35m[HTTP][39m [90m{"using":"xpath","value":"//*[@class = 'android.widget.LinearLayout' and @resource-id = 'com.naposystems.napoleonchat:id/container_camera_option' and (@text = '' or . = '')]"}[39m
[35m[HTTP][39m [37m<-- POST /wd/hub/session/2e48328c-efac-41e9-b4a0-56dbbfa84a05/elements [39m[32m200[39m [90m745 ms - 139[39m
[35m[HTTP][39m [90m[39m
[35m[HTTP][39m [37m-->[39m [37mGET[39m [37m/wd/hub/session/2e48328c-efac-41e9-b4a0-56dbbfa84a05/element/00000000-0000-035e-ffff-ffff00000263/location[39m
[35m[HTTP][39m [90m{}[39m
[35m[W3C (2e48328c)][39m Driver proxy active, passing request on via HTTP proxy
[35m[WD Proxy][39m Replacing sessionId 5bc41f3f-62a1-4b2b-a793-1b09b0407929 with 2e48328c-efac-41e9-b4a0-56dbbfa84a05
[35m[HTTP][39m [37m<-- GET /wd/hub/session/2e48328c-efac-41e9-b4a0-56dbbfa84a05/element/00000000-0000-035e-ffff-ffff00000263/location [39m[32m200[39m [90m24 ms - 77[39m
[35m[HTTP][39m [90m[39m
[35m[HTTP][39m [37m-->[39m [37mPOST[39m [37m/wd/hub/session/2e48328c-efac-41e9-b4a0-56dbbfa84a05/timeouts[39m
[35m[HTTP][39m [90m{"implicit":30000}[39m
[35m[HTTP][39m [37m<-- POST /wd/hub/session/2e48328c-efac-41e9-b4a0-56dbbfa84a05/timeouts [39m[32m200[39m [90m1 ms - 14[39m
[35m[HTTP][39m [90m[39m
[35m[HTTP][39m [37m-->[39m [37mPOST[39m [37m/wd/hub/session/2e48328c-efac-41e9-b4a0-56dbbfa84a05/element/00000000-0000-035e-ffff-ffff00000263/click[39m
[35m[HTTP][39m [90m{"id":"00000000-0000-035e-ffff-ffff00000263"}[39m
[35m[HTTP][39m [37m<-- POST /wd/hub/session/2e48328c-efac-41e9-b4a0-56dbbfa84a05/element/00000000-0000-035e-ffff-ffff00000263/click [39m[32m200[39m [90m70 ms - 14[39m
[35m[HTTP][39m [90m[39m
[35m[HTTP][39m [37m-->[39m [37mPOST[39m [37m/wd/hub/session/2e48328c-efac-41e9-b4a0-56dbbfa84a05/timeouts[39m
[35m[HTTP][39m [90m{"implicit":50}[39m
[35m[HTTP][39m [37m<-- POST /wd/hub/session/2e48328c-efac-41e9-b4a0-56dbbfa84a05/timeouts [39m[32m200[39m [90m2 ms - 14[39m
[35m[HTTP][39m [90m[39m
[35m[HTTP][39m [37m-->[39m [37mGET[39m [37m/wd/hub/session/2e48328c-efac-41e9-b4a0-56dbbfa84a05/window/rect[39m
[35m[HTTP][39m [90m{}[39m
[35m[HTTP][39m [37m<-- GET /wd/hub/session/2e48328c-efac-41e9-b4a0-56dbbfa84a05/window/rect [39m[32m200[39m [90m14 ms - 49[39m
[35m[HTTP][39m [90m[39m
[35m[HTTP][39m [37m-->[39m [37mPOST[39m [37m/wd/hub/session/2e48328c-efac-41e9-b4a0-56dbbfa84a05/elements[39m
[35m[HTTP][39m [90m{"using":"xpath","value":"//*[@class = 'android.widget.SeekBar' and (@text = '0.0' or . = '0.0') and @resource-id = 'com.naposystems.napoleonchat:id/customVerticalSeekBar']"}[39m
[35m[HTTP][39m [37m<-- POST /wd/hub/session/2e48328c-efac-41e9-b4a0-56dbbfa84a05/elements [39m[32m200[39m [90m900 ms - 139[39m
[35m[HTTP][39m [90m[39m
[35m[HTTP][39m [37m-->[39m [37mGET[39m [37m/wd/hub/session/2e48328c-efac-41e9-b4a0-56dbbfa84a05/element/00000000-0000-0357-ffff-ffff0000027a/location[39m
[35m[HTTP][39m [90m{}[39m
[35m[W3C (2e48328c)][39m Driver proxy active, passing request on via HTTP proxy
[35m[WD Proxy][39m Replacing sessionId 5bc41f3f-62a1-4b2b-a793-1b09b0407929 with 2e48328c-efac-41e9-b4a0-56dbbfa84a05
[35m[HTTP][39m [37m<-- GET /wd/hub/session/2e48328c-efac-41e9-b4a0-56dbbfa84a05/element/00000000-0000-0357-ffff-ffff0000027a/location [39m[32m200[39m [90m19 ms - 78[39m
[35m[HTTP][39m [90m[39m
[35m[HTTP][39m [37m-->[39m [37mPOST[39m [37m/wd/hub/session/2e48328c-efac-41e9-b4a0-56dbbfa84a05/timeouts[39m
[35m[HTTP][39m [90m{"implicit":30000}[39m
[35m[HTTP][39m [37m<-- POST /wd/hub/session/2e48328c-efac-41e9-b4a0-56dbbfa84a05/timeouts [39m[32m200[39m [90m1 ms - 14[39m
[35m[HTTP][39m [90m[39m
[35m[HTTP][39m [37m-->[39m [37mPOST[39m [37m/wd/hub/session/2e48328c-efac-41e9-b4a0-56dbbfa84a05/element/00000000-0000-0357-ffff-ffff0000027a/click[39m
[35m[HTTP][39m [90m{"id":"00000000-0000-0357-ffff-ffff0000027a"}[39m
[35m[HTTP][39m [37m<-- POST /wd/hub/session/2e48328c-efac-41e9-b4a0-56dbbfa84a05/element/00000000-0000-0357-ffff-ffff0000027a/click [39m[32m200[39m [90m69 ms - 14[39m
[35m[HTTP][39m [90m[39m
[35m[HTTP][39m [37m-->[39m [37mPOST[39m [37m/wd/hub/session/2e48328c-efac-41e9-b4a0-56dbbfa84a05/timeouts[39m
[35m[HTTP][39m [90m{"implicit":50}[39m
[35m[HTTP][39m [37m<-- POST /wd/hub/session/2e48328c-efac-41e9-b4a0-56dbbfa84a05/timeouts [39m[32m200[39m [90m1 ms - 14[39m
[35m[HTTP][39m [90m[39m
[35m[HTTP][39m [37m-->[39m [37mGET[39m [37m/wd/hub/session/2e48328c-efac-41e9-b4a0-56dbbfa84a05/window/rect[39m
[35m[HTTP][39m [90m{}[39m
[35m[HTTP][39m [37m<-- GET /wd/hub/session/2e48328c-efac-41e9-b4a0-56dbbfa84a05/window/rect [39m[32m200[39m [90m14 ms - 49[39m
[35m[HTTP][39m [90m[39m
[35m[HTTP][39m [37m-->[39m [37mPOST[39m [37m/wd/hub/session/2e48328c-efac-41e9-b4a0-56dbbfa84a05/elements[39m
[35m[HTTP][39m [90m{"using":"xpath","value":"//*[@class = 'android.widget.ImageButton' and @resource-id = 'com.naposystems.napoleonchat:id/imageButton_flash' and (@text = '' or . = '')]"}[39m
[35m[HTTP][39m [37m<-- POST /wd/hub/session/2e48328c-efac-41e9-b4a0-56dbbfa84a05/elements [39m[32m200[39m [90m576 ms - 139[39m
[35m[HTTP][39m [90m[39m
[35m[HTTP][39m [37m-->[39m [37mGET[39m [37m/wd/hub/session/2e48328c-efac-41e9-b4a0-56dbbfa84a05/element/00000000-0000-0357-ffff-ffff00000274/location[39m
[35m[HTTP][39m [90m{}[39m
[35m[W3C (2e48328c)][39m Driver proxy active, passing request on via HTTP proxy
[35m[WD Proxy][39m Replacing sessionId 5bc41f3f-62a1-4b2b-a793-1b09b0407929 with 2e48328c-efac-41e9-b4a0-56dbbfa84a05
[35m[HTTP][39m [37m<-- GET /wd/hub/session/2e48328c-efac-41e9-b4a0-56dbbfa84a05/element/00000000-0000-0357-ffff-ffff00000274/location [39m[32m200[39m [90m25 ms - 78[39m
[35m[HTTP][39m [90m[39m
[35m[HTTP][39m [37m-->[39m [37mPOST[39m [37m/wd/hub/session/2e48328c-efac-41e9-b4a0-56dbbfa84a05/timeouts[39m
[35m[HTTP][39m [90m{"implicit":30000}[39m
[35m[HTTP][39m [37m<-- POST /wd/hub/session/2e48328c-efac-41e9-b4a0-56dbbfa84a05/timeouts [39m[32m200[39m [90m1 ms - 14[39m
[35m[HTTP][39m [90m[39m
[35m[HTTP][39m [37m-->[39m [37mPOST[39m [37m/wd/hub/session/2e48328c-efac-41e9-b4a0-56dbbfa84a05/element/00000000-0000-0357-ffff-ffff00000274/click[39m
[35m[HTTP][39m [90m{"id":"00000000-0000-0357-ffff-ffff00000274"}[39m
[35m[HTTP][39m [37m<-- POST /wd/hub/session/2e48328c-efac-41e9-b4a0-56dbbfa84a05/element/00000000-0000-0357-ffff-ffff00000274/click [39m[32m200[39m [90m73 ms - 14[39m
[35m[HTTP][39m [90m[39m
[35m[HTTP][39m [37m-->[39m [37mPOST[39m [37m/wd/hub/session/2e48328c-efac-41e9-b4a0-56dbbfa84a05/timeouts[39m
[35m[HTTP][39m [90m{"implicit":50}[39m
[35m[HTTP][39m [37m<-- POST /wd/hub/session/2e48328c-efac-41e9-b4a0-56dbbfa84a05/timeouts [39m[32m200[39m [90m1 ms - 14[39m
[35m[HTTP][39m [90m[39m
[35m[HTTP][39m [37m-->[39m [37mGET[39m [37m/wd/hub/session/2e48328c-efac-41e9-b4a0-56dbbfa84a05/window/rect[39m
[35m[HTTP][39m [90m{}[39m
[35m[HTTP][39m [37m<-- GET /wd/hub/session/2e48328c-efac-41e9-b4a0-56dbbfa84a05/window/rect [39m[32m200[39m [90m14 ms - 49[39m
[35m[HTTP][39m [90m[39m
[35m[HTTP][39m [37m-->[39m [37mPOST[39m [37m/wd/hub/session/2e48328c-efac-41e9-b4a0-56dbbfa84a05/elements[39m
[35m[HTTP][39m [90m{"using":"xpath","value":"//*[@class = 'android.widget.ImageButton' and @resource-id = 'com.naposystems.napoleonchat:id/imageButton_camera' and (@text = '' or . = '')]"}[39m
[35m[HTTP][39m [37m<-- POST /wd/hub/session/2e48328c-efac-41e9-b4a0-56dbbfa84a05/elements [39m[32m200[39m [90m474 ms - 139[39m
[35m[HTTP][39m [90m[39m
[35m[HTTP][39m [37m-->[39m [37mGET[39m [37m/wd/hub/session/2e48328c-efac-41e9-b4a0-56dbbfa84a05/element/00000000-0000-0357-ffff-ffff00000275/location[39m
[35m[HTTP][39m [90m{}[39m
[35m[W3C (2e48328c)][39m Driver proxy active, passing request on via HTTP proxy
[35m[WD Proxy][39m Replacing sessionId 5bc41f3f-62a1-4b2b-a793-1b09b0407929 with 2e48328c-efac-41e9-b4a0-56dbbfa84a05
[35m[HTTP][39m [37m<-- GET /wd/hub/session/2e48328c-efac-41e9-b4a0-56dbbfa84a05/element/00000000-0000-0357-ffff-ffff00000275/location [39m[32m200[39m [90m23 ms - 79[39m
[35m[HTTP][39m [90m[39m
[35m[HTTP][39m [37m-->[39m [37mPOST[39m [37m/wd/hub/session/2e48328c-efac-41e9-b4a0-56dbbfa84a05/timeouts[39m
[35m[HTTP][39m [90m{"implicit":30000}[39m
[35m[HTTP][39m [37m<-- POST /wd/hub/session/2e48328c-efac-41e9-b4a0-56dbbfa84a05/timeouts [39m[32m200[39m [90m1 ms - 14[39m
[35m[HTTP][39m [90m[39m
[35m[HTTP][39m [37m-->[39m [37mPOST[39m [37m/wd/hub/session/2e48328c-efac-41e9-b4a0-56dbbfa84a05/element/00000000-0000-0357-ffff-ffff00000275/click[39m
[35m[HTTP][39m [90m{"id":"00000000-0000-0357-ffff-ffff00000275"}[39m
[35m[HTTP][39m [37m<-- POST /wd/hub/session/2e48328c-efac-41e9-b4a0-56dbbfa84a05/element/00000000-0000-0357-ffff-ffff00000275/click [39m[32m200[39m [90m55 ms - 14[39m
[35m[HTTP][39m [90m[39m
[35m[HTTP][39m [37m-->[39m [37mPOST[39m [37m/wd/hub/session/2e48328c-efac-41e9-b4a0-56dbbfa84a05/timeouts[39m
[35m[HTTP][39m [90m{"implicit":50}[39m
[35m[HTTP][39m [37m<-- POST /wd/hub/session/2e48328c-efac-41e9-b4a0-56dbbfa84a05/timeouts [39m[32m200[39m [90m1 ms - 14[39m
[35m[HTTP][39m [90m[39m
[35m[HTTP][39m [37m-->[39m [37mGET[39m [37m/wd/hub/session/2e48328c-efac-41e9-b4a0-56dbbfa84a05/window/rect[39m
[35m[HTTP][39m [90m{}[39m
[35m[HTTP][39m [37m<-- GET /wd/hub/session/2e48328c-efac-41e9-b4a0-56dbbfa84a05/window/rect [39m[32m200[39m [90m17 ms - 49[39m
[35m[HTTP][39m [90m[39m
[35m[HTTP][39m [37m-->[39m [37mPOST[39m [37m/wd/hub/session/2e48328c-efac-41e9-b4a0-56dbbfa84a05/elements[39m
[35m[HTTP][39m [90m{"using":"xpath","value":"//*[@class = 'android.widget.TextView' and @resource-id = 'com.naposystems.napoleonchat:id/menu_crop' and (@text = '' or . = '')]"}[39m
[35m[HTTP][39m [37m<-- POST /wd/hub/session/2e48328c-efac-41e9-b4a0-56dbbfa84a05/elements [39m[32m200[39m [90m481 ms - 12[39m
[35m[HTTP][39m [90m[39m
[35m[HTTP][39m [37m-->[39m [37mPOST[39m [37m/wd/hub/session/2e48328c-efac-41e9-b4a0-56dbbfa84a05/elements[39m
[35m[HTTP][39m [90m{"using":"xpath","value":"//*[@class = 'android.widget.TextView' and @resource-id = 'com.naposystems.napoleonchat:id/menu_crop' and (@text = '' or . = '')]"}[39m
[35m[HTTP][39m [37m<-- POST /wd/hub/session/2e48328c-efac-41e9-b4a0-56dbbfa84a05/elements [39m[32m200[39m [90m78 ms - 12[39m
[35m[HTTP][39m [90m[39m
[35m[HTTP][39m [37m-->[39m [37mPOST[39m [37m/wd/hub/session/2e48328c-efac-41e9-b4a0-56dbbfa84a05/elements[39m
[35m[HTTP][39m [90m{"using":"xpath","value":"//*[@class = 'android.widget.TextView' and @resource-id = 'com.naposystems.napoleonchat:id/menu_crop' and (@text = '' or . = '')]"}[39m
[35m[HTTP][39m [37m<-- POST /wd/hub/session/2e48328c-efac-41e9-b4a0-56dbbfa84a05/elements [39m[32m200[39m [90m90 ms - 12[39m
[35m[HTTP][39m [90m[39m
[35m[HTTP][39m [37m-->[39m [37mPOST[39m [37m/wd/hub/session/2e48328c-efac-41e9-b4a0-56dbbfa84a05/elements[39m
[35m[HTTP][39m [90m{"using":"xpath","value":"//*[@class = 'android.widget.TextView' and @resource-id = 'com.naposystems.napoleonchat:id/menu_crop' and (@text = '' or . = '')]"}[39m
[35m[HTTP][39m [37m<-- POST /wd/hub/session/2e48328c-efac-41e9-b4a0-56dbbfa84a05/elements [39m[32m200[39m [90m78 ms - 12[39m
[35m[HTTP][39m [90m[39m
[35m[HTTP][39m [37m-->[39m [37mPOST[39m [37m/wd/hub/session/2e48328c-efac-41e9-b4a0-56dbbfa84a05/elements[39m
[35m[HTTP][39m [90m{"using":"xpath","value":"//*[@class = 'android.widget.TextView' and @resource-id = 'com.naposystems.napoleonchat:id/menu_crop' and (@text = '' or . = '')]"}[39m
[35m[HTTP][39m [37m<-- POST /wd/hub/session/2e48328c-efac-41e9-b4a0-56dbbfa84a05/elements [39m[32m200[39m [90m78 ms - 12[39m
[35m[HTTP][39m [90m[39m
[35m[HTTP][39m [37m-->[39m [37mPOST[39m [37m/wd/hub/session/2e48328c-efac-41e9-b4a0-56dbbfa84a05/elements[39m
[35m[HTTP][39m [90m{"using":"xpath","value":"//*[@class = 'android.widget.TextView' and @resource-id = 'com.naposystems.napoleonchat:id/menu_crop' and (@text = '' or . = '')]"}[39m
[35m[HTTP][39m [37m<-- POST /wd/hub/session/2e48328c-efac-41e9-b4a0-56dbbfa84a05/elements [39m[32m200[39m [90m79 ms - 12[39m
[35m[HTTP][39m [90m[39m
[35m[HTTP][39m [37m-->[39m [37mPOST[39m [37m/wd/hub/session/2e48328c-efac-41e9-b4a0-56dbbfa84a05/elements[39m
[35m[HTTP][39m [90m{"using":"xpath","value":"//*[@class = 'android.widget.TextView' and @resource-id = 'com.naposystems.napoleonchat:id/menu_crop' and (@text = '' or . = '')]"}[39m
[35m[HTTP][39m [37m<-- POST /wd/hub/session/2e48328c-efac-41e9-b4a0-56dbbfa84a05/elements [39m[32m200[39m [90m72 ms - 12[39m
[35m[HTTP][39m [90m[39m
[35m[HTTP][39m [37m-->[39m [37mPOST[39m [37m/wd/hub/session/2e48328c-efac-41e9-b4a0-56dbbfa84a05/elements[39m
[35m[HTTP][39m [90m{"using":"xpath","value":"//*[@class = 'android.widget.TextView' and @resource-id = 'com.naposystems.napoleonchat:id/menu_crop' and (@text = '' or . = '')]"}[39m
[35m[HTTP][39m [37m<-- POST /wd/hub/session/2e48328c-efac-41e9-b4a0-56dbbfa84a05/elements [39m[32m200[39m [90m81 ms - 12[39m
[35m[HTTP][39m [90m[39m
[35m[HTTP][39m [37m-->[39m [37mPOST[39m [37m/wd/hub/session/2e48328c-efac-41e9-b4a0-56dbbfa84a05/elements[39m
[35m[HTTP][39m [90m{"using":"xpath","value":"//*[@class = 'android.widget.TextView' and @resource-id = 'com.naposystems.napoleonchat:id/menu_crop' and (@text = '' or . = '')]"}[39m
[35m[HTTP][39m [37m<-- POST /wd/hub/session/2e48328c-efac-41e9-b4a0-56dbbfa84a05/elements [39m[32m200[39m [90m91 ms - 12[39m
[35m[HTTP][39m [90m[39m
[35m[HTTP][39m [37m-->[39m [37mPOST[39m [37m/wd/hub/session/2e48328c-efac-41e9-b4a0-56dbbfa84a05/elements[39m
[35m[HTTP][39m [90m{"using":"xpath","value":"//*[@class = 'android.widget.TextView' and @resource-id = 'com.naposystems.napoleonchat:id/menu_crop' and (@text = '' or . = '')]"}[39m
[35m[HTTP][39m [37m<-- POST /wd/hub/session/2e48328c-efac-41e9-b4a0-56dbbfa84a05/elements [39m[32m200[39m [90m65 ms - 12[39m
[35m[HTTP][39m [90m[39m
[35m[HTTP][39m [37m-->[39m [37mPOST[39m [37m/wd/hub/session/2e48328c-efac-41e9-b4a0-56dbbfa84a05/elements[39m
[35m[HTTP][39m [90m{"using":"xpath","value":"//*[@class = 'android.widget.TextView' and @resource-id = 'com.naposystems.napoleonchat:id/menu_crop' and (@text = '' or . = '')]"}[39m
[35m[HTTP][39m [37m<-- POST /wd/hub/session/2e48328c-efac-41e9-b4a0-56dbbfa84a05/elements [39m[32m200[39m [90m77 ms - 12[39m
[35m[HTTP][39m [90m[39m
[35m[HTTP][39m [37m-->[39m [37mPOST[39m [37m/wd/hub/session/2e48328c-efac-41e9-b4a0-56dbbfa84a05/elements[39m
[35m[HTTP][39m [90m{"using":"xpath","value":"//*[@class = 'android.widget.TextView' and @resource-id = 'com.naposystems.napoleonchat:id/menu_crop' and (@text = '' or . = '')]"}[39m
[35m[HTTP][39m [37m<-- POST /wd/hub/session/2e48328c-efac-41e9-b4a0-56dbbfa84a05/elements [39m[32m200[39m [90m98 ms - 12[39m
[35m[HTTP][39m [90m[39m
[35m[HTTP][39m [37m-->[39m [37mPOST[39m [37m/wd/hub/session/2e48328c-efac-41e9-b4a0-56dbbfa84a05/elements[39m
[35m[HTTP][39m [90m{"using":"xpath","value":"//*[@class = 'android.widget.TextView' and @resource-id = 'com.naposystems.napoleonchat:id/menu_crop' and (@text = '' or . = '')]"}[39m
[35m[HTTP][39m [37m<-- POST /wd/hub/session/2e48328c-efac-41e9-b4a0-56dbbfa84a05/elements [39m[32m200[39m [90m92 ms - 12[39m
[35m[HTTP][39m [90m[39m
[35m[HTTP][39m [37m-->[39m [37mPOST[39m [37m/wd/hub/session/2e48328c-efac-41e9-b4a0-56dbbfa84a05/elements[39m
[35m[HTTP][39m [90m{"using":"xpath","value":"//*[@class = 'android.widget.TextView' and @resource-id = 'com.naposystems.napoleonchat:id/menu_crop' and (@text = '' or . = '')]"}[39m
[35m[HTTP][39m [37m<-- POST /wd/hub/session/2e48328c-efac-41e9-b4a0-56dbbfa84a05/elements [39m[32m200[39m [90m82 ms - 12[39m
[35m[HTTP][39m [90m[39m
[35m[HTTP][39m [37m-->[39m [37mPOST[39m [37m/wd/hub/session/2e48328c-efac-41e9-b4a0-56dbbfa84a05/elements[39m
[35m[HTTP][39m [90m{"using":"xpath","value":"//*[@class = 'android.widget.TextView' and @resource-id = 'com.naposystems.napoleonchat:id/menu_crop' and (@text = '' or . = '')]"}[39m
[35m[HTTP][39m [37m<-- POST /wd/hub/session/2e48328c-efac-41e9-b4a0-56dbbfa84a05/elements [39m[32m200[39m [90m85 ms - 12[39m
[35m[HTTP][39m [90m[39m
[35m[HTTP][39m [37m-->[39m [37mPOST[39m [37m/wd/hub/session/2e48328c-efac-41e9-b4a0-56dbbfa84a05/elements[39m
[35m[HTTP][39m [90m{"using":"xpath","value":"//*[@class = 'android.widget.TextView' and @resource-id = 'com.naposystems.napoleonchat:id/menu_crop' and (@text = '' or . = '')]"}[39m
[35m[HTTP][39m [37m<-- POST /wd/hub/session/2e48328c-efac-41e9-b4a0-56dbbfa84a05/elements [39m[32m200[39m [90m80 ms - 12[39m
[35m[HTTP][39m [90m[39m
[35m[HTTP][39m [37m-->[39m [37mPOST[39m [37m/wd/hub/session/2e48328c-efac-41e9-b4a0-56dbbfa84a05/elements[39m
[35m[HTTP][39m [90m{"using":"xpath","value":"//*[@class = 'android.widget.TextView' and @resource-id = 'com.naposystems.napoleonchat:id/menu_crop' and (@text = '' or . = '')]"}[39m
[35m[HTTP][39m [37m<-- POST /wd/hub/session/2e48328c-efac-41e9-b4a0-56dbbfa84a05/elements [39m[32m200[39m [90m84 ms - 12[39m
[35m[HTTP][39m [90m[39m
[35m[HTTP][39m [37m-->[39m [37mPOST[39m [37m/wd/hub/session/2e48328c-efac-41e9-b4a0-56dbbfa84a05/elements[39m
[35m[HTTP][39m [90m{"using":"xpath","value":"//*[@class = 'android.widget.TextView' and @resource-id = 'com.naposystems.napoleonchat:id/menu_crop' and (@text = '' or . = '')]"}[39m
[35m[HTTP][39m [37m<-- POST /wd/hub/session/2e48328c-efac-41e9-b4a0-56dbbfa84a05/elements [39m[32m200[39m [90m1569 ms - 139[39m
[35m[HTTP][39m [90m[39m
[35m[HTTP][39m [37m-->[39m [37mGET[39m [37m/wd/hub/session/2e48328c-efac-41e9-b4a0-56dbbfa84a05/element/00000000-0000-035f-ffff-ffff000002d5/location[39m
[35m[HTTP][39m [90m{}[39m
[35m[W3C (2e48328c)][39m Driver proxy active, passing request on via HTTP proxy
[35m[WD Proxy][39m Replacing sessionId 5bc41f3f-62a1-4b2b-a793-1b09b0407929 with 2e48328c-efac-41e9-b4a0-56dbbfa84a05
[35m[HTTP][39m [37m<-- GET /wd/hub/session/2e48328c-efac-41e9-b4a0-56dbbfa84a05/element/00000000-0000-035f-ffff-ffff000002d5/location [39m[32m200[39m [90m24 ms - 77[39m
[35m[HTTP][39m [90m[39m
[35m[HTTP][39m [37m-->[39m [37mPOST[39m [37m/wd/hub/session/2e48328c-efac-41e9-b4a0-56dbbfa84a05/timeouts[39m
[35m[HTTP][39m [90m{"implicit":30000}[39m
[35m[HTTP][39m [37m<-- POST /wd/hub/session/2e48328c-efac-41e9-b4a0-56dbbfa84a05/timeouts [39m[32m200[39m [90m1 ms - 14[39m
[35m[HTTP][39m [90m[39m
[35m[HTTP][39m [37m-->[39m [37mPOST[39m [37m/wd/hub/session/2e48328c-efac-41e9-b4a0-56dbbfa84a05/element/00000000-0000-035f-ffff-ffff000002d5/click[39m
[35m[HTTP][39m [90m{"id":"00000000-0000-035f-ffff-ffff000002d5"}[39m
[35m[HTTP][39m [37m<-- POST /wd/hub/session/2e48328c-efac-41e9-b4a0-56dbbfa84a05/element/00000000-0000-035f-ffff-ffff000002d5/click [39m[32m200[39m [90m1310 ms - 14[39m
[35m[HTTP][39m [90m[39m
[35m[HTTP][39m [37m-->[39m [37mGET[39m [37m/wd/hub/session/2e48328c-efac-41e9-b4a0-56dbbfa84a05/context[39m
[35m[HTTP][39m [90m{}[39m
[35m[HTTP][39m [37m<-- GET /wd/hub/session/2e48328c-efac-41e9-b4a0-56dbbfa84a05/context [39m[32m200[39m [90m1 ms - 22[39m
[35m[HTTP][39m [90m[39m
[35m[HTTP][39m [37m-->[39m [37mGET[39m [37m/wd/hub/session/2e48328c-efac-41e9-b4a0-56dbbfa84a05/contexts[39m
[35m[HTTP][39m [90m{}[39m
[35m[HTTP][39m [37m<-- GET /wd/hub/session/2e48328c-efac-41e9-b4a0-56dbbfa84a05/contexts [39m[32m200[39m [90m276 ms - 70[39m
[35m[HTTP][39m [90m[39m
[35m[HTTP][39m [37m-->[39m [37mPOST[39m [37m/wd/hub/session/2e48328c-efac-41e9-b4a0-56dbbfa84a05/context[39m
[35m[HTTP][39m [90m{"name":"NATIVE_APP"}[39m
[35m[HTTP][39m [37m<-- POST /wd/hub/session/2e48328c-efac-41e9-b4a0-56dbbfa84a05/context [39m[32m200[39m [90m1 ms - 14[39m
[35m[HTTP][39m [90m[39m
[35m[HTTP][39m [37m-->[39m [37mGET[39m [37m/wd/hub/session/2e48328c-efac-41e9-b4a0-56dbbfa84a05/screenshot[39m
[35m[HTTP][39m [90m{}[39m
[35m[HTTP][39m [37m<-- GET /wd/hub/session/2e48328c-efac-41e9-b4a0-56dbbfa84a05/screenshot [39m[32m200[39m [90m1122 ms - 164814[39m
[35m[HTTP][39m [90m[39m
[35m[HTTP][39m [37m-->[39m [37mPOST[39m [37m/wd/hub/session/2e48328c-efac-41e9-b4a0-56dbbfa84a05/context[39m
[35m[HTTP][39m [90m{"name":"NATIVE_APP"}[39m
[35m[HTTP][39m [37m<-- POST /wd/hub/session/2e48328c-efac-41e9-b4a0-56dbbfa84a05/context [39m[32m200[39m [90m1 ms - 14[39m
[35m[HTTP][39m [90m[39m
[35m[HTTP][39m [37m-->[39m [37mDELETE[39m [37m/wd/hub/session/2e48328c-efac-41e9-b4a0-56dbbfa84a05[39m
[35m[HTTP][39m [90m{}[39m
[35m[Appium][39m Removing session 2e48328c-efac-41e9-b4a0-56dbbfa84a05 from our master session list
[35m[ADB][39m com.naposystems.napoleonchat was successfully uninstalled
[35m[UiAutomator2][39m Restoring hidden api policy to the device default configuration
[35m[HTTP][39m [37m<-- DELETE /wd/hub/session/2e48328c-efac-41e9-b4a0-56dbbfa84a05 [39m[32m200[39m [90m2380 ms - 14[39m
[35m[HTTP][39m [90m[39m
