[35m[Appium][39m Welcome to Appium v1.22.3
[35m[Appium][39m Non-default server args:
[35m[Appium][39m   port: 49929
[35m[Appium][39m   loglevel: info
[35m[Appium][39m   tmpDir: C:\Users\Testing\AppData\Local\Temp\\Katalon\Appium\Temp1692377823683
[35m[Appium][39m   chromedriverPort: 49930
[35m[Appium][39m Deprecated server args:
[35m[Appium][39m   [31m--chromedriver-port[39m => --default-capabilities
[35m[Appium][39m Default capabilities, which will be added to each request unless overridden by desired capabilities:
[35m[Appium][39m   chromedriverPort: 49930
[35m[Appium][39m Appium REST http interface listener started on 0.0.0.0:49929
[35m[HTTP][39m [37m-->[39m [37mGET[39m [37m/wd/hub/status[39m
[35m[HTTP][39m [90m{}[39m
[35m[HTTP][39m [37m<-- GET /wd/hub/status [39m[32m200[39m [90m11 ms - 68[39m
[35m[HTTP][39m [90m[39m
[35m[HTTP][39m [37m-->[39m [37mPOST[39m [37m/wd/hub/session[39m
[35m[HTTP][39m [90m{"desiredCapabilities":{"app":"C:\\Users\\Testing\\Desktop\\katalon\\Version QA ACTUALIZADA 14-08-23\\app-qa.apk","noReset":false,"deviceId":"","deviceName":"samsung SM-A107M (Android 11)","fullReset":true,"platform":"ANDROID","newCommandTimeout":1800,"platformVersion":"11","automationName":"uiautomator2","autoGrantPermissions":true,"platformName":"Android","udid":"R9WN40KBXDJ","systemPort":49928},"capabilities":{"firstMatch":[{"appium:app":"C:\\Users\\Testing\\Desktop\\katalon\\Version QA ACTUALIZADA 14-08-23\\app-qa.apk","appium:autoGrantPermissions":true,"appium:automationName":"uiautomator2","deviceId":"","appium:deviceName":"samsung SM-A107M (Android 11)","appium:fullReset":true,"appium:newCommandTimeout":1800,"appium:noReset":false,"platform":"ANDROID","platformName":"android","appium:platformVersion":"11","appium:systemPort":49928,"appium:udid":"R9WN40KBXDJ"}]}}[39m
[35m[BaseDriver][39m The following capabilities are not standard capabilities and should have an extension prefix:
[35m[BaseDriver][39m   deviceId
[35m[BaseDriver][39m   platform
[35m[BaseDriver][39m   chromedriverPort
[35m[Appium][39m Appium v1.22.3 creating new AndroidUiautomator2Driver (v1.70.1) session
[35m[BaseDriver][39m The following capabilities were provided, but are not recognized by Appium:
[35m[BaseDriver][39m   deviceId
[35m[BaseDriver][39m   platform
[35m[BaseDriver][39m Session created with session id: 8c371684-7c6e-45ed-a128-c0218072d01a
[35m[BaseDriver][39m Using local app 'C:\Users\Testing\Desktop\katalon\Version QA ACTUALIZADA 14-08-23\app-qa.apk'
[35m[ADB][39m Found 1 'build-tools' folders under 'C:\Users\Testing\.katalon\tools\android_sdk' (newest first):
[35m[ADB][39m     C:/Users/Testing/.katalon/tools/android_sdk/build-tools/29.0.3
[35m[ADB][39m Using 'adb.exe' from 'C:\Users\Testing\.katalon\tools\android_sdk\platform-tools\adb.exe'
[35m[AndroidDriver][39m Retrieving device list
[35m[AndroidDriver][39m Using device: R9WN40KBXDJ
[35m[ADB][39m Using 'adb.exe' from 'C:\Users\Testing\.katalon\tools\android_sdk\platform-tools\adb.exe'
[35m[ADB][39m Getting device platform version
[35m[UiAutomator2][39m Relaxing hidden api policy
[35m[ADB][39m Package name: 'com.naposystems.napoleonchat'
[35m[ADB][39m Main activity name: 'com.naposystems.napoleonchat.ui.mainActivity.MainActivity'
[35m[ADB][39m Using 'apksigner.jar' from 'C:\Users\Testing\.katalon\tools\android_sdk\build-tools\29.0.3\lib\apksigner.jar'
[35m[ADB][39m 'C:\Users\Testing\AppData\Roaming\npm\node_modules\appium\node_modules\appium-uiautomator2-server\apks\appium-uiautomator2-server-v4.27.0.apk' is signed with the default certificate
[35m[ADB][39m 'C:\Users\Testing\AppData\Roaming\npm\node_modules\appium\node_modules\appium-uiautomator2-server\apks\appium-uiautomator2-server-debug-androidTest.apk' is signed with the default certificate
[35m[UiAutomator2][39m Server packages are not going to be (re)installed
[35m[ADB][39m Adding packages ["io.appium.settings","io.appium.uiautomator2.server","io.appium.uiautomator2.server.test"] to Doze whitelist
[35m[ADB][39m 'C:\Users\Testing\Desktop\katalon\Version QA ACTUALIZADA 14-08-23\app-qa.apk' is signed with a non-default certificate
[35m[ADB][39m com.naposystems.napoleonchat was successfully uninstalled
[35m[ADB][39m The application at 'C:\Users\Testing\Desktop\katalon\Version QA ACTUALIZADA 14-08-23\app-qa.apk' will not be cached, because the device under test has confirmed the support of streamed installs
[35m[ADB][39m The installation of 'app-qa.apk' took 8398ms
[35m[UiAutomator2][39m Starting UIAutomator2 server 4.27.0
[35m[UiAutomator2][39m Using UIAutomator2 server from 'C:\Users\Testing\AppData\Roaming\npm\node_modules\appium\node_modules\appium-uiautomator2-server\apks\appium-uiautomator2-server-v4.27.0.apk' and test from 'C:\Users\Testing\AppData\Roaming\npm\node_modules\appium\node_modules\appium-uiautomator2-server\apks\appium-uiautomator2-server-debug-androidTest.apk'
[35m[UiAutomator2][39m Waiting up to 30000ms for UiAutomator2 to be online...
[35m[WD Proxy][39m socket hang up
[35m[WD Proxy][39m socket hang up
[35m[WD Proxy][39m socket hang up
[35m[WD Proxy][39m socket hang up
[35m[WD Proxy][39m socket hang up
[35m[WD Proxy][39m socket hang up
[35m[WD Proxy][39m socket hang up
[35m[WD Proxy][39m Determined the downstream protocol as 'W3C'
[35m[AndroidDriver][39m Screen already unlocked, doing nothing
[35m[UiAutomator2][39m Starting 'com.naposystems.napoleonchat/com.naposystems.napoleonchat.ui.mainActivity.MainActivity and waiting for 'com.naposystems.napoleonchat/com.naposystems.napoleonchat.ui.mainActivity.MainActivity'
[35m[Appium][39m New AndroidUiautomator2Driver session created successfully, session 8c371684-7c6e-45ed-a128-c0218072d01a added to master session list
[35m[HTTP][39m [37m<-- POST /wd/hub/session [39m[32m200[39m [90m32850 ms - 1351[39m
[35m[HTTP][39m [90m[39m
[35m[HTTP][39m [37m-->[39m [37mGET[39m [37m/wd/hub/session/8c371684-7c6e-45ed-a128-c0218072d01a[39m
[35m[HTTP][39m [90m{}[39m
[35m[HTTP][39m [37m<-- GET /wd/hub/session/8c371684-7c6e-45ed-a128-c0218072d01a [39m[32m200[39m [90m28 ms - 1305[39m
[35m[HTTP][39m [90m[39m
[35m[HTTP][39m [37m-->[39m [37mGET[39m [37m/wd/hub/session/8c371684-7c6e-45ed-a128-c0218072d01a[39m
[35m[HTTP][39m [90m{}[39m
[35m[HTTP][39m [37m<-- GET /wd/hub/session/8c371684-7c6e-45ed-a128-c0218072d01a [39m[32m200[39m [90m22 ms - 1305[39m
[35m[HTTP][39m [90m[39m
[35m[HTTP][39m [37m-->[39m [37mGET[39m [37m/wd/hub/status[39m
[35m[HTTP][39m [90m{}[39m
[35m[HTTP][39m [37m<-- GET /wd/hub/status [39m[32m200[39m [90m1 ms - 68[39m
[35m[HTTP][39m [90m[39m
[35m[HTTP][39m [37m-->[39m [37mPOST[39m [37m/wd/hub/session/8c371684-7c6e-45ed-a128-c0218072d01a/timeouts[39m
[35m[HTTP][39m [90m{"implicit":30000}[39m
[35m[HTTP][39m [37m<-- POST /wd/hub/session/8c371684-7c6e-45ed-a128-c0218072d01a/timeouts [39m[32m200[39m [90m3 ms - 14[39m
[35m[HTTP][39m [90m[39m
[35m[HTTP][39m [37m-->[39m [37mGET[39m [37m/wd/hub/session/8c371684-7c6e-45ed-a128-c0218072d01a/screenshot[39m
[35m[HTTP][39m [90m{}[39m
[35m[HTTP][39m [37m<-- GET /wd/hub/session/8c371684-7c6e-45ed-a128-c0218072d01a/screenshot [39m[32m200[39m [90m1539 ms - 91064[39m
[35m[HTTP][39m [90m[39m
[35m[HTTP][39m [37m-->[39m [37mGET[39m [37m/wd/hub/session/8c371684-7c6e-45ed-a128-c0218072d01a/window/rect[39m
[35m[HTTP][39m [90m{}[39m
[35m[HTTP][39m [37m<-- GET /wd/hub/session/8c371684-7c6e-45ed-a128-c0218072d01a/window/rect [39m[32m200[39m [90m26 ms - 49[39m
[35m[HTTP][39m [90m[39m
[35m[HTTP][39m [37m-->[39m [37mGET[39m [37m/wd/hub/session/8c371684-7c6e-45ed-a128-c0218072d01a/appium/device/system_bars[39m
[35m[HTTP][39m [90m{}[39m
[35m[HTTP][39m [37m<-- GET /wd/hub/session/8c371684-7c6e-45ed-a128-c0218072d01a/appium/device/system_bars [39m[32m200[39m [90m102 ms - 145[39m
[35m[HTTP][39m [90m[39m
[35m[HTTP][39m [37m-->[39m [37mPOST[39m [37m/wd/hub/session/8c371684-7c6e-45ed-a128-c0218072d01a/timeouts[39m
[35m[HTTP][39m [90m{"implicit":50}[39m
[35m[HTTP][39m [37m<-- POST /wd/hub/session/8c371684-7c6e-45ed-a128-c0218072d01a/timeouts [39m[32m200[39m [90m2 ms - 14[39m
[35m[HTTP][39m [90m[39m
[35m[HTTP][39m [37m-->[39m [37mGET[39m [37m/wd/hub/session/8c371684-7c6e-45ed-a128-c0218072d01a/window/rect[39m
[35m[HTTP][39m [90m{}[39m
[35m[HTTP][39m [37m<-- GET /wd/hub/session/8c371684-7c6e-45ed-a128-c0218072d01a/window/rect [39m[32m200[39m [90m18 ms - 49[39m
[35m[HTTP][39m [90m[39m
[35m[HTTP][39m [37m-->[39m [37mPOST[39m [37m/wd/hub/session/8c371684-7c6e-45ed-a128-c0218072d01a/elements[39m
[35m[HTTP][39m [90m{"using":"xpath","value":"//*[@class = 'android.widget.TextView' and (@text = 'Omitir' or . = 'Omitir') and @resource-id = 'com.naposystems.napoleonchat:id/textViewSkip']"}[39m
[35m[HTTP][39m [37m<-- POST /wd/hub/session/8c371684-7c6e-45ed-a128-c0218072d01a/elements [39m[32m200[39m [90m1020 ms - 139[39m
[35m[HTTP][39m [90m[39m
[35m[HTTP][39m [37m-->[39m [37mGET[39m [37m/wd/hub/session/8c371684-7c6e-45ed-a128-c0218072d01a/element/00000000-0000-021a-ffff-ffff0000003e/location[39m
[35m[HTTP][39m [90m{}[39m
[35m[W3C (8c371684)][39m Driver proxy active, passing request on via HTTP proxy
[35m[WD Proxy][39m Replacing sessionId 57f37a2c-b5ae-4b08-94b7-9d55bd30054e with 8c371684-7c6e-45ed-a128-c0218072d01a
[35m[HTTP][39m [37m<-- GET /wd/hub/session/8c371684-7c6e-45ed-a128-c0218072d01a/element/00000000-0000-021a-ffff-ffff0000003e/location [39m[32m200[39m [90m36 ms - 77[39m
[35m[HTTP][39m [90m[39m
[35m[HTTP][39m [37m-->[39m [37mPOST[39m [37m/wd/hub/session/8c371684-7c6e-45ed-a128-c0218072d01a/timeouts[39m
[35m[HTTP][39m [90m{"implicit":30000}[39m
[35m[HTTP][39m [37m<-- POST /wd/hub/session/8c371684-7c6e-45ed-a128-c0218072d01a/timeouts [39m[32m200[39m [90m1 ms - 14[39m
[35m[HTTP][39m [90m[39m
[35m[HTTP][39m [37m-->[39m [37mPOST[39m [37m/wd/hub/session/8c371684-7c6e-45ed-a128-c0218072d01a/element/00000000-0000-021a-ffff-ffff0000003e/click[39m
[35m[HTTP][39m [90m{"id":"00000000-0000-021a-ffff-ffff0000003e"}[39m
[35m[HTTP][39m [37m<-- POST /wd/hub/session/8c371684-7c6e-45ed-a128-c0218072d01a/element/00000000-0000-021a-ffff-ffff0000003e/click [39m[32m200[39m [90m77 ms - 14[39m
[35m[HTTP][39m [90m[39m
[35m[HTTP][39m [37m-->[39m [37mPOST[39m [37m/wd/hub/session/8c371684-7c6e-45ed-a128-c0218072d01a/timeouts[39m
[35m[HTTP][39m [90m{"implicit":50}[39m
[35m[HTTP][39m [37m<-- POST /wd/hub/session/8c371684-7c6e-45ed-a128-c0218072d01a/timeouts [39m[32m200[39m [90m1 ms - 14[39m
[35m[HTTP][39m [90m[39m
[35m[HTTP][39m [37m-->[39m [37mGET[39m [37m/wd/hub/session/8c371684-7c6e-45ed-a128-c0218072d01a/window/rect[39m
[35m[HTTP][39m [90m{}[39m
[35m[HTTP][39m [37m<-- GET /wd/hub/session/8c371684-7c6e-45ed-a128-c0218072d01a/window/rect [39m[32m200[39m [90m18 ms - 49[39m
[35m[HTTP][39m [90m[39m
[35m[HTTP][39m [37m-->[39m [37mPOST[39m [37m/wd/hub/session/8c371684-7c6e-45ed-a128-c0218072d01a/elements[39m
[35m[HTTP][39m [90m{"using":"xpath","value":"//*[@class = 'android.widget.Button' and (@text = 'Crear Cuenta' or . = 'Crear Cuenta') and @resource-id = 'com.naposystems.napoleonchat:id/button_register']"}[39m
[35m[HTTP][39m [37m<-- POST /wd/hub/session/8c371684-7c6e-45ed-a128-c0218072d01a/elements [39m[32m200[39m [90m1105 ms - 139[39m
[35m[HTTP][39m [90m[39m
[35m[HTTP][39m [37m-->[39m [37mGET[39m [37m/wd/hub/session/8c371684-7c6e-45ed-a128-c0218072d01a/element/00000000-0000-021a-ffff-ffff00000051/location[39m
[35m[HTTP][39m [90m{}[39m
[35m[W3C (8c371684)][39m Driver proxy active, passing request on via HTTP proxy
[35m[WD Proxy][39m Replacing sessionId 57f37a2c-b5ae-4b08-94b7-9d55bd30054e with 8c371684-7c6e-45ed-a128-c0218072d01a
[35m[HTTP][39m [37m<-- GET /wd/hub/session/8c371684-7c6e-45ed-a128-c0218072d01a/element/00000000-0000-021a-ffff-ffff00000051/location [39m[32m200[39m [90m36 ms - 78[39m
[35m[HTTP][39m [90m[39m
[35m[HTTP][39m [37m-->[39m [37mPOST[39m [37m/wd/hub/session/8c371684-7c6e-45ed-a128-c0218072d01a/timeouts[39m
[35m[HTTP][39m [90m{"implicit":30000}[39m
[35m[HTTP][39m [37m<-- POST /wd/hub/session/8c371684-7c6e-45ed-a128-c0218072d01a/timeouts [39m[32m200[39m [90m1 ms - 14[39m
[35m[HTTP][39m [90m[39m
[35m[HTTP][39m [37m-->[39m [37mPOST[39m [37m/wd/hub/session/8c371684-7c6e-45ed-a128-c0218072d01a/element/00000000-0000-021a-ffff-ffff00000051/click[39m
[35m[HTTP][39m [90m{"id":"00000000-0000-021a-ffff-ffff00000051"}[39m
[35m[HTTP][39m [37m<-- POST /wd/hub/session/8c371684-7c6e-45ed-a128-c0218072d01a/element/00000000-0000-021a-ffff-ffff00000051/click [39m[32m200[39m [90m98 ms - 14[39m
[35m[HTTP][39m [90m[39m
[35m[HTTP][39m [37m-->[39m [37mPOST[39m [37m/wd/hub/session/8c371684-7c6e-45ed-a128-c0218072d01a/timeouts[39m
[35m[HTTP][39m [90m{"implicit":50}[39m
[35m[HTTP][39m [37m<-- POST /wd/hub/session/8c371684-7c6e-45ed-a128-c0218072d01a/timeouts [39m[32m200[39m [90m1 ms - 14[39m
[35m[HTTP][39m [90m[39m
[35m[HTTP][39m [37m-->[39m [37mGET[39m [37m/wd/hub/session/8c371684-7c6e-45ed-a128-c0218072d01a/window/rect[39m
[35m[HTTP][39m [90m{}[39m
[35m[HTTP][39m [37m<-- GET /wd/hub/session/8c371684-7c6e-45ed-a128-c0218072d01a/window/rect [39m[32m200[39m [90m18 ms - 49[39m
[35m[HTTP][39m [90m[39m
[35m[HTTP][39m [37m-->[39m [37mPOST[39m [37m/wd/hub/session/8c371684-7c6e-45ed-a128-c0218072d01a/elements[39m
[35m[HTTP][39m [90m{"using":"xpath","value":"//*[@class = 'android.widget.Button' and (@text = 'Enviar código de registro' or . = 'Enviar código de registro') and @resource-id = 'com.naposystems.napoleonchat:id/button_request_code']"}[39m
[35m[HTTP][39m [37m<-- POST /wd/hub/session/8c371684-7c6e-45ed-a128-c0218072d01a/elements [39m[32m200[39m [90m793 ms - 139[39m
[35m[HTTP][39m [90m[39m
[35m[HTTP][39m [37m-->[39m [37mGET[39m [37m/wd/hub/session/8c371684-7c6e-45ed-a128-c0218072d01a/element/00000000-0000-021a-ffff-ffff00000063/location[39m
[35m[HTTP][39m [90m{}[39m
[35m[W3C (8c371684)][39m Driver proxy active, passing request on via HTTP proxy
[35m[WD Proxy][39m Replacing sessionId 57f37a2c-b5ae-4b08-94b7-9d55bd30054e with 8c371684-7c6e-45ed-a128-c0218072d01a
[35m[HTTP][39m [37m<-- GET /wd/hub/session/8c371684-7c6e-45ed-a128-c0218072d01a/element/00000000-0000-021a-ffff-ffff00000063/location [39m[32m200[39m [90m222 ms - 78[39m
[35m[HTTP][39m [90m[39m
[35m[HTTP][39m [37m-->[39m [37mPOST[39m [37m/wd/hub/session/8c371684-7c6e-45ed-a128-c0218072d01a/timeouts[39m
[35m[HTTP][39m [90m{"implicit":30000}[39m
[35m[HTTP][39m [37m<-- POST /wd/hub/session/8c371684-7c6e-45ed-a128-c0218072d01a/timeouts [39m[32m200[39m [90m1 ms - 14[39m
[35m[HTTP][39m [90m[39m
[35m[HTTP][39m [37m-->[39m [37mPOST[39m [37m/wd/hub/session/8c371684-7c6e-45ed-a128-c0218072d01a/element/00000000-0000-021a-ffff-ffff00000063/click[39m
[35m[HTTP][39m [90m{"id":"00000000-0000-021a-ffff-ffff00000063"}[39m
[35m[HTTP][39m [37m<-- POST /wd/hub/session/8c371684-7c6e-45ed-a128-c0218072d01a/element/00000000-0000-021a-ffff-ffff00000063/click [39m[32m200[39m [90m74 ms - 14[39m
[35m[HTTP][39m [90m[39m
[35m[HTTP][39m [37m-->[39m [37mPOST[39m [37m/wd/hub/session/8c371684-7c6e-45ed-a128-c0218072d01a/timeouts[39m
[35m[HTTP][39m [90m{"implicit":50}[39m
[35m[HTTP][39m [37m<-- POST /wd/hub/session/8c371684-7c6e-45ed-a128-c0218072d01a/timeouts [39m[32m200[39m [90m1 ms - 14[39m
[35m[HTTP][39m [90m[39m
[35m[HTTP][39m [37m-->[39m [37mGET[39m [37m/wd/hub/session/8c371684-7c6e-45ed-a128-c0218072d01a/window/rect[39m
[35m[HTTP][39m [90m{}[39m
[35m[HTTP][39m [37m<-- GET /wd/hub/session/8c371684-7c6e-45ed-a128-c0218072d01a/window/rect [39m[32m200[39m [90m18 ms - 49[39m
[35m[HTTP][39m [90m[39m
[35m[HTTP][39m [37m-->[39m [37mPOST[39m [37m/wd/hub/session/8c371684-7c6e-45ed-a128-c0218072d01a/elements[39m
[35m[HTTP][39m [90m{"using":"xpath","value":"//*[@class = 'android.widget.Button' and (@text = 'Continuar' or . = 'Continuar') and @resource-id = 'com.naposystems.napoleonchat:id/button_continue']"}[39m
[35m[HTTP][39m [37m<-- POST /wd/hub/session/8c371684-7c6e-45ed-a128-c0218072d01a/elements [39m[32m200[39m [90m1749 ms - 12[39m
[35m[HTTP][39m [90m[39m
[35m[HTTP][39m [37m-->[39m [37mPOST[39m [37m/wd/hub/session/8c371684-7c6e-45ed-a128-c0218072d01a/elements[39m
[35m[HTTP][39m [90m{"using":"xpath","value":"//*[@class = 'android.widget.Button' and (@text = 'Continuar' or . = 'Continuar') and @resource-id = 'com.naposystems.napoleonchat:id/button_continue']"}[39m
[35m[HTTP][39m [37m<-- POST /wd/hub/session/8c371684-7c6e-45ed-a128-c0218072d01a/elements [39m[32m200[39m [90m645 ms - 12[39m
[35m[HTTP][39m [90m[39m
[35m[HTTP][39m [37m-->[39m [37mPOST[39m [37m/wd/hub/session/8c371684-7c6e-45ed-a128-c0218072d01a/elements[39m
[35m[HTTP][39m [90m{"using":"xpath","value":"//*[@class = 'android.widget.Button' and (@text = 'Continuar' or . = 'Continuar') and @resource-id = 'com.naposystems.napoleonchat:id/button_continue']"}[39m
[35m[HTTP][39m [37m<-- POST /wd/hub/session/8c371684-7c6e-45ed-a128-c0218072d01a/elements [39m[32m200[39m [90m1719 ms - 139[39m
[35m[HTTP][39m [90m[39m
[35m[HTTP][39m [37m-->[39m [37mGET[39m [37m/wd/hub/session/8c371684-7c6e-45ed-a128-c0218072d01a/element/00000000-0000-021a-ffff-ffff0000007b/location[39m
[35m[HTTP][39m [90m{}[39m
[35m[W3C (8c371684)][39m Driver proxy active, passing request on via HTTP proxy
[35m[WD Proxy][39m Replacing sessionId 57f37a2c-b5ae-4b08-94b7-9d55bd30054e with 8c371684-7c6e-45ed-a128-c0218072d01a
[35m[HTTP][39m [37m<-- GET /wd/hub/session/8c371684-7c6e-45ed-a128-c0218072d01a/element/00000000-0000-021a-ffff-ffff0000007b/location [39m[32m200[39m [90m2105 ms - 77[39m
[35m[HTTP][39m [90m[39m
[35m[HTTP][39m [37m-->[39m [37mPOST[39m [37m/wd/hub/session/8c371684-7c6e-45ed-a128-c0218072d01a/timeouts[39m
[35m[HTTP][39m [90m{"implicit":30000}[39m
[35m[HTTP][39m [37m<-- POST /wd/hub/session/8c371684-7c6e-45ed-a128-c0218072d01a/timeouts [39m[32m200[39m [90m1 ms - 14[39m
[35m[HTTP][39m [90m[39m
[35m[HTTP][39m [37m-->[39m [37mPOST[39m [37m/wd/hub/session/8c371684-7c6e-45ed-a128-c0218072d01a/element/00000000-0000-021a-ffff-ffff0000007b/click[39m
[35m[HTTP][39m [90m{"id":"00000000-0000-021a-ffff-ffff0000007b"}[39m
[35m[HTTP][39m [37m<-- POST /wd/hub/session/8c371684-7c6e-45ed-a128-c0218072d01a/element/00000000-0000-021a-ffff-ffff0000007b/click [39m[32m200[39m [90m1301 ms - 14[39m
[35m[HTTP][39m [90m[39m
[35m[HTTP][39m [37m-->[39m [37mPOST[39m [37m/wd/hub/session/8c371684-7c6e-45ed-a128-c0218072d01a/timeouts[39m
[35m[HTTP][39m [90m{"implicit":50}[39m
[35m[HTTP][39m [37m<-- POST /wd/hub/session/8c371684-7c6e-45ed-a128-c0218072d01a/timeouts [39m[32m200[39m [90m1 ms - 14[39m
[35m[HTTP][39m [90m[39m
[35m[HTTP][39m [37m-->[39m [37mGET[39m [37m/wd/hub/session/8c371684-7c6e-45ed-a128-c0218072d01a/window/rect[39m
[35m[HTTP][39m [90m{}[39m
[35m[HTTP][39m [37m<-- GET /wd/hub/session/8c371684-7c6e-45ed-a128-c0218072d01a/window/rect [39m[32m200[39m [90m18 ms - 49[39m
[35m[HTTP][39m [90m[39m
[35m[HTTP][39m [37m-->[39m [37mPOST[39m [37m/wd/hub/session/8c371684-7c6e-45ed-a128-c0218072d01a/elements[39m
[35m[HTTP][39m [90m{"using":"xpath","value":"//*[@class = 'android.widget.EditText' and (@text = 'Apodo*' or . = 'Apodo*') and @resource-id = 'com.naposystems.napoleonchat:id/textInputEditText_nickname']"}[39m
[35m[HTTP][39m [37m<-- POST /wd/hub/session/8c371684-7c6e-45ed-a128-c0218072d01a/elements [39m[32m200[39m [90m608 ms - 139[39m
[35m[HTTP][39m [90m[39m
[35m[HTTP][39m [37m-->[39m [37mGET[39m [37m/wd/hub/session/8c371684-7c6e-45ed-a128-c0218072d01a/element/00000000-0000-021a-ffff-ffff000000a9/location[39m
[35m[HTTP][39m [90m{}[39m
[35m[W3C (8c371684)][39m Driver proxy active, passing request on via HTTP proxy
[35m[WD Proxy][39m Replacing sessionId 57f37a2c-b5ae-4b08-94b7-9d55bd30054e with 8c371684-7c6e-45ed-a128-c0218072d01a
[35m[HTTP][39m [37m<-- GET /wd/hub/session/8c371684-7c6e-45ed-a128-c0218072d01a/element/00000000-0000-021a-ffff-ffff000000a9/location [39m[32m200[39m [90m1857 ms - 77[39m
[35m[HTTP][39m [90m[39m
[35m[HTTP][39m [37m-->[39m [37mPOST[39m [37m/wd/hub/session/8c371684-7c6e-45ed-a128-c0218072d01a/timeouts[39m
[35m[HTTP][39m [90m{"implicit":30000}[39m
[35m[HTTP][39m [37m<-- POST /wd/hub/session/8c371684-7c6e-45ed-a128-c0218072d01a/timeouts [39m[32m200[39m [90m2 ms - 14[39m
[35m[HTTP][39m [90m[39m
[35m[HTTP][39m [37m-->[39m [37mPOST[39m [37m/wd/hub/session/8c371684-7c6e-45ed-a128-c0218072d01a/element/00000000-0000-021a-ffff-ffff000000a9/clear[39m
[35m[HTTP][39m [90m{"id":"00000000-0000-021a-ffff-ffff000000a9"}[39m
[35m[HTTP][39m [37m<-- POST /wd/hub/session/8c371684-7c6e-45ed-a128-c0218072d01a/element/00000000-0000-021a-ffff-ffff000000a9/clear [39m[32m200[39m [90m84 ms - 14[39m
[35m[HTTP][39m [90m[39m
[35m[HTTP][39m [37m-->[39m [37mPOST[39m [37m/wd/hub/session/8c371684-7c6e-45ed-a128-c0218072d01a/element/00000000-0000-021a-ffff-ffff000000a9/value[39m
[35m[HTTP][39m [90m{"id":"00000000-0000-021a-ffff-ffff000000a9","text":"libre024","value":["l","i","b","r","e","0","2","4"]}[39m
[35m[HTTP][39m [37m<-- POST /wd/hub/session/8c371684-7c6e-45ed-a128-c0218072d01a/element/00000000-0000-021a-ffff-ffff000000a9/value [39m[32m200[39m [90m1548 ms - 14[39m
[35m[HTTP][39m [90m[39m
[35m[HTTP][39m [37m-->[39m [37mPOST[39m [37m/wd/hub/session/8c371684-7c6e-45ed-a128-c0218072d01a/timeouts[39m
[35m[HTTP][39m [90m{"implicit":50}[39m
[35m[HTTP][39m [37m<-- POST /wd/hub/session/8c371684-7c6e-45ed-a128-c0218072d01a/timeouts [39m[32m200[39m [90m2 ms - 14[39m
[35m[HTTP][39m [90m[39m
[35m[HTTP][39m [37m-->[39m [37mGET[39m [37m/wd/hub/session/8c371684-7c6e-45ed-a128-c0218072d01a/window/rect[39m
[35m[HTTP][39m [90m{}[39m
[35m[HTTP][39m [37m<-- GET /wd/hub/session/8c371684-7c6e-45ed-a128-c0218072d01a/window/rect [39m[32m200[39m [90m21 ms - 49[39m
[35m[HTTP][39m [90m[39m
[35m[HTTP][39m [37m-->[39m [37mPOST[39m [37m/wd/hub/session/8c371684-7c6e-45ed-a128-c0218072d01a/elements[39m
[35m[HTTP][39m [90m{"using":"xpath","value":"//*[@class = 'android.widget.Button' and (@text = 'Siguiente' or . = 'Siguiente') and @resource-id = 'com.naposystems.napoleonchat:id/button_next']"}[39m
[35m[HTTP][39m [37m<-- POST /wd/hub/session/8c371684-7c6e-45ed-a128-c0218072d01a/elements [39m[32m200[39m [90m1152 ms - 139[39m
[35m[HTTP][39m [90m[39m
[35m[HTTP][39m [37m-->[39m [37mGET[39m [37m/wd/hub/session/8c371684-7c6e-45ed-a128-c0218072d01a/element/00000000-0000-021a-ffff-ffff000000c8/location[39m
[35m[HTTP][39m [90m{}[39m
[35m[W3C (8c371684)][39m Driver proxy active, passing request on via HTTP proxy
[35m[WD Proxy][39m Replacing sessionId 57f37a2c-b5ae-4b08-94b7-9d55bd30054e with 8c371684-7c6e-45ed-a128-c0218072d01a
[35m[HTTP][39m [37m<-- GET /wd/hub/session/8c371684-7c6e-45ed-a128-c0218072d01a/element/00000000-0000-021a-ffff-ffff000000c8/location [39m[32m200[39m [90m32 ms - 78[39m
[35m[HTTP][39m [90m[39m
[35m[HTTP][39m [37m-->[39m [37mPOST[39m [37m/wd/hub/session/8c371684-7c6e-45ed-a128-c0218072d01a/timeouts[39m
[35m[HTTP][39m [90m{"implicit":30000}[39m
[35m[HTTP][39m [37m<-- POST /wd/hub/session/8c371684-7c6e-45ed-a128-c0218072d01a/timeouts [39m[32m200[39m [90m1 ms - 14[39m
[35m[HTTP][39m [90m[39m
[35m[HTTP][39m [37m-->[39m [37mPOST[39m [37m/wd/hub/session/8c371684-7c6e-45ed-a128-c0218072d01a/element/00000000-0000-021a-ffff-ffff000000c8/click[39m
[35m[HTTP][39m [90m{"id":"00000000-0000-021a-ffff-ffff000000c8"}[39m
[35m[HTTP][39m [37m<-- POST /wd/hub/session/8c371684-7c6e-45ed-a128-c0218072d01a/element/00000000-0000-021a-ffff-ffff000000c8/click [39m[32m200[39m [90m84 ms - 14[39m
[35m[HTTP][39m [90m[39m
[35m[HTTP][39m [37m-->[39m [37mPOST[39m [37m/wd/hub/session/8c371684-7c6e-45ed-a128-c0218072d01a/timeouts[39m
[35m[HTTP][39m [90m{"implicit":50}[39m
[35m[HTTP][39m [37m<-- POST /wd/hub/session/8c371684-7c6e-45ed-a128-c0218072d01a/timeouts [39m[32m200[39m [90m1 ms - 14[39m
[35m[HTTP][39m [90m[39m
[35m[HTTP][39m [37m-->[39m [37mGET[39m [37m/wd/hub/session/8c371684-7c6e-45ed-a128-c0218072d01a/window/rect[39m
[35m[HTTP][39m [90m{}[39m
[35m[HTTP][39m [37m<-- GET /wd/hub/session/8c371684-7c6e-45ed-a128-c0218072d01a/window/rect [39m[32m200[39m [90m19 ms - 49[39m
[35m[HTTP][39m [90m[39m
[35m[HTTP][39m [37m-->[39m [37mPOST[39m [37m/wd/hub/session/8c371684-7c6e-45ed-a128-c0218072d01a/elements[39m
[35m[HTTP][39m [90m{"using":"xpath","value":"//*[@class = 'android.widget.EditText' and (@text = 'Pin de Acceso' or . = 'Pin de Acceso') and @resource-id = 'com.naposystems.napoleonchat:id/textInputEditText_access_pin']"}[39m
[35m[HTTP][39m [37m<-- POST /wd/hub/session/8c371684-7c6e-45ed-a128-c0218072d01a/elements [39m[32m200[39m [90m174 ms - 12[39m
[35m[HTTP][39m [90m[39m
[35m[HTTP][39m [37m-->[39m [37mPOST[39m [37m/wd/hub/session/8c371684-7c6e-45ed-a128-c0218072d01a/elements[39m
[35m[HTTP][39m [90m{"using":"xpath","value":"//*[@class = 'android.widget.EditText' and (@text = 'Pin de Acceso' or . = 'Pin de Acceso') and @resource-id = 'com.naposystems.napoleonchat:id/textInputEditText_access_pin']"}[39m
[35m[HTTP][39m [37m<-- POST /wd/hub/session/8c371684-7c6e-45ed-a128-c0218072d01a/elements [39m[32m200[39m [90m155 ms - 12[39m
[35m[HTTP][39m [90m[39m
[35m[HTTP][39m [37m-->[39m [37mPOST[39m [37m/wd/hub/session/8c371684-7c6e-45ed-a128-c0218072d01a/elements[39m
[35m[HTTP][39m [90m{"using":"xpath","value":"//*[@class = 'android.widget.EditText' and (@text = 'Pin de Acceso' or . = 'Pin de Acceso') and @resource-id = 'com.naposystems.napoleonchat:id/textInputEditText_access_pin']"}[39m
[35m[HTTP][39m [37m<-- POST /wd/hub/session/8c371684-7c6e-45ed-a128-c0218072d01a/elements [39m[32m200[39m [90m171 ms - 12[39m
[35m[HTTP][39m [90m[39m
[35m[HTTP][39m [37m-->[39m [37mPOST[39m [37m/wd/hub/session/8c371684-7c6e-45ed-a128-c0218072d01a/elements[39m
[35m[HTTP][39m [90m{"using":"xpath","value":"//*[@class = 'android.widget.EditText' and (@text = 'Pin de Acceso' or . = 'Pin de Acceso') and @resource-id = 'com.naposystems.napoleonchat:id/textInputEditText_access_pin']"}[39m
[35m[HTTP][39m [37m<-- POST /wd/hub/session/8c371684-7c6e-45ed-a128-c0218072d01a/elements [39m[32m200[39m [90m293 ms - 12[39m
[35m[HTTP][39m [90m[39m
[35m[HTTP][39m [37m-->[39m [37mPOST[39m [37m/wd/hub/session/8c371684-7c6e-45ed-a128-c0218072d01a/elements[39m
[35m[HTTP][39m [90m{"using":"xpath","value":"//*[@class = 'android.widget.EditText' and (@text = 'Pin de Acceso' or . = 'Pin de Acceso') and @resource-id = 'com.naposystems.napoleonchat:id/textInputEditText_access_pin']"}[39m
[35m[HTTP][39m [37m<-- POST /wd/hub/session/8c371684-7c6e-45ed-a128-c0218072d01a/elements [39m[32m200[39m [90m3007 ms - 12[39m
[35m[HTTP][39m [90m[39m
[35m[HTTP][39m [37m-->[39m [37mPOST[39m [37m/wd/hub/session/8c371684-7c6e-45ed-a128-c0218072d01a/elements[39m
[35m[HTTP][39m [90m{"using":"xpath","value":"//*[@class = 'android.widget.EditText' and (@text = 'Pin de Acceso' or . = 'Pin de Acceso') and @resource-id = 'com.naposystems.napoleonchat:id/textInputEditText_access_pin']"}[39m
[35m[HTTP][39m [37m<-- POST /wd/hub/session/8c371684-7c6e-45ed-a128-c0218072d01a/elements [39m[32m200[39m [90m137 ms - 12[39m
[35m[HTTP][39m [90m[39m
[35m[HTTP][39m [37m-->[39m [37mPOST[39m [37m/wd/hub/session/8c371684-7c6e-45ed-a128-c0218072d01a/elements[39m
[35m[HTTP][39m [90m{"using":"xpath","value":"//*[@class = 'android.widget.EditText' and (@text = 'Pin de Acceso' or . = 'Pin de Acceso') and @resource-id = 'com.naposystems.napoleonchat:id/textInputEditText_access_pin']"}[39m
[35m[HTTP][39m [37m<-- POST /wd/hub/session/8c371684-7c6e-45ed-a128-c0218072d01a/elements [39m[32m200[39m [90m139 ms - 12[39m
[35m[HTTP][39m [90m[39m
[35m[HTTP][39m [37m-->[39m [37mPOST[39m [37m/wd/hub/session/8c371684-7c6e-45ed-a128-c0218072d01a/elements[39m
[35m[HTTP][39m [90m{"using":"xpath","value":"//*[@class = 'android.widget.EditText' and (@text = 'Pin de Acceso' or . = 'Pin de Acceso') and @resource-id = 'com.naposystems.napoleonchat:id/textInputEditText_access_pin']"}[39m
[35m[HTTP][39m [37m<-- POST /wd/hub/session/8c371684-7c6e-45ed-a128-c0218072d01a/elements [39m[32m200[39m [90m130 ms - 12[39m
[35m[HTTP][39m [90m[39m
[35m[HTTP][39m [37m-->[39m [37mPOST[39m [37m/wd/hub/session/8c371684-7c6e-45ed-a128-c0218072d01a/elements[39m
[35m[HTTP][39m [90m{"using":"xpath","value":"//*[@class = 'android.widget.EditText' and (@text = 'Pin de Acceso' or . = 'Pin de Acceso') and @resource-id = 'com.naposystems.napoleonchat:id/textInputEditText_access_pin']"}[39m
[35m[HTTP][39m [37m<-- POST /wd/hub/session/8c371684-7c6e-45ed-a128-c0218072d01a/elements [39m[32m200[39m [90m129 ms - 12[39m
[35m[HTTP][39m [90m[39m
[35m[HTTP][39m [37m-->[39m [37mPOST[39m [37m/wd/hub/session/8c371684-7c6e-45ed-a128-c0218072d01a/elements[39m
[35m[HTTP][39m [90m{"using":"xpath","value":"//*[@class = 'android.widget.EditText' and (@text = 'Pin de Acceso' or . = 'Pin de Acceso') and @resource-id = 'com.naposystems.napoleonchat:id/textInputEditText_access_pin']"}[39m
[35m[HTTP][39m [37m<-- POST /wd/hub/session/8c371684-7c6e-45ed-a128-c0218072d01a/elements [39m[32m200[39m [90m126 ms - 12[39m
[35m[HTTP][39m [90m[39m
[35m[HTTP][39m [37m-->[39m [37mPOST[39m [37m/wd/hub/session/8c371684-7c6e-45ed-a128-c0218072d01a/elements[39m
[35m[HTTP][39m [90m{"using":"xpath","value":"//*[@class = 'android.widget.EditText' and (@text = 'Pin de Acceso' or . = 'Pin de Acceso') and @resource-id = 'com.naposystems.napoleonchat:id/textInputEditText_access_pin']"}[39m
[35m[HTTP][39m [37m<-- POST /wd/hub/session/8c371684-7c6e-45ed-a128-c0218072d01a/elements [39m[32m200[39m [90m114 ms - 12[39m
[35m[HTTP][39m [90m[39m
[35m[HTTP][39m [37m-->[39m [37mPOST[39m [37m/wd/hub/session/8c371684-7c6e-45ed-a128-c0218072d01a/elements[39m
[35m[HTTP][39m [90m{"using":"xpath","value":"//*[@class = 'android.widget.EditText' and (@text = 'Pin de Acceso' or . = 'Pin de Acceso') and @resource-id = 'com.naposystems.napoleonchat:id/textInputEditText_access_pin']"}[39m
[35m[HTTP][39m [37m<-- POST /wd/hub/session/8c371684-7c6e-45ed-a128-c0218072d01a/elements [39m[32m200[39m [90m120 ms - 12[39m
[35m[HTTP][39m [90m[39m
[35m[HTTP][39m [37m-->[39m [37mPOST[39m [37m/wd/hub/session/8c371684-7c6e-45ed-a128-c0218072d01a/elements[39m
[35m[HTTP][39m [90m{"using":"xpath","value":"//*[@class = 'android.widget.EditText' and (@text = 'Pin de Acceso' or . = 'Pin de Acceso') and @resource-id = 'com.naposystems.napoleonchat:id/textInputEditText_access_pin']"}[39m
[35m[HTTP][39m [37m<-- POST /wd/hub/session/8c371684-7c6e-45ed-a128-c0218072d01a/elements [39m[32m200[39m [90m109 ms - 12[39m
[35m[HTTP][39m [90m[39m
[35m[HTTP][39m [37m-->[39m [37mPOST[39m [37m/wd/hub/session/8c371684-7c6e-45ed-a128-c0218072d01a/elements[39m
[35m[HTTP][39m [90m{"using":"xpath","value":"//*[@class = 'android.widget.EditText' and (@text = 'Pin de Acceso' or . = 'Pin de Acceso') and @resource-id = 'com.naposystems.napoleonchat:id/textInputEditText_access_pin']"}[39m
[35m[HTTP][39m [37m<-- POST /wd/hub/session/8c371684-7c6e-45ed-a128-c0218072d01a/elements [39m[32m200[39m [90m121 ms - 12[39m
[35m[HTTP][39m [90m[39m
[35m[HTTP][39m [37m-->[39m [37mPOST[39m [37m/wd/hub/session/8c371684-7c6e-45ed-a128-c0218072d01a/elements[39m
[35m[HTTP][39m [90m{"using":"xpath","value":"//*[@class = 'android.widget.EditText' and (@text = 'Pin de Acceso' or . = 'Pin de Acceso') and @resource-id = 'com.naposystems.napoleonchat:id/textInputEditText_access_pin']"}[39m
[35m[HTTP][39m [37m<-- POST /wd/hub/session/8c371684-7c6e-45ed-a128-c0218072d01a/elements [39m[32m200[39m [90m99 ms - 12[39m
[35m[HTTP][39m [90m[39m
[35m[HTTP][39m [37m-->[39m [37mPOST[39m [37m/wd/hub/session/8c371684-7c6e-45ed-a128-c0218072d01a/elements[39m
[35m[HTTP][39m [90m{"using":"xpath","value":"//*[@class = 'android.widget.EditText' and (@text = 'Pin de Acceso' or . = 'Pin de Acceso') and @resource-id = 'com.naposystems.napoleonchat:id/textInputEditText_access_pin']"}[39m
[35m[HTTP][39m [37m<-- POST /wd/hub/session/8c371684-7c6e-45ed-a128-c0218072d01a/elements [39m[32m200[39m [90m115 ms - 12[39m
[35m[HTTP][39m [90m[39m
[35m[HTTP][39m [37m-->[39m [37mPOST[39m [37m/wd/hub/session/8c371684-7c6e-45ed-a128-c0218072d01a/elements[39m
[35m[HTTP][39m [90m{"using":"xpath","value":"//*[@class = 'android.widget.EditText' and (@text = 'Pin de Acceso' or . = 'Pin de Acceso') and @resource-id = 'com.naposystems.napoleonchat:id/textInputEditText_access_pin']"}[39m
[35m[HTTP][39m [37m<-- POST /wd/hub/session/8c371684-7c6e-45ed-a128-c0218072d01a/elements [39m[32m200[39m [90m115 ms - 12[39m
[35m[HTTP][39m [90m[39m
[35m[HTTP][39m [37m-->[39m [37mPOST[39m [37m/wd/hub/session/8c371684-7c6e-45ed-a128-c0218072d01a/elements[39m
[35m[HTTP][39m [90m{"using":"xpath","value":"//*[@class = 'android.widget.EditText' and (@text = 'Pin de Acceso' or . = 'Pin de Acceso') and @resource-id = 'com.naposystems.napoleonchat:id/textInputEditText_access_pin']"}[39m
[35m[HTTP][39m [37m<-- POST /wd/hub/session/8c371684-7c6e-45ed-a128-c0218072d01a/elements [39m[32m200[39m [90m103 ms - 12[39m
[35m[HTTP][39m [90m[39m
[35m[HTTP][39m [37m-->[39m [37mPOST[39m [37m/wd/hub/session/8c371684-7c6e-45ed-a128-c0218072d01a/elements[39m
[35m[HTTP][39m [90m{"using":"xpath","value":"//*[@class = 'android.widget.EditText' and (@text = 'Pin de Acceso' or . = 'Pin de Acceso') and @resource-id = 'com.naposystems.napoleonchat:id/textInputEditText_access_pin']"}[39m
[35m[HTTP][39m [37m<-- POST /wd/hub/session/8c371684-7c6e-45ed-a128-c0218072d01a/elements [39m[32m200[39m [90m109 ms - 12[39m
[35m[HTTP][39m [90m[39m
[35m[HTTP][39m [37m-->[39m [37mPOST[39m [37m/wd/hub/session/8c371684-7c6e-45ed-a128-c0218072d01a/elements[39m
[35m[HTTP][39m [90m{"using":"xpath","value":"//*[@class = 'android.widget.EditText' and (@text = 'Pin de Acceso' or . = 'Pin de Acceso') and @resource-id = 'com.naposystems.napoleonchat:id/textInputEditText_access_pin']"}[39m
[35m[HTTP][39m [37m<-- POST /wd/hub/session/8c371684-7c6e-45ed-a128-c0218072d01a/elements [39m[32m200[39m [90m106 ms - 12[39m
[35m[HTTP][39m [90m[39m
[35m[HTTP][39m [37m-->[39m [37mPOST[39m [37m/wd/hub/session/8c371684-7c6e-45ed-a128-c0218072d01a/elements[39m
[35m[HTTP][39m [90m{"using":"xpath","value":"//*[@class = 'android.widget.EditText' and (@text = 'Pin de Acceso' or . = 'Pin de Acceso') and @resource-id = 'com.naposystems.napoleonchat:id/textInputEditText_access_pin']"}[39m
[35m[HTTP][39m [37m<-- POST /wd/hub/session/8c371684-7c6e-45ed-a128-c0218072d01a/elements [39m[32m200[39m [90m113 ms - 12[39m
[35m[HTTP][39m [90m[39m
[35m[HTTP][39m [37m-->[39m [37mPOST[39m [37m/wd/hub/session/8c371684-7c6e-45ed-a128-c0218072d01a/elements[39m
[35m[HTTP][39m [90m{"using":"xpath","value":"//*[@class = 'android.widget.EditText' and (@text = 'Pin de Acceso' or . = 'Pin de Acceso') and @resource-id = 'com.naposystems.napoleonchat:id/textInputEditText_access_pin']"}[39m
[35m[HTTP][39m [37m<-- POST /wd/hub/session/8c371684-7c6e-45ed-a128-c0218072d01a/elements [39m[32m200[39m [90m101 ms - 12[39m
[35m[HTTP][39m [90m[39m
[35m[HTTP][39m [37m-->[39m [37mPOST[39m [37m/wd/hub/session/8c371684-7c6e-45ed-a128-c0218072d01a/elements[39m
[35m[HTTP][39m [90m{"using":"xpath","value":"//*[@class = 'android.widget.EditText' and (@text = 'Pin de Acceso' or . = 'Pin de Acceso') and @resource-id = 'com.naposystems.napoleonchat:id/textInputEditText_access_pin']"}[39m
[35m[HTTP][39m [37m<-- POST /wd/hub/session/8c371684-7c6e-45ed-a128-c0218072d01a/elements [39m[32m200[39m [90m103 ms - 12[39m
[35m[HTTP][39m [90m[39m
[35m[HTTP][39m [37m-->[39m [37mPOST[39m [37m/wd/hub/session/8c371684-7c6e-45ed-a128-c0218072d01a/elements[39m
[35m[HTTP][39m [90m{"using":"xpath","value":"//*[@class = 'android.widget.EditText' and (@text = 'Pin de Acceso' or . = 'Pin de Acceso') and @resource-id = 'com.naposystems.napoleonchat:id/textInputEditText_access_pin']"}[39m
[35m[HTTP][39m [37m<-- POST /wd/hub/session/8c371684-7c6e-45ed-a128-c0218072d01a/elements [39m[32m200[39m [90m110 ms - 12[39m
[35m[HTTP][39m [90m[39m
[35m[HTTP][39m [37m-->[39m [37mPOST[39m [37m/wd/hub/session/8c371684-7c6e-45ed-a128-c0218072d01a/elements[39m
[35m[HTTP][39m [90m{"using":"xpath","value":"//*[@class = 'android.widget.EditText' and (@text = 'Pin de Acceso' or . = 'Pin de Acceso') and @resource-id = 'com.naposystems.napoleonchat:id/textInputEditText_access_pin']"}[39m
[35m[HTTP][39m [37m<-- POST /wd/hub/session/8c371684-7c6e-45ed-a128-c0218072d01a/elements [39m[32m200[39m [90m103 ms - 12[39m
[35m[HTTP][39m [90m[39m
[35m[HTTP][39m [37m-->[39m [37mPOST[39m [37m/wd/hub/session/8c371684-7c6e-45ed-a128-c0218072d01a/elements[39m
[35m[HTTP][39m [90m{"using":"xpath","value":"//*[@class = 'android.widget.EditText' and (@text = 'Pin de Acceso' or . = 'Pin de Acceso') and @resource-id = 'com.naposystems.napoleonchat:id/textInputEditText_access_pin']"}[39m
[35m[HTTP][39m [37m<-- POST /wd/hub/session/8c371684-7c6e-45ed-a128-c0218072d01a/elements [39m[32m200[39m [90m111 ms - 12[39m
[35m[HTTP][39m [90m[39m
[35m[HTTP][39m [37m-->[39m [37mPOST[39m [37m/wd/hub/session/8c371684-7c6e-45ed-a128-c0218072d01a/elements[39m
[35m[HTTP][39m [90m{"using":"xpath","value":"//*[@class = 'android.widget.EditText' and (@text = 'Pin de Acceso' or . = 'Pin de Acceso') and @resource-id = 'com.naposystems.napoleonchat:id/textInputEditText_access_pin']"}[39m
[35m[HTTP][39m [37m<-- POST /wd/hub/session/8c371684-7c6e-45ed-a128-c0218072d01a/elements [39m[32m200[39m [90m99 ms - 12[39m
[35m[HTTP][39m [90m[39m
[35m[HTTP][39m [37m-->[39m [37mPOST[39m [37m/wd/hub/session/8c371684-7c6e-45ed-a128-c0218072d01a/elements[39m
[35m[HTTP][39m [90m{"using":"xpath","value":"//*[@class = 'android.widget.EditText' and (@text = 'Pin de Acceso' or . = 'Pin de Acceso') and @resource-id = 'com.naposystems.napoleonchat:id/textInputEditText_access_pin']"}[39m
[35m[HTTP][39m [37m<-- POST /wd/hub/session/8c371684-7c6e-45ed-a128-c0218072d01a/elements [39m[32m200[39m [90m92 ms - 12[39m
[35m[HTTP][39m [90m[39m
[35m[HTTP][39m [37m-->[39m [37mPOST[39m [37m/wd/hub/session/8c371684-7c6e-45ed-a128-c0218072d01a/elements[39m
[35m[HTTP][39m [90m{"using":"xpath","value":"//*[@class = 'android.widget.EditText' and (@text = 'Pin de Acceso' or . = 'Pin de Acceso') and @resource-id = 'com.naposystems.napoleonchat:id/textInputEditText_access_pin']"}[39m
[35m[HTTP][39m [37m<-- POST /wd/hub/session/8c371684-7c6e-45ed-a128-c0218072d01a/elements [39m[32m200[39m [90m98 ms - 12[39m
[35m[HTTP][39m [90m[39m
[35m[HTTP][39m [37m-->[39m [37mPOST[39m [37m/wd/hub/session/8c371684-7c6e-45ed-a128-c0218072d01a/elements[39m
[35m[HTTP][39m [90m{"using":"xpath","value":"//*[@class = 'android.widget.EditText' and (@text = 'Pin de Acceso' or . = 'Pin de Acceso') and @resource-id = 'com.naposystems.napoleonchat:id/textInputEditText_access_pin']"}[39m
[35m[HTTP][39m [37m<-- POST /wd/hub/session/8c371684-7c6e-45ed-a128-c0218072d01a/elements [39m[32m200[39m [90m100 ms - 12[39m
[35m[HTTP][39m [90m[39m
[35m[HTTP][39m [37m-->[39m [37mPOST[39m [37m/wd/hub/session/8c371684-7c6e-45ed-a128-c0218072d01a/elements[39m
[35m[HTTP][39m [90m{"using":"xpath","value":"//*[@class = 'android.widget.EditText' and (@text = 'Pin de Acceso' or . = 'Pin de Acceso') and @resource-id = 'com.naposystems.napoleonchat:id/textInputEditText_access_pin']"}[39m
[35m[HTTP][39m [37m<-- POST /wd/hub/session/8c371684-7c6e-45ed-a128-c0218072d01a/elements [39m[32m200[39m [90m103 ms - 12[39m
[35m[HTTP][39m [90m[39m
[35m[HTTP][39m [37m-->[39m [37mPOST[39m [37m/wd/hub/session/8c371684-7c6e-45ed-a128-c0218072d01a/elements[39m
[35m[HTTP][39m [90m{"using":"xpath","value":"//*[@class = 'android.widget.EditText' and (@text = 'Pin de Acceso' or . = 'Pin de Acceso') and @resource-id = 'com.naposystems.napoleonchat:id/textInputEditText_access_pin']"}[39m
[35m[HTTP][39m [37m<-- POST /wd/hub/session/8c371684-7c6e-45ed-a128-c0218072d01a/elements [39m[32m200[39m [90m99 ms - 12[39m
[35m[HTTP][39m [90m[39m
[35m[HTTP][39m [37m-->[39m [37mPOST[39m [37m/wd/hub/session/8c371684-7c6e-45ed-a128-c0218072d01a/elements[39m
[35m[HTTP][39m [90m{"using":"xpath","value":"//*[@class = 'android.widget.EditText' and (@text = 'Pin de Acceso' or . = 'Pin de Acceso') and @resource-id = 'com.naposystems.napoleonchat:id/textInputEditText_access_pin']"}[39m
[35m[HTTP][39m [37m<-- POST /wd/hub/session/8c371684-7c6e-45ed-a128-c0218072d01a/elements [39m[32m200[39m [90m1017 ms - 139[39m
[35m[HTTP][39m [90m[39m
[35m[HTTP][39m [37m-->[39m [37mGET[39m [37m/wd/hub/session/8c371684-7c6e-45ed-a128-c0218072d01a/element/00000000-0000-021a-ffff-ffff000000e0/location[39m
[35m[HTTP][39m [90m{}[39m
[35m[W3C (8c371684)][39m Driver proxy active, passing request on via HTTP proxy
[35m[WD Proxy][39m Replacing sessionId 57f37a2c-b5ae-4b08-94b7-9d55bd30054e with 8c371684-7c6e-45ed-a128-c0218072d01a
[35m[HTTP][39m [37m<-- GET /wd/hub/session/8c371684-7c6e-45ed-a128-c0218072d01a/element/00000000-0000-021a-ffff-ffff000000e0/location [39m[32m200[39m [90m382 ms - 77[39m
[35m[HTTP][39m [90m[39m
[35m[HTTP][39m [37m-->[39m [37mPOST[39m [37m/wd/hub/session/8c371684-7c6e-45ed-a128-c0218072d01a/timeouts[39m
[35m[HTTP][39m [90m{"implicit":30000}[39m
[35m[HTTP][39m [37m<-- POST /wd/hub/session/8c371684-7c6e-45ed-a128-c0218072d01a/timeouts [39m[32m200[39m [90m1 ms - 14[39m
[35m[HTTP][39m [90m[39m
[35m[HTTP][39m [37m-->[39m [37mPOST[39m [37m/wd/hub/session/8c371684-7c6e-45ed-a128-c0218072d01a/element/00000000-0000-021a-ffff-ffff000000e0/clear[39m
[35m[HTTP][39m [90m{"id":"00000000-0000-021a-ffff-ffff000000e0"}[39m
[35m[HTTP][39m [37m<-- POST /wd/hub/session/8c371684-7c6e-45ed-a128-c0218072d01a/element/00000000-0000-021a-ffff-ffff000000e0/clear [39m[32m200[39m [90m61 ms - 14[39m
[35m[HTTP][39m [90m[39m
[35m[HTTP][39m [37m-->[39m [37mPOST[39m [37m/wd/hub/session/8c371684-7c6e-45ed-a128-c0218072d01a/element/00000000-0000-021a-ffff-ffff000000e0/value[39m
[35m[HTTP][39m [90m{"id":"00000000-0000-021a-ffff-ffff000000e0","text":"0000","value":["0","0","0","0"]}[39m
[35m[HTTP][39m [37m<-- POST /wd/hub/session/8c371684-7c6e-45ed-a128-c0218072d01a/element/00000000-0000-021a-ffff-ffff000000e0/value [39m[32m200[39m [90m1720 ms - 14[39m
[35m[HTTP][39m [90m[39m
[35m[HTTP][39m [37m-->[39m [37mPOST[39m [37m/wd/hub/session/8c371684-7c6e-45ed-a128-c0218072d01a/timeouts[39m
[35m[HTTP][39m [90m{"implicit":50}[39m
[35m[HTTP][39m [37m<-- POST /wd/hub/session/8c371684-7c6e-45ed-a128-c0218072d01a/timeouts [39m[32m200[39m [90m1 ms - 14[39m
[35m[HTTP][39m [90m[39m
[35m[HTTP][39m [37m-->[39m [37mGET[39m [37m/wd/hub/session/8c371684-7c6e-45ed-a128-c0218072d01a/window/rect[39m
[35m[HTTP][39m [90m{}[39m
[35m[HTTP][39m [37m<-- GET /wd/hub/session/8c371684-7c6e-45ed-a128-c0218072d01a/window/rect [39m[32m200[39m [90m21 ms - 49[39m
[35m[HTTP][39m [90m[39m
[35m[HTTP][39m [37m-->[39m [37mPOST[39m [37m/wd/hub/session/8c371684-7c6e-45ed-a128-c0218072d01a/elements[39m
[35m[HTTP][39m [90m{"using":"xpath","value":"//*[@class = 'android.widget.EditText' and (@text = 'Confirmar nuevo pin de acceso' or . = 'Confirmar nuevo pin de acceso') and @resource-id = 'com.naposystems.napoleonchat:id/textInputEditText_confirm_access_pin']"}[39m
[35m[HTTP][39m [37m<-- POST /wd/hub/session/8c371684-7c6e-45ed-a128-c0218072d01a/elements [39m[32m200[39m [90m695 ms - 139[39m
[35m[HTTP][39m [90m[39m
[35m[HTTP][39m [37m-->[39m [37mGET[39m [37m/wd/hub/session/8c371684-7c6e-45ed-a128-c0218072d01a/element/00000000-0000-021a-ffff-ffff000000ef/location[39m
[35m[HTTP][39m [90m{}[39m
[35m[W3C (8c371684)][39m Driver proxy active, passing request on via HTTP proxy
[35m[WD Proxy][39m Replacing sessionId 57f37a2c-b5ae-4b08-94b7-9d55bd30054e with 8c371684-7c6e-45ed-a128-c0218072d01a
[35m[HTTP][39m [37m<-- GET /wd/hub/session/8c371684-7c6e-45ed-a128-c0218072d01a/element/00000000-0000-021a-ffff-ffff000000ef/location [39m[32m200[39m [90m31 ms - 78[39m
[35m[HTTP][39m [90m[39m
[35m[HTTP][39m [37m-->[39m [37mPOST[39m [37m/wd/hub/session/8c371684-7c6e-45ed-a128-c0218072d01a/timeouts[39m
[35m[HTTP][39m [90m{"implicit":30000}[39m
[35m[HTTP][39m [37m<-- POST /wd/hub/session/8c371684-7c6e-45ed-a128-c0218072d01a/timeouts [39m[32m200[39m [90m2 ms - 14[39m
[35m[HTTP][39m [90m[39m
[35m[HTTP][39m [37m-->[39m [37mPOST[39m [37m/wd/hub/session/8c371684-7c6e-45ed-a128-c0218072d01a/element/00000000-0000-021a-ffff-ffff000000ef/clear[39m
[35m[HTTP][39m [90m{"id":"00000000-0000-021a-ffff-ffff000000ef"}[39m
[35m[HTTP][39m [37m<-- POST /wd/hub/session/8c371684-7c6e-45ed-a128-c0218072d01a/element/00000000-0000-021a-ffff-ffff000000ef/clear [39m[32m200[39m [90m51 ms - 14[39m
[35m[HTTP][39m [90m[39m
[35m[HTTP][39m [37m-->[39m [37mPOST[39m [37m/wd/hub/session/8c371684-7c6e-45ed-a128-c0218072d01a/element/00000000-0000-021a-ffff-ffff000000ef/value[39m
[35m[HTTP][39m [90m{"id":"00000000-0000-021a-ffff-ffff000000ef","text":"0000","value":["0","0","0","0"]}[39m
[35m[HTTP][39m [37m<-- POST /wd/hub/session/8c371684-7c6e-45ed-a128-c0218072d01a/element/00000000-0000-021a-ffff-ffff000000ef/value [39m[32m200[39m [90m1678 ms - 14[39m
[35m[HTTP][39m [90m[39m
[35m[HTTP][39m [37m-->[39m [37mPOST[39m [37m/wd/hub/session/8c371684-7c6e-45ed-a128-c0218072d01a/timeouts[39m
[35m[HTTP][39m [90m{"implicit":50}[39m
[35m[HTTP][39m [37m<-- POST /wd/hub/session/8c371684-7c6e-45ed-a128-c0218072d01a/timeouts [39m[32m200[39m [90m1 ms - 14[39m
[35m[HTTP][39m [90m[39m
[35m[HTTP][39m [37m-->[39m [37mGET[39m [37m/wd/hub/session/8c371684-7c6e-45ed-a128-c0218072d01a/window/rect[39m
[35m[HTTP][39m [90m{}[39m
[35m[HTTP][39m [37m<-- GET /wd/hub/session/8c371684-7c6e-45ed-a128-c0218072d01a/window/rect [39m[32m200[39m [90m18 ms - 49[39m
[35m[HTTP][39m [90m[39m
[35m[HTTP][39m [37m-->[39m [37mPOST[39m [37m/wd/hub/session/8c371684-7c6e-45ed-a128-c0218072d01a/elements[39m
[35m[HTTP][39m [90m{"using":"xpath","value":"//*[@class = 'android.widget.Button' and (@text = 'Crear Cuenta' or . = 'Crear Cuenta') and @resource-id = 'com.naposystems.napoleonchat:id/button_register']"}[39m
[35m[HTTP][39m [37m<-- POST /wd/hub/session/8c371684-7c6e-45ed-a128-c0218072d01a/elements [39m[32m200[39m [90m694 ms - 139[39m
[35m[HTTP][39m [90m[39m
[35m[HTTP][39m [37m-->[39m [37mGET[39m [37m/wd/hub/session/8c371684-7c6e-45ed-a128-c0218072d01a/element/00000000-0000-021a-ffff-ffff000000fd/location[39m
[35m[HTTP][39m [90m{}[39m
[35m[W3C (8c371684)][39m Driver proxy active, passing request on via HTTP proxy
[35m[WD Proxy][39m Replacing sessionId 57f37a2c-b5ae-4b08-94b7-9d55bd30054e with 8c371684-7c6e-45ed-a128-c0218072d01a
[35m[HTTP][39m [37m<-- GET /wd/hub/session/8c371684-7c6e-45ed-a128-c0218072d01a/element/00000000-0000-021a-ffff-ffff000000fd/location [39m[32m200[39m [90m27 ms - 79[39m
[35m[HTTP][39m [90m[39m
[35m[HTTP][39m [37m-->[39m [37mPOST[39m [37m/wd/hub/session/8c371684-7c6e-45ed-a128-c0218072d01a/timeouts[39m
[35m[HTTP][39m [90m{"implicit":30000}[39m
[35m[HTTP][39m [37m<-- POST /wd/hub/session/8c371684-7c6e-45ed-a128-c0218072d01a/timeouts [39m[32m200[39m [90m1 ms - 14[39m
[35m[HTTP][39m [90m[39m
[35m[HTTP][39m [37m-->[39m [37mPOST[39m [37m/wd/hub/session/8c371684-7c6e-45ed-a128-c0218072d01a/element/00000000-0000-021a-ffff-ffff000000fd/click[39m
[35m[HTTP][39m [90m{"id":"00000000-0000-021a-ffff-ffff000000fd"}[39m
[35m[HTTP][39m [37m<-- POST /wd/hub/session/8c371684-7c6e-45ed-a128-c0218072d01a/element/00000000-0000-021a-ffff-ffff000000fd/click [39m[32m200[39m [90m96 ms - 14[39m
[35m[HTTP][39m [90m[39m
[35m[HTTP][39m [37m-->[39m [37mPOST[39m [37m/wd/hub/session/8c371684-7c6e-45ed-a128-c0218072d01a/timeouts[39m
[35m[HTTP][39m [90m{"implicit":50}[39m
[35m[HTTP][39m [37m<-- POST /wd/hub/session/8c371684-7c6e-45ed-a128-c0218072d01a/timeouts [39m[32m200[39m [90m1 ms - 14[39m
[35m[HTTP][39m [90m[39m
[35m[HTTP][39m [37m-->[39m [37mGET[39m [37m/wd/hub/session/8c371684-7c6e-45ed-a128-c0218072d01a/window/rect[39m
[35m[HTTP][39m [90m{}[39m
[35m[HTTP][39m [37m<-- GET /wd/hub/session/8c371684-7c6e-45ed-a128-c0218072d01a/window/rect [39m[32m200[39m [90m22 ms - 49[39m
[35m[HTTP][39m [90m[39m
[35m[HTTP][39m [37m-->[39m [37mPOST[39m [37m/wd/hub/session/8c371684-7c6e-45ed-a128-c0218072d01a/elements[39m
[35m[HTTP][39m [90m{"using":"xpath","value":"//*[@class = 'android.widget.FrameLayout' and @resource-id = 'com.naposystems.napoleonchat:id/action_bar_root' and (@text = '' or . = '')]"}[39m
[35m[HTTP][39m [37m<-- POST /wd/hub/session/8c371684-7c6e-45ed-a128-c0218072d01a/elements [39m[32m200[39m [90m153 ms - 139[39m
[35m[HTTP][39m [90m[39m
[35m[HTTP][39m [37m-->[39m [37mGET[39m [37m/wd/hub/session/8c371684-7c6e-45ed-a128-c0218072d01a/element/00000000-0000-021a-ffff-ffff00000003/location[39m
[35m[HTTP][39m [90m{}[39m
[35m[W3C (8c371684)][39m Driver proxy active, passing request on via HTTP proxy
[35m[WD Proxy][39m Replacing sessionId 57f37a2c-b5ae-4b08-94b7-9d55bd30054e with 8c371684-7c6e-45ed-a128-c0218072d01a
[35m[HTTP][39m [37m<-- GET /wd/hub/session/8c371684-7c6e-45ed-a128-c0218072d01a/element/00000000-0000-021a-ffff-ffff00000003/location [39m[32m200[39m [90m25 ms - 75[39m
[35m[HTTP][39m [90m[39m
[35m[HTTP][39m [37m-->[39m [37mPOST[39m [37m/wd/hub/session/8c371684-7c6e-45ed-a128-c0218072d01a/timeouts[39m
[35m[HTTP][39m [90m{"implicit":30000}[39m
[35m[HTTP][39m [37m<-- POST /wd/hub/session/8c371684-7c6e-45ed-a128-c0218072d01a/timeouts [39m[32m200[39m [90m1 ms - 14[39m
[35m[HTTP][39m [90m[39m
[35m[HTTP][39m [37m-->[39m [37mPOST[39m [37m/wd/hub/session/8c371684-7c6e-45ed-a128-c0218072d01a/timeouts[39m
[35m[HTTP][39m [90m{"implicit":50}[39m
[35m[HTTP][39m [37m<-- POST /wd/hub/session/8c371684-7c6e-45ed-a128-c0218072d01a/timeouts [39m[32m200[39m [90m2 ms - 14[39m
[35m[HTTP][39m [90m[39m
[35m[HTTP][39m [37m-->[39m [37mGET[39m [37m/wd/hub/session/8c371684-7c6e-45ed-a128-c0218072d01a/window/rect[39m
[35m[HTTP][39m [90m{}[39m
[35m[HTTP][39m [37m<-- GET /wd/hub/session/8c371684-7c6e-45ed-a128-c0218072d01a/window/rect [39m[32m200[39m [90m12 ms - 49[39m
[35m[HTTP][39m [90m[39m
[35m[HTTP][39m [37m-->[39m [37mPOST[39m [37m/wd/hub/session/8c371684-7c6e-45ed-a128-c0218072d01a/elements[39m
[35m[HTTP][39m [90m{"using":"xpath","value":"//hierarchy/android.widget.FrameLayout[1]/android.widget.LinearLayout[1]/android.widget.FrameLayout[1]/android.widget.FrameLayout[1]/android.widget.FrameLayout[1]/android.view.ViewGroup[1]/android.widget.FrameLayout[1]/android.view.ViewGroup[1]/androidx.appcompat.widget.LinearLayoutCompat[1]/android.widget.FrameLayout[1]/android.widget.ImageView[1]"}[39m
[35m[HTTP][39m [37m<-- POST /wd/hub/session/8c371684-7c6e-45ed-a128-c0218072d01a/elements [39m[32m200[39m [90m119 ms - 139[39m
[35m[HTTP][39m [90m[39m
[35m[HTTP][39m [37m-->[39m [37mGET[39m [37m/wd/hub/session/8c371684-7c6e-45ed-a128-c0218072d01a/element/00000000-0000-021a-ffff-ffff00000127/location[39m
[35m[HTTP][39m [90m{}[39m
[35m[W3C (8c371684)][39m Driver proxy active, passing request on via HTTP proxy
[35m[WD Proxy][39m Replacing sessionId 57f37a2c-b5ae-4b08-94b7-9d55bd30054e with 8c371684-7c6e-45ed-a128-c0218072d01a
[35m[HTTP][39m [37m<-- GET /wd/hub/session/8c371684-7c6e-45ed-a128-c0218072d01a/element/00000000-0000-021a-ffff-ffff00000127/location [39m[32m200[39m [90m27 ms - 77[39m
[35m[HTTP][39m [90m[39m
[35m[HTTP][39m [37m-->[39m [37mPOST[39m [37m/wd/hub/session/8c371684-7c6e-45ed-a128-c0218072d01a/timeouts[39m
[35m[HTTP][39m [90m{"implicit":30000}[39m
[35m[HTTP][39m [37m<-- POST /wd/hub/session/8c371684-7c6e-45ed-a128-c0218072d01a/timeouts [39m[32m200[39m [90m2 ms - 14[39m
[35m[HTTP][39m [90m[39m
[35m[HTTP][39m [37m-->[39m [37mPOST[39m [37m/wd/hub/session/8c371684-7c6e-45ed-a128-c0218072d01a/element/00000000-0000-021a-ffff-ffff00000127/click[39m
[35m[HTTP][39m [90m{"id":"00000000-0000-021a-ffff-ffff00000127"}[39m
[35m[HTTP][39m [37m<-- POST /wd/hub/session/8c371684-7c6e-45ed-a128-c0218072d01a/element/00000000-0000-021a-ffff-ffff00000127/click [39m[32m200[39m [90m90 ms - 14[39m
[35m[HTTP][39m [90m[39m
[35m[HTTP][39m [37m-->[39m [37mPOST[39m [37m/wd/hub/session/8c371684-7c6e-45ed-a128-c0218072d01a/timeouts[39m
[35m[HTTP][39m [90m{"implicit":50}[39m
[35m[HTTP][39m [37m<-- POST /wd/hub/session/8c371684-7c6e-45ed-a128-c0218072d01a/timeouts [39m[32m200[39m [90m1 ms - 14[39m
[35m[HTTP][39m [90m[39m
[35m[HTTP][39m [37m-->[39m [37mGET[39m [37m/wd/hub/session/8c371684-7c6e-45ed-a128-c0218072d01a/window/rect[39m
[35m[HTTP][39m [90m{}[39m
[35m[HTTP][39m [37m<-- GET /wd/hub/session/8c371684-7c6e-45ed-a128-c0218072d01a/window/rect [39m[32m200[39m [90m20 ms - 49[39m
[35m[HTTP][39m [90m[39m
[35m[HTTP][39m [37m-->[39m [37mPOST[39m [37m/wd/hub/session/8c371684-7c6e-45ed-a128-c0218072d01a/elements[39m
[35m[HTTP][39m [90m{"using":"xpath","value":"//*[@class = 'android.widget.Button' and @resource-id = 'com.naposystems.napoleonchat:id/search' and (@text = '' or . = '')]"}[39m
[35m[HTTP][39m [37m<-- POST /wd/hub/session/8c371684-7c6e-45ed-a128-c0218072d01a/elements [39m[32m200[39m [90m143 ms - 12[39m
[35m[HTTP][39m [90m[39m
[35m[HTTP][39m [37m-->[39m [37mPOST[39m [37m/wd/hub/session/8c371684-7c6e-45ed-a128-c0218072d01a/elements[39m
[35m[HTTP][39m [90m{"using":"xpath","value":"//*[@class = 'android.widget.Button' and @resource-id = 'com.naposystems.napoleonchat:id/search' and (@text = '' or . = '')]"}[39m
[35m[HTTP][39m [37m<-- POST /wd/hub/session/8c371684-7c6e-45ed-a128-c0218072d01a/elements [39m[32m200[39m [90m122 ms - 12[39m
[35m[HTTP][39m [90m[39m
[35m[HTTP][39m [37m-->[39m [37mPOST[39m [37m/wd/hub/session/8c371684-7c6e-45ed-a128-c0218072d01a/elements[39m
[35m[HTTP][39m [90m{"using":"xpath","value":"//*[@class = 'android.widget.Button' and @resource-id = 'com.naposystems.napoleonchat:id/search' and (@text = '' or . = '')]"}[39m
[35m[HTTP][39m [37m<-- POST /wd/hub/session/8c371684-7c6e-45ed-a128-c0218072d01a/elements [39m[32m200[39m [90m126 ms - 12[39m
[35m[HTTP][39m [90m[39m
[35m[HTTP][39m [37m-->[39m [37mPOST[39m [37m/wd/hub/session/8c371684-7c6e-45ed-a128-c0218072d01a/elements[39m
[35m[HTTP][39m [90m{"using":"xpath","value":"//*[@class = 'android.widget.Button' and @resource-id = 'com.naposystems.napoleonchat:id/search' and (@text = '' or . = '')]"}[39m
[35m[HTTP][39m [37m<-- POST /wd/hub/session/8c371684-7c6e-45ed-a128-c0218072d01a/elements [39m[32m200[39m [90m119 ms - 12[39m
[35m[HTTP][39m [90m[39m
[35m[HTTP][39m [37m-->[39m [37mPOST[39m [37m/wd/hub/session/8c371684-7c6e-45ed-a128-c0218072d01a/elements[39m
[35m[HTTP][39m [90m{"using":"xpath","value":"//*[@class = 'android.widget.Button' and @resource-id = 'com.naposystems.napoleonchat:id/search' and (@text = '' or . = '')]"}[39m
[35m[HTTP][39m [37m<-- POST /wd/hub/session/8c371684-7c6e-45ed-a128-c0218072d01a/elements [39m[32m200[39m [90m122 ms - 12[39m
[35m[HTTP][39m [90m[39m
[35m[HTTP][39m [37m-->[39m [37mPOST[39m [37m/wd/hub/session/8c371684-7c6e-45ed-a128-c0218072d01a/elements[39m
[35m[HTTP][39m [90m{"using":"xpath","value":"//*[@class = 'android.widget.Button' and @resource-id = 'com.naposystems.napoleonchat:id/search' and (@text = '' or . = '')]"}[39m
[35m[HTTP][39m [37m<-- POST /wd/hub/session/8c371684-7c6e-45ed-a128-c0218072d01a/elements [39m[32m200[39m [90m117 ms - 12[39m
[35m[HTTP][39m [90m[39m
[35m[HTTP][39m [37m-->[39m [37mPOST[39m [37m/wd/hub/session/8c371684-7c6e-45ed-a128-c0218072d01a/elements[39m
[35m[HTTP][39m [90m{"using":"xpath","value":"//*[@class = 'android.widget.Button' and @resource-id = 'com.naposystems.napoleonchat:id/search' and (@text = '' or . = '')]"}[39m
[35m[HTTP][39m [37m<-- POST /wd/hub/session/8c371684-7c6e-45ed-a128-c0218072d01a/elements [39m[32m200[39m [90m123 ms - 12[39m
[35m[HTTP][39m [90m[39m
[35m[HTTP][39m [37m-->[39m [37mPOST[39m [37m/wd/hub/session/8c371684-7c6e-45ed-a128-c0218072d01a/elements[39m
[35m[HTTP][39m [90m{"using":"xpath","value":"//*[@class = 'android.widget.Button' and @resource-id = 'com.naposystems.napoleonchat:id/search' and (@text = '' or . = '')]"}[39m
[35m[HTTP][39m [37m<-- POST /wd/hub/session/8c371684-7c6e-45ed-a128-c0218072d01a/elements [39m[32m200[39m [90m127 ms - 12[39m
[35m[HTTP][39m [90m[39m
[35m[HTTP][39m [37m-->[39m [37mPOST[39m [37m/wd/hub/session/8c371684-7c6e-45ed-a128-c0218072d01a/timeouts[39m
[35m[HTTP][39m [90m{"implicit":30000}[39m
[35m[HTTP][39m [37m<-- POST /wd/hub/session/8c371684-7c6e-45ed-a128-c0218072d01a/timeouts [39m[32m200[39m [90m2 ms - 14[39m
[35m[HTTP][39m [90m[39m
[35m[HTTP][39m [37m-->[39m [37mGET[39m [37m/wd/hub/session/8c371684-7c6e-45ed-a128-c0218072d01a/context[39m
[35m[HTTP][39m [90m{}[39m
[35m[HTTP][39m [37m<-- GET /wd/hub/session/8c371684-7c6e-45ed-a128-c0218072d01a/context [39m[32m200[39m [90m1 ms - 22[39m
[35m[HTTP][39m [90m[39m
[35m[HTTP][39m [37m-->[39m [37mGET[39m [37m/wd/hub/session/8c371684-7c6e-45ed-a128-c0218072d01a/contexts[39m
[35m[HTTP][39m [90m{}[39m
[35m[HTTP][39m [37m<-- GET /wd/hub/session/8c371684-7c6e-45ed-a128-c0218072d01a/contexts [39m[32m200[39m [90m265 ms - 70[39m
[35m[HTTP][39m [90m[39m
[35m[HTTP][39m [37m-->[39m [37mPOST[39m [37m/wd/hub/session/8c371684-7c6e-45ed-a128-c0218072d01a/context[39m
[35m[HTTP][39m [90m{"name":"NATIVE_APP"}[39m
[35m[HTTP][39m [37m<-- POST /wd/hub/session/8c371684-7c6e-45ed-a128-c0218072d01a/context [39m[32m200[39m [90m1 ms - 14[39m
[35m[HTTP][39m [90m[39m
[35m[HTTP][39m [37m-->[39m [37mGET[39m [37m/wd/hub/session/8c371684-7c6e-45ed-a128-c0218072d01a/screenshot[39m
[35m[HTTP][39m [90m{}[39m
[35m[HTTP][39m [37m<-- GET /wd/hub/session/8c371684-7c6e-45ed-a128-c0218072d01a/screenshot [39m[32m200[39m [90m950 ms - 95342[39m
[35m[HTTP][39m [90m[39m
[35m[HTTP][39m [37m-->[39m [37mPOST[39m [37m/wd/hub/session/8c371684-7c6e-45ed-a128-c0218072d01a/context[39m
[35m[HTTP][39m [90m{"name":"NATIVE_APP"}[39m
[35m[HTTP][39m [37m<-- POST /wd/hub/session/8c371684-7c6e-45ed-a128-c0218072d01a/context [39m[32m200[39m [90m2 ms - 14[39m
[35m[HTTP][39m [90m[39m
[35m[HTTP][39m [37m-->[39m [37mDELETE[39m [37m/wd/hub/session/8c371684-7c6e-45ed-a128-c0218072d01a[39m
[35m[HTTP][39m [90m{}[39m
[35m[Appium][39m Removing session 8c371684-7c6e-45ed-a128-c0218072d01a from our master session list
[35m[ADB][39m com.naposystems.napoleonchat was successfully uninstalled
[35m[UiAutomator2][39m Restoring hidden api policy to the device default configuration
[35m[HTTP][39m [37m<-- DELETE /wd/hub/session/8c371684-7c6e-45ed-a128-c0218072d01a [39m[32m200[39m [90m2394 ms - 14[39m
[35m[HTTP][39m [90m[39m
