[35m[Appium][39m Welcome to Appium v1.22.3
[35m[Appium][39m Non-default server args:
[35m[Appium][39m   port: 60579
[35m[Appium][39m   loglevel: info
[35m[Appium][39m   tmpDir: C:\Users\Testing\AppData\Local\Temp\\Katalon\Appium\Temp1687455202042
[35m[Appium][39m   chromedriverPort: 60580
[35m[Appium][39m Deprecated server args:
[35m[Appium][39m   [31m--chromedriver-port[39m => --default-capabilities
[35m[Appium][39m Default capabilities, which will be added to each request unless overridden by desired capabilities:
[35m[Appium][39m   chromedriverPort: 60580
[35m[Appium][39m Appium REST http interface listener started on 0.0.0.0:60579
[35m[HTTP][39m [37m-->[39m [37mGET[39m [37m/wd/hub/status[39m
[35m[HTTP][39m [90m{}[39m
[35m[HTTP][39m [37m<-- GET /wd/hub/status [39m[32m200[39m [90m10 ms - 68[39m
[35m[HTTP][39m [90m[39m
[35m[HTTP][39m [37m-->[39m [37mPOST[39m [37m/wd/hub/session[39m
[35m[HTTP][39m [90m{"desiredCapabilities":{"app":"C:\\Users\\Testing\\Desktop\\katalon\\Version nueva\\app-debug (2).apk","noReset":false,"deviceId":"","deviceName":"samsung SM-A107M (Android 11)","fullReset":true,"platform":"ANDROID","newCommandTimeout":1800,"platformVersion":"11","automationName":"uiautomator2","autoGrantPermissions":true,"platformName":"Android","udid":"R9WN40KBXDJ","systemPort":60578},"capabilities":{"firstMatch":[{"appium:app":"C:\\Users\\Testing\\Desktop\\katalon\\Version nueva\\app-debug (2).apk","appium:autoGrantPermissions":true,"appium:automationName":"uiautomator2","deviceId":"","appium:deviceName":"samsung SM-A107M (Android 11)","appium:fullReset":true,"appium:newCommandTimeout":1800,"appium:noReset":false,"platform":"ANDROID","platformName":"android","appium:platformVersion":"11","appium:systemPort":60578,"appium:udid":"R9WN40KBXDJ"}]}}[39m
[35m[BaseDriver][39m The following capabilities are not standard capabilities and should have an extension prefix:
[35m[BaseDriver][39m   deviceId
[35m[BaseDriver][39m   platform
[35m[BaseDriver][39m   chromedriverPort
[35m[Appium][39m Appium v1.22.3 creating new AndroidUiautomator2Driver (v1.70.1) session
[35m[BaseDriver][39m The following capabilities were provided, but are not recognized by Appium:
[35m[BaseDriver][39m   deviceId
[35m[BaseDriver][39m   platform
[35m[BaseDriver][39m Session created with session id: 8bef943e-0ddf-4a98-ae82-e5997c5415b7
[35m[BaseDriver][39m Using local app 'C:\Users\Testing\Desktop\katalon\Version nueva\app-debug (2).apk'
[35m[ADB][39m Found 1 'build-tools' folders under 'C:\Users\Testing\.katalon\tools\android_sdk' (newest first):
[35m[ADB][39m     C:/Users/Testing/.katalon/tools/android_sdk/build-tools/29.0.3
[35m[ADB][39m Using 'adb.exe' from 'C:\Users\Testing\.katalon\tools\android_sdk\platform-tools\adb.exe'
[35m[AndroidDriver][39m Retrieving device list
[35m[AndroidDriver][39m Using device: R9WN40KBXDJ
[35m[ADB][39m Using 'adb.exe' from 'C:\Users\Testing\.katalon\tools\android_sdk\platform-tools\adb.exe'
[35m[ADB][39m Getting device platform version
[35m[UiAutomator2][39m Relaxing hidden api policy
[35m[ADB][39m Package name: 'com.naposystems.napoleonchat'
[35m[ADB][39m Main activity name: 'com.naposystems.napoleonchat.ui.mainActivity.MainActivity'
[35m[ADB][39m Using 'apksigner.jar' from 'C:\Users\Testing\.katalon\tools\android_sdk\build-tools\29.0.3\lib\apksigner.jar'
[35m[ADB][39m 'C:\Users\Testing\AppData\Roaming\npm\node_modules\appium\node_modules\appium-uiautomator2-server\apks\appium-uiautomator2-server-v4.27.0.apk' is signed with the default certificate
[35m[ADB][39m 'C:\Users\Testing\AppData\Roaming\npm\node_modules\appium\node_modules\appium-uiautomator2-server\apks\appium-uiautomator2-server-debug-androidTest.apk' is signed with the default certificate
[35m[UiAutomator2][39m Server packages are not going to be (re)installed
[35m[ADB][39m Adding packages ["io.appium.settings","io.appium.uiautomator2.server","io.appium.uiautomator2.server.test"] to Doze whitelist
[35m[ADB][39m 'C:\Users\Testing\Desktop\katalon\Version nueva\app-debug (2).apk' is signed with a non-default certificate
[35m[ADB][39m com.naposystems.napoleonchat was not uninstalled, because it was not present on the device
[35m[ADB][39m The application at 'C:\Users\Testing\Desktop\katalon\Version nueva\app-debug (2).apk' will not be cached, because the device under test has confirmed the support of streamed installs
[35m[ADB][39m The installation of 'app-debug (2).apk' took 9332ms
[35m[UiAutomator2][39m Starting UIAutomator2 server 4.27.0
[35m[UiAutomator2][39m Using UIAutomator2 server from 'C:\Users\Testing\AppData\Roaming\npm\node_modules\appium\node_modules\appium-uiautomator2-server\apks\appium-uiautomator2-server-v4.27.0.apk' and test from 'C:\Users\Testing\AppData\Roaming\npm\node_modules\appium\node_modules\appium-uiautomator2-server\apks\appium-uiautomator2-server-debug-androidTest.apk'
[35m[UiAutomator2][39m Waiting up to 30000ms for UiAutomator2 to be online...
[35m[WD Proxy][39m socket hang up
[35m[WD Proxy][39m socket hang up
[35m[WD Proxy][39m socket hang up
[35m[WD Proxy][39m socket hang up
[35m[WD Proxy][39m socket hang up
[35m[WD Proxy][39m socket hang up
[35m[WD Proxy][39m Determined the downstream protocol as 'W3C'
[35m[AndroidDriver][39m Screen already unlocked, doing nothing
[35m[UiAutomator2][39m Starting 'com.naposystems.napoleonchat/com.naposystems.napoleonchat.ui.mainActivity.MainActivity and waiting for 'com.naposystems.napoleonchat/com.naposystems.napoleonchat.ui.mainActivity.MainActivity'
[35m[Appium][39m New AndroidUiautomator2Driver session created successfully, session 8bef943e-0ddf-4a98-ae82-e5997c5415b7 added to master session list
[35m[HTTP][39m [37m<-- POST /wd/hub/session [39m[32m200[39m [90m29771 ms - 1329[39m
[35m[HTTP][39m [90m[39m
[35m[HTTP][39m [37m-->[39m [37mGET[39m [37m/wd/hub/session/8bef943e-0ddf-4a98-ae82-e5997c5415b7[39m
[35m[HTTP][39m [90m{}[39m
[35m[HTTP][39m [37m<-- GET /wd/hub/session/8bef943e-0ddf-4a98-ae82-e5997c5415b7 [39m[32m200[39m [90m22 ms - 1283[39m
[35m[HTTP][39m [90m[39m
[35m[HTTP][39m [37m-->[39m [37mGET[39m [37m/wd/hub/session/8bef943e-0ddf-4a98-ae82-e5997c5415b7[39m
[35m[HTTP][39m [90m{}[39m
[35m[HTTP][39m [37m<-- GET /wd/hub/session/8bef943e-0ddf-4a98-ae82-e5997c5415b7 [39m[32m200[39m [90m23 ms - 1283[39m
[35m[HTTP][39m [90m[39m
[35m[HTTP][39m [37m-->[39m [37mGET[39m [37m/wd/hub/status[39m
[35m[HTTP][39m [90m{}[39m
[35m[HTTP][39m [37m<-- GET /wd/hub/status [39m[32m200[39m [90m1 ms - 68[39m
[35m[HTTP][39m [90m[39m
[35m[HTTP][39m [37m-->[39m [37mPOST[39m [37m/wd/hub/session/8bef943e-0ddf-4a98-ae82-e5997c5415b7/timeouts[39m
[35m[HTTP][39m [90m{"implicit":30000}[39m
[35m[HTTP][39m [37m<-- POST /wd/hub/session/8bef943e-0ddf-4a98-ae82-e5997c5415b7/timeouts [39m[32m200[39m [90m3 ms - 14[39m
[35m[HTTP][39m [90m[39m
[35m[HTTP][39m [37m-->[39m [37mGET[39m [37m/wd/hub/session/8bef943e-0ddf-4a98-ae82-e5997c5415b7/screenshot[39m
[35m[HTTP][39m [90m{}[39m
[35m[HTTP][39m [37m<-- GET /wd/hub/session/8bef943e-0ddf-4a98-ae82-e5997c5415b7/screenshot [39m[32m200[39m [90m930 ms - 102816[39m
[35m[HTTP][39m [90m[39m
[35m[HTTP][39m [37m-->[39m [37mGET[39m [37m/wd/hub/session/8bef943e-0ddf-4a98-ae82-e5997c5415b7/window/rect[39m
[35m[HTTP][39m [90m{}[39m
[35m[HTTP][39m [37m<-- GET /wd/hub/session/8bef943e-0ddf-4a98-ae82-e5997c5415b7/window/rect [39m[32m200[39m [90m25 ms - 49[39m
[35m[HTTP][39m [90m[39m
[35m[HTTP][39m [37m-->[39m [37mGET[39m [37m/wd/hub/session/8bef943e-0ddf-4a98-ae82-e5997c5415b7/appium/device/system_bars[39m
[35m[HTTP][39m [90m{}[39m
[35m[HTTP][39m [37m<-- GET /wd/hub/session/8bef943e-0ddf-4a98-ae82-e5997c5415b7/appium/device/system_bars [39m[32m200[39m [90m121 ms - 145[39m
[35m[HTTP][39m [90m[39m
[35m[HTTP][39m [37m-->[39m [37mPOST[39m [37m/wd/hub/session/8bef943e-0ddf-4a98-ae82-e5997c5415b7/timeouts[39m
[35m[HTTP][39m [90m{"implicit":50}[39m
[35m[HTTP][39m [37m<-- POST /wd/hub/session/8bef943e-0ddf-4a98-ae82-e5997c5415b7/timeouts [39m[32m200[39m [90m3 ms - 14[39m
[35m[HTTP][39m [90m[39m
[35m[HTTP][39m [37m-->[39m [37mGET[39m [37m/wd/hub/session/8bef943e-0ddf-4a98-ae82-e5997c5415b7/window/rect[39m
[35m[HTTP][39m [90m{}[39m
[35m[HTTP][39m [37m<-- GET /wd/hub/session/8bef943e-0ddf-4a98-ae82-e5997c5415b7/window/rect [39m[32m200[39m [90m20 ms - 49[39m
[35m[HTTP][39m [90m[39m
[35m[HTTP][39m [37m-->[39m [37mPOST[39m [37m/wd/hub/session/8bef943e-0ddf-4a98-ae82-e5997c5415b7/elements[39m
[35m[HTTP][39m [90m{"using":"xpath","value":"//*[@class = 'android.widget.TextView' and (@text = 'Omitir' or . = 'Omitir') and @resource-id = 'com.naposystems.napoleonchat:id/textViewSkip']"}[39m
[35m[HTTP][39m [37m<-- POST /wd/hub/session/8bef943e-0ddf-4a98-ae82-e5997c5415b7/elements [39m[32m200[39m [90m936 ms - 139[39m
[35m[HTTP][39m [90m[39m
[35m[HTTP][39m [37m-->[39m [37mGET[39m [37m/wd/hub/session/8bef943e-0ddf-4a98-ae82-e5997c5415b7/element/00000000-0000-021a-ffff-ffff00000033/location[39m
[35m[HTTP][39m [90m{}[39m
[35m[W3C (8bef943e)][39m Driver proxy active, passing request on via HTTP proxy
[35m[WD Proxy][39m Replacing sessionId c62c8bc3-3c20-496a-85b1-3d89c58ba854 with 8bef943e-0ddf-4a98-ae82-e5997c5415b7
[35m[HTTP][39m [37m<-- GET /wd/hub/session/8bef943e-0ddf-4a98-ae82-e5997c5415b7/element/00000000-0000-021a-ffff-ffff00000033/location [39m[32m200[39m [90m33 ms - 77[39m
[35m[HTTP][39m [90m[39m
[35m[HTTP][39m [37m-->[39m [37mPOST[39m [37m/wd/hub/session/8bef943e-0ddf-4a98-ae82-e5997c5415b7/timeouts[39m
[35m[HTTP][39m [90m{"implicit":30000}[39m
[35m[HTTP][39m [37m<-- POST /wd/hub/session/8bef943e-0ddf-4a98-ae82-e5997c5415b7/timeouts [39m[32m200[39m [90m1 ms - 14[39m
[35m[HTTP][39m [90m[39m
[35m[HTTP][39m [37m-->[39m [37mPOST[39m [37m/wd/hub/session/8bef943e-0ddf-4a98-ae82-e5997c5415b7/element/00000000-0000-021a-ffff-ffff00000033/click[39m
[35m[HTTP][39m [90m{"id":"00000000-0000-021a-ffff-ffff00000033"}[39m
[35m[HTTP][39m [37m<-- POST /wd/hub/session/8bef943e-0ddf-4a98-ae82-e5997c5415b7/element/00000000-0000-021a-ffff-ffff00000033/click [39m[32m200[39m [90m98 ms - 14[39m
[35m[HTTP][39m [90m[39m
[35m[HTTP][39m [37m-->[39m [37mPOST[39m [37m/wd/hub/session/8bef943e-0ddf-4a98-ae82-e5997c5415b7/timeouts[39m
[35m[HTTP][39m [90m{"implicit":50}[39m
[35m[HTTP][39m [37m<-- POST /wd/hub/session/8bef943e-0ddf-4a98-ae82-e5997c5415b7/timeouts [39m[32m200[39m [90m1 ms - 14[39m
[35m[HTTP][39m [90m[39m
[35m[HTTP][39m [37m-->[39m [37mGET[39m [37m/wd/hub/session/8bef943e-0ddf-4a98-ae82-e5997c5415b7/window/rect[39m
[35m[HTTP][39m [90m{}[39m
[35m[HTTP][39m [37m<-- GET /wd/hub/session/8bef943e-0ddf-4a98-ae82-e5997c5415b7/window/rect [39m[32m200[39m [90m19 ms - 49[39m
[35m[HTTP][39m [90m[39m
[35m[HTTP][39m [37m-->[39m [37mPOST[39m [37m/wd/hub/session/8bef943e-0ddf-4a98-ae82-e5997c5415b7/elements[39m
[35m[HTTP][39m [90m{"using":"xpath","value":"//*[@class = 'android.widget.Button' and (@text = 'Crear Cuenta' or . = 'Crear Cuenta') and @resource-id = 'com.naposystems.napoleonchat:id/button_register']"}[39m
[35m[HTTP][39m [37m<-- POST /wd/hub/session/8bef943e-0ddf-4a98-ae82-e5997c5415b7/elements [39m[32m200[39m [90m972 ms - 139[39m
[35m[HTTP][39m [90m[39m
[35m[HTTP][39m [37m-->[39m [37mGET[39m [37m/wd/hub/session/8bef943e-0ddf-4a98-ae82-e5997c5415b7/element/00000000-0000-021a-ffff-ffff00000047/location[39m
[35m[HTTP][39m [90m{}[39m
[35m[W3C (8bef943e)][39m Driver proxy active, passing request on via HTTP proxy
[35m[WD Proxy][39m Replacing sessionId c62c8bc3-3c20-496a-85b1-3d89c58ba854 with 8bef943e-0ddf-4a98-ae82-e5997c5415b7
[35m[HTTP][39m [37m<-- GET /wd/hub/session/8bef943e-0ddf-4a98-ae82-e5997c5415b7/element/00000000-0000-021a-ffff-ffff00000047/location [39m[32m200[39m [90m30 ms - 78[39m
[35m[HTTP][39m [90m[39m
[35m[HTTP][39m [37m-->[39m [37mPOST[39m [37m/wd/hub/session/8bef943e-0ddf-4a98-ae82-e5997c5415b7/timeouts[39m
[35m[HTTP][39m [90m{"implicit":30000}[39m
[35m[HTTP][39m [37m<-- POST /wd/hub/session/8bef943e-0ddf-4a98-ae82-e5997c5415b7/timeouts [39m[32m200[39m [90m1 ms - 14[39m
[35m[HTTP][39m [90m[39m
[35m[HTTP][39m [37m-->[39m [37mPOST[39m [37m/wd/hub/session/8bef943e-0ddf-4a98-ae82-e5997c5415b7/element/00000000-0000-021a-ffff-ffff00000047/click[39m
[35m[HTTP][39m [90m{"id":"00000000-0000-021a-ffff-ffff00000047"}[39m
[35m[HTTP][39m [37m<-- POST /wd/hub/session/8bef943e-0ddf-4a98-ae82-e5997c5415b7/element/00000000-0000-021a-ffff-ffff00000047/click [39m[32m200[39m [90m91 ms - 14[39m
[35m[HTTP][39m [90m[39m
[35m[HTTP][39m [37m-->[39m [37mPOST[39m [37m/wd/hub/session/8bef943e-0ddf-4a98-ae82-e5997c5415b7/timeouts[39m
[35m[HTTP][39m [90m{"implicit":50}[39m
[35m[HTTP][39m [37m<-- POST /wd/hub/session/8bef943e-0ddf-4a98-ae82-e5997c5415b7/timeouts [39m[32m200[39m [90m1 ms - 14[39m
[35m[HTTP][39m [90m[39m
[35m[HTTP][39m [37m-->[39m [37mGET[39m [37m/wd/hub/session/8bef943e-0ddf-4a98-ae82-e5997c5415b7/window/rect[39m
[35m[HTTP][39m [90m{}[39m
[35m[HTTP][39m [37m<-- GET /wd/hub/session/8bef943e-0ddf-4a98-ae82-e5997c5415b7/window/rect [39m[32m200[39m [90m19 ms - 49[39m
[35m[HTTP][39m [90m[39m
[35m[HTTP][39m [37m-->[39m [37mPOST[39m [37m/wd/hub/session/8bef943e-0ddf-4a98-ae82-e5997c5415b7/elements[39m
[35m[HTTP][39m [90m{"using":"xpath","value":"//*[@class = 'android.widget.Button' and (@text = 'Enviar código de registro' or . = 'Enviar código de registro') and @resource-id = 'com.naposystems.napoleonchat:id/button_request_code']"}[39m
[35m[HTTP][39m [37m<-- POST /wd/hub/session/8bef943e-0ddf-4a98-ae82-e5997c5415b7/elements [39m[32m200[39m [90m1541 ms - 139[39m
[35m[HTTP][39m [90m[39m
[35m[HTTP][39m [37m-->[39m [37mGET[39m [37m/wd/hub/session/8bef943e-0ddf-4a98-ae82-e5997c5415b7/element/00000000-0000-021a-ffff-ffff0000005a/location[39m
[35m[HTTP][39m [90m{}[39m
[35m[W3C (8bef943e)][39m Driver proxy active, passing request on via HTTP proxy
[35m[WD Proxy][39m Replacing sessionId c62c8bc3-3c20-496a-85b1-3d89c58ba854 with 8bef943e-0ddf-4a98-ae82-e5997c5415b7
[35m[HTTP][39m [37m<-- GET /wd/hub/session/8bef943e-0ddf-4a98-ae82-e5997c5415b7/element/00000000-0000-021a-ffff-ffff0000005a/location [39m[32m200[39m [90m29 ms - 78[39m
[35m[HTTP][39m [90m[39m
[35m[HTTP][39m [37m-->[39m [37mPOST[39m [37m/wd/hub/session/8bef943e-0ddf-4a98-ae82-e5997c5415b7/timeouts[39m
[35m[HTTP][39m [90m{"implicit":30000}[39m
[35m[HTTP][39m [37m<-- POST /wd/hub/session/8bef943e-0ddf-4a98-ae82-e5997c5415b7/timeouts [39m[32m200[39m [90m2 ms - 14[39m
[35m[HTTP][39m [90m[39m
[35m[HTTP][39m [37m-->[39m [37mPOST[39m [37m/wd/hub/session/8bef943e-0ddf-4a98-ae82-e5997c5415b7/element/00000000-0000-021a-ffff-ffff0000005a/click[39m
[35m[HTTP][39m [90m{"id":"00000000-0000-021a-ffff-ffff0000005a"}[39m
[35m[HTTP][39m [37m<-- POST /wd/hub/session/8bef943e-0ddf-4a98-ae82-e5997c5415b7/element/00000000-0000-021a-ffff-ffff0000005a/click [39m[32m200[39m [90m81 ms - 14[39m
[35m[HTTP][39m [90m[39m
[35m[HTTP][39m [37m-->[39m [37mPOST[39m [37m/wd/hub/session/8bef943e-0ddf-4a98-ae82-e5997c5415b7/timeouts[39m
[35m[HTTP][39m [90m{"implicit":50}[39m
[35m[HTTP][39m [37m<-- POST /wd/hub/session/8bef943e-0ddf-4a98-ae82-e5997c5415b7/timeouts [39m[32m200[39m [90m1 ms - 14[39m
[35m[HTTP][39m [90m[39m
[35m[HTTP][39m [37m-->[39m [37mGET[39m [37m/wd/hub/session/8bef943e-0ddf-4a98-ae82-e5997c5415b7/window/rect[39m
[35m[HTTP][39m [90m{}[39m
[35m[HTTP][39m [37m<-- GET /wd/hub/session/8bef943e-0ddf-4a98-ae82-e5997c5415b7/window/rect [39m[32m200[39m [90m19 ms - 49[39m
[35m[HTTP][39m [90m[39m
[35m[HTTP][39m [37m-->[39m [37mPOST[39m [37m/wd/hub/session/8bef943e-0ddf-4a98-ae82-e5997c5415b7/elements[39m
[35m[HTTP][39m [90m{"using":"xpath","value":"//*[@class = 'android.widget.Button' and (@text = 'Continuar' or . = 'Continuar') and @resource-id = 'com.naposystems.napoleonchat:id/button_continue']"}[39m
[35m[HTTP][39m [37m<-- POST /wd/hub/session/8bef943e-0ddf-4a98-ae82-e5997c5415b7/elements [39m[32m200[39m [90m1512 ms - 12[39m
[35m[HTTP][39m [90m[39m
[35m[HTTP][39m [37m-->[39m [37mPOST[39m [37m/wd/hub/session/8bef943e-0ddf-4a98-ae82-e5997c5415b7/elements[39m
[35m[HTTP][39m [90m{"using":"xpath","value":"//*[@class = 'android.widget.Button' and (@text = 'Continuar' or . = 'Continuar') and @resource-id = 'com.naposystems.napoleonchat:id/button_continue']"}[39m
[35m[HTTP][39m [37m<-- POST /wd/hub/session/8bef943e-0ddf-4a98-ae82-e5997c5415b7/elements [39m[32m200[39m [90m522 ms - 12[39m
[35m[HTTP][39m [90m[39m
[35m[HTTP][39m [37m-->[39m [37mPOST[39m [37m/wd/hub/session/8bef943e-0ddf-4a98-ae82-e5997c5415b7/elements[39m
[35m[HTTP][39m [90m{"using":"xpath","value":"//*[@class = 'android.widget.Button' and (@text = 'Continuar' or . = 'Continuar') and @resource-id = 'com.naposystems.napoleonchat:id/button_continue']"}[39m
[35m[HTTP][39m [37m<-- POST /wd/hub/session/8bef943e-0ddf-4a98-ae82-e5997c5415b7/elements [39m[32m200[39m [90m218 ms - 12[39m
[35m[HTTP][39m [90m[39m
[35m[HTTP][39m [37m-->[39m [37mPOST[39m [37m/wd/hub/session/8bef943e-0ddf-4a98-ae82-e5997c5415b7/elements[39m
[35m[HTTP][39m [90m{"using":"xpath","value":"//*[@class = 'android.widget.Button' and (@text = 'Continuar' or . = 'Continuar') and @resource-id = 'com.naposystems.napoleonchat:id/button_continue']"}[39m
[35m[HTTP][39m [37m<-- POST /wd/hub/session/8bef943e-0ddf-4a98-ae82-e5997c5415b7/elements [39m[32m200[39m [90m189 ms - 12[39m
[35m[HTTP][39m [90m[39m
[35m[HTTP][39m [37m-->[39m [37mPOST[39m [37m/wd/hub/session/8bef943e-0ddf-4a98-ae82-e5997c5415b7/elements[39m
[35m[HTTP][39m [90m{"using":"xpath","value":"//*[@class = 'android.widget.Button' and (@text = 'Continuar' or . = 'Continuar') and @resource-id = 'com.naposystems.napoleonchat:id/button_continue']"}[39m
[35m[HTTP][39m [37m<-- POST /wd/hub/session/8bef943e-0ddf-4a98-ae82-e5997c5415b7/elements [39m[32m200[39m [90m289 ms - 12[39m
[35m[HTTP][39m [90m[39m
[35m[HTTP][39m [37m-->[39m [37mPOST[39m [37m/wd/hub/session/8bef943e-0ddf-4a98-ae82-e5997c5415b7/elements[39m
[35m[HTTP][39m [90m{"using":"xpath","value":"//*[@class = 'android.widget.Button' and (@text = 'Continuar' or . = 'Continuar') and @resource-id = 'com.naposystems.napoleonchat:id/button_continue']"}[39m
[35m[HTTP][39m [37m<-- POST /wd/hub/session/8bef943e-0ddf-4a98-ae82-e5997c5415b7/elements [39m[32m200[39m [90m1613 ms - 139[39m
[35m[HTTP][39m [90m[39m
[35m[HTTP][39m [37m-->[39m [37mGET[39m [37m/wd/hub/session/8bef943e-0ddf-4a98-ae82-e5997c5415b7/element/00000000-0000-021a-ffff-ffff00000072/location[39m
[35m[HTTP][39m [90m{}[39m
[35m[W3C (8bef943e)][39m Driver proxy active, passing request on via HTTP proxy
[35m[WD Proxy][39m Replacing sessionId c62c8bc3-3c20-496a-85b1-3d89c58ba854 with 8bef943e-0ddf-4a98-ae82-e5997c5415b7
[35m[HTTP][39m [37m<-- GET /wd/hub/session/8bef943e-0ddf-4a98-ae82-e5997c5415b7/element/00000000-0000-021a-ffff-ffff00000072/location [39m[32m200[39m [90m2162 ms - 77[39m
[35m[HTTP][39m [90m[39m
[35m[HTTP][39m [37m-->[39m [37mPOST[39m [37m/wd/hub/session/8bef943e-0ddf-4a98-ae82-e5997c5415b7/timeouts[39m
[35m[HTTP][39m [90m{"implicit":30000}[39m
[35m[HTTP][39m [37m<-- POST /wd/hub/session/8bef943e-0ddf-4a98-ae82-e5997c5415b7/timeouts [39m[32m200[39m [90m1 ms - 14[39m
[35m[HTTP][39m [90m[39m
[35m[HTTP][39m [37m-->[39m [37mPOST[39m [37m/wd/hub/session/8bef943e-0ddf-4a98-ae82-e5997c5415b7/element/00000000-0000-021a-ffff-ffff00000072/click[39m
[35m[HTTP][39m [90m{"id":"00000000-0000-021a-ffff-ffff00000072"}[39m
[35m[HTTP][39m [37m<-- POST /wd/hub/session/8bef943e-0ddf-4a98-ae82-e5997c5415b7/element/00000000-0000-021a-ffff-ffff00000072/click [39m[32m200[39m [90m79 ms - 14[39m
[35m[HTTP][39m [90m[39m
[35m[HTTP][39m [37m-->[39m [37mPOST[39m [37m/wd/hub/session/8bef943e-0ddf-4a98-ae82-e5997c5415b7/timeouts[39m
[35m[HTTP][39m [90m{"implicit":50}[39m
[35m[HTTP][39m [37m<-- POST /wd/hub/session/8bef943e-0ddf-4a98-ae82-e5997c5415b7/timeouts [39m[32m200[39m [90m1 ms - 14[39m
[35m[HTTP][39m [90m[39m
[35m[HTTP][39m [37m-->[39m [37mGET[39m [37m/wd/hub/session/8bef943e-0ddf-4a98-ae82-e5997c5415b7/window/rect[39m
[35m[HTTP][39m [90m{}[39m
[35m[HTTP][39m [37m<-- GET /wd/hub/session/8bef943e-0ddf-4a98-ae82-e5997c5415b7/window/rect [39m[32m200[39m [90m20 ms - 49[39m
[35m[HTTP][39m [90m[39m
[35m[HTTP][39m [37m-->[39m [37mPOST[39m [37m/wd/hub/session/8bef943e-0ddf-4a98-ae82-e5997c5415b7/elements[39m
[35m[HTTP][39m [90m{"using":"xpath","value":"//*[@class = 'android.widget.EditText' and (@text = 'Apodo*' or . = 'Apodo*') and @resource-id = 'com.naposystems.napoleonchat:id/textInputEditText_nickname']"}[39m
[35m[HTTP][39m [37m<-- POST /wd/hub/session/8bef943e-0ddf-4a98-ae82-e5997c5415b7/elements [39m[32m200[39m [90m1875 ms - 139[39m
[35m[HTTP][39m [90m[39m
[35m[HTTP][39m [37m-->[39m [37mGET[39m [37m/wd/hub/session/8bef943e-0ddf-4a98-ae82-e5997c5415b7/element/00000000-0000-021a-ffff-ffff000000a0/location[39m
[35m[HTTP][39m [90m{}[39m
[35m[W3C (8bef943e)][39m Driver proxy active, passing request on via HTTP proxy
[35m[WD Proxy][39m Replacing sessionId c62c8bc3-3c20-496a-85b1-3d89c58ba854 with 8bef943e-0ddf-4a98-ae82-e5997c5415b7
[35m[HTTP][39m [37m<-- GET /wd/hub/session/8bef943e-0ddf-4a98-ae82-e5997c5415b7/element/00000000-0000-021a-ffff-ffff000000a0/location [39m[32m200[39m [90m251 ms - 77[39m
[35m[HTTP][39m [90m[39m
[35m[HTTP][39m [37m-->[39m [37mPOST[39m [37m/wd/hub/session/8bef943e-0ddf-4a98-ae82-e5997c5415b7/timeouts[39m
[35m[HTTP][39m [90m{"implicit":30000}[39m
[35m[HTTP][39m [37m<-- POST /wd/hub/session/8bef943e-0ddf-4a98-ae82-e5997c5415b7/timeouts [39m[32m200[39m [90m1 ms - 14[39m
[35m[HTTP][39m [90m[39m
[35m[HTTP][39m [37m-->[39m [37mPOST[39m [37m/wd/hub/session/8bef943e-0ddf-4a98-ae82-e5997c5415b7/element/00000000-0000-021a-ffff-ffff000000a0/clear[39m
[35m[HTTP][39m [90m{"id":"00000000-0000-021a-ffff-ffff000000a0"}[39m
[35m[HTTP][39m [37m<-- POST /wd/hub/session/8bef943e-0ddf-4a98-ae82-e5997c5415b7/element/00000000-0000-021a-ffff-ffff000000a0/clear [39m[32m200[39m [90m73 ms - 14[39m
[35m[HTTP][39m [90m[39m
[35m[HTTP][39m [37m-->[39m [37mPOST[39m [37m/wd/hub/session/8bef943e-0ddf-4a98-ae82-e5997c5415b7/element/00000000-0000-021a-ffff-ffff000000a0/value[39m
[35m[HTTP][39m [90m{"id":"00000000-0000-021a-ffff-ffff000000a0","text":"libre024","value":["l","i","b","r","e","0","2","4"]}[39m
[35m[HTTP][39m [37m<-- POST /wd/hub/session/8bef943e-0ddf-4a98-ae82-e5997c5415b7/element/00000000-0000-021a-ffff-ffff000000a0/value [39m[32m200[39m [90m2427 ms - 14[39m
[35m[HTTP][39m [90m[39m
[35m[HTTP][39m [37m-->[39m [37mPOST[39m [37m/wd/hub/session/8bef943e-0ddf-4a98-ae82-e5997c5415b7/timeouts[39m
[35m[HTTP][39m [90m{"implicit":50}[39m
[35m[HTTP][39m [37m<-- POST /wd/hub/session/8bef943e-0ddf-4a98-ae82-e5997c5415b7/timeouts [39m[32m200[39m [90m1 ms - 14[39m
[35m[HTTP][39m [90m[39m
[35m[HTTP][39m [37m-->[39m [37mGET[39m [37m/wd/hub/session/8bef943e-0ddf-4a98-ae82-e5997c5415b7/window/rect[39m
[35m[HTTP][39m [90m{}[39m
[35m[HTTP][39m [37m<-- GET /wd/hub/session/8bef943e-0ddf-4a98-ae82-e5997c5415b7/window/rect [39m[32m200[39m [90m17 ms - 49[39m
[35m[HTTP][39m [90m[39m
[35m[HTTP][39m [37m-->[39m [37mPOST[39m [37m/wd/hub/session/8bef943e-0ddf-4a98-ae82-e5997c5415b7/elements[39m
[35m[HTTP][39m [90m{"using":"xpath","value":"//*[@class = 'android.widget.Button' and (@text = 'Siguiente' or . = 'Siguiente') and @resource-id = 'com.naposystems.napoleonchat:id/button_next']"}[39m
[35m[HTTP][39m [37m<-- POST /wd/hub/session/8bef943e-0ddf-4a98-ae82-e5997c5415b7/elements [39m[32m200[39m [90m928 ms - 139[39m
[35m[HTTP][39m [90m[39m
[35m[HTTP][39m [37m-->[39m [37mGET[39m [37m/wd/hub/session/8bef943e-0ddf-4a98-ae82-e5997c5415b7/element/00000000-0000-021a-ffff-ffff000000bf/location[39m
[35m[HTTP][39m [90m{}[39m
[35m[W3C (8bef943e)][39m Driver proxy active, passing request on via HTTP proxy
[35m[WD Proxy][39m Replacing sessionId c62c8bc3-3c20-496a-85b1-3d89c58ba854 with 8bef943e-0ddf-4a98-ae82-e5997c5415b7
[35m[HTTP][39m [37m<-- GET /wd/hub/session/8bef943e-0ddf-4a98-ae82-e5997c5415b7/element/00000000-0000-021a-ffff-ffff000000bf/location [39m[32m200[39m [90m34 ms - 78[39m
[35m[HTTP][39m [90m[39m
[35m[HTTP][39m [37m-->[39m [37mPOST[39m [37m/wd/hub/session/8bef943e-0ddf-4a98-ae82-e5997c5415b7/timeouts[39m
[35m[HTTP][39m [90m{"implicit":30000}[39m
[35m[HTTP][39m [37m<-- POST /wd/hub/session/8bef943e-0ddf-4a98-ae82-e5997c5415b7/timeouts [39m[32m200[39m [90m1 ms - 14[39m
[35m[HTTP][39m [90m[39m
[35m[HTTP][39m [37m-->[39m [37mPOST[39m [37m/wd/hub/session/8bef943e-0ddf-4a98-ae82-e5997c5415b7/element/00000000-0000-021a-ffff-ffff000000bf/click[39m
[35m[HTTP][39m [90m{"id":"00000000-0000-021a-ffff-ffff000000bf"}[39m
[35m[HTTP][39m [37m<-- POST /wd/hub/session/8bef943e-0ddf-4a98-ae82-e5997c5415b7/element/00000000-0000-021a-ffff-ffff000000bf/click [39m[32m200[39m [90m97 ms - 14[39m
[35m[HTTP][39m [90m[39m
[35m[HTTP][39m [37m-->[39m [37mPOST[39m [37m/wd/hub/session/8bef943e-0ddf-4a98-ae82-e5997c5415b7/timeouts[39m
[35m[HTTP][39m [90m{"implicit":50}[39m
[35m[HTTP][39m [37m<-- POST /wd/hub/session/8bef943e-0ddf-4a98-ae82-e5997c5415b7/timeouts [39m[32m200[39m [90m1 ms - 14[39m
[35m[HTTP][39m [90m[39m
[35m[HTTP][39m [37m-->[39m [37mGET[39m [37m/wd/hub/session/8bef943e-0ddf-4a98-ae82-e5997c5415b7/window/rect[39m
[35m[HTTP][39m [90m{}[39m
[35m[HTTP][39m [37m<-- GET /wd/hub/session/8bef943e-0ddf-4a98-ae82-e5997c5415b7/window/rect [39m[32m200[39m [90m18 ms - 49[39m
[35m[HTTP][39m [90m[39m
[35m[HTTP][39m [37m-->[39m [37mPOST[39m [37m/wd/hub/session/8bef943e-0ddf-4a98-ae82-e5997c5415b7/elements[39m
[35m[HTTP][39m [90m{"using":"xpath","value":"//*[@class = 'android.widget.EditText' and (@text = 'Pin de Acceso' or . = 'Pin de Acceso') and @resource-id = 'com.naposystems.napoleonchat:id/textInputEditText_access_pin']"}[39m
[35m[HTTP][39m [37m<-- POST /wd/hub/session/8bef943e-0ddf-4a98-ae82-e5997c5415b7/elements [39m[32m200[39m [90m753 ms - 139[39m
[35m[HTTP][39m [90m[39m
[35m[HTTP][39m [37m-->[39m [37mGET[39m [37m/wd/hub/session/8bef943e-0ddf-4a98-ae82-e5997c5415b7/element/00000000-0000-021a-ffff-ffff000000cf/location[39m
[35m[HTTP][39m [90m{}[39m
[35m[W3C (8bef943e)][39m Driver proxy active, passing request on via HTTP proxy
[35m[WD Proxy][39m Replacing sessionId c62c8bc3-3c20-496a-85b1-3d89c58ba854 with 8bef943e-0ddf-4a98-ae82-e5997c5415b7
[35m[HTTP][39m [37m<-- GET /wd/hub/session/8bef943e-0ddf-4a98-ae82-e5997c5415b7/element/00000000-0000-021a-ffff-ffff000000cf/location [39m[32m200[39m [90m493 ms - 77[39m
[35m[HTTP][39m [90m[39m
[35m[HTTP][39m [37m-->[39m [37mPOST[39m [37m/wd/hub/session/8bef943e-0ddf-4a98-ae82-e5997c5415b7/timeouts[39m
[35m[HTTP][39m [90m{"implicit":30000}[39m
[35m[HTTP][39m [37m<-- POST /wd/hub/session/8bef943e-0ddf-4a98-ae82-e5997c5415b7/timeouts [39m[32m200[39m [90m5 ms - 14[39m
[35m[HTTP][39m [90m[39m
[35m[HTTP][39m [37m-->[39m [37mPOST[39m [37m/wd/hub/session/8bef943e-0ddf-4a98-ae82-e5997c5415b7/element/00000000-0000-021a-ffff-ffff000000cf/clear[39m
[35m[HTTP][39m [90m{"id":"00000000-0000-021a-ffff-ffff000000cf"}[39m
[35m[HTTP][39m [37m<-- POST /wd/hub/session/8bef943e-0ddf-4a98-ae82-e5997c5415b7/element/00000000-0000-021a-ffff-ffff000000cf/clear [39m[32m200[39m [90m60 ms - 14[39m
[35m[HTTP][39m [90m[39m
[35m[HTTP][39m [37m-->[39m [37mPOST[39m [37m/wd/hub/session/8bef943e-0ddf-4a98-ae82-e5997c5415b7/element/00000000-0000-021a-ffff-ffff000000cf/value[39m
[35m[HTTP][39m [90m{"id":"00000000-0000-021a-ffff-ffff000000cf","text":"0000","value":["0","0","0","0"]}[39m
[35m[HTTP][39m [37m<-- POST /wd/hub/session/8bef943e-0ddf-4a98-ae82-e5997c5415b7/element/00000000-0000-021a-ffff-ffff000000cf/value [39m[32m200[39m [90m1717 ms - 14[39m
[35m[HTTP][39m [90m[39m
[35m[HTTP][39m [37m-->[39m [37mPOST[39m [37m/wd/hub/session/8bef943e-0ddf-4a98-ae82-e5997c5415b7/timeouts[39m
[35m[HTTP][39m [90m{"implicit":50}[39m
[35m[HTTP][39m [37m<-- POST /wd/hub/session/8bef943e-0ddf-4a98-ae82-e5997c5415b7/timeouts [39m[32m200[39m [90m1 ms - 14[39m
[35m[HTTP][39m [90m[39m
[35m[HTTP][39m [37m-->[39m [37mGET[39m [37m/wd/hub/session/8bef943e-0ddf-4a98-ae82-e5997c5415b7/window/rect[39m
[35m[HTTP][39m [90m{}[39m
[35m[HTTP][39m [37m<-- GET /wd/hub/session/8bef943e-0ddf-4a98-ae82-e5997c5415b7/window/rect [39m[32m200[39m [90m19 ms - 49[39m
[35m[HTTP][39m [90m[39m
[35m[HTTP][39m [37m-->[39m [37mPOST[39m [37m/wd/hub/session/8bef943e-0ddf-4a98-ae82-e5997c5415b7/elements[39m
[35m[HTTP][39m [90m{"using":"xpath","value":"//*[@class = 'android.widget.EditText' and (@text = 'Confirmar nuevo pin de acceso' or . = 'Confirmar nuevo pin de acceso') and @resource-id = 'com.naposystems.napoleonchat:id/textInputEditText_confirm_access_pin']"}[39m
[35m[HTTP][39m [37m<-- POST /wd/hub/session/8bef943e-0ddf-4a98-ae82-e5997c5415b7/elements [39m[32m200[39m [90m673 ms - 139[39m
[35m[HTTP][39m [90m[39m
[35m[HTTP][39m [37m-->[39m [37mGET[39m [37m/wd/hub/session/8bef943e-0ddf-4a98-ae82-e5997c5415b7/element/00000000-0000-021a-ffff-ffff000000de/location[39m
[35m[HTTP][39m [90m{}[39m
[35m[W3C (8bef943e)][39m Driver proxy active, passing request on via HTTP proxy
[35m[WD Proxy][39m Replacing sessionId c62c8bc3-3c20-496a-85b1-3d89c58ba854 with 8bef943e-0ddf-4a98-ae82-e5997c5415b7
[35m[HTTP][39m [37m<-- GET /wd/hub/session/8bef943e-0ddf-4a98-ae82-e5997c5415b7/element/00000000-0000-021a-ffff-ffff000000de/location [39m[32m200[39m [90m34 ms - 78[39m
[35m[HTTP][39m [90m[39m
[35m[HTTP][39m [37m-->[39m [37mPOST[39m [37m/wd/hub/session/8bef943e-0ddf-4a98-ae82-e5997c5415b7/timeouts[39m
[35m[HTTP][39m [90m{"implicit":30000}[39m
[35m[HTTP][39m [37m<-- POST /wd/hub/session/8bef943e-0ddf-4a98-ae82-e5997c5415b7/timeouts [39m[32m200[39m [90m1 ms - 14[39m
[35m[HTTP][39m [90m[39m
[35m[HTTP][39m [37m-->[39m [37mPOST[39m [37m/wd/hub/session/8bef943e-0ddf-4a98-ae82-e5997c5415b7/element/00000000-0000-021a-ffff-ffff000000de/clear[39m
[35m[HTTP][39m [90m{"id":"00000000-0000-021a-ffff-ffff000000de"}[39m
[35m[HTTP][39m [37m<-- POST /wd/hub/session/8bef943e-0ddf-4a98-ae82-e5997c5415b7/element/00000000-0000-021a-ffff-ffff000000de/clear [39m[32m200[39m [90m63 ms - 14[39m
[35m[HTTP][39m [90m[39m
[35m[HTTP][39m [37m-->[39m [37mPOST[39m [37m/wd/hub/session/8bef943e-0ddf-4a98-ae82-e5997c5415b7/element/00000000-0000-021a-ffff-ffff000000de/value[39m
[35m[HTTP][39m [90m{"id":"00000000-0000-021a-ffff-ffff000000de","text":"0000","value":["0","0","0","0"]}[39m
[35m[HTTP][39m [37m<-- POST /wd/hub/session/8bef943e-0ddf-4a98-ae82-e5997c5415b7/element/00000000-0000-021a-ffff-ffff000000de/value [39m[32m200[39m [90m1669 ms - 14[39m
[35m[HTTP][39m [90m[39m
[35m[HTTP][39m [37m-->[39m [37mPOST[39m [37m/wd/hub/session/8bef943e-0ddf-4a98-ae82-e5997c5415b7/timeouts[39m
[35m[HTTP][39m [90m{"implicit":50}[39m
[35m[HTTP][39m [37m<-- POST /wd/hub/session/8bef943e-0ddf-4a98-ae82-e5997c5415b7/timeouts [39m[32m200[39m [90m2 ms - 14[39m
[35m[HTTP][39m [90m[39m
[35m[HTTP][39m [37m-->[39m [37mGET[39m [37m/wd/hub/session/8bef943e-0ddf-4a98-ae82-e5997c5415b7/window/rect[39m
[35m[HTTP][39m [90m{}[39m
[35m[HTTP][39m [37m<-- GET /wd/hub/session/8bef943e-0ddf-4a98-ae82-e5997c5415b7/window/rect [39m[32m200[39m [90m20 ms - 49[39m
[35m[HTTP][39m [90m[39m
[35m[HTTP][39m [37m-->[39m [37mPOST[39m [37m/wd/hub/session/8bef943e-0ddf-4a98-ae82-e5997c5415b7/elements[39m
[35m[HTTP][39m [90m{"using":"xpath","value":"//*[@class = 'android.widget.Button' and (@text = 'Crear Cuenta' or . = 'Crear Cuenta') and @resource-id = 'com.naposystems.napoleonchat:id/button_register']"}[39m
[35m[HTTP][39m [37m<-- POST /wd/hub/session/8bef943e-0ddf-4a98-ae82-e5997c5415b7/elements [39m[32m200[39m [90m644 ms - 139[39m
[35m[HTTP][39m [90m[39m
[35m[HTTP][39m [37m-->[39m [37mGET[39m [37m/wd/hub/session/8bef943e-0ddf-4a98-ae82-e5997c5415b7/element/00000000-0000-021a-ffff-ffff000000ec/location[39m
[35m[HTTP][39m [90m{}[39m
[35m[W3C (8bef943e)][39m Driver proxy active, passing request on via HTTP proxy
[35m[WD Proxy][39m Replacing sessionId c62c8bc3-3c20-496a-85b1-3d89c58ba854 with 8bef943e-0ddf-4a98-ae82-e5997c5415b7
[35m[HTTP][39m [37m<-- GET /wd/hub/session/8bef943e-0ddf-4a98-ae82-e5997c5415b7/element/00000000-0000-021a-ffff-ffff000000ec/location [39m[32m200[39m [90m28 ms - 79[39m
[35m[HTTP][39m [90m[39m
[35m[HTTP][39m [37m-->[39m [37mPOST[39m [37m/wd/hub/session/8bef943e-0ddf-4a98-ae82-e5997c5415b7/timeouts[39m
[35m[HTTP][39m [90m{"implicit":30000}[39m
[35m[HTTP][39m [37m<-- POST /wd/hub/session/8bef943e-0ddf-4a98-ae82-e5997c5415b7/timeouts [39m[32m200[39m [90m2 ms - 14[39m
[35m[HTTP][39m [90m[39m
[35m[HTTP][39m [37m-->[39m [37mPOST[39m [37m/wd/hub/session/8bef943e-0ddf-4a98-ae82-e5997c5415b7/element/00000000-0000-021a-ffff-ffff000000ec/click[39m
[35m[HTTP][39m [90m{"id":"00000000-0000-021a-ffff-ffff000000ec"}[39m
[35m[HTTP][39m [37m<-- POST /wd/hub/session/8bef943e-0ddf-4a98-ae82-e5997c5415b7/element/00000000-0000-021a-ffff-ffff000000ec/click [39m[32m200[39m [90m83 ms - 14[39m
[35m[HTTP][39m [90m[39m
[35m[HTTP][39m [37m-->[39m [37mPOST[39m [37m/wd/hub/session/8bef943e-0ddf-4a98-ae82-e5997c5415b7/timeouts[39m
[35m[HTTP][39m [90m{"implicit":50}[39m
[35m[HTTP][39m [37m<-- POST /wd/hub/session/8bef943e-0ddf-4a98-ae82-e5997c5415b7/timeouts [39m[32m200[39m [90m1 ms - 14[39m
[35m[HTTP][39m [90m[39m
[35m[HTTP][39m [37m-->[39m [37mGET[39m [37m/wd/hub/session/8bef943e-0ddf-4a98-ae82-e5997c5415b7/window/rect[39m
[35m[HTTP][39m [90m{}[39m
[35m[HTTP][39m [37m<-- GET /wd/hub/session/8bef943e-0ddf-4a98-ae82-e5997c5415b7/window/rect [39m[32m200[39m [90m22 ms - 49[39m
[35m[HTTP][39m [90m[39m
[35m[HTTP][39m [37m-->[39m [37mPOST[39m [37m/wd/hub/session/8bef943e-0ddf-4a98-ae82-e5997c5415b7/elements[39m
[35m[HTTP][39m [90m{"using":"xpath","value":"//*[@class = 'android.widget.FrameLayout' and @resource-id = 'com.naposystems.napoleonchat:id/profileFragment' and (@text = '' or . = '')]"}[39m
[35m[HTTP][39m [37m<-- POST /wd/hub/session/8bef943e-0ddf-4a98-ae82-e5997c5415b7/elements [39m[32m200[39m [90m429 ms - 139[39m
[35m[HTTP][39m [90m[39m
[35m[HTTP][39m [37m-->[39m [37mGET[39m [37m/wd/hub/session/8bef943e-0ddf-4a98-ae82-e5997c5415b7/element/00000000-0000-021a-ffff-ffff00000017/location[39m
[35m[HTTP][39m [90m{}[39m
[35m[W3C (8bef943e)][39m Driver proxy active, passing request on via HTTP proxy
[35m[WD Proxy][39m Replacing sessionId c62c8bc3-3c20-496a-85b1-3d89c58ba854 with 8bef943e-0ddf-4a98-ae82-e5997c5415b7
[35m[HTTP][39m [37m<-- GET /wd/hub/session/8bef943e-0ddf-4a98-ae82-e5997c5415b7/element/00000000-0000-021a-ffff-ffff00000017/location [39m[32m200[39m [90m26 ms - 79[39m
[35m[HTTP][39m [90m[39m
[35m[HTTP][39m [37m-->[39m [37mPOST[39m [37m/wd/hub/session/8bef943e-0ddf-4a98-ae82-e5997c5415b7/timeouts[39m
[35m[HTTP][39m [90m{"implicit":30000}[39m
[35m[HTTP][39m [37m<-- POST /wd/hub/session/8bef943e-0ddf-4a98-ae82-e5997c5415b7/timeouts [39m[32m200[39m [90m1 ms - 14[39m
[35m[HTTP][39m [90m[39m
[35m[HTTP][39m [37m-->[39m [37mPOST[39m [37m/wd/hub/session/8bef943e-0ddf-4a98-ae82-e5997c5415b7/element/00000000-0000-021a-ffff-ffff00000017/click[39m
[35m[HTTP][39m [90m{"id":"00000000-0000-021a-ffff-ffff00000017"}[39m
[35m[HTTP][39m [37m<-- POST /wd/hub/session/8bef943e-0ddf-4a98-ae82-e5997c5415b7/element/00000000-0000-021a-ffff-ffff00000017/click [39m[32m200[39m [90m83 ms - 14[39m
[35m[HTTP][39m [90m[39m
[35m[HTTP][39m [37m-->[39m [37mPOST[39m [37m/wd/hub/session/8bef943e-0ddf-4a98-ae82-e5997c5415b7/timeouts[39m
[35m[HTTP][39m [90m{"implicit":50}[39m
[35m[HTTP][39m [37m<-- POST /wd/hub/session/8bef943e-0ddf-4a98-ae82-e5997c5415b7/timeouts [39m[32m200[39m [90m1 ms - 14[39m
[35m[HTTP][39m [90m[39m
[35m[HTTP][39m [37m-->[39m [37mGET[39m [37m/wd/hub/session/8bef943e-0ddf-4a98-ae82-e5997c5415b7/window/rect[39m
[35m[HTTP][39m [90m{}[39m
[35m[HTTP][39m [37m<-- GET /wd/hub/session/8bef943e-0ddf-4a98-ae82-e5997c5415b7/window/rect [39m[32m200[39m [90m17 ms - 49[39m
[35m[HTTP][39m [90m[39m
[35m[HTTP][39m [37m-->[39m [37mPOST[39m [37m/wd/hub/session/8bef943e-0ddf-4a98-ae82-e5997c5415b7/elements[39m
[35m[HTTP][39m [90m{"using":"xpath","value":"//*[@class = 'android.widget.LinearLayout' and @resource-id = 'com.naposystems.napoleonchat:id/container_settings_account' and (@text = '' or . = '')]"}[39m
[35m[HTTP][39m [37m<-- POST /wd/hub/session/8bef943e-0ddf-4a98-ae82-e5997c5415b7/elements [39m[32m200[39m [90m1441 ms - 139[39m
[35m[HTTP][39m [90m[39m
[35m[HTTP][39m [37m-->[39m [37mGET[39m [37m/wd/hub/session/8bef943e-0ddf-4a98-ae82-e5997c5415b7/element/00000000-0000-021a-ffff-ffff00000129/location[39m
[35m[HTTP][39m [90m{}[39m
[35m[W3C (8bef943e)][39m Driver proxy active, passing request on via HTTP proxy
[35m[WD Proxy][39m Replacing sessionId c62c8bc3-3c20-496a-85b1-3d89c58ba854 with 8bef943e-0ddf-4a98-ae82-e5997c5415b7
[35m[HTTP][39m [37m<-- GET /wd/hub/session/8bef943e-0ddf-4a98-ae82-e5997c5415b7/element/00000000-0000-021a-ffff-ffff00000129/location [39m[32m200[39m [90m27 ms - 77[39m
[35m[HTTP][39m [90m[39m
[35m[HTTP][39m [37m-->[39m [37mPOST[39m [37m/wd/hub/session/8bef943e-0ddf-4a98-ae82-e5997c5415b7/timeouts[39m
[35m[HTTP][39m [90m{"implicit":30000}[39m
[35m[HTTP][39m [37m<-- POST /wd/hub/session/8bef943e-0ddf-4a98-ae82-e5997c5415b7/timeouts [39m[32m200[39m [90m1 ms - 14[39m
[35m[HTTP][39m [90m[39m
[35m[HTTP][39m [37m-->[39m [37mPOST[39m [37m/wd/hub/session/8bef943e-0ddf-4a98-ae82-e5997c5415b7/element/00000000-0000-021a-ffff-ffff00000129/click[39m
[35m[HTTP][39m [90m{"id":"00000000-0000-021a-ffff-ffff00000129"}[39m
[35m[HTTP][39m [37m<-- POST /wd/hub/session/8bef943e-0ddf-4a98-ae82-e5997c5415b7/element/00000000-0000-021a-ffff-ffff00000129/click [39m[32m200[39m [90m97 ms - 14[39m
[35m[HTTP][39m [90m[39m
[35m[HTTP][39m [37m-->[39m [37mPOST[39m [37m/wd/hub/session/8bef943e-0ddf-4a98-ae82-e5997c5415b7/timeouts[39m
[35m[HTTP][39m [90m{"implicit":50}[39m
[35m[HTTP][39m [37m<-- POST /wd/hub/session/8bef943e-0ddf-4a98-ae82-e5997c5415b7/timeouts [39m[32m200[39m [90m1 ms - 14[39m
[35m[HTTP][39m [90m[39m
[35m[HTTP][39m [37m-->[39m [37mGET[39m [37m/wd/hub/session/8bef943e-0ddf-4a98-ae82-e5997c5415b7/window/rect[39m
[35m[HTTP][39m [90m{}[39m
[35m[HTTP][39m [37m<-- GET /wd/hub/session/8bef943e-0ddf-4a98-ae82-e5997c5415b7/window/rect [39m[32m200[39m [90m18 ms - 49[39m
[35m[HTTP][39m [90m[39m
[35m[HTTP][39m [37m-->[39m [37mPOST[39m [37m/wd/hub/session/8bef943e-0ddf-4a98-ae82-e5997c5415b7/elements[39m
[35m[HTTP][39m [90m{"using":"xpath","value":"//*[@class = 'android.widget.LinearLayout' and @resource-id = 'com.naposystems.napoleonchat:id/container_access_pin' and (@text = '' or . = '')]"}[39m
[35m[HTTP][39m [37m<-- POST /wd/hub/session/8bef943e-0ddf-4a98-ae82-e5997c5415b7/elements [39m[32m200[39m [90m1967 ms - 139[39m
[35m[HTTP][39m [90m[39m
[35m[HTTP][39m [37m-->[39m [37mGET[39m [37m/wd/hub/session/8bef943e-0ddf-4a98-ae82-e5997c5415b7/element/00000000-0000-021a-ffff-ffff0000013d/location[39m
[35m[HTTP][39m [90m{}[39m
[35m[W3C (8bef943e)][39m Driver proxy active, passing request on via HTTP proxy
[35m[WD Proxy][39m Replacing sessionId c62c8bc3-3c20-496a-85b1-3d89c58ba854 with 8bef943e-0ddf-4a98-ae82-e5997c5415b7
[35m[HTTP][39m [37m<-- GET /wd/hub/session/8bef943e-0ddf-4a98-ae82-e5997c5415b7/element/00000000-0000-021a-ffff-ffff0000013d/location [39m[32m200[39m [90m25 ms - 77[39m
[35m[HTTP][39m [90m[39m
[35m[HTTP][39m [37m-->[39m [37mPOST[39m [37m/wd/hub/session/8bef943e-0ddf-4a98-ae82-e5997c5415b7/timeouts[39m
[35m[HTTP][39m [90m{"implicit":30000}[39m
[35m[HTTP][39m [37m<-- POST /wd/hub/session/8bef943e-0ddf-4a98-ae82-e5997c5415b7/timeouts [39m[32m200[39m [90m2 ms - 14[39m
[35m[HTTP][39m [90m[39m
[35m[HTTP][39m [37m-->[39m [37mPOST[39m [37m/wd/hub/session/8bef943e-0ddf-4a98-ae82-e5997c5415b7/element/00000000-0000-021a-ffff-ffff0000013d/click[39m
[35m[HTTP][39m [90m{"id":"00000000-0000-021a-ffff-ffff0000013d"}[39m
[35m[HTTP][39m [37m<-- POST /wd/hub/session/8bef943e-0ddf-4a98-ae82-e5997c5415b7/element/00000000-0000-021a-ffff-ffff0000013d/click [39m[32m200[39m [90m71 ms - 14[39m
[35m[HTTP][39m [90m[39m
[35m[HTTP][39m [37m-->[39m [37mPOST[39m [37m/wd/hub/session/8bef943e-0ddf-4a98-ae82-e5997c5415b7/timeouts[39m
[35m[HTTP][39m [90m{"implicit":50}[39m
[35m[HTTP][39m [37m<-- POST /wd/hub/session/8bef943e-0ddf-4a98-ae82-e5997c5415b7/timeouts [39m[32m200[39m [90m1 ms - 14[39m
[35m[HTTP][39m [90m[39m
[35m[HTTP][39m [37m-->[39m [37mGET[39m [37m/wd/hub/session/8bef943e-0ddf-4a98-ae82-e5997c5415b7/window/rect[39m
[35m[HTTP][39m [90m{}[39m
[35m[HTTP][39m [37m<-- GET /wd/hub/session/8bef943e-0ddf-4a98-ae82-e5997c5415b7/window/rect [39m[32m200[39m [90m15 ms - 49[39m
[35m[HTTP][39m [90m[39m
[35m[HTTP][39m [37m-->[39m [37mPOST[39m [37m/wd/hub/session/8bef943e-0ddf-4a98-ae82-e5997c5415b7/elements[39m
[35m[HTTP][39m [90m{"using":"xpath","value":"//*[@class = 'android.widget.EditText' and (@text = 'Pin de acceso antiguo' or . = 'Pin de acceso antiguo') and @resource-id = 'com.naposystems.napoleonchat:id/textInputEditText_old_access_pin']"}[39m
[35m[HTTP][39m [37m<-- POST /wd/hub/session/8bef943e-0ddf-4a98-ae82-e5997c5415b7/elements [39m[32m200[39m [90m554 ms - 139[39m
[35m[HTTP][39m [90m[39m
[35m[HTTP][39m [37m-->[39m [37mGET[39m [37m/wd/hub/session/8bef943e-0ddf-4a98-ae82-e5997c5415b7/element/00000000-0000-021a-ffff-ffff00000162/location[39m
[35m[HTTP][39m [90m{}[39m
[35m[W3C (8bef943e)][39m Driver proxy active, passing request on via HTTP proxy
[35m[WD Proxy][39m Replacing sessionId c62c8bc3-3c20-496a-85b1-3d89c58ba854 with 8bef943e-0ddf-4a98-ae82-e5997c5415b7
[35m[HTTP][39m [37m<-- GET /wd/hub/session/8bef943e-0ddf-4a98-ae82-e5997c5415b7/element/00000000-0000-021a-ffff-ffff00000162/location [39m[32m200[39m [90m437 ms - 77[39m
[35m[HTTP][39m [90m[39m
[35m[HTTP][39m [37m-->[39m [37mPOST[39m [37m/wd/hub/session/8bef943e-0ddf-4a98-ae82-e5997c5415b7/timeouts[39m
[35m[HTTP][39m [90m{"implicit":30000}[39m
[35m[HTTP][39m [37m<-- POST /wd/hub/session/8bef943e-0ddf-4a98-ae82-e5997c5415b7/timeouts [39m[32m200[39m [90m2 ms - 14[39m
[35m[HTTP][39m [90m[39m
[35m[HTTP][39m [37m-->[39m [37mPOST[39m [37m/wd/hub/session/8bef943e-0ddf-4a98-ae82-e5997c5415b7/element/00000000-0000-021a-ffff-ffff00000162/clear[39m
[35m[HTTP][39m [90m{"id":"00000000-0000-021a-ffff-ffff00000162"}[39m
[35m[HTTP][39m [37m<-- POST /wd/hub/session/8bef943e-0ddf-4a98-ae82-e5997c5415b7/element/00000000-0000-021a-ffff-ffff00000162/clear [39m[32m200[39m [90m42 ms - 14[39m
[35m[HTTP][39m [90m[39m
[35m[HTTP][39m [37m-->[39m [37mPOST[39m [37m/wd/hub/session/8bef943e-0ddf-4a98-ae82-e5997c5415b7/element/00000000-0000-021a-ffff-ffff00000162/value[39m
[35m[HTTP][39m [90m{"id":"00000000-0000-021a-ffff-ffff00000162","text":"0000","value":["0","0","0","0"]}[39m
[35m[HTTP][39m [37m<-- POST /wd/hub/session/8bef943e-0ddf-4a98-ae82-e5997c5415b7/element/00000000-0000-021a-ffff-ffff00000162/value [39m[32m200[39m [90m1060 ms - 14[39m
[35m[HTTP][39m [90m[39m
[35m[HTTP][39m [37m-->[39m [37mPOST[39m [37m/wd/hub/session/8bef943e-0ddf-4a98-ae82-e5997c5415b7/timeouts[39m
[35m[HTTP][39m [90m{"implicit":50}[39m
[35m[HTTP][39m [37m<-- POST /wd/hub/session/8bef943e-0ddf-4a98-ae82-e5997c5415b7/timeouts [39m[32m200[39m [90m1 ms - 14[39m
[35m[HTTP][39m [90m[39m
[35m[HTTP][39m [37m-->[39m [37mGET[39m [37m/wd/hub/session/8bef943e-0ddf-4a98-ae82-e5997c5415b7/window/rect[39m
[35m[HTTP][39m [90m{}[39m
[35m[HTTP][39m [37m<-- GET /wd/hub/session/8bef943e-0ddf-4a98-ae82-e5997c5415b7/window/rect [39m[32m200[39m [90m18 ms - 49[39m
[35m[HTTP][39m [90m[39m
[35m[HTTP][39m [37m-->[39m [37mPOST[39m [37m/wd/hub/session/8bef943e-0ddf-4a98-ae82-e5997c5415b7/elements[39m
[35m[HTTP][39m [90m{"using":"xpath","value":"//*[@class = 'android.widget.EditText' and (@text = 'Nuevo pin de acceso' or . = 'Nuevo pin de acceso') and @resource-id = 'com.naposystems.napoleonchat:id/textInputEditText_access_pin']"}[39m
[35m[HTTP][39m [37m<-- POST /wd/hub/session/8bef943e-0ddf-4a98-ae82-e5997c5415b7/elements [39m[32m200[39m [90m559 ms - 139[39m
[35m[HTTP][39m [90m[39m
[35m[HTTP][39m [37m-->[39m [37mGET[39m [37m/wd/hub/session/8bef943e-0ddf-4a98-ae82-e5997c5415b7/element/00000000-0000-021a-ffff-ffff00000171/location[39m
[35m[HTTP][39m [90m{}[39m
[35m[W3C (8bef943e)][39m Driver proxy active, passing request on via HTTP proxy
[35m[WD Proxy][39m Replacing sessionId c62c8bc3-3c20-496a-85b1-3d89c58ba854 with 8bef943e-0ddf-4a98-ae82-e5997c5415b7
[35m[HTTP][39m [37m<-- GET /wd/hub/session/8bef943e-0ddf-4a98-ae82-e5997c5415b7/element/00000000-0000-021a-ffff-ffff00000171/location [39m[32m200[39m [90m26 ms - 77[39m
[35m[HTTP][39m [90m[39m
[35m[HTTP][39m [37m-->[39m [37mPOST[39m [37m/wd/hub/session/8bef943e-0ddf-4a98-ae82-e5997c5415b7/timeouts[39m
[35m[HTTP][39m [90m{"implicit":30000}[39m
[35m[HTTP][39m [37m<-- POST /wd/hub/session/8bef943e-0ddf-4a98-ae82-e5997c5415b7/timeouts [39m[32m200[39m [90m1 ms - 14[39m
[35m[HTTP][39m [90m[39m
[35m[HTTP][39m [37m-->[39m [37mPOST[39m [37m/wd/hub/session/8bef943e-0ddf-4a98-ae82-e5997c5415b7/element/00000000-0000-021a-ffff-ffff00000171/clear[39m
[35m[HTTP][39m [90m{"id":"00000000-0000-021a-ffff-ffff00000171"}[39m
[35m[HTTP][39m [37m<-- POST /wd/hub/session/8bef943e-0ddf-4a98-ae82-e5997c5415b7/element/00000000-0000-021a-ffff-ffff00000171/clear [39m[32m200[39m [90m32 ms - 14[39m
[35m[HTTP][39m [90m[39m
[35m[HTTP][39m [37m-->[39m [37mPOST[39m [37m/wd/hub/session/8bef943e-0ddf-4a98-ae82-e5997c5415b7/element/00000000-0000-021a-ffff-ffff00000171/value[39m
[35m[HTTP][39m [90m{"id":"00000000-0000-021a-ffff-ffff00000171","text":"1234","value":["1","2","3","4"]}[39m
[35m[HTTP][39m [37m<-- POST /wd/hub/session/8bef943e-0ddf-4a98-ae82-e5997c5415b7/element/00000000-0000-021a-ffff-ffff00000171/value [39m[32m200[39m [90m1048 ms - 14[39m
[35m[HTTP][39m [90m[39m
[35m[HTTP][39m [37m-->[39m [37mPOST[39m [37m/wd/hub/session/8bef943e-0ddf-4a98-ae82-e5997c5415b7/timeouts[39m
[35m[HTTP][39m [90m{"implicit":50}[39m
[35m[HTTP][39m [37m<-- POST /wd/hub/session/8bef943e-0ddf-4a98-ae82-e5997c5415b7/timeouts [39m[32m200[39m [90m1 ms - 14[39m
[35m[HTTP][39m [90m[39m
[35m[HTTP][39m [37m-->[39m [37mGET[39m [37m/wd/hub/session/8bef943e-0ddf-4a98-ae82-e5997c5415b7/window/rect[39m
[35m[HTTP][39m [90m{}[39m
[35m[HTTP][39m [37m<-- GET /wd/hub/session/8bef943e-0ddf-4a98-ae82-e5997c5415b7/window/rect [39m[32m200[39m [90m15 ms - 49[39m
[35m[HTTP][39m [90m[39m
[35m[HTTP][39m [37m-->[39m [37mPOST[39m [37m/wd/hub/session/8bef943e-0ddf-4a98-ae82-e5997c5415b7/elements[39m
[35m[HTTP][39m [90m{"using":"xpath","value":"//*[@class = 'android.widget.EditText' and (@text = 'Confirmar nuevo pin de acceso' or . = 'Confirmar nuevo pin de acceso') and @resource-id = 'com.naposystems.napoleonchat:id/textInputEditText_confirm_access_pin']"}[39m
[35m[HTTP][39m [37m<-- POST /wd/hub/session/8bef943e-0ddf-4a98-ae82-e5997c5415b7/elements [39m[32m200[39m [90m509 ms - 139[39m
[35m[HTTP][39m [90m[39m
[35m[HTTP][39m [37m-->[39m [37mGET[39m [37m/wd/hub/session/8bef943e-0ddf-4a98-ae82-e5997c5415b7/element/00000000-0000-021a-ffff-ffff00000180/location[39m
[35m[HTTP][39m [90m{}[39m
[35m[W3C (8bef943e)][39m Driver proxy active, passing request on via HTTP proxy
[35m[WD Proxy][39m Replacing sessionId c62c8bc3-3c20-496a-85b1-3d89c58ba854 with 8bef943e-0ddf-4a98-ae82-e5997c5415b7
[35m[HTTP][39m [37m<-- GET /wd/hub/session/8bef943e-0ddf-4a98-ae82-e5997c5415b7/element/00000000-0000-021a-ffff-ffff00000180/location [39m[32m200[39m [90m26 ms - 78[39m
[35m[HTTP][39m [90m[39m
[35m[HTTP][39m [37m-->[39m [37mPOST[39m [37m/wd/hub/session/8bef943e-0ddf-4a98-ae82-e5997c5415b7/timeouts[39m
[35m[HTTP][39m [90m{"implicit":30000}[39m
[35m[HTTP][39m [37m<-- POST /wd/hub/session/8bef943e-0ddf-4a98-ae82-e5997c5415b7/timeouts [39m[32m200[39m [90m1 ms - 14[39m
[35m[HTTP][39m [90m[39m
[35m[HTTP][39m [37m-->[39m [37mPOST[39m [37m/wd/hub/session/8bef943e-0ddf-4a98-ae82-e5997c5415b7/element/00000000-0000-021a-ffff-ffff00000180/clear[39m
[35m[HTTP][39m [90m{"id":"00000000-0000-021a-ffff-ffff00000180"}[39m
[35m[HTTP][39m [37m<-- POST /wd/hub/session/8bef943e-0ddf-4a98-ae82-e5997c5415b7/element/00000000-0000-021a-ffff-ffff00000180/clear [39m[32m200[39m [90m35 ms - 14[39m
[35m[HTTP][39m [90m[39m
[35m[HTTP][39m [37m-->[39m [37mPOST[39m [37m/wd/hub/session/8bef943e-0ddf-4a98-ae82-e5997c5415b7/element/00000000-0000-021a-ffff-ffff00000180/value[39m
[35m[HTTP][39m [90m{"id":"00000000-0000-021a-ffff-ffff00000180","text":"4321","value":["4","3","2","1"]}[39m
[35m[HTTP][39m [37m<-- POST /wd/hub/session/8bef943e-0ddf-4a98-ae82-e5997c5415b7/element/00000000-0000-021a-ffff-ffff00000180/value [39m[32m200[39m [90m558 ms - 14[39m
[35m[HTTP][39m [90m[39m
[35m[HTTP][39m [37m-->[39m [37mPOST[39m [37m/wd/hub/session/8bef943e-0ddf-4a98-ae82-e5997c5415b7/timeouts[39m
[35m[HTTP][39m [90m{"implicit":50}[39m
[35m[HTTP][39m [37m<-- POST /wd/hub/session/8bef943e-0ddf-4a98-ae82-e5997c5415b7/timeouts [39m[32m200[39m [90m1 ms - 14[39m
[35m[HTTP][39m [90m[39m
[35m[HTTP][39m [37m-->[39m [37mGET[39m [37m/wd/hub/session/8bef943e-0ddf-4a98-ae82-e5997c5415b7/window/rect[39m
[35m[HTTP][39m [90m{}[39m
[35m[HTTP][39m [37m<-- GET /wd/hub/session/8bef943e-0ddf-4a98-ae82-e5997c5415b7/window/rect [39m[32m200[39m [90m25 ms - 49[39m
[35m[HTTP][39m [90m[39m
[35m[HTTP][39m [37m-->[39m [37mPOST[39m [37m/wd/hub/session/8bef943e-0ddf-4a98-ae82-e5997c5415b7/elements[39m
[35m[HTTP][39m [90m{"using":"xpath","value":"//*[@class = 'android.widget.Button' and (@text = 'Editar' or . = 'Editar') and @resource-id = 'com.naposystems.napoleonchat:id/button_edit']"}[39m
[35m[HTTP][39m [37m<-- POST /wd/hub/session/8bef943e-0ddf-4a98-ae82-e5997c5415b7/elements [39m[32m200[39m [90m519 ms - 139[39m
[35m[HTTP][39m [90m[39m
[35m[HTTP][39m [37m-->[39m [37mGET[39m [37m/wd/hub/session/8bef943e-0ddf-4a98-ae82-e5997c5415b7/element/00000000-0000-021a-ffff-ffff0000018d/location[39m
[35m[HTTP][39m [90m{}[39m
[35m[W3C (8bef943e)][39m Driver proxy active, passing request on via HTTP proxy
[35m[WD Proxy][39m Replacing sessionId c62c8bc3-3c20-496a-85b1-3d89c58ba854 with 8bef943e-0ddf-4a98-ae82-e5997c5415b7
[35m[HTTP][39m [37m<-- GET /wd/hub/session/8bef943e-0ddf-4a98-ae82-e5997c5415b7/element/00000000-0000-021a-ffff-ffff0000018d/location [39m[32m200[39m [90m28 ms - 78[39m
[35m[HTTP][39m [90m[39m
[35m[HTTP][39m [37m-->[39m [37mPOST[39m [37m/wd/hub/session/8bef943e-0ddf-4a98-ae82-e5997c5415b7/timeouts[39m
[35m[HTTP][39m [90m{"implicit":30000}[39m
[35m[HTTP][39m [37m<-- POST /wd/hub/session/8bef943e-0ddf-4a98-ae82-e5997c5415b7/timeouts [39m[32m200[39m [90m1 ms - 14[39m
[35m[HTTP][39m [90m[39m
[35m[HTTP][39m [37m-->[39m [37mPOST[39m [37m/wd/hub/session/8bef943e-0ddf-4a98-ae82-e5997c5415b7/element/00000000-0000-021a-ffff-ffff0000018d/click[39m
[35m[HTTP][39m [90m{"id":"00000000-0000-021a-ffff-ffff0000018d"}[39m
[35m[HTTP][39m [37m<-- POST /wd/hub/session/8bef943e-0ddf-4a98-ae82-e5997c5415b7/element/00000000-0000-021a-ffff-ffff0000018d/click [39m[32m200[39m [90m919 ms - 14[39m
[35m[HTTP][39m [90m[39m
[35m[HTTP][39m [37m-->[39m [37mPOST[39m [37m/wd/hub/session/8bef943e-0ddf-4a98-ae82-e5997c5415b7/timeouts[39m
[35m[HTTP][39m [90m{"implicit":50}[39m
[35m[HTTP][39m [37m<-- POST /wd/hub/session/8bef943e-0ddf-4a98-ae82-e5997c5415b7/timeouts [39m[32m200[39m [90m1 ms - 14[39m
[35m[HTTP][39m [90m[39m
[35m[HTTP][39m [37m-->[39m [37mGET[39m [37m/wd/hub/session/8bef943e-0ddf-4a98-ae82-e5997c5415b7/window/rect[39m
[35m[HTTP][39m [90m{}[39m
[35m[HTTP][39m [37m<-- GET /wd/hub/session/8bef943e-0ddf-4a98-ae82-e5997c5415b7/window/rect [39m[32m200[39m [90m21 ms - 49[39m
[35m[HTTP][39m [90m[39m
[35m[HTTP][39m [37m-->[39m [37mPOST[39m [37m/wd/hub/session/8bef943e-0ddf-4a98-ae82-e5997c5415b7/elements[39m
[35m[HTTP][39m [90m{"using":"xpath","value":"//hierarchy/android.widget.FrameLayout[1]/android.widget.LinearLayout[1]/android.widget.FrameLayout[1]/android.widget.FrameLayout[1]/android.widget.FrameLayout[1]/android.view.ViewGroup[1]/android.widget.FrameLayout[2]/android.view.ViewGroup[1]/android.widget.ScrollView[1]/android.view.ViewGroup[1]/android.widget.FrameLayout[1]/android.widget.LinearLayout[1]/android.widget.LinearLayout[2]/android.widget.LinearLayout[1]/android.widget.FrameLayout[1]/android.widget.TextView[1]"}[39m
[35m[HTTP][39m [37m<-- POST /wd/hub/session/8bef943e-0ddf-4a98-ae82-e5997c5415b7/elements [39m[32m200[39m [90m130 ms - 139[39m
[35m[HTTP][39m [90m[39m
[35m[HTTP][39m [37m-->[39m [37mGET[39m [37m/wd/hub/session/8bef943e-0ddf-4a98-ae82-e5997c5415b7/element/00000000-0000-021a-ffff-ffff0000017c/location[39m
[35m[HTTP][39m [90m{}[39m
[35m[W3C (8bef943e)][39m Driver proxy active, passing request on via HTTP proxy
[35m[WD Proxy][39m Replacing sessionId c62c8bc3-3c20-496a-85b1-3d89c58ba854 with 8bef943e-0ddf-4a98-ae82-e5997c5415b7
[35m[HTTP][39m [37m<-- GET /wd/hub/session/8bef943e-0ddf-4a98-ae82-e5997c5415b7/element/00000000-0000-021a-ffff-ffff0000017c/location [39m[32m200[39m [90m25 ms - 77[39m
[35m[HTTP][39m [90m[39m
[35m[HTTP][39m [37m-->[39m [37mPOST[39m [37m/wd/hub/session/8bef943e-0ddf-4a98-ae82-e5997c5415b7/timeouts[39m
[35m[HTTP][39m [90m{"implicit":30000}[39m
[35m[HTTP][39m [37m<-- POST /wd/hub/session/8bef943e-0ddf-4a98-ae82-e5997c5415b7/timeouts [39m[32m200[39m [90m1 ms - 14[39m
[35m[HTTP][39m [90m[39m
[35m[HTTP][39m [37m-->[39m [37mGET[39m [37m/wd/hub/session/8bef943e-0ddf-4a98-ae82-e5997c5415b7/element/00000000-0000-021a-ffff-ffff0000017c/text[39m
[35m[HTTP][39m [90m{}[39m
[35m[W3C (8bef943e)][39m Driver proxy active, passing request on via HTTP proxy
[35m[WD Proxy][39m Replacing sessionId c62c8bc3-3c20-496a-85b1-3d89c58ba854 with 8bef943e-0ddf-4a98-ae82-e5997c5415b7
[35m[HTTP][39m [37m<-- GET /wd/hub/session/8bef943e-0ddf-4a98-ae82-e5997c5415b7/element/00000000-0000-021a-ffff-ffff0000017c/text [39m[32m200[39m [90m25 ms - 91[39m
[35m[HTTP][39m [90m[39m
[35m[HTTP][39m [37m-->[39m [37mPOST[39m [37m/wd/hub/session/8bef943e-0ddf-4a98-ae82-e5997c5415b7/timeouts[39m
[35m[HTTP][39m [90m{"implicit":50}[39m
[35m[HTTP][39m [37m<-- POST /wd/hub/session/8bef943e-0ddf-4a98-ae82-e5997c5415b7/timeouts [39m[32m200[39m [90m1 ms - 14[39m
[35m[HTTP][39m [90m[39m
[35m[HTTP][39m [37m-->[39m [37mGET[39m [37m/wd/hub/session/8bef943e-0ddf-4a98-ae82-e5997c5415b7/window/rect[39m
[35m[HTTP][39m [90m{}[39m
[35m[HTTP][39m [37m<-- GET /wd/hub/session/8bef943e-0ddf-4a98-ae82-e5997c5415b7/window/rect [39m[32m200[39m [90m17 ms - 49[39m
[35m[HTTP][39m [90m[39m
[35m[HTTP][39m [37m-->[39m [37mPOST[39m [37m/wd/hub/session/8bef943e-0ddf-4a98-ae82-e5997c5415b7/elements[39m
[35m[HTTP][39m [90m{"using":"xpath","value":"//hierarchy/android.widget.FrameLayout[1]/android.widget.LinearLayout[1]/android.widget.FrameLayout[1]/android.widget.FrameLayout[1]/android.widget.FrameLayout[1]/android.view.ViewGroup[1]/android.widget.FrameLayout[2]/android.view.ViewGroup[1]/android.widget.ScrollView[1]/android.view.ViewGroup[1]/android.widget.FrameLayout[1]/android.widget.LinearLayout[1]/android.widget.LinearLayout[3]/android.widget.LinearLayout[1]/android.widget.FrameLayout[1]/android.widget.TextView[1]"}[39m
[35m[HTTP][39m [37m<-- POST /wd/hub/session/8bef943e-0ddf-4a98-ae82-e5997c5415b7/elements [39m[32m200[39m [90m119 ms - 139[39m
[35m[HTTP][39m [90m[39m
[35m[HTTP][39m [37m-->[39m [37mGET[39m [37m/wd/hub/session/8bef943e-0ddf-4a98-ae82-e5997c5415b7/element/00000000-0000-021a-ffff-ffff0000018b/location[39m
[35m[HTTP][39m [90m{}[39m
[35m[W3C (8bef943e)][39m Driver proxy active, passing request on via HTTP proxy
[35m[WD Proxy][39m Replacing sessionId c62c8bc3-3c20-496a-85b1-3d89c58ba854 with 8bef943e-0ddf-4a98-ae82-e5997c5415b7
[35m[HTTP][39m [37m<-- GET /wd/hub/session/8bef943e-0ddf-4a98-ae82-e5997c5415b7/element/00000000-0000-021a-ffff-ffff0000018b/location [39m[32m200[39m [90m28 ms - 78[39m
[35m[HTTP][39m [90m[39m
[35m[HTTP][39m [37m-->[39m [37mPOST[39m [37m/wd/hub/session/8bef943e-0ddf-4a98-ae82-e5997c5415b7/timeouts[39m
[35m[HTTP][39m [90m{"implicit":30000}[39m
[35m[HTTP][39m [37m<-- POST /wd/hub/session/8bef943e-0ddf-4a98-ae82-e5997c5415b7/timeouts [39m[32m200[39m [90m1 ms - 14[39m
[35m[HTTP][39m [90m[39m
[35m[HTTP][39m [37m-->[39m [37mGET[39m [37m/wd/hub/session/8bef943e-0ddf-4a98-ae82-e5997c5415b7/element/00000000-0000-021a-ffff-ffff0000018b/text[39m
[35m[HTTP][39m [90m{}[39m
[35m[W3C (8bef943e)][39m Driver proxy active, passing request on via HTTP proxy
[35m[WD Proxy][39m Replacing sessionId c62c8bc3-3c20-496a-85b1-3d89c58ba854 with 8bef943e-0ddf-4a98-ae82-e5997c5415b7
[35m[HTTP][39m [37m<-- GET /wd/hub/session/8bef943e-0ddf-4a98-ae82-e5997c5415b7/element/00000000-0000-021a-ffff-ffff0000018b/text [39m[32m200[39m [90m24 ms - 91[39m
[35m[HTTP][39m [90m[39m
[35m[HTTP][39m [37m-->[39m [37mPOST[39m [37m/wd/hub/session/8bef943e-0ddf-4a98-ae82-e5997c5415b7/timeouts[39m
[35m[HTTP][39m [90m{"implicit":50}[39m
[35m[HTTP][39m [37m<-- POST /wd/hub/session/8bef943e-0ddf-4a98-ae82-e5997c5415b7/timeouts [39m[32m200[39m [90m1 ms - 14[39m
[35m[HTTP][39m [90m[39m
[35m[HTTP][39m [37m-->[39m [37mGET[39m [37m/wd/hub/session/8bef943e-0ddf-4a98-ae82-e5997c5415b7/window/rect[39m
[35m[HTTP][39m [90m{}[39m
[35m[HTTP][39m [37m<-- GET /wd/hub/session/8bef943e-0ddf-4a98-ae82-e5997c5415b7/window/rect [39m[32m200[39m [90m14 ms - 49[39m
[35m[HTTP][39m [90m[39m
[35m[HTTP][39m [37m-->[39m [37mPOST[39m [37m/wd/hub/session/8bef943e-0ddf-4a98-ae82-e5997c5415b7/elements[39m
[35m[HTTP][39m [90m{"using":"xpath","value":"//*[@class = 'android.widget.ImageButton' and (@text = '' or . = '')]"}[39m
[35m[HTTP][39m [37m<-- POST /wd/hub/session/8bef943e-0ddf-4a98-ae82-e5997c5415b7/elements [39m[32m200[39m [90m130 ms - 395[39m
[35m[HTTP][39m [90m[39m
[35m[HTTP][39m [37m-->[39m [37mGET[39m [37m/wd/hub/session/8bef943e-0ddf-4a98-ae82-e5997c5415b7/element/00000000-0000-021a-ffff-ffff0000002d/location[39m
[35m[HTTP][39m [90m{}[39m
[35m[W3C (8bef943e)][39m Driver proxy active, passing request on via HTTP proxy
[35m[WD Proxy][39m Replacing sessionId c62c8bc3-3c20-496a-85b1-3d89c58ba854 with 8bef943e-0ddf-4a98-ae82-e5997c5415b7
[35m[HTTP][39m [37m<-- GET /wd/hub/session/8bef943e-0ddf-4a98-ae82-e5997c5415b7/element/00000000-0000-021a-ffff-ffff0000002d/location [39m[32m200[39m [90m27 ms - 75[39m
[35m[HTTP][39m [90m[39m
[35m[HTTP][39m [37m-->[39m [37mPOST[39m [37m/wd/hub/session/8bef943e-0ddf-4a98-ae82-e5997c5415b7/timeouts[39m
[35m[HTTP][39m [90m{"implicit":30000}[39m
[35m[HTTP][39m [37m<-- POST /wd/hub/session/8bef943e-0ddf-4a98-ae82-e5997c5415b7/timeouts [39m[32m200[39m [90m1 ms - 14[39m
[35m[HTTP][39m [90m[39m
[35m[HTTP][39m [37m-->[39m [37mPOST[39m [37m/wd/hub/session/8bef943e-0ddf-4a98-ae82-e5997c5415b7/element/00000000-0000-021a-ffff-ffff0000002d/click[39m
[35m[HTTP][39m [90m{"id":"00000000-0000-021a-ffff-ffff0000002d"}[39m
[35m[HTTP][39m [37m<-- POST /wd/hub/session/8bef943e-0ddf-4a98-ae82-e5997c5415b7/element/00000000-0000-021a-ffff-ffff0000002d/click [39m[32m200[39m [90m82 ms - 14[39m
[35m[HTTP][39m [90m[39m
[35m[HTTP][39m [37m-->[39m [37mPOST[39m [37m/wd/hub/session/8bef943e-0ddf-4a98-ae82-e5997c5415b7/timeouts[39m
[35m[HTTP][39m [90m{"implicit":50}[39m
[35m[HTTP][39m [37m<-- POST /wd/hub/session/8bef943e-0ddf-4a98-ae82-e5997c5415b7/timeouts [39m[32m200[39m [90m1 ms - 14[39m
[35m[HTTP][39m [90m[39m
[35m[HTTP][39m [37m-->[39m [37mGET[39m [37m/wd/hub/session/8bef943e-0ddf-4a98-ae82-e5997c5415b7/window/rect[39m
[35m[HTTP][39m [90m{}[39m
[35m[HTTP][39m [37m<-- GET /wd/hub/session/8bef943e-0ddf-4a98-ae82-e5997c5415b7/window/rect [39m[32m200[39m [90m16 ms - 49[39m
[35m[HTTP][39m [90m[39m
[35m[HTTP][39m [37m-->[39m [37mPOST[39m [37m/wd/hub/session/8bef943e-0ddf-4a98-ae82-e5997c5415b7/elements[39m
[35m[HTTP][39m [90m{"using":"xpath","value":"//*[@class = 'android.widget.LinearLayout' and @resource-id = 'com.naposystems.napoleonchat:id/container_access_pin' and (@text = '' or . = '')]"}[39m
[35m[HTTP][39m [37m<-- POST /wd/hub/session/8bef943e-0ddf-4a98-ae82-e5997c5415b7/elements [39m[32m200[39m [90m217 ms - 139[39m
[35m[HTTP][39m [90m[39m
[35m[HTTP][39m [37m-->[39m [37mGET[39m [37m/wd/hub/session/8bef943e-0ddf-4a98-ae82-e5997c5415b7/element/00000000-0000-021a-ffff-ffff00000193/location[39m
[35m[HTTP][39m [90m{}[39m
[35m[W3C (8bef943e)][39m Driver proxy active, passing request on via HTTP proxy
[35m[WD Proxy][39m Replacing sessionId c62c8bc3-3c20-496a-85b1-3d89c58ba854 with 8bef943e-0ddf-4a98-ae82-e5997c5415b7
[35m[HTTP][39m [37m<-- GET /wd/hub/session/8bef943e-0ddf-4a98-ae82-e5997c5415b7/element/00000000-0000-021a-ffff-ffff00000193/location [39m[32m200[39m [90m402 ms - 77[39m
[35m[HTTP][39m [90m[39m
[35m[HTTP][39m [37m-->[39m [37mPOST[39m [37m/wd/hub/session/8bef943e-0ddf-4a98-ae82-e5997c5415b7/timeouts[39m
[35m[HTTP][39m [90m{"implicit":30000}[39m
[35m[HTTP][39m [37m<-- POST /wd/hub/session/8bef943e-0ddf-4a98-ae82-e5997c5415b7/timeouts [39m[32m200[39m [90m2 ms - 14[39m
[35m[HTTP][39m [90m[39m
[35m[HTTP][39m [37m-->[39m [37mPOST[39m [37m/wd/hub/session/8bef943e-0ddf-4a98-ae82-e5997c5415b7/element/00000000-0000-021a-ffff-ffff00000193/click[39m
[35m[HTTP][39m [90m{"id":"00000000-0000-021a-ffff-ffff00000193"}[39m
[35m[HTTP][39m [37m<-- POST /wd/hub/session/8bef943e-0ddf-4a98-ae82-e5997c5415b7/element/00000000-0000-021a-ffff-ffff00000193/click [39m[32m200[39m [90m83 ms - 14[39m
[35m[HTTP][39m [90m[39m
[35m[HTTP][39m [37m-->[39m [37mPOST[39m [37m/wd/hub/session/8bef943e-0ddf-4a98-ae82-e5997c5415b7/timeouts[39m
[35m[HTTP][39m [90m{"implicit":50}[39m
[35m[HTTP][39m [37m<-- POST /wd/hub/session/8bef943e-0ddf-4a98-ae82-e5997c5415b7/timeouts [39m[32m200[39m [90m1 ms - 14[39m
[35m[HTTP][39m [90m[39m
[35m[HTTP][39m [37m-->[39m [37mGET[39m [37m/wd/hub/session/8bef943e-0ddf-4a98-ae82-e5997c5415b7/window/rect[39m
[35m[HTTP][39m [90m{}[39m
[35m[HTTP][39m [37m<-- GET /wd/hub/session/8bef943e-0ddf-4a98-ae82-e5997c5415b7/window/rect [39m[32m200[39m [90m20 ms - 49[39m
[35m[HTTP][39m [90m[39m
[35m[HTTP][39m [37m-->[39m [37mPOST[39m [37m/wd/hub/session/8bef943e-0ddf-4a98-ae82-e5997c5415b7/elements[39m
[35m[HTTP][39m [90m{"using":"xpath","value":"//*[@class = 'android.widget.EditText' and (@text = 'Pin de acceso antiguo' or . = 'Pin de acceso antiguo') and @resource-id = 'com.naposystems.napoleonchat:id/textInputEditText_old_access_pin']"}[39m
[35m[HTTP][39m [37m<-- POST /wd/hub/session/8bef943e-0ddf-4a98-ae82-e5997c5415b7/elements [39m[32m200[39m [90m546 ms - 139[39m
[35m[HTTP][39m [90m[39m
[35m[HTTP][39m [37m-->[39m [37mGET[39m [37m/wd/hub/session/8bef943e-0ddf-4a98-ae82-e5997c5415b7/element/00000000-0000-021a-ffff-ffff000001b8/location[39m
[35m[HTTP][39m [90m{}[39m
[35m[W3C (8bef943e)][39m Driver proxy active, passing request on via HTTP proxy
[35m[WD Proxy][39m Replacing sessionId c62c8bc3-3c20-496a-85b1-3d89c58ba854 with 8bef943e-0ddf-4a98-ae82-e5997c5415b7
[35m[HTTP][39m [37m<-- GET /wd/hub/session/8bef943e-0ddf-4a98-ae82-e5997c5415b7/element/00000000-0000-021a-ffff-ffff000001b8/location [39m[32m200[39m [90m528 ms - 77[39m
[35m[HTTP][39m [90m[39m
[35m[HTTP][39m [37m-->[39m [37mPOST[39m [37m/wd/hub/session/8bef943e-0ddf-4a98-ae82-e5997c5415b7/timeouts[39m
[35m[HTTP][39m [90m{"implicit":30000}[39m
[35m[HTTP][39m [37m<-- POST /wd/hub/session/8bef943e-0ddf-4a98-ae82-e5997c5415b7/timeouts [39m[32m200[39m [90m2 ms - 14[39m
[35m[HTTP][39m [90m[39m
[35m[HTTP][39m [37m-->[39m [37mPOST[39m [37m/wd/hub/session/8bef943e-0ddf-4a98-ae82-e5997c5415b7/element/00000000-0000-021a-ffff-ffff000001b8/clear[39m
[35m[HTTP][39m [90m{"id":"00000000-0000-021a-ffff-ffff000001b8"}[39m
[35m[HTTP][39m [37m<-- POST /wd/hub/session/8bef943e-0ddf-4a98-ae82-e5997c5415b7/element/00000000-0000-021a-ffff-ffff000001b8/clear [39m[32m200[39m [90m41 ms - 14[39m
[35m[HTTP][39m [90m[39m
[35m[HTTP][39m [37m-->[39m [37mPOST[39m [37m/wd/hub/session/8bef943e-0ddf-4a98-ae82-e5997c5415b7/element/00000000-0000-021a-ffff-ffff000001b8/value[39m
[35m[HTTP][39m [90m{"id":"00000000-0000-021a-ffff-ffff000001b8","text":"1234","value":["1","2","3","4"]}[39m
[35m[HTTP][39m [37m<-- POST /wd/hub/session/8bef943e-0ddf-4a98-ae82-e5997c5415b7/element/00000000-0000-021a-ffff-ffff000001b8/value [39m[32m200[39m [90m1082 ms - 14[39m
[35m[HTTP][39m [90m[39m
[35m[HTTP][39m [37m-->[39m [37mPOST[39m [37m/wd/hub/session/8bef943e-0ddf-4a98-ae82-e5997c5415b7/timeouts[39m
[35m[HTTP][39m [90m{"implicit":50}[39m
[35m[HTTP][39m [37m<-- POST /wd/hub/session/8bef943e-0ddf-4a98-ae82-e5997c5415b7/timeouts [39m[32m200[39m [90m1 ms - 14[39m
[35m[HTTP][39m [90m[39m
[35m[HTTP][39m [37m-->[39m [37mGET[39m [37m/wd/hub/session/8bef943e-0ddf-4a98-ae82-e5997c5415b7/window/rect[39m
[35m[HTTP][39m [90m{}[39m
[35m[HTTP][39m [37m<-- GET /wd/hub/session/8bef943e-0ddf-4a98-ae82-e5997c5415b7/window/rect [39m[32m200[39m [90m17 ms - 49[39m
[35m[HTTP][39m [90m[39m
[35m[HTTP][39m [37m-->[39m [37mPOST[39m [37m/wd/hub/session/8bef943e-0ddf-4a98-ae82-e5997c5415b7/elements[39m
[35m[HTTP][39m [90m{"using":"xpath","value":"//*[@class = 'android.widget.EditText' and (@text = 'Nuevo pin de acceso' or . = 'Nuevo pin de acceso') and @resource-id = 'com.naposystems.napoleonchat:id/textInputEditText_access_pin']"}[39m
[35m[HTTP][39m [37m<-- POST /wd/hub/session/8bef943e-0ddf-4a98-ae82-e5997c5415b7/elements [39m[32m200[39m [90m529 ms - 139[39m
[35m[HTTP][39m [90m[39m
[35m[HTTP][39m [37m-->[39m [37mGET[39m [37m/wd/hub/session/8bef943e-0ddf-4a98-ae82-e5997c5415b7/element/00000000-0000-021a-ffff-ffff000001c7/location[39m
[35m[HTTP][39m [90m{}[39m
[35m[W3C (8bef943e)][39m Driver proxy active, passing request on via HTTP proxy
[35m[WD Proxy][39m Replacing sessionId c62c8bc3-3c20-496a-85b1-3d89c58ba854 with 8bef943e-0ddf-4a98-ae82-e5997c5415b7
[35m[HTTP][39m [37m<-- GET /wd/hub/session/8bef943e-0ddf-4a98-ae82-e5997c5415b7/element/00000000-0000-021a-ffff-ffff000001c7/location [39m[32m200[39m [90m28 ms - 77[39m
[35m[HTTP][39m [90m[39m
[35m[HTTP][39m [37m-->[39m [37mPOST[39m [37m/wd/hub/session/8bef943e-0ddf-4a98-ae82-e5997c5415b7/timeouts[39m
[35m[HTTP][39m [90m{"implicit":30000}[39m
[35m[HTTP][39m [37m<-- POST /wd/hub/session/8bef943e-0ddf-4a98-ae82-e5997c5415b7/timeouts [39m[32m200[39m [90m1 ms - 14[39m
[35m[HTTP][39m [90m[39m
[35m[HTTP][39m [37m-->[39m [37mPOST[39m [37m/wd/hub/session/8bef943e-0ddf-4a98-ae82-e5997c5415b7/element/00000000-0000-021a-ffff-ffff000001c7/clear[39m
[35m[HTTP][39m [90m{"id":"00000000-0000-021a-ffff-ffff000001c7"}[39m
[35m[HTTP][39m [37m<-- POST /wd/hub/session/8bef943e-0ddf-4a98-ae82-e5997c5415b7/element/00000000-0000-021a-ffff-ffff000001c7/clear [39m[32m200[39m [90m42 ms - 14[39m
[35m[HTTP][39m [90m[39m
[35m[HTTP][39m [37m-->[39m [37mPOST[39m [37m/wd/hub/session/8bef943e-0ddf-4a98-ae82-e5997c5415b7/element/00000000-0000-021a-ffff-ffff000001c7/value[39m
[35m[HTTP][39m [90m{"id":"00000000-0000-021a-ffff-ffff000001c7","text":"1111","value":["1","1","1","1"]}[39m
[35m[HTTP][39m [37m<-- POST /wd/hub/session/8bef943e-0ddf-4a98-ae82-e5997c5415b7/element/00000000-0000-021a-ffff-ffff000001c7/value [39m[32m200[39m [90m1055 ms - 14[39m
[35m[HTTP][39m [90m[39m
[35m[HTTP][39m [37m-->[39m [37mPOST[39m [37m/wd/hub/session/8bef943e-0ddf-4a98-ae82-e5997c5415b7/timeouts[39m
[35m[HTTP][39m [90m{"implicit":50}[39m
[35m[HTTP][39m [37m<-- POST /wd/hub/session/8bef943e-0ddf-4a98-ae82-e5997c5415b7/timeouts [39m[32m200[39m [90m1 ms - 14[39m
[35m[HTTP][39m [90m[39m
[35m[HTTP][39m [37m-->[39m [37mGET[39m [37m/wd/hub/session/8bef943e-0ddf-4a98-ae82-e5997c5415b7/window/rect[39m
[35m[HTTP][39m [90m{}[39m
[35m[HTTP][39m [37m<-- GET /wd/hub/session/8bef943e-0ddf-4a98-ae82-e5997c5415b7/window/rect [39m[32m200[39m [90m19 ms - 49[39m
[35m[HTTP][39m [90m[39m
[35m[HTTP][39m [37m-->[39m [37mPOST[39m [37m/wd/hub/session/8bef943e-0ddf-4a98-ae82-e5997c5415b7/elements[39m
[35m[HTTP][39m [90m{"using":"xpath","value":"//*[@class = 'android.widget.EditText' and (@text = 'Confirmar nuevo pin de acceso' or . = 'Confirmar nuevo pin de acceso') and @resource-id = 'com.naposystems.napoleonchat:id/textInputEditText_confirm_access_pin']"}[39m
[35m[HTTP][39m [37m<-- POST /wd/hub/session/8bef943e-0ddf-4a98-ae82-e5997c5415b7/elements [39m[32m200[39m [90m515 ms - 139[39m
[35m[HTTP][39m [90m[39m
[35m[HTTP][39m [37m-->[39m [37mGET[39m [37m/wd/hub/session/8bef943e-0ddf-4a98-ae82-e5997c5415b7/element/00000000-0000-021a-ffff-ffff000001d6/location[39m
[35m[HTTP][39m [90m{}[39m
[35m[W3C (8bef943e)][39m Driver proxy active, passing request on via HTTP proxy
[35m[WD Proxy][39m Replacing sessionId c62c8bc3-3c20-496a-85b1-3d89c58ba854 with 8bef943e-0ddf-4a98-ae82-e5997c5415b7
[35m[HTTP][39m [37m<-- GET /wd/hub/session/8bef943e-0ddf-4a98-ae82-e5997c5415b7/element/00000000-0000-021a-ffff-ffff000001d6/location [39m[32m200[39m [90m26 ms - 78[39m
[35m[HTTP][39m [90m[39m
[35m[HTTP][39m [37m-->[39m [37mPOST[39m [37m/wd/hub/session/8bef943e-0ddf-4a98-ae82-e5997c5415b7/timeouts[39m
[35m[HTTP][39m [90m{"implicit":30000}[39m
[35m[HTTP][39m [37m<-- POST /wd/hub/session/8bef943e-0ddf-4a98-ae82-e5997c5415b7/timeouts [39m[32m200[39m [90m1 ms - 14[39m
[35m[HTTP][39m [90m[39m
[35m[HTTP][39m [37m-->[39m [37mPOST[39m [37m/wd/hub/session/8bef943e-0ddf-4a98-ae82-e5997c5415b7/element/00000000-0000-021a-ffff-ffff000001d6/clear[39m
[35m[HTTP][39m [90m{"id":"00000000-0000-021a-ffff-ffff000001d6"}[39m
[35m[HTTP][39m [37m<-- POST /wd/hub/session/8bef943e-0ddf-4a98-ae82-e5997c5415b7/element/00000000-0000-021a-ffff-ffff000001d6/clear [39m[32m200[39m [90m36 ms - 14[39m
[35m[HTTP][39m [90m[39m
[35m[HTTP][39m [37m-->[39m [37mPOST[39m [37m/wd/hub/session/8bef943e-0ddf-4a98-ae82-e5997c5415b7/element/00000000-0000-021a-ffff-ffff000001d6/value[39m
[35m[HTTP][39m [90m{"id":"00000000-0000-021a-ffff-ffff000001d6","text":"1111","value":["1","1","1","1"]}[39m
[35m[HTTP][39m [37m<-- POST /wd/hub/session/8bef943e-0ddf-4a98-ae82-e5997c5415b7/element/00000000-0000-021a-ffff-ffff000001d6/value [39m[32m200[39m [90m1049 ms - 14[39m
[35m[HTTP][39m [90m[39m
[35m[HTTP][39m [37m-->[39m [37mPOST[39m [37m/wd/hub/session/8bef943e-0ddf-4a98-ae82-e5997c5415b7/timeouts[39m
[35m[HTTP][39m [90m{"implicit":50}[39m
[35m[HTTP][39m [37m<-- POST /wd/hub/session/8bef943e-0ddf-4a98-ae82-e5997c5415b7/timeouts [39m[32m200[39m [90m1 ms - 14[39m
[35m[HTTP][39m [90m[39m
[35m[HTTP][39m [37m-->[39m [37mGET[39m [37m/wd/hub/session/8bef943e-0ddf-4a98-ae82-e5997c5415b7/window/rect[39m
[35m[HTTP][39m [90m{}[39m
[35m[HTTP][39m [37m<-- GET /wd/hub/session/8bef943e-0ddf-4a98-ae82-e5997c5415b7/window/rect [39m[32m200[39m [90m20 ms - 49[39m
[35m[HTTP][39m [90m[39m
[35m[HTTP][39m [37m-->[39m [37mPOST[39m [37m/wd/hub/session/8bef943e-0ddf-4a98-ae82-e5997c5415b7/elements[39m
[35m[HTTP][39m [90m{"using":"xpath","value":"//*[@class = 'android.widget.Button' and (@text = 'Editar' or . = 'Editar') and @resource-id = 'com.naposystems.napoleonchat:id/button_edit']"}[39m
[35m[HTTP][39m [37m<-- POST /wd/hub/session/8bef943e-0ddf-4a98-ae82-e5997c5415b7/elements [39m[32m200[39m [90m535 ms - 139[39m
[35m[HTTP][39m [90m[39m
[35m[HTTP][39m [37m-->[39m [37mGET[39m [37m/wd/hub/session/8bef943e-0ddf-4a98-ae82-e5997c5415b7/element/00000000-0000-021a-ffff-ffff000001e3/location[39m
[35m[HTTP][39m [90m{}[39m
[35m[W3C (8bef943e)][39m Driver proxy active, passing request on via HTTP proxy
[35m[WD Proxy][39m Replacing sessionId c62c8bc3-3c20-496a-85b1-3d89c58ba854 with 8bef943e-0ddf-4a98-ae82-e5997c5415b7
[35m[HTTP][39m [37m<-- GET /wd/hub/session/8bef943e-0ddf-4a98-ae82-e5997c5415b7/element/00000000-0000-021a-ffff-ffff000001e3/location [39m[32m200[39m [90m28 ms - 78[39m
[35m[HTTP][39m [90m[39m
[35m[HTTP][39m [37m-->[39m [37mPOST[39m [37m/wd/hub/session/8bef943e-0ddf-4a98-ae82-e5997c5415b7/timeouts[39m
[35m[HTTP][39m [90m{"implicit":30000}[39m
[35m[HTTP][39m [37m<-- POST /wd/hub/session/8bef943e-0ddf-4a98-ae82-e5997c5415b7/timeouts [39m[32m200[39m [90m1 ms - 14[39m
[35m[HTTP][39m [90m[39m
[35m[HTTP][39m [37m-->[39m [37mPOST[39m [37m/wd/hub/session/8bef943e-0ddf-4a98-ae82-e5997c5415b7/element/00000000-0000-021a-ffff-ffff000001e3/click[39m
[35m[HTTP][39m [90m{"id":"00000000-0000-021a-ffff-ffff000001e3"}[39m
[35m[HTTP][39m [37m<-- POST /wd/hub/session/8bef943e-0ddf-4a98-ae82-e5997c5415b7/element/00000000-0000-021a-ffff-ffff000001e3/click [39m[32m200[39m [90m77 ms - 14[39m
[35m[HTTP][39m [90m[39m
[35m[HTTP][39m [37m-->[39m [37mPOST[39m [37m/wd/hub/session/8bef943e-0ddf-4a98-ae82-e5997c5415b7/timeouts[39m
[35m[HTTP][39m [90m{"implicit":50}[39m
[35m[HTTP][39m [37m<-- POST /wd/hub/session/8bef943e-0ddf-4a98-ae82-e5997c5415b7/timeouts [39m[32m200[39m [90m1 ms - 14[39m
[35m[HTTP][39m [90m[39m
[35m[HTTP][39m [37m-->[39m [37mGET[39m [37m/wd/hub/session/8bef943e-0ddf-4a98-ae82-e5997c5415b7/window/rect[39m
[35m[HTTP][39m [90m{}[39m
[35m[HTTP][39m [37m<-- GET /wd/hub/session/8bef943e-0ddf-4a98-ae82-e5997c5415b7/window/rect [39m[32m200[39m [90m18 ms - 49[39m
[35m[HTTP][39m [90m[39m
[35m[HTTP][39m [37m-->[39m [37mPOST[39m [37m/wd/hub/session/8bef943e-0ddf-4a98-ae82-e5997c5415b7/elements[39m
[35m[HTTP][39m [90m{"using":"xpath","value":"//*[@class = 'android.widget.TextView' and (@text = 'Pin de acceso no corresponde' or . = 'Pin de acceso no corresponde') and @resource-id = 'com.naposystems.napoleonchat:id/textinput_error']"}[39m
[35m[HTTP][39m [37m<-- POST /wd/hub/session/8bef943e-0ddf-4a98-ae82-e5997c5415b7/elements [39m[32m200[39m [90m852 ms - 139[39m
[35m[HTTP][39m [90m[39m
[35m[HTTP][39m [37m-->[39m [37mGET[39m [37m/wd/hub/session/8bef943e-0ddf-4a98-ae82-e5997c5415b7/element/00000000-0000-021a-ffff-ffff000001c3/location[39m
[35m[HTTP][39m [90m{}[39m
[35m[W3C (8bef943e)][39m Driver proxy active, passing request on via HTTP proxy
[35m[WD Proxy][39m Replacing sessionId c62c8bc3-3c20-496a-85b1-3d89c58ba854 with 8bef943e-0ddf-4a98-ae82-e5997c5415b7
[35m[HTTP][39m [37m<-- GET /wd/hub/session/8bef943e-0ddf-4a98-ae82-e5997c5415b7/element/00000000-0000-021a-ffff-ffff000001c3/location [39m[32m200[39m [90m28 ms - 77[39m
[35m[HTTP][39m [90m[39m
[35m[HTTP][39m [37m-->[39m [37mPOST[39m [37m/wd/hub/session/8bef943e-0ddf-4a98-ae82-e5997c5415b7/timeouts[39m
[35m[HTTP][39m [90m{"implicit":30000}[39m
[35m[HTTP][39m [37m<-- POST /wd/hub/session/8bef943e-0ddf-4a98-ae82-e5997c5415b7/timeouts [39m[32m200[39m [90m2 ms - 14[39m
[35m[HTTP][39m [90m[39m
[35m[HTTP][39m [37m-->[39m [37mGET[39m [37m/wd/hub/session/8bef943e-0ddf-4a98-ae82-e5997c5415b7/element/00000000-0000-021a-ffff-ffff000001c3/text[39m
[35m[HTTP][39m [90m{}[39m
[35m[W3C (8bef943e)][39m Driver proxy active, passing request on via HTTP proxy
[35m[WD Proxy][39m Replacing sessionId c62c8bc3-3c20-496a-85b1-3d89c58ba854 with 8bef943e-0ddf-4a98-ae82-e5997c5415b7
[35m[HTTP][39m [37m<-- GET /wd/hub/session/8bef943e-0ddf-4a98-ae82-e5997c5415b7/element/00000000-0000-021a-ffff-ffff000001c3/text [39m[32m200[39m [90m28 ms - 91[39m
[35m[HTTP][39m [90m[39m
[35m[HTTP][39m [37m-->[39m [37mPOST[39m [37m/wd/hub/session/8bef943e-0ddf-4a98-ae82-e5997c5415b7/timeouts[39m
[35m[HTTP][39m [90m{"implicit":50}[39m
[35m[HTTP][39m [37m<-- POST /wd/hub/session/8bef943e-0ddf-4a98-ae82-e5997c5415b7/timeouts [39m[32m200[39m [90m1 ms - 14[39m
[35m[HTTP][39m [90m[39m
[35m[HTTP][39m [37m-->[39m [37mGET[39m [37m/wd/hub/session/8bef943e-0ddf-4a98-ae82-e5997c5415b7/window/rect[39m
[35m[HTTP][39m [90m{}[39m
[35m[HTTP][39m [37m<-- GET /wd/hub/session/8bef943e-0ddf-4a98-ae82-e5997c5415b7/window/rect [39m[32m200[39m [90m15 ms - 49[39m
[35m[HTTP][39m [90m[39m
[35m[HTTP][39m [37m-->[39m [37mPOST[39m [37m/wd/hub/session/8bef943e-0ddf-4a98-ae82-e5997c5415b7/elements[39m
[35m[HTTP][39m [90m{"using":"xpath","value":"//*[@class = 'android.widget.ImageButton' and (@text = '' or . = '')]"}[39m
[35m[HTTP][39m [37m<-- POST /wd/hub/session/8bef943e-0ddf-4a98-ae82-e5997c5415b7/elements [39m[32m200[39m [90m126 ms - 267[39m
[35m[HTTP][39m [90m[39m
[35m[HTTP][39m [37m-->[39m [37mGET[39m [37m/wd/hub/session/8bef943e-0ddf-4a98-ae82-e5997c5415b7/element/00000000-0000-021a-ffff-ffff0000002d/location[39m
[35m[HTTP][39m [90m{}[39m
[35m[W3C (8bef943e)][39m Driver proxy active, passing request on via HTTP proxy
[35m[WD Proxy][39m Replacing sessionId c62c8bc3-3c20-496a-85b1-3d89c58ba854 with 8bef943e-0ddf-4a98-ae82-e5997c5415b7
[35m[HTTP][39m [37m<-- GET /wd/hub/session/8bef943e-0ddf-4a98-ae82-e5997c5415b7/element/00000000-0000-021a-ffff-ffff0000002d/location [39m[32m200[39m [90m31 ms - 75[39m
[35m[HTTP][39m [90m[39m
[35m[HTTP][39m [37m-->[39m [37mPOST[39m [37m/wd/hub/session/8bef943e-0ddf-4a98-ae82-e5997c5415b7/timeouts[39m
[35m[HTTP][39m [90m{"implicit":30000}[39m
[35m[HTTP][39m [37m<-- POST /wd/hub/session/8bef943e-0ddf-4a98-ae82-e5997c5415b7/timeouts [39m[32m200[39m [90m1 ms - 14[39m
[35m[HTTP][39m [90m[39m
[35m[HTTP][39m [37m-->[39m [37mPOST[39m [37m/wd/hub/session/8bef943e-0ddf-4a98-ae82-e5997c5415b7/element/00000000-0000-021a-ffff-ffff0000002d/click[39m
[35m[HTTP][39m [90m{"id":"00000000-0000-021a-ffff-ffff0000002d"}[39m
[35m[HTTP][39m [37m<-- POST /wd/hub/session/8bef943e-0ddf-4a98-ae82-e5997c5415b7/element/00000000-0000-021a-ffff-ffff0000002d/click [39m[32m200[39m [90m75 ms - 14[39m
[35m[HTTP][39m [90m[39m
[35m[HTTP][39m [37m-->[39m [37mPOST[39m [37m/wd/hub/session/8bef943e-0ddf-4a98-ae82-e5997c5415b7/timeouts[39m
[35m[HTTP][39m [90m{"implicit":50}[39m
[35m[HTTP][39m [37m<-- POST /wd/hub/session/8bef943e-0ddf-4a98-ae82-e5997c5415b7/timeouts [39m[32m200[39m [90m1 ms - 14[39m
[35m[HTTP][39m [90m[39m
[35m[HTTP][39m [37m-->[39m [37mGET[39m [37m/wd/hub/session/8bef943e-0ddf-4a98-ae82-e5997c5415b7/window/rect[39m
[35m[HTTP][39m [90m{}[39m
[35m[HTTP][39m [37m<-- GET /wd/hub/session/8bef943e-0ddf-4a98-ae82-e5997c5415b7/window/rect [39m[32m200[39m [90m13 ms - 49[39m
[35m[HTTP][39m [90m[39m
[35m[HTTP][39m [37m-->[39m [37mPOST[39m [37m/wd/hub/session/8bef943e-0ddf-4a98-ae82-e5997c5415b7/elements[39m
[35m[HTTP][39m [90m{"using":"xpath","value":"//*[@class = 'android.widget.LinearLayout' and @resource-id = 'com.naposystems.napoleonchat:id/container_access_pin' and (@text = '' or . = '')]"}[39m
[35m[HTTP][39m [37m<-- POST /wd/hub/session/8bef943e-0ddf-4a98-ae82-e5997c5415b7/elements [39m[32m200[39m [90m148 ms - 139[39m
[35m[HTTP][39m [90m[39m
[35m[HTTP][39m [37m-->[39m [37mGET[39m [37m/wd/hub/session/8bef943e-0ddf-4a98-ae82-e5997c5415b7/element/00000000-0000-021a-ffff-ffff000001e9/location[39m
[35m[HTTP][39m [90m{}[39m
[35m[W3C (8bef943e)][39m Driver proxy active, passing request on via HTTP proxy
[35m[WD Proxy][39m Replacing sessionId c62c8bc3-3c20-496a-85b1-3d89c58ba854 with 8bef943e-0ddf-4a98-ae82-e5997c5415b7
[35m[HTTP][39m [37m<-- GET /wd/hub/session/8bef943e-0ddf-4a98-ae82-e5997c5415b7/element/00000000-0000-021a-ffff-ffff000001e9/location [39m[32m200[39m [90m402 ms - 77[39m
[35m[HTTP][39m [90m[39m
[35m[HTTP][39m [37m-->[39m [37mPOST[39m [37m/wd/hub/session/8bef943e-0ddf-4a98-ae82-e5997c5415b7/timeouts[39m
[35m[HTTP][39m [90m{"implicit":30000}[39m
[35m[HTTP][39m [37m<-- POST /wd/hub/session/8bef943e-0ddf-4a98-ae82-e5997c5415b7/timeouts [39m[32m200[39m [90m2 ms - 14[39m
[35m[HTTP][39m [90m[39m
[35m[HTTP][39m [37m-->[39m [37mPOST[39m [37m/wd/hub/session/8bef943e-0ddf-4a98-ae82-e5997c5415b7/element/00000000-0000-021a-ffff-ffff000001e9/click[39m
[35m[HTTP][39m [90m{"id":"00000000-0000-021a-ffff-ffff000001e9"}[39m
[35m[HTTP][39m [37m<-- POST /wd/hub/session/8bef943e-0ddf-4a98-ae82-e5997c5415b7/element/00000000-0000-021a-ffff-ffff000001e9/click [39m[32m200[39m [90m77 ms - 14[39m
[35m[HTTP][39m [90m[39m
[35m[HTTP][39m [37m-->[39m [37mPOST[39m [37m/wd/hub/session/8bef943e-0ddf-4a98-ae82-e5997c5415b7/timeouts[39m
[35m[HTTP][39m [90m{"implicit":50}[39m
[35m[HTTP][39m [37m<-- POST /wd/hub/session/8bef943e-0ddf-4a98-ae82-e5997c5415b7/timeouts [39m[32m200[39m [90m1 ms - 14[39m
[35m[HTTP][39m [90m[39m
[35m[HTTP][39m [37m-->[39m [37mGET[39m [37m/wd/hub/session/8bef943e-0ddf-4a98-ae82-e5997c5415b7/window/rect[39m
[35m[HTTP][39m [90m{}[39m
[35m[HTTP][39m [37m<-- GET /wd/hub/session/8bef943e-0ddf-4a98-ae82-e5997c5415b7/window/rect [39m[32m200[39m [90m15 ms - 49[39m
[35m[HTTP][39m [90m[39m
[35m[HTTP][39m [37m-->[39m [37mPOST[39m [37m/wd/hub/session/8bef943e-0ddf-4a98-ae82-e5997c5415b7/elements[39m
[35m[HTTP][39m [90m{"using":"xpath","value":"//*[@class = 'android.widget.EditText' and (@text = 'Pin de acceso antiguo' or . = 'Pin de acceso antiguo') and @resource-id = 'com.naposystems.napoleonchat:id/textInputEditText_old_access_pin']"}[39m
[35m[HTTP][39m [37m<-- POST /wd/hub/session/8bef943e-0ddf-4a98-ae82-e5997c5415b7/elements [39m[32m200[39m [90m608 ms - 139[39m
[35m[HTTP][39m [90m[39m
[35m[HTTP][39m [37m-->[39m [37mGET[39m [37m/wd/hub/session/8bef943e-0ddf-4a98-ae82-e5997c5415b7/element/00000000-0000-021a-ffff-ffff0000020e/location[39m
[35m[HTTP][39m [90m{}[39m
[35m[W3C (8bef943e)][39m Driver proxy active, passing request on via HTTP proxy
[35m[WD Proxy][39m Replacing sessionId c62c8bc3-3c20-496a-85b1-3d89c58ba854 with 8bef943e-0ddf-4a98-ae82-e5997c5415b7
[35m[HTTP][39m [37m<-- GET /wd/hub/session/8bef943e-0ddf-4a98-ae82-e5997c5415b7/element/00000000-0000-021a-ffff-ffff0000020e/location [39m[32m200[39m [90m537 ms - 77[39m
[35m[HTTP][39m [90m[39m
[35m[HTTP][39m [37m-->[39m [37mPOST[39m [37m/wd/hub/session/8bef943e-0ddf-4a98-ae82-e5997c5415b7/timeouts[39m
[35m[HTTP][39m [90m{"implicit":30000}[39m
[35m[HTTP][39m [37m<-- POST /wd/hub/session/8bef943e-0ddf-4a98-ae82-e5997c5415b7/timeouts [39m[32m200[39m [90m1 ms - 14[39m
[35m[HTTP][39m [90m[39m
[35m[HTTP][39m [37m-->[39m [37mPOST[39m [37m/wd/hub/session/8bef943e-0ddf-4a98-ae82-e5997c5415b7/element/00000000-0000-021a-ffff-ffff0000020e/clear[39m
[35m[HTTP][39m [90m{"id":"00000000-0000-021a-ffff-ffff0000020e"}[39m
[35m[HTTP][39m [37m<-- POST /wd/hub/session/8bef943e-0ddf-4a98-ae82-e5997c5415b7/element/00000000-0000-021a-ffff-ffff0000020e/clear [39m[32m200[39m [90m38 ms - 14[39m
[35m[HTTP][39m [90m[39m
[35m[HTTP][39m [37m-->[39m [37mPOST[39m [37m/wd/hub/session/8bef943e-0ddf-4a98-ae82-e5997c5415b7/element/00000000-0000-021a-ffff-ffff0000020e/value[39m
[35m[HTTP][39m [90m{"id":"00000000-0000-021a-ffff-ffff0000020e","text":"0000","value":["0","0","0","0"]}[39m
[35m[HTTP][39m [37m<-- POST /wd/hub/session/8bef943e-0ddf-4a98-ae82-e5997c5415b7/element/00000000-0000-021a-ffff-ffff0000020e/value [39m[32m200[39m [90m1078 ms - 14[39m
[35m[HTTP][39m [90m[39m
[35m[HTTP][39m [37m-->[39m [37mPOST[39m [37m/wd/hub/session/8bef943e-0ddf-4a98-ae82-e5997c5415b7/timeouts[39m
[35m[HTTP][39m [90m{"implicit":50}[39m
[35m[HTTP][39m [37m<-- POST /wd/hub/session/8bef943e-0ddf-4a98-ae82-e5997c5415b7/timeouts [39m[32m200[39m [90m1 ms - 14[39m
[35m[HTTP][39m [90m[39m
[35m[HTTP][39m [37m-->[39m [37mGET[39m [37m/wd/hub/session/8bef943e-0ddf-4a98-ae82-e5997c5415b7/window/rect[39m
[35m[HTTP][39m [90m{}[39m
[35m[HTTP][39m [37m<-- GET /wd/hub/session/8bef943e-0ddf-4a98-ae82-e5997c5415b7/window/rect [39m[32m200[39m [90m18 ms - 49[39m
[35m[HTTP][39m [90m[39m
[35m[HTTP][39m [37m-->[39m [37mPOST[39m [37m/wd/hub/session/8bef943e-0ddf-4a98-ae82-e5997c5415b7/elements[39m
[35m[HTTP][39m [90m{"using":"xpath","value":"//*[@class = 'android.widget.EditText' and (@text = 'Nuevo pin de acceso' or . = 'Nuevo pin de acceso') and @resource-id = 'com.naposystems.napoleonchat:id/textInputEditText_access_pin']"}[39m
[35m[HTTP][39m [37m<-- POST /wd/hub/session/8bef943e-0ddf-4a98-ae82-e5997c5415b7/elements [39m[32m200[39m [90m527 ms - 139[39m
[35m[HTTP][39m [90m[39m
[35m[HTTP][39m [37m-->[39m [37mGET[39m [37m/wd/hub/session/8bef943e-0ddf-4a98-ae82-e5997c5415b7/element/00000000-0000-021a-ffff-ffff0000021d/location[39m
[35m[HTTP][39m [90m{}[39m
[35m[W3C (8bef943e)][39m Driver proxy active, passing request on via HTTP proxy
[35m[WD Proxy][39m Replacing sessionId c62c8bc3-3c20-496a-85b1-3d89c58ba854 with 8bef943e-0ddf-4a98-ae82-e5997c5415b7
[35m[HTTP][39m [37m<-- GET /wd/hub/session/8bef943e-0ddf-4a98-ae82-e5997c5415b7/element/00000000-0000-021a-ffff-ffff0000021d/location [39m[32m200[39m [90m25 ms - 77[39m
[35m[HTTP][39m [90m[39m
[35m[HTTP][39m [37m-->[39m [37mPOST[39m [37m/wd/hub/session/8bef943e-0ddf-4a98-ae82-e5997c5415b7/timeouts[39m
[35m[HTTP][39m [90m{"implicit":30000}[39m
[35m[HTTP][39m [37m<-- POST /wd/hub/session/8bef943e-0ddf-4a98-ae82-e5997c5415b7/timeouts [39m[32m200[39m [90m2 ms - 14[39m
[35m[HTTP][39m [90m[39m
[35m[HTTP][39m [37m-->[39m [37mPOST[39m [37m/wd/hub/session/8bef943e-0ddf-4a98-ae82-e5997c5415b7/element/00000000-0000-021a-ffff-ffff0000021d/clear[39m
[35m[HTTP][39m [90m{"id":"00000000-0000-021a-ffff-ffff0000021d"}[39m
[35m[HTTP][39m [37m<-- POST /wd/hub/session/8bef943e-0ddf-4a98-ae82-e5997c5415b7/element/00000000-0000-021a-ffff-ffff0000021d/clear [39m[32m200[39m [90m36 ms - 14[39m
[35m[HTTP][39m [90m[39m
[35m[HTTP][39m [37m-->[39m [37mPOST[39m [37m/wd/hub/session/8bef943e-0ddf-4a98-ae82-e5997c5415b7/element/00000000-0000-021a-ffff-ffff0000021d/value[39m
[35m[HTTP][39m [90m{"id":"00000000-0000-021a-ffff-ffff0000021d","text":"1111","value":["1","1","1","1"]}[39m
[35m[HTTP][39m [37m<-- POST /wd/hub/session/8bef943e-0ddf-4a98-ae82-e5997c5415b7/element/00000000-0000-021a-ffff-ffff0000021d/value [39m[32m200[39m [90m1045 ms - 14[39m
[35m[HTTP][39m [90m[39m
[35m[HTTP][39m [37m-->[39m [37mPOST[39m [37m/wd/hub/session/8bef943e-0ddf-4a98-ae82-e5997c5415b7/timeouts[39m
[35m[HTTP][39m [90m{"implicit":50}[39m
[35m[HTTP][39m [37m<-- POST /wd/hub/session/8bef943e-0ddf-4a98-ae82-e5997c5415b7/timeouts [39m[32m200[39m [90m1 ms - 14[39m
[35m[HTTP][39m [90m[39m
[35m[HTTP][39m [37m-->[39m [37mGET[39m [37m/wd/hub/session/8bef943e-0ddf-4a98-ae82-e5997c5415b7/window/rect[39m
[35m[HTTP][39m [90m{}[39m
[35m[HTTP][39m [37m<-- GET /wd/hub/session/8bef943e-0ddf-4a98-ae82-e5997c5415b7/window/rect [39m[32m200[39m [90m20 ms - 49[39m
[35m[HTTP][39m [90m[39m
[35m[HTTP][39m [37m-->[39m [37mPOST[39m [37m/wd/hub/session/8bef943e-0ddf-4a98-ae82-e5997c5415b7/elements[39m
[35m[HTTP][39m [90m{"using":"xpath","value":"//*[@class = 'android.widget.EditText' and (@text = 'Confirmar nuevo pin de acceso' or . = 'Confirmar nuevo pin de acceso') and @resource-id = 'com.naposystems.napoleonchat:id/textInputEditText_confirm_access_pin']"}[39m
[35m[HTTP][39m [37m<-- POST /wd/hub/session/8bef943e-0ddf-4a98-ae82-e5997c5415b7/elements [39m[32m200[39m [90m534 ms - 139[39m
[35m[HTTP][39m [90m[39m
[35m[HTTP][39m [37m-->[39m [37mGET[39m [37m/wd/hub/session/8bef943e-0ddf-4a98-ae82-e5997c5415b7/element/00000000-0000-021a-ffff-ffff0000022c/location[39m
[35m[HTTP][39m [90m{}[39m
[35m[W3C (8bef943e)][39m Driver proxy active, passing request on via HTTP proxy
[35m[WD Proxy][39m Replacing sessionId c62c8bc3-3c20-496a-85b1-3d89c58ba854 with 8bef943e-0ddf-4a98-ae82-e5997c5415b7
[35m[HTTP][39m [37m<-- GET /wd/hub/session/8bef943e-0ddf-4a98-ae82-e5997c5415b7/element/00000000-0000-021a-ffff-ffff0000022c/location [39m[32m200[39m [90m29 ms - 78[39m
[35m[HTTP][39m [90m[39m
[35m[HTTP][39m [37m-->[39m [37mPOST[39m [37m/wd/hub/session/8bef943e-0ddf-4a98-ae82-e5997c5415b7/timeouts[39m
[35m[HTTP][39m [90m{"implicit":30000}[39m
[35m[HTTP][39m [37m<-- POST /wd/hub/session/8bef943e-0ddf-4a98-ae82-e5997c5415b7/timeouts [39m[32m200[39m [90m1 ms - 14[39m
[35m[HTTP][39m [90m[39m
[35m[HTTP][39m [37m-->[39m [37mPOST[39m [37m/wd/hub/session/8bef943e-0ddf-4a98-ae82-e5997c5415b7/element/00000000-0000-021a-ffff-ffff0000022c/clear[39m
[35m[HTTP][39m [90m{"id":"00000000-0000-021a-ffff-ffff0000022c"}[39m
[35m[HTTP][39m [37m<-- POST /wd/hub/session/8bef943e-0ddf-4a98-ae82-e5997c5415b7/element/00000000-0000-021a-ffff-ffff0000022c/clear [39m[32m200[39m [90m36 ms - 14[39m
[35m[HTTP][39m [90m[39m
[35m[HTTP][39m [37m-->[39m [37mPOST[39m [37m/wd/hub/session/8bef943e-0ddf-4a98-ae82-e5997c5415b7/element/00000000-0000-021a-ffff-ffff0000022c/value[39m
[35m[HTTP][39m [90m{"id":"00000000-0000-021a-ffff-ffff0000022c","text":"1111","value":["1","1","1","1"]}[39m
[35m[HTTP][39m [37m<-- POST /wd/hub/session/8bef943e-0ddf-4a98-ae82-e5997c5415b7/element/00000000-0000-021a-ffff-ffff0000022c/value [39m[32m200[39m [90m1050 ms - 14[39m
[35m[HTTP][39m [90m[39m
[35m[HTTP][39m [37m-->[39m [37mPOST[39m [37m/wd/hub/session/8bef943e-0ddf-4a98-ae82-e5997c5415b7/timeouts[39m
[35m[HTTP][39m [90m{"implicit":50}[39m
[35m[HTTP][39m [37m<-- POST /wd/hub/session/8bef943e-0ddf-4a98-ae82-e5997c5415b7/timeouts [39m[32m200[39m [90m1 ms - 14[39m
[35m[HTTP][39m [90m[39m
[35m[HTTP][39m [37m-->[39m [37mGET[39m [37m/wd/hub/session/8bef943e-0ddf-4a98-ae82-e5997c5415b7/window/rect[39m
[35m[HTTP][39m [90m{}[39m
[35m[HTTP][39m [37m<-- GET /wd/hub/session/8bef943e-0ddf-4a98-ae82-e5997c5415b7/window/rect [39m[32m200[39m [90m17 ms - 49[39m
[35m[HTTP][39m [90m[39m
[35m[HTTP][39m [37m-->[39m [37mPOST[39m [37m/wd/hub/session/8bef943e-0ddf-4a98-ae82-e5997c5415b7/elements[39m
[35m[HTTP][39m [90m{"using":"xpath","value":"//*[@class = 'android.widget.Button' and (@text = 'Editar' or . = 'Editar') and @resource-id = 'com.naposystems.napoleonchat:id/button_edit']"}[39m
[35m[HTTP][39m [37m<-- POST /wd/hub/session/8bef943e-0ddf-4a98-ae82-e5997c5415b7/elements [39m[32m200[39m [90m500 ms - 139[39m
[35m[HTTP][39m [90m[39m
[35m[HTTP][39m [37m-->[39m [37mGET[39m [37m/wd/hub/session/8bef943e-0ddf-4a98-ae82-e5997c5415b7/element/00000000-0000-021a-ffff-ffff00000239/location[39m
[35m[HTTP][39m [90m{}[39m
[35m[W3C (8bef943e)][39m Driver proxy active, passing request on via HTTP proxy
[35m[WD Proxy][39m Replacing sessionId c62c8bc3-3c20-496a-85b1-3d89c58ba854 with 8bef943e-0ddf-4a98-ae82-e5997c5415b7
[35m[HTTP][39m [37m<-- GET /wd/hub/session/8bef943e-0ddf-4a98-ae82-e5997c5415b7/element/00000000-0000-021a-ffff-ffff00000239/location [39m[32m200[39m [90m28 ms - 78[39m
[35m[HTTP][39m [90m[39m
[35m[HTTP][39m [37m-->[39m [37mPOST[39m [37m/wd/hub/session/8bef943e-0ddf-4a98-ae82-e5997c5415b7/timeouts[39m
[35m[HTTP][39m [90m{"implicit":30000}[39m
[35m[HTTP][39m [37m<-- POST /wd/hub/session/8bef943e-0ddf-4a98-ae82-e5997c5415b7/timeouts [39m[32m200[39m [90m1 ms - 14[39m
[35m[HTTP][39m [90m[39m
[35m[HTTP][39m [37m-->[39m [37mPOST[39m [37m/wd/hub/session/8bef943e-0ddf-4a98-ae82-e5997c5415b7/element/00000000-0000-021a-ffff-ffff00000239/click[39m
[35m[HTTP][39m [90m{"id":"00000000-0000-021a-ffff-ffff00000239"}[39m
[35m[HTTP][39m [37m<-- POST /wd/hub/session/8bef943e-0ddf-4a98-ae82-e5997c5415b7/element/00000000-0000-021a-ffff-ffff00000239/click [39m[32m200[39m [90m86 ms - 14[39m
[35m[HTTP][39m [90m[39m
[35m[HTTP][39m [37m-->[39m [37mDELETE[39m [37m/wd/hub/session/8bef943e-0ddf-4a98-ae82-e5997c5415b7[39m
[35m[HTTP][39m [90m{}[39m
[35m[Appium][39m Removing session 8bef943e-0ddf-4a98-ae82-e5997c5415b7 from our master session list
[35m[ADB][39m com.naposystems.napoleonchat was successfully uninstalled
[35m[UiAutomator2][39m Restoring hidden api policy to the device default configuration
[35m[HTTP][39m [37m<-- DELETE /wd/hub/session/8bef943e-0ddf-4a98-ae82-e5997c5415b7 [39m[32m200[39m [90m2398 ms - 14[39m
[35m[HTTP][39m [90m[39m
