[35m[Appium][39m Welcome to Appium v1.22.3
[35m[Appium][39m Non-default server args:
[35m[Appium][39m   port: 65304
[35m[Appium][39m   loglevel: info
[35m[Appium][39m   tmpDir: C:\Users\Testing\AppData\Local\Temp\\Katalon\Appium\Temp1690573137161
[35m[Appium][39m   chromedriverPort: 65306
[35m[Appium][39m Deprecated server args:
[35m[Appium][39m   [31m--chromedriver-port[39m => --default-capabilities
[35m[Appium][39m Default capabilities, which will be added to each request unless overridden by desired capabilities:
[35m[Appium][39m   chromedriverPort: 65306
[35m[Appium][39m Appium REST http interface listener started on 0.0.0.0:65304
[35m[HTTP][39m [37m-->[39m [37mGET[39m [37m/wd/hub/status[39m
[35m[HTTP][39m [90m{}[39m
[35m[HTTP][39m [37m<-- GET /wd/hub/status [39m[32m200[39m [90m10 ms - 68[39m
[35m[HTTP][39m [90m[39m
[35m[HTTP][39m [37m-->[39m [37mPOST[39m [37m/wd/hub/session[39m
[35m[HTTP][39m [90m{"desiredCapabilities":{"app":"C:\\Users\\Testing\\Desktop\\katalon\\Version QA ACTUALIZADA 25-07-23\\app-qa.apk","noReset":false,"deviceId":"","deviceName":"samsung SM-A107M (Android 11)","fullReset":true,"platform":"ANDROID","newCommandTimeout":1800,"platformVersion":"11","automationName":"uiautomator2","autoGrantPermissions":true,"platformName":"Android","udid":"R9WN40KBXDJ","systemPort":65303},"capabilities":{"firstMatch":[{"appium:app":"C:\\Users\\Testing\\Desktop\\katalon\\Version QA ACTUALIZADA 25-07-23\\app-qa.apk","appium:autoGrantPermissions":true,"appium:automationName":"uiautomator2","deviceId":"","appium:deviceName":"samsung SM-A107M (Android 11)","appium:fullReset":true,"appium:newCommandTimeout":1800,"appium:noReset":false,"platform":"ANDROID","platformName":"android","appium:platformVersion":"11","appium:systemPort":65303,"appium:udid":"R9WN40KBXDJ"}]}}[39m
[35m[BaseDriver][39m The following capabilities are not standard capabilities and should have an extension prefix:
[35m[BaseDriver][39m   deviceId
[35m[BaseDriver][39m   platform
[35m[BaseDriver][39m   chromedriverPort
[35m[Appium][39m Appium v1.22.3 creating new AndroidUiautomator2Driver (v1.70.1) session
[35m[BaseDriver][39m The following capabilities were provided, but are not recognized by Appium:
[35m[BaseDriver][39m   deviceId
[35m[BaseDriver][39m   platform
[35m[BaseDriver][39m Session created with session id: bc2694b3-9809-42b7-8b5d-6fe984733232
[35m[BaseDriver][39m Using local app 'C:\Users\Testing\Desktop\katalon\Version QA ACTUALIZADA 25-07-23\app-qa.apk'
[35m[ADB][39m Found 1 'build-tools' folders under 'C:\Users\Testing\.katalon\tools\android_sdk' (newest first):
[35m[ADB][39m     C:/Users/Testing/.katalon/tools/android_sdk/build-tools/29.0.3
[35m[ADB][39m Using 'adb.exe' from 'C:\Users\Testing\.katalon\tools\android_sdk\platform-tools\adb.exe'
[35m[AndroidDriver][39m Retrieving device list
[35m[AndroidDriver][39m Using device: R9WN40KBXDJ
[35m[ADB][39m Using 'adb.exe' from 'C:\Users\Testing\.katalon\tools\android_sdk\platform-tools\adb.exe'
[35m[ADB][39m Getting device platform version
[35m[UiAutomator2][39m Relaxing hidden api policy
[35m[ADB][39m Package name: 'com.naposystems.napoleonchat'
[35m[ADB][39m Main activity name: 'com.naposystems.napoleonchat.ui.mainActivity.MainActivity'
[35m[ADB][39m Using 'apksigner.jar' from 'C:\Users\Testing\.katalon\tools\android_sdk\build-tools\29.0.3\lib\apksigner.jar'
[35m[ADB][39m 'C:\Users\Testing\AppData\Roaming\npm\node_modules\appium\node_modules\appium-uiautomator2-server\apks\appium-uiautomator2-server-v4.27.0.apk' is signed with the default certificate
[35m[ADB][39m 'C:\Users\Testing\AppData\Roaming\npm\node_modules\appium\node_modules\appium-uiautomator2-server\apks\appium-uiautomator2-server-debug-androidTest.apk' is signed with the default certificate
[35m[UiAutomator2][39m Server packages are not going to be (re)installed
[35m[ADB][39m Adding packages ["io.appium.settings","io.appium.uiautomator2.server","io.appium.uiautomator2.server.test"] to Doze whitelist
[35m[ADB][39m 'C:\Users\Testing\Desktop\katalon\Version QA ACTUALIZADA 25-07-23\app-qa.apk' is signed with a non-default certificate
[35m[ADB][39m com.naposystems.napoleonchat was not uninstalled, because it was not present on the device
[35m[ADB][39m The application at 'C:\Users\Testing\Desktop\katalon\Version QA ACTUALIZADA 25-07-23\app-qa.apk' will not be cached, because the device under test has confirmed the support of streamed installs
[35m[ADB][39m The installation of 'app-qa.apk' took 8165ms
[35m[UiAutomator2][39m Starting UIAutomator2 server 4.27.0
[35m[UiAutomator2][39m Using UIAutomator2 server from 'C:\Users\Testing\AppData\Roaming\npm\node_modules\appium\node_modules\appium-uiautomator2-server\apks\appium-uiautomator2-server-v4.27.0.apk' and test from 'C:\Users\Testing\AppData\Roaming\npm\node_modules\appium\node_modules\appium-uiautomator2-server\apks\appium-uiautomator2-server-debug-androidTest.apk'
[35m[UiAutomator2][39m Waiting up to 30000ms for UiAutomator2 to be online...
[35m[WD Proxy][39m socket hang up
[35m[WD Proxy][39m socket hang up
[35m[WD Proxy][39m socket hang up
[35m[WD Proxy][39m socket hang up
[35m[WD Proxy][39m socket hang up
[35m[WD Proxy][39m socket hang up
[35m[WD Proxy][39m Determined the downstream protocol as 'W3C'
[35m[AndroidDriver][39m Screen already unlocked, doing nothing
[35m[UiAutomator2][39m Starting 'com.naposystems.napoleonchat/com.naposystems.napoleonchat.ui.mainActivity.MainActivity and waiting for 'com.naposystems.napoleonchat/com.naposystems.napoleonchat.ui.mainActivity.MainActivity'
[35m[Appium][39m New AndroidUiautomator2Driver session created successfully, session bc2694b3-9809-42b7-8b5d-6fe984733232 added to master session list
[35m[HTTP][39m [37m<-- POST /wd/hub/session [39m[32m200[39m [90m31856 ms - 1351[39m
[35m[HTTP][39m [90m[39m
[35m[HTTP][39m [37m-->[39m [37mGET[39m [37m/wd/hub/session/bc2694b3-9809-42b7-8b5d-6fe984733232[39m
[35m[HTTP][39m [90m{}[39m
[35m[HTTP][39m [37m<-- GET /wd/hub/session/bc2694b3-9809-42b7-8b5d-6fe984733232 [39m[32m200[39m [90m26 ms - 1305[39m
[35m[HTTP][39m [90m[39m
[35m[HTTP][39m [37m-->[39m [37mGET[39m [37m/wd/hub/session/bc2694b3-9809-42b7-8b5d-6fe984733232[39m
[35m[HTTP][39m [90m{}[39m
[35m[HTTP][39m [37m<-- GET /wd/hub/session/bc2694b3-9809-42b7-8b5d-6fe984733232 [39m[32m200[39m [90m28 ms - 1305[39m
[35m[HTTP][39m [90m[39m
[35m[HTTP][39m [37m-->[39m [37mGET[39m [37m/wd/hub/status[39m
[35m[HTTP][39m [90m{}[39m
[35m[HTTP][39m [37m<-- GET /wd/hub/status [39m[32m200[39m [90m1 ms - 68[39m
[35m[HTTP][39m [90m[39m
[35m[HTTP][39m [37m-->[39m [37mPOST[39m [37m/wd/hub/session/bc2694b3-9809-42b7-8b5d-6fe984733232/timeouts[39m
[35m[HTTP][39m [90m{"implicit":30000}[39m
[35m[HTTP][39m [37m<-- POST /wd/hub/session/bc2694b3-9809-42b7-8b5d-6fe984733232/timeouts [39m[32m200[39m [90m3 ms - 14[39m
[35m[HTTP][39m [90m[39m
[35m[HTTP][39m [37m-->[39m [37mGET[39m [37m/wd/hub/session/bc2694b3-9809-42b7-8b5d-6fe984733232/screenshot[39m
[35m[HTTP][39m [90m{}[39m
[35m[HTTP][39m [37m<-- GET /wd/hub/session/bc2694b3-9809-42b7-8b5d-6fe984733232/screenshot [39m[32m200[39m [90m880 ms - 90944[39m
[35m[HTTP][39m [90m[39m
[35m[HTTP][39m [37m-->[39m [37mGET[39m [37m/wd/hub/session/bc2694b3-9809-42b7-8b5d-6fe984733232/window/rect[39m
[35m[HTTP][39m [90m{}[39m
[35m[HTTP][39m [37m<-- GET /wd/hub/session/bc2694b3-9809-42b7-8b5d-6fe984733232/window/rect [39m[32m200[39m [90m28 ms - 49[39m
[35m[HTTP][39m [90m[39m
[35m[HTTP][39m [37m-->[39m [37mGET[39m [37m/wd/hub/session/bc2694b3-9809-42b7-8b5d-6fe984733232/appium/device/system_bars[39m
[35m[HTTP][39m [90m{}[39m
[35m[HTTP][39m [37m<-- GET /wd/hub/session/bc2694b3-9809-42b7-8b5d-6fe984733232/appium/device/system_bars [39m[32m200[39m [90m101 ms - 145[39m
[35m[HTTP][39m [90m[39m
[35m[HTTP][39m [37m-->[39m [37mPOST[39m [37m/wd/hub/session/bc2694b3-9809-42b7-8b5d-6fe984733232/timeouts[39m
[35m[HTTP][39m [90m{"implicit":50}[39m
[35m[HTTP][39m [37m<-- POST /wd/hub/session/bc2694b3-9809-42b7-8b5d-6fe984733232/timeouts [39m[32m200[39m [90m6 ms - 14[39m
[35m[HTTP][39m [90m[39m
[35m[HTTP][39m [37m-->[39m [37mGET[39m [37m/wd/hub/session/bc2694b3-9809-42b7-8b5d-6fe984733232/window/rect[39m
[35m[HTTP][39m [90m{}[39m
[35m[HTTP][39m [37m<-- GET /wd/hub/session/bc2694b3-9809-42b7-8b5d-6fe984733232/window/rect [39m[32m200[39m [90m19 ms - 49[39m
[35m[HTTP][39m [90m[39m
[35m[HTTP][39m [37m-->[39m [37mPOST[39m [37m/wd/hub/session/bc2694b3-9809-42b7-8b5d-6fe984733232/elements[39m
[35m[HTTP][39m [90m{"using":"xpath","value":"//*[@class = 'android.widget.TextView' and (@text = 'Omitir' or . = 'Omitir') and @resource-id = 'com.naposystems.napoleonchat:id/textViewSkip']"}[39m
[35m[HTTP][39m [37m<-- POST /wd/hub/session/bc2694b3-9809-42b7-8b5d-6fe984733232/elements [39m[32m200[39m [90m961 ms - 139[39m
[35m[HTTP][39m [90m[39m
[35m[HTTP][39m [37m-->[39m [37mGET[39m [37m/wd/hub/session/bc2694b3-9809-42b7-8b5d-6fe984733232/element/00000000-0000-0201-ffff-ffff00000036/location[39m
[35m[HTTP][39m [90m{}[39m
[35m[W3C (bc2694b3)][39m Driver proxy active, passing request on via HTTP proxy
[35m[WD Proxy][39m Replacing sessionId 94dff46b-1714-4fbe-a294-5f304e2faf8c with bc2694b3-9809-42b7-8b5d-6fe984733232
[35m[HTTP][39m [37m<-- GET /wd/hub/session/bc2694b3-9809-42b7-8b5d-6fe984733232/element/00000000-0000-0201-ffff-ffff00000036/location [39m[32m200[39m [90m33 ms - 77[39m
[35m[HTTP][39m [90m[39m
[35m[HTTP][39m [37m-->[39m [37mPOST[39m [37m/wd/hub/session/bc2694b3-9809-42b7-8b5d-6fe984733232/timeouts[39m
[35m[HTTP][39m [90m{"implicit":30000}[39m
[35m[HTTP][39m [37m<-- POST /wd/hub/session/bc2694b3-9809-42b7-8b5d-6fe984733232/timeouts [39m[32m200[39m [90m1 ms - 14[39m
[35m[HTTP][39m [90m[39m
[35m[HTTP][39m [37m-->[39m [37mPOST[39m [37m/wd/hub/session/bc2694b3-9809-42b7-8b5d-6fe984733232/element/00000000-0000-0201-ffff-ffff00000036/click[39m
[35m[HTTP][39m [90m{"id":"00000000-0000-0201-ffff-ffff00000036"}[39m
[35m[HTTP][39m [37m<-- POST /wd/hub/session/bc2694b3-9809-42b7-8b5d-6fe984733232/element/00000000-0000-0201-ffff-ffff00000036/click [39m[32m200[39m [90m78 ms - 14[39m
[35m[HTTP][39m [90m[39m
[35m[HTTP][39m [37m-->[39m [37mPOST[39m [37m/wd/hub/session/bc2694b3-9809-42b7-8b5d-6fe984733232/timeouts[39m
[35m[HTTP][39m [90m{"implicit":50}[39m
[35m[HTTP][39m [37m<-- POST /wd/hub/session/bc2694b3-9809-42b7-8b5d-6fe984733232/timeouts [39m[32m200[39m [90m2 ms - 14[39m
[35m[HTTP][39m [90m[39m
[35m[HTTP][39m [37m-->[39m [37mGET[39m [37m/wd/hub/session/bc2694b3-9809-42b7-8b5d-6fe984733232/window/rect[39m
[35m[HTTP][39m [90m{}[39m
[35m[HTTP][39m [37m<-- GET /wd/hub/session/bc2694b3-9809-42b7-8b5d-6fe984733232/window/rect [39m[32m200[39m [90m19 ms - 49[39m
[35m[HTTP][39m [90m[39m
[35m[HTTP][39m [37m-->[39m [37mPOST[39m [37m/wd/hub/session/bc2694b3-9809-42b7-8b5d-6fe984733232/elements[39m
[35m[HTTP][39m [90m{"using":"xpath","value":"//*[@class = 'android.widget.Button' and (@text = 'Crear Cuenta' or . = 'Crear Cuenta') and @resource-id = 'com.naposystems.napoleonchat:id/button_register']"}[39m
[35m[HTTP][39m [37m<-- POST /wd/hub/session/bc2694b3-9809-42b7-8b5d-6fe984733232/elements [39m[32m200[39m [90m1015 ms - 139[39m
[35m[HTTP][39m [90m[39m
[35m[HTTP][39m [37m-->[39m [37mGET[39m [37m/wd/hub/session/bc2694b3-9809-42b7-8b5d-6fe984733232/element/00000000-0000-0201-ffff-ffff00000049/location[39m
[35m[HTTP][39m [90m{}[39m
[35m[W3C (bc2694b3)][39m Driver proxy active, passing request on via HTTP proxy
[35m[WD Proxy][39m Replacing sessionId 94dff46b-1714-4fbe-a294-5f304e2faf8c with bc2694b3-9809-42b7-8b5d-6fe984733232
[35m[HTTP][39m [37m<-- GET /wd/hub/session/bc2694b3-9809-42b7-8b5d-6fe984733232/element/00000000-0000-0201-ffff-ffff00000049/location [39m[32m200[39m [90m29 ms - 78[39m
[35m[HTTP][39m [90m[39m
[35m[HTTP][39m [37m-->[39m [37mPOST[39m [37m/wd/hub/session/bc2694b3-9809-42b7-8b5d-6fe984733232/timeouts[39m
[35m[HTTP][39m [90m{"implicit":30000}[39m
[35m[HTTP][39m [37m<-- POST /wd/hub/session/bc2694b3-9809-42b7-8b5d-6fe984733232/timeouts [39m[32m200[39m [90m2 ms - 14[39m
[35m[HTTP][39m [90m[39m
[35m[HTTP][39m [37m-->[39m [37mPOST[39m [37m/wd/hub/session/bc2694b3-9809-42b7-8b5d-6fe984733232/element/00000000-0000-0201-ffff-ffff00000049/click[39m
[35m[HTTP][39m [90m{"id":"00000000-0000-0201-ffff-ffff00000049"}[39m
[35m[HTTP][39m [37m<-- POST /wd/hub/session/bc2694b3-9809-42b7-8b5d-6fe984733232/element/00000000-0000-0201-ffff-ffff00000049/click [39m[32m200[39m [90m95 ms - 14[39m
[35m[HTTP][39m [90m[39m
[35m[HTTP][39m [37m-->[39m [37mPOST[39m [37m/wd/hub/session/bc2694b3-9809-42b7-8b5d-6fe984733232/timeouts[39m
[35m[HTTP][39m [90m{"implicit":50}[39m
[35m[HTTP][39m [37m<-- POST /wd/hub/session/bc2694b3-9809-42b7-8b5d-6fe984733232/timeouts [39m[32m200[39m [90m1 ms - 14[39m
[35m[HTTP][39m [90m[39m
[35m[HTTP][39m [37m-->[39m [37mGET[39m [37m/wd/hub/session/bc2694b3-9809-42b7-8b5d-6fe984733232/window/rect[39m
[35m[HTTP][39m [90m{}[39m
[35m[HTTP][39m [37m<-- GET /wd/hub/session/bc2694b3-9809-42b7-8b5d-6fe984733232/window/rect [39m[32m200[39m [90m20 ms - 49[39m
[35m[HTTP][39m [90m[39m
[35m[HTTP][39m [37m-->[39m [37mPOST[39m [37m/wd/hub/session/bc2694b3-9809-42b7-8b5d-6fe984733232/elements[39m
[35m[HTTP][39m [90m{"using":"xpath","value":"//*[@class = 'android.widget.Button' and (@text = 'Enviar código de registro' or . = 'Enviar código de registro') and @resource-id = 'com.naposystems.napoleonchat:id/button_request_code']"}[39m
[35m[HTTP][39m [37m<-- POST /wd/hub/session/bc2694b3-9809-42b7-8b5d-6fe984733232/elements [39m[32m200[39m [90m1106 ms - 139[39m
[35m[HTTP][39m [90m[39m
[35m[HTTP][39m [37m-->[39m [37mGET[39m [37m/wd/hub/session/bc2694b3-9809-42b7-8b5d-6fe984733232/element/00000000-0000-0201-ffff-ffff0000005b/location[39m
[35m[HTTP][39m [90m{}[39m
[35m[W3C (bc2694b3)][39m Driver proxy active, passing request on via HTTP proxy
[35m[WD Proxy][39m Replacing sessionId 94dff46b-1714-4fbe-a294-5f304e2faf8c with bc2694b3-9809-42b7-8b5d-6fe984733232
[35m[HTTP][39m [37m<-- GET /wd/hub/session/bc2694b3-9809-42b7-8b5d-6fe984733232/element/00000000-0000-0201-ffff-ffff0000005b/location [39m[32m200[39m [90m30 ms - 78[39m
[35m[HTTP][39m [90m[39m
[35m[HTTP][39m [37m-->[39m [37mPOST[39m [37m/wd/hub/session/bc2694b3-9809-42b7-8b5d-6fe984733232/timeouts[39m
[35m[HTTP][39m [90m{"implicit":30000}[39m
[35m[HTTP][39m [37m<-- POST /wd/hub/session/bc2694b3-9809-42b7-8b5d-6fe984733232/timeouts [39m[32m200[39m [90m1 ms - 14[39m
[35m[HTTP][39m [90m[39m
[35m[HTTP][39m [37m-->[39m [37mPOST[39m [37m/wd/hub/session/bc2694b3-9809-42b7-8b5d-6fe984733232/element/00000000-0000-0201-ffff-ffff0000005b/click[39m
[35m[HTTP][39m [90m{"id":"00000000-0000-0201-ffff-ffff0000005b"}[39m
[35m[HTTP][39m [37m<-- POST /wd/hub/session/bc2694b3-9809-42b7-8b5d-6fe984733232/element/00000000-0000-0201-ffff-ffff0000005b/click [39m[32m200[39m [90m86 ms - 14[39m
[35m[HTTP][39m [90m[39m
[35m[HTTP][39m [37m-->[39m [37mPOST[39m [37m/wd/hub/session/bc2694b3-9809-42b7-8b5d-6fe984733232/timeouts[39m
[35m[HTTP][39m [90m{"implicit":50}[39m
[35m[HTTP][39m [37m<-- POST /wd/hub/session/bc2694b3-9809-42b7-8b5d-6fe984733232/timeouts [39m[32m200[39m [90m2 ms - 14[39m
[35m[HTTP][39m [90m[39m
[35m[HTTP][39m [37m-->[39m [37mGET[39m [37m/wd/hub/session/bc2694b3-9809-42b7-8b5d-6fe984733232/window/rect[39m
[35m[HTTP][39m [90m{}[39m
[35m[HTTP][39m [37m<-- GET /wd/hub/session/bc2694b3-9809-42b7-8b5d-6fe984733232/window/rect [39m[32m200[39m [90m22 ms - 49[39m
[35m[HTTP][39m [90m[39m
[35m[HTTP][39m [37m-->[39m [37mPOST[39m [37m/wd/hub/session/bc2694b3-9809-42b7-8b5d-6fe984733232/elements[39m
[35m[HTTP][39m [90m{"using":"xpath","value":"//*[@class = 'android.widget.Button' and (@text = 'Continuar' or . = 'Continuar') and @resource-id = 'com.naposystems.napoleonchat:id/button_continue']"}[39m
[35m[HTTP][39m [37m<-- POST /wd/hub/session/bc2694b3-9809-42b7-8b5d-6fe984733232/elements [39m[32m200[39m [90m1583 ms - 12[39m
[35m[HTTP][39m [90m[39m
[35m[HTTP][39m [37m-->[39m [37mPOST[39m [37m/wd/hub/session/bc2694b3-9809-42b7-8b5d-6fe984733232/elements[39m
[35m[HTTP][39m [90m{"using":"xpath","value":"//*[@class = 'android.widget.Button' and (@text = 'Continuar' or . = 'Continuar') and @resource-id = 'com.naposystems.napoleonchat:id/button_continue']"}[39m
[35m[HTTP][39m [37m<-- POST /wd/hub/session/bc2694b3-9809-42b7-8b5d-6fe984733232/elements [39m[32m200[39m [90m2402 ms - 139[39m
[35m[HTTP][39m [90m[39m
[35m[HTTP][39m [37m-->[39m [37mGET[39m [37m/wd/hub/session/bc2694b3-9809-42b7-8b5d-6fe984733232/element/00000000-0000-0201-ffff-ffff00000073/location[39m
[35m[HTTP][39m [90m{}[39m
[35m[W3C (bc2694b3)][39m Driver proxy active, passing request on via HTTP proxy
[35m[WD Proxy][39m Replacing sessionId 94dff46b-1714-4fbe-a294-5f304e2faf8c with bc2694b3-9809-42b7-8b5d-6fe984733232
[35m[HTTP][39m [37m<-- GET /wd/hub/session/bc2694b3-9809-42b7-8b5d-6fe984733232/element/00000000-0000-0201-ffff-ffff00000073/location [39m[32m200[39m [90m2280 ms - 77[39m
[35m[HTTP][39m [90m[39m
[35m[HTTP][39m [37m-->[39m [37mPOST[39m [37m/wd/hub/session/bc2694b3-9809-42b7-8b5d-6fe984733232/timeouts[39m
[35m[HTTP][39m [90m{"implicit":30000}[39m
[35m[HTTP][39m [37m<-- POST /wd/hub/session/bc2694b3-9809-42b7-8b5d-6fe984733232/timeouts [39m[32m200[39m [90m2 ms - 14[39m
[35m[HTTP][39m [90m[39m
[35m[HTTP][39m [37m-->[39m [37mPOST[39m [37m/wd/hub/session/bc2694b3-9809-42b7-8b5d-6fe984733232/element/00000000-0000-0201-ffff-ffff00000073/click[39m
[35m[HTTP][39m [90m{"id":"00000000-0000-0201-ffff-ffff00000073"}[39m
[35m[HTTP][39m [37m<-- POST /wd/hub/session/bc2694b3-9809-42b7-8b5d-6fe984733232/element/00000000-0000-0201-ffff-ffff00000073/click [39m[32m200[39m [90m1227 ms - 14[39m
[35m[HTTP][39m [90m[39m
[35m[HTTP][39m [37m-->[39m [37mPOST[39m [37m/wd/hub/session/bc2694b3-9809-42b7-8b5d-6fe984733232/timeouts[39m
[35m[HTTP][39m [90m{"implicit":50}[39m
[35m[HTTP][39m [37m<-- POST /wd/hub/session/bc2694b3-9809-42b7-8b5d-6fe984733232/timeouts [39m[32m200[39m [90m1 ms - 14[39m
[35m[HTTP][39m [90m[39m
[35m[HTTP][39m [37m-->[39m [37mGET[39m [37m/wd/hub/session/bc2694b3-9809-42b7-8b5d-6fe984733232/window/rect[39m
[35m[HTTP][39m [90m{}[39m
[35m[HTTP][39m [37m<-- GET /wd/hub/session/bc2694b3-9809-42b7-8b5d-6fe984733232/window/rect [39m[32m200[39m [90m35 ms - 49[39m
[35m[HTTP][39m [90m[39m
[35m[HTTP][39m [37m-->[39m [37mPOST[39m [37m/wd/hub/session/bc2694b3-9809-42b7-8b5d-6fe984733232/elements[39m
[35m[HTTP][39m [90m{"using":"xpath","value":"//*[@class = 'android.widget.EditText' and (@text = 'Apodo*' or . = 'Apodo*') and @resource-id = 'com.naposystems.napoleonchat:id/textInputEditText_nickname']"}[39m
[35m[HTTP][39m [37m<-- POST /wd/hub/session/bc2694b3-9809-42b7-8b5d-6fe984733232/elements [39m[32m200[39m [90m601 ms - 139[39m
[35m[HTTP][39m [90m[39m
[35m[HTTP][39m [37m-->[39m [37mGET[39m [37m/wd/hub/session/bc2694b3-9809-42b7-8b5d-6fe984733232/element/00000000-0000-0201-ffff-ffff000000a1/location[39m
[35m[HTTP][39m [90m{}[39m
[35m[W3C (bc2694b3)][39m Driver proxy active, passing request on via HTTP proxy
[35m[WD Proxy][39m Replacing sessionId 94dff46b-1714-4fbe-a294-5f304e2faf8c with bc2694b3-9809-42b7-8b5d-6fe984733232
[35m[HTTP][39m [37m<-- GET /wd/hub/session/bc2694b3-9809-42b7-8b5d-6fe984733232/element/00000000-0000-0201-ffff-ffff000000a1/location [39m[32m200[39m [90m368 ms - 77[39m
[35m[HTTP][39m [90m[39m
[35m[HTTP][39m [37m-->[39m [37mPOST[39m [37m/wd/hub/session/bc2694b3-9809-42b7-8b5d-6fe984733232/timeouts[39m
[35m[HTTP][39m [90m{"implicit":30000}[39m
[35m[HTTP][39m [37m<-- POST /wd/hub/session/bc2694b3-9809-42b7-8b5d-6fe984733232/timeouts [39m[32m200[39m [90m1 ms - 14[39m
[35m[HTTP][39m [90m[39m
[35m[HTTP][39m [37m-->[39m [37mPOST[39m [37m/wd/hub/session/bc2694b3-9809-42b7-8b5d-6fe984733232/element/00000000-0000-0201-ffff-ffff000000a1/clear[39m
[35m[HTTP][39m [90m{"id":"00000000-0000-0201-ffff-ffff000000a1"}[39m
[35m[HTTP][39m [37m<-- POST /wd/hub/session/bc2694b3-9809-42b7-8b5d-6fe984733232/element/00000000-0000-0201-ffff-ffff000000a1/clear [39m[32m200[39m [90m1527 ms - 14[39m
[35m[HTTP][39m [90m[39m
[35m[HTTP][39m [37m-->[39m [37mPOST[39m [37m/wd/hub/session/bc2694b3-9809-42b7-8b5d-6fe984733232/element/00000000-0000-0201-ffff-ffff000000a1/value[39m
[35m[HTTP][39m [90m{"id":"00000000-0000-0201-ffff-ffff000000a1","text":"libre024","value":["l","i","b","r","e","0","2","4"]}[39m
[35m[HTTP][39m [37m<-- POST /wd/hub/session/bc2694b3-9809-42b7-8b5d-6fe984733232/element/00000000-0000-0201-ffff-ffff000000a1/value [39m[32m200[39m [90m1525 ms - 14[39m
[35m[HTTP][39m [90m[39m
[35m[HTTP][39m [37m-->[39m [37mPOST[39m [37m/wd/hub/session/bc2694b3-9809-42b7-8b5d-6fe984733232/timeouts[39m
[35m[HTTP][39m [90m{"implicit":50}[39m
[35m[HTTP][39m [37m<-- POST /wd/hub/session/bc2694b3-9809-42b7-8b5d-6fe984733232/timeouts [39m[32m200[39m [90m1 ms - 14[39m
[35m[HTTP][39m [90m[39m
[35m[HTTP][39m [37m-->[39m [37mGET[39m [37m/wd/hub/session/bc2694b3-9809-42b7-8b5d-6fe984733232/window/rect[39m
[35m[HTTP][39m [90m{}[39m
[35m[HTTP][39m [37m<-- GET /wd/hub/session/bc2694b3-9809-42b7-8b5d-6fe984733232/window/rect [39m[32m200[39m [90m22 ms - 49[39m
[35m[HTTP][39m [90m[39m
[35m[HTTP][39m [37m-->[39m [37mPOST[39m [37m/wd/hub/session/bc2694b3-9809-42b7-8b5d-6fe984733232/elements[39m
[35m[HTTP][39m [90m{"using":"xpath","value":"//*[@class = 'android.widget.Button' and (@text = 'Siguiente' or . = 'Siguiente') and @resource-id = 'com.naposystems.napoleonchat:id/button_next']"}[39m
[35m[HTTP][39m [37m<-- POST /wd/hub/session/bc2694b3-9809-42b7-8b5d-6fe984733232/elements [39m[32m200[39m [90m909 ms - 139[39m
[35m[HTTP][39m [90m[39m
[35m[HTTP][39m [37m-->[39m [37mGET[39m [37m/wd/hub/session/bc2694b3-9809-42b7-8b5d-6fe984733232/element/00000000-0000-0201-ffff-ffff000000c0/location[39m
[35m[HTTP][39m [90m{}[39m
[35m[W3C (bc2694b3)][39m Driver proxy active, passing request on via HTTP proxy
[35m[WD Proxy][39m Replacing sessionId 94dff46b-1714-4fbe-a294-5f304e2faf8c with bc2694b3-9809-42b7-8b5d-6fe984733232
[35m[HTTP][39m [37m<-- GET /wd/hub/session/bc2694b3-9809-42b7-8b5d-6fe984733232/element/00000000-0000-0201-ffff-ffff000000c0/location [39m[32m200[39m [90m31 ms - 78[39m
[35m[HTTP][39m [90m[39m
[35m[HTTP][39m [37m-->[39m [37mPOST[39m [37m/wd/hub/session/bc2694b3-9809-42b7-8b5d-6fe984733232/timeouts[39m
[35m[HTTP][39m [90m{"implicit":30000}[39m
[35m[HTTP][39m [37m<-- POST /wd/hub/session/bc2694b3-9809-42b7-8b5d-6fe984733232/timeouts [39m[32m200[39m [90m1 ms - 14[39m
[35m[HTTP][39m [90m[39m
[35m[HTTP][39m [37m-->[39m [37mPOST[39m [37m/wd/hub/session/bc2694b3-9809-42b7-8b5d-6fe984733232/element/00000000-0000-0201-ffff-ffff000000c0/click[39m
[35m[HTTP][39m [90m{"id":"00000000-0000-0201-ffff-ffff000000c0"}[39m
[35m[HTTP][39m [37m<-- POST /wd/hub/session/bc2694b3-9809-42b7-8b5d-6fe984733232/element/00000000-0000-0201-ffff-ffff000000c0/click [39m[32m200[39m [90m75 ms - 14[39m
[35m[HTTP][39m [90m[39m
[35m[HTTP][39m [37m-->[39m [37mPOST[39m [37m/wd/hub/session/bc2694b3-9809-42b7-8b5d-6fe984733232/timeouts[39m
[35m[HTTP][39m [90m{"implicit":50}[39m
[35m[HTTP][39m [37m<-- POST /wd/hub/session/bc2694b3-9809-42b7-8b5d-6fe984733232/timeouts [39m[32m200[39m [90m1 ms - 14[39m
[35m[HTTP][39m [90m[39m
[35m[HTTP][39m [37m-->[39m [37mGET[39m [37m/wd/hub/session/bc2694b3-9809-42b7-8b5d-6fe984733232/window/rect[39m
[35m[HTTP][39m [90m{}[39m
[35m[HTTP][39m [37m<-- GET /wd/hub/session/bc2694b3-9809-42b7-8b5d-6fe984733232/window/rect [39m[32m200[39m [90m16 ms - 49[39m
[35m[HTTP][39m [90m[39m
[35m[HTTP][39m [37m-->[39m [37mPOST[39m [37m/wd/hub/session/bc2694b3-9809-42b7-8b5d-6fe984733232/elements[39m
[35m[HTTP][39m [90m{"using":"xpath","value":"//*[@class = 'android.widget.EditText' and (@text = 'Pin de Acceso' or . = 'Pin de Acceso') and @resource-id = 'com.naposystems.napoleonchat:id/textInputEditText_access_pin']"}[39m
[35m[HTTP][39m [37m<-- POST /wd/hub/session/bc2694b3-9809-42b7-8b5d-6fe984733232/elements [39m[32m200[39m [90m957 ms - 139[39m
[35m[HTTP][39m [90m[39m
[35m[HTTP][39m [37m-->[39m [37mGET[39m [37m/wd/hub/session/bc2694b3-9809-42b7-8b5d-6fe984733232/element/00000000-0000-0201-ffff-ffff000000d0/location[39m
[35m[HTTP][39m [90m{}[39m
[35m[W3C (bc2694b3)][39m Driver proxy active, passing request on via HTTP proxy
[35m[WD Proxy][39m Replacing sessionId 94dff46b-1714-4fbe-a294-5f304e2faf8c with bc2694b3-9809-42b7-8b5d-6fe984733232
[35m[HTTP][39m [37m<-- GET /wd/hub/session/bc2694b3-9809-42b7-8b5d-6fe984733232/element/00000000-0000-0201-ffff-ffff000000d0/location [39m[32m200[39m [90m447 ms - 77[39m
[35m[HTTP][39m [90m[39m
[35m[HTTP][39m [37m-->[39m [37mPOST[39m [37m/wd/hub/session/bc2694b3-9809-42b7-8b5d-6fe984733232/timeouts[39m
[35m[HTTP][39m [90m{"implicit":30000}[39m
[35m[HTTP][39m [37m<-- POST /wd/hub/session/bc2694b3-9809-42b7-8b5d-6fe984733232/timeouts [39m[32m200[39m [90m1 ms - 14[39m
[35m[HTTP][39m [90m[39m
[35m[HTTP][39m [37m-->[39m [37mPOST[39m [37m/wd/hub/session/bc2694b3-9809-42b7-8b5d-6fe984733232/element/00000000-0000-0201-ffff-ffff000000d0/clear[39m
[35m[HTTP][39m [90m{"id":"00000000-0000-0201-ffff-ffff000000d0"}[39m
[35m[HTTP][39m [37m<-- POST /wd/hub/session/bc2694b3-9809-42b7-8b5d-6fe984733232/element/00000000-0000-0201-ffff-ffff000000d0/clear [39m[32m200[39m [90m57 ms - 14[39m
[35m[HTTP][39m [90m[39m
[35m[HTTP][39m [37m-->[39m [37mPOST[39m [37m/wd/hub/session/bc2694b3-9809-42b7-8b5d-6fe984733232/element/00000000-0000-0201-ffff-ffff000000d0/value[39m
[35m[HTTP][39m [90m{"id":"00000000-0000-0201-ffff-ffff000000d0","text":"0000","value":["0","0","0","0"]}[39m
[35m[HTTP][39m [37m<-- POST /wd/hub/session/bc2694b3-9809-42b7-8b5d-6fe984733232/element/00000000-0000-0201-ffff-ffff000000d0/value [39m[32m200[39m [90m1709 ms - 14[39m
[35m[HTTP][39m [90m[39m
[35m[HTTP][39m [37m-->[39m [37mPOST[39m [37m/wd/hub/session/bc2694b3-9809-42b7-8b5d-6fe984733232/timeouts[39m
[35m[HTTP][39m [90m{"implicit":50}[39m
[35m[HTTP][39m [37m<-- POST /wd/hub/session/bc2694b3-9809-42b7-8b5d-6fe984733232/timeouts [39m[32m200[39m [90m1 ms - 14[39m
[35m[HTTP][39m [90m[39m
[35m[HTTP][39m [37m-->[39m [37mGET[39m [37m/wd/hub/session/bc2694b3-9809-42b7-8b5d-6fe984733232/window/rect[39m
[35m[HTTP][39m [90m{}[39m
[35m[HTTP][39m [37m<-- GET /wd/hub/session/bc2694b3-9809-42b7-8b5d-6fe984733232/window/rect [39m[32m200[39m [90m20 ms - 49[39m
[35m[HTTP][39m [90m[39m
[35m[HTTP][39m [37m-->[39m [37mPOST[39m [37m/wd/hub/session/bc2694b3-9809-42b7-8b5d-6fe984733232/elements[39m
[35m[HTTP][39m [90m{"using":"xpath","value":"//*[@class = 'android.widget.EditText' and (@text = 'Confirmar nuevo pin de acceso' or . = 'Confirmar nuevo pin de acceso') and @resource-id = 'com.naposystems.napoleonchat:id/textInputEditText_confirm_access_pin']"}[39m
[35m[HTTP][39m [37m<-- POST /wd/hub/session/bc2694b3-9809-42b7-8b5d-6fe984733232/elements [39m[32m200[39m [90m751 ms - 139[39m
[35m[HTTP][39m [90m[39m
[35m[HTTP][39m [37m-->[39m [37mGET[39m [37m/wd/hub/session/bc2694b3-9809-42b7-8b5d-6fe984733232/element/00000000-0000-0201-ffff-ffff000000df/location[39m
[35m[HTTP][39m [90m{}[39m
[35m[W3C (bc2694b3)][39m Driver proxy active, passing request on via HTTP proxy
[35m[WD Proxy][39m Replacing sessionId 94dff46b-1714-4fbe-a294-5f304e2faf8c with bc2694b3-9809-42b7-8b5d-6fe984733232
[35m[HTTP][39m [37m<-- GET /wd/hub/session/bc2694b3-9809-42b7-8b5d-6fe984733232/element/00000000-0000-0201-ffff-ffff000000df/location [39m[32m200[39m [90m30 ms - 78[39m
[35m[HTTP][39m [90m[39m
[35m[HTTP][39m [37m-->[39m [37mPOST[39m [37m/wd/hub/session/bc2694b3-9809-42b7-8b5d-6fe984733232/timeouts[39m
[35m[HTTP][39m [90m{"implicit":30000}[39m
[35m[HTTP][39m [37m<-- POST /wd/hub/session/bc2694b3-9809-42b7-8b5d-6fe984733232/timeouts [39m[32m200[39m [90m1 ms - 14[39m
[35m[HTTP][39m [90m[39m
[35m[HTTP][39m [37m-->[39m [37mPOST[39m [37m/wd/hub/session/bc2694b3-9809-42b7-8b5d-6fe984733232/element/00000000-0000-0201-ffff-ffff000000df/clear[39m
[35m[HTTP][39m [90m{"id":"00000000-0000-0201-ffff-ffff000000df"}[39m
[35m[HTTP][39m [37m<-- POST /wd/hub/session/bc2694b3-9809-42b7-8b5d-6fe984733232/element/00000000-0000-0201-ffff-ffff000000df/clear [39m[32m200[39m [90m49 ms - 14[39m
[35m[HTTP][39m [90m[39m
[35m[HTTP][39m [37m-->[39m [37mPOST[39m [37m/wd/hub/session/bc2694b3-9809-42b7-8b5d-6fe984733232/element/00000000-0000-0201-ffff-ffff000000df/value[39m
[35m[HTTP][39m [90m{"id":"00000000-0000-0201-ffff-ffff000000df","text":"0000","value":["0","0","0","0"]}[39m
[35m[HTTP][39m [37m<-- POST /wd/hub/session/bc2694b3-9809-42b7-8b5d-6fe984733232/element/00000000-0000-0201-ffff-ffff000000df/value [39m[32m200[39m [90m1664 ms - 14[39m
[35m[HTTP][39m [90m[39m
[35m[HTTP][39m [37m-->[39m [37mPOST[39m [37m/wd/hub/session/bc2694b3-9809-42b7-8b5d-6fe984733232/timeouts[39m
[35m[HTTP][39m [90m{"implicit":50}[39m
[35m[HTTP][39m [37m<-- POST /wd/hub/session/bc2694b3-9809-42b7-8b5d-6fe984733232/timeouts [39m[32m200[39m [90m1 ms - 14[39m
[35m[HTTP][39m [90m[39m
[35m[HTTP][39m [37m-->[39m [37mGET[39m [37m/wd/hub/session/bc2694b3-9809-42b7-8b5d-6fe984733232/window/rect[39m
[35m[HTTP][39m [90m{}[39m
[35m[HTTP][39m [37m<-- GET /wd/hub/session/bc2694b3-9809-42b7-8b5d-6fe984733232/window/rect [39m[32m200[39m [90m17 ms - 49[39m
[35m[HTTP][39m [90m[39m
[35m[HTTP][39m [37m-->[39m [37mPOST[39m [37m/wd/hub/session/bc2694b3-9809-42b7-8b5d-6fe984733232/elements[39m
[35m[HTTP][39m [90m{"using":"xpath","value":"//*[@class = 'android.widget.Button' and (@text = 'Crear Cuenta' or . = 'Crear Cuenta') and @resource-id = 'com.naposystems.napoleonchat:id/button_register']"}[39m
[35m[HTTP][39m [37m<-- POST /wd/hub/session/bc2694b3-9809-42b7-8b5d-6fe984733232/elements [39m[32m200[39m [90m755 ms - 139[39m
[35m[HTTP][39m [90m[39m
[35m[HTTP][39m [37m-->[39m [37mGET[39m [37m/wd/hub/session/bc2694b3-9809-42b7-8b5d-6fe984733232/element/00000000-0000-0201-ffff-ffff000000ed/location[39m
[35m[HTTP][39m [90m{}[39m
[35m[W3C (bc2694b3)][39m Driver proxy active, passing request on via HTTP proxy
[35m[WD Proxy][39m Replacing sessionId 94dff46b-1714-4fbe-a294-5f304e2faf8c with bc2694b3-9809-42b7-8b5d-6fe984733232
[35m[HTTP][39m [37m<-- GET /wd/hub/session/bc2694b3-9809-42b7-8b5d-6fe984733232/element/00000000-0000-0201-ffff-ffff000000ed/location [39m[32m200[39m [90m27 ms - 79[39m
[35m[HTTP][39m [90m[39m
[35m[HTTP][39m [37m-->[39m [37mPOST[39m [37m/wd/hub/session/bc2694b3-9809-42b7-8b5d-6fe984733232/timeouts[39m
[35m[HTTP][39m [90m{"implicit":30000}[39m
[35m[HTTP][39m [37m<-- POST /wd/hub/session/bc2694b3-9809-42b7-8b5d-6fe984733232/timeouts [39m[32m200[39m [90m1 ms - 14[39m
[35m[HTTP][39m [90m[39m
[35m[HTTP][39m [37m-->[39m [37mPOST[39m [37m/wd/hub/session/bc2694b3-9809-42b7-8b5d-6fe984733232/element/00000000-0000-0201-ffff-ffff000000ed/click[39m
[35m[HTTP][39m [90m{"id":"00000000-0000-0201-ffff-ffff000000ed"}[39m
[35m[HTTP][39m [37m<-- POST /wd/hub/session/bc2694b3-9809-42b7-8b5d-6fe984733232/element/00000000-0000-0201-ffff-ffff000000ed/click [39m[32m200[39m [90m96 ms - 14[39m
[35m[HTTP][39m [90m[39m
[35m[HTTP][39m [37m-->[39m [37mPOST[39m [37m/wd/hub/session/bc2694b3-9809-42b7-8b5d-6fe984733232/timeouts[39m
[35m[HTTP][39m [90m{"implicit":50}[39m
[35m[HTTP][39m [37m<-- POST /wd/hub/session/bc2694b3-9809-42b7-8b5d-6fe984733232/timeouts [39m[32m200[39m [90m1 ms - 14[39m
[35m[HTTP][39m [90m[39m
[35m[HTTP][39m [37m-->[39m [37mGET[39m [37m/wd/hub/session/bc2694b3-9809-42b7-8b5d-6fe984733232/window/rect[39m
[35m[HTTP][39m [90m{}[39m
[35m[HTTP][39m [37m<-- GET /wd/hub/session/bc2694b3-9809-42b7-8b5d-6fe984733232/window/rect [39m[32m200[39m [90m19 ms - 49[39m
[35m[HTTP][39m [90m[39m
[35m[HTTP][39m [37m-->[39m [37mPOST[39m [37m/wd/hub/session/bc2694b3-9809-42b7-8b5d-6fe984733232/elements[39m
[35m[HTTP][39m [90m{"using":"xpath","value":"//*[@class = 'android.widget.FrameLayout' and @resource-id = 'com.naposystems.napoleonchat:id/profileFragment' and (@text = '' or . = '')]"}[39m
[35m[HTTP][39m [37m<-- POST /wd/hub/session/bc2694b3-9809-42b7-8b5d-6fe984733232/elements [39m[32m200[39m [90m747 ms - 139[39m
[35m[HTTP][39m [90m[39m
[35m[HTTP][39m [37m-->[39m [37mGET[39m [37m/wd/hub/session/bc2694b3-9809-42b7-8b5d-6fe984733232/element/00000000-0000-0201-ffff-ffff00000017/location[39m
[35m[HTTP][39m [90m{}[39m
[35m[W3C (bc2694b3)][39m Driver proxy active, passing request on via HTTP proxy
[35m[WD Proxy][39m Replacing sessionId 94dff46b-1714-4fbe-a294-5f304e2faf8c with bc2694b3-9809-42b7-8b5d-6fe984733232
[35m[HTTP][39m [37m<-- GET /wd/hub/session/bc2694b3-9809-42b7-8b5d-6fe984733232/element/00000000-0000-0201-ffff-ffff00000017/location [39m[32m200[39m [90m32 ms - 79[39m
[35m[HTTP][39m [90m[39m
[35m[HTTP][39m [37m-->[39m [37mPOST[39m [37m/wd/hub/session/bc2694b3-9809-42b7-8b5d-6fe984733232/timeouts[39m
[35m[HTTP][39m [90m{"implicit":30000}[39m
[35m[HTTP][39m [37m<-- POST /wd/hub/session/bc2694b3-9809-42b7-8b5d-6fe984733232/timeouts [39m[32m200[39m [90m1 ms - 14[39m
[35m[HTTP][39m [90m[39m
[35m[HTTP][39m [37m-->[39m [37mPOST[39m [37m/wd/hub/session/bc2694b3-9809-42b7-8b5d-6fe984733232/element/00000000-0000-0201-ffff-ffff00000017/click[39m
[35m[HTTP][39m [90m{"id":"00000000-0000-0201-ffff-ffff00000017"}[39m
[35m[HTTP][39m [37m<-- POST /wd/hub/session/bc2694b3-9809-42b7-8b5d-6fe984733232/element/00000000-0000-0201-ffff-ffff00000017/click [39m[32m200[39m [90m80 ms - 14[39m
[35m[HTTP][39m [90m[39m
[35m[HTTP][39m [37m-->[39m [37mPOST[39m [37m/wd/hub/session/bc2694b3-9809-42b7-8b5d-6fe984733232/timeouts[39m
[35m[HTTP][39m [90m{"implicit":50}[39m
[35m[HTTP][39m [37m<-- POST /wd/hub/session/bc2694b3-9809-42b7-8b5d-6fe984733232/timeouts [39m[32m200[39m [90m1 ms - 14[39m
[35m[HTTP][39m [90m[39m
[35m[HTTP][39m [37m-->[39m [37mGET[39m [37m/wd/hub/session/bc2694b3-9809-42b7-8b5d-6fe984733232/window/rect[39m
[35m[HTTP][39m [90m{}[39m
[35m[HTTP][39m [37m<-- GET /wd/hub/session/bc2694b3-9809-42b7-8b5d-6fe984733232/window/rect [39m[32m200[39m [90m17 ms - 49[39m
[35m[HTTP][39m [90m[39m
[35m[HTTP][39m [37m-->[39m [37mPOST[39m [37m/wd/hub/session/bc2694b3-9809-42b7-8b5d-6fe984733232/elements[39m
[35m[HTTP][39m [90m{"using":"xpath","value":"//*[@class = 'android.widget.LinearLayout' and @resource-id = 'com.naposystems.napoleonchat:id/container_chats_settings' and (@text = '' or . = '')]"}[39m
[35m[HTTP][39m [37m<-- POST /wd/hub/session/bc2694b3-9809-42b7-8b5d-6fe984733232/elements [39m[32m200[39m [90m785 ms - 12[39m
[35m[HTTP][39m [90m[39m
[35m[HTTP][39m [37m-->[39m [37mPOST[39m [37m/wd/hub/session/bc2694b3-9809-42b7-8b5d-6fe984733232/elements[39m
[35m[HTTP][39m [90m{"using":"xpath","value":"//*[@class = 'android.widget.LinearLayout' and @resource-id = 'com.naposystems.napoleonchat:id/container_chats_settings' and (@text = '' or . = '')]"}[39m
[35m[HTTP][39m [37m<-- POST /wd/hub/session/bc2694b3-9809-42b7-8b5d-6fe984733232/elements [39m[32m200[39m [90m723 ms - 139[39m
[35m[HTTP][39m [90m[39m
[35m[HTTP][39m [37m-->[39m [37mGET[39m [37m/wd/hub/session/bc2694b3-9809-42b7-8b5d-6fe984733232/element/00000000-0000-0201-ffff-ffff00000131/location[39m
[35m[HTTP][39m [90m{}[39m
[35m[W3C (bc2694b3)][39m Driver proxy active, passing request on via HTTP proxy
[35m[WD Proxy][39m Replacing sessionId 94dff46b-1714-4fbe-a294-5f304e2faf8c with bc2694b3-9809-42b7-8b5d-6fe984733232
[35m[HTTP][39m [37m<-- GET /wd/hub/session/bc2694b3-9809-42b7-8b5d-6fe984733232/element/00000000-0000-0201-ffff-ffff00000131/location [39m[32m200[39m [90m24 ms - 77[39m
[35m[HTTP][39m [90m[39m
[35m[HTTP][39m [37m-->[39m [37mPOST[39m [37m/wd/hub/session/bc2694b3-9809-42b7-8b5d-6fe984733232/timeouts[39m
[35m[HTTP][39m [90m{"implicit":30000}[39m
[35m[HTTP][39m [37m<-- POST /wd/hub/session/bc2694b3-9809-42b7-8b5d-6fe984733232/timeouts [39m[32m200[39m [90m1 ms - 14[39m
[35m[HTTP][39m [90m[39m
[35m[HTTP][39m [37m-->[39m [37mPOST[39m [37m/wd/hub/session/bc2694b3-9809-42b7-8b5d-6fe984733232/element/00000000-0000-0201-ffff-ffff00000131/click[39m
[35m[HTTP][39m [90m{"id":"00000000-0000-0201-ffff-ffff00000131"}[39m
[35m[HTTP][39m [37m<-- POST /wd/hub/session/bc2694b3-9809-42b7-8b5d-6fe984733232/element/00000000-0000-0201-ffff-ffff00000131/click [39m[32m200[39m [90m71 ms - 14[39m
[35m[HTTP][39m [90m[39m
[35m[HTTP][39m [37m-->[39m [37mPOST[39m [37m/wd/hub/session/bc2694b3-9809-42b7-8b5d-6fe984733232/timeouts[39m
[35m[HTTP][39m [90m{"implicit":50}[39m
[35m[HTTP][39m [37m<-- POST /wd/hub/session/bc2694b3-9809-42b7-8b5d-6fe984733232/timeouts [39m[32m200[39m [90m1 ms - 14[39m
[35m[HTTP][39m [90m[39m
[35m[HTTP][39m [37m-->[39m [37mGET[39m [37m/wd/hub/session/bc2694b3-9809-42b7-8b5d-6fe984733232/window/rect[39m
[35m[HTTP][39m [90m{}[39m
[35m[HTTP][39m [37m<-- GET /wd/hub/session/bc2694b3-9809-42b7-8b5d-6fe984733232/window/rect [39m[32m200[39m [90m13 ms - 49[39m
[35m[HTTP][39m [90m[39m
[35m[HTTP][39m [37m-->[39m [37mPOST[39m [37m/wd/hub/session/bc2694b3-9809-42b7-8b5d-6fe984733232/elements[39m
[35m[HTTP][39m [90m{"using":"xpath","value":"//*[@class = 'android.widget.LinearLayout' and @resource-id = 'com.naposystems.napoleonchat:id/container_background_conversation' and (@text = '' or . = '')]"}[39m
[35m[HTTP][39m [37m<-- POST /wd/hub/session/bc2694b3-9809-42b7-8b5d-6fe984733232/elements [39m[32m200[39m [90m2032 ms - 139[39m
[35m[HTTP][39m [90m[39m
[35m[HTTP][39m [37m-->[39m [37mGET[39m [37m/wd/hub/session/bc2694b3-9809-42b7-8b5d-6fe984733232/element/00000000-0000-0201-ffff-ffff00000145/location[39m
[35m[HTTP][39m [90m{}[39m
[35m[W3C (bc2694b3)][39m Driver proxy active, passing request on via HTTP proxy
[35m[WD Proxy][39m Replacing sessionId 94dff46b-1714-4fbe-a294-5f304e2faf8c with bc2694b3-9809-42b7-8b5d-6fe984733232
[35m[HTTP][39m [37m<-- GET /wd/hub/session/bc2694b3-9809-42b7-8b5d-6fe984733232/element/00000000-0000-0201-ffff-ffff00000145/location [39m[32m200[39m [90m27 ms - 77[39m
[35m[HTTP][39m [90m[39m
[35m[HTTP][39m [37m-->[39m [37mPOST[39m [37m/wd/hub/session/bc2694b3-9809-42b7-8b5d-6fe984733232/timeouts[39m
[35m[HTTP][39m [90m{"implicit":30000}[39m
[35m[HTTP][39m [37m<-- POST /wd/hub/session/bc2694b3-9809-42b7-8b5d-6fe984733232/timeouts [39m[32m200[39m [90m2 ms - 14[39m
[35m[HTTP][39m [90m[39m
[35m[HTTP][39m [37m-->[39m [37mPOST[39m [37m/wd/hub/session/bc2694b3-9809-42b7-8b5d-6fe984733232/element/00000000-0000-0201-ffff-ffff00000145/click[39m
[35m[HTTP][39m [90m{"id":"00000000-0000-0201-ffff-ffff00000145"}[39m
[35m[HTTP][39m [37m<-- POST /wd/hub/session/bc2694b3-9809-42b7-8b5d-6fe984733232/element/00000000-0000-0201-ffff-ffff00000145/click [39m[32m200[39m [90m79 ms - 14[39m
[35m[HTTP][39m [90m[39m
[35m[HTTP][39m [37m-->[39m [37mPOST[39m [37m/wd/hub/session/bc2694b3-9809-42b7-8b5d-6fe984733232/timeouts[39m
[35m[HTTP][39m [90m{"implicit":50}[39m
[35m[HTTP][39m [37m<-- POST /wd/hub/session/bc2694b3-9809-42b7-8b5d-6fe984733232/timeouts [39m[32m200[39m [90m1 ms - 14[39m
[35m[HTTP][39m [90m[39m
[35m[HTTP][39m [37m-->[39m [37mGET[39m [37m/wd/hub/session/bc2694b3-9809-42b7-8b5d-6fe984733232/window/rect[39m
[35m[HTTP][39m [90m{}[39m
[35m[HTTP][39m [37m<-- GET /wd/hub/session/bc2694b3-9809-42b7-8b5d-6fe984733232/window/rect [39m[32m200[39m [90m13 ms - 49[39m
[35m[HTTP][39m [90m[39m
[35m[HTTP][39m [37m-->[39m [37mPOST[39m [37m/wd/hub/session/bc2694b3-9809-42b7-8b5d-6fe984733232/elements[39m
[35m[HTTP][39m [90m{"using":"xpath","value":"//*[@class = 'android.widget.LinearLayout' and @resource-id = 'com.naposystems.napoleonchat:id/container_camera_option' and (@text = '' or . = '')]"}[39m
[35m[HTTP][39m [37m<-- POST /wd/hub/session/bc2694b3-9809-42b7-8b5d-6fe984733232/elements [39m[32m200[39m [90m237 ms - 139[39m
[35m[HTTP][39m [90m[39m
[35m[HTTP][39m [37m-->[39m [37mGET[39m [37m/wd/hub/session/bc2694b3-9809-42b7-8b5d-6fe984733232/element/00000000-0000-0204-ffff-ffff00000166/location[39m
[35m[HTTP][39m [90m{}[39m
[35m[W3C (bc2694b3)][39m Driver proxy active, passing request on via HTTP proxy
[35m[WD Proxy][39m Replacing sessionId 94dff46b-1714-4fbe-a294-5f304e2faf8c with bc2694b3-9809-42b7-8b5d-6fe984733232
[35m[HTTP][39m [37m<-- GET /wd/hub/session/bc2694b3-9809-42b7-8b5d-6fe984733232/element/00000000-0000-0204-ffff-ffff00000166/location [39m[32m200[39m [90m525 ms - 77[39m
[35m[HTTP][39m [90m[39m
[35m[HTTP][39m [37m-->[39m [37mPOST[39m [37m/wd/hub/session/bc2694b3-9809-42b7-8b5d-6fe984733232/timeouts[39m
[35m[HTTP][39m [90m{"implicit":30000}[39m
[35m[HTTP][39m [37m<-- POST /wd/hub/session/bc2694b3-9809-42b7-8b5d-6fe984733232/timeouts [39m[32m200[39m [90m1 ms - 14[39m
[35m[HTTP][39m [90m[39m
[35m[HTTP][39m [37m-->[39m [37mPOST[39m [37m/wd/hub/session/bc2694b3-9809-42b7-8b5d-6fe984733232/element/00000000-0000-0204-ffff-ffff00000166/click[39m
[35m[HTTP][39m [90m{"id":"00000000-0000-0204-ffff-ffff00000166"}[39m
[35m[HTTP][39m [37m<-- POST /wd/hub/session/bc2694b3-9809-42b7-8b5d-6fe984733232/element/00000000-0000-0204-ffff-ffff00000166/click [39m[32m200[39m [90m73 ms - 14[39m
[35m[HTTP][39m [90m[39m
[35m[HTTP][39m [37m-->[39m [37mPOST[39m [37m/wd/hub/session/bc2694b3-9809-42b7-8b5d-6fe984733232/timeouts[39m
[35m[HTTP][39m [90m{"implicit":50}[39m
[35m[HTTP][39m [37m<-- POST /wd/hub/session/bc2694b3-9809-42b7-8b5d-6fe984733232/timeouts [39m[32m200[39m [90m1 ms - 14[39m
[35m[HTTP][39m [90m[39m
[35m[HTTP][39m [37m-->[39m [37mGET[39m [37m/wd/hub/session/bc2694b3-9809-42b7-8b5d-6fe984733232/window/rect[39m
[35m[HTTP][39m [90m{}[39m
[35m[HTTP][39m [37m<-- GET /wd/hub/session/bc2694b3-9809-42b7-8b5d-6fe984733232/window/rect [39m[32m200[39m [90m17 ms - 49[39m
[35m[HTTP][39m [90m[39m
[35m[HTTP][39m [37m-->[39m [37mPOST[39m [37m/wd/hub/session/bc2694b3-9809-42b7-8b5d-6fe984733232/elements[39m
[35m[HTTP][39m [90m{"using":"xpath","value":"//*[@class = 'android.widget.ImageButton' and @resource-id = 'com.naposystems.napoleonchat:id/imageButton_camera' and (@text = '' or . = '')]"}[39m
[35m[HTTP][39m [37m<-- POST /wd/hub/session/bc2694b3-9809-42b7-8b5d-6fe984733232/elements [39m[32m200[39m [90m959 ms - 139[39m
[35m[HTTP][39m [90m[39m
[35m[HTTP][39m [37m-->[39m [37mGET[39m [37m/wd/hub/session/bc2694b3-9809-42b7-8b5d-6fe984733232/element/00000000-0000-0201-ffff-ffff00000178/location[39m
[35m[HTTP][39m [90m{}[39m
[35m[W3C (bc2694b3)][39m Driver proxy active, passing request on via HTTP proxy
[35m[WD Proxy][39m Replacing sessionId 94dff46b-1714-4fbe-a294-5f304e2faf8c with bc2694b3-9809-42b7-8b5d-6fe984733232
[35m[HTTP][39m [37m<-- GET /wd/hub/session/bc2694b3-9809-42b7-8b5d-6fe984733232/element/00000000-0000-0201-ffff-ffff00000178/location [39m[32m200[39m [90m538 ms - 79[39m
[35m[HTTP][39m [90m[39m
[35m[HTTP][39m [37m-->[39m [37mPOST[39m [37m/wd/hub/session/bc2694b3-9809-42b7-8b5d-6fe984733232/timeouts[39m
[35m[HTTP][39m [90m{"implicit":30000}[39m
[35m[HTTP][39m [37m<-- POST /wd/hub/session/bc2694b3-9809-42b7-8b5d-6fe984733232/timeouts [39m[32m200[39m [90m1 ms - 14[39m
[35m[HTTP][39m [90m[39m
[35m[HTTP][39m [37m-->[39m [37mPOST[39m [37m/wd/hub/session/bc2694b3-9809-42b7-8b5d-6fe984733232/element/00000000-0000-0201-ffff-ffff00000178/click[39m
[35m[HTTP][39m [90m{"id":"00000000-0000-0201-ffff-ffff00000178"}[39m
[35m[HTTP][39m [37m<-- POST /wd/hub/session/bc2694b3-9809-42b7-8b5d-6fe984733232/element/00000000-0000-0201-ffff-ffff00000178/click [39m[32m200[39m [90m53 ms - 14[39m
[35m[HTTP][39m [90m[39m
[35m[HTTP][39m [37m-->[39m [37mPOST[39m [37m/wd/hub/session/bc2694b3-9809-42b7-8b5d-6fe984733232/timeouts[39m
[35m[HTTP][39m [90m{"implicit":50}[39m
[35m[HTTP][39m [37m<-- POST /wd/hub/session/bc2694b3-9809-42b7-8b5d-6fe984733232/timeouts [39m[32m200[39m [90m1 ms - 14[39m
[35m[HTTP][39m [90m[39m
[35m[HTTP][39m [37m-->[39m [37mGET[39m [37m/wd/hub/session/bc2694b3-9809-42b7-8b5d-6fe984733232/window/rect[39m
[35m[HTTP][39m [90m{}[39m
[35m[HTTP][39m [37m<-- GET /wd/hub/session/bc2694b3-9809-42b7-8b5d-6fe984733232/window/rect [39m[32m200[39m [90m23 ms - 49[39m
[35m[HTTP][39m [90m[39m
[35m[HTTP][39m [37m-->[39m [37mPOST[39m [37m/wd/hub/session/bc2694b3-9809-42b7-8b5d-6fe984733232/elements[39m
[35m[HTTP][39m [90m{"using":"xpath","value":"//*[@class = 'android.widget.LinearLayout' and @resource-id = 'com.naposystems.napoleonchat:id/state_scale' and (@text = '' or . = '')]"}[39m
[35m[HTTP][39m [37m<-- POST /wd/hub/session/bc2694b3-9809-42b7-8b5d-6fe984733232/elements [39m[32m200[39m [90m130 ms - 139[39m
[35m[HTTP][39m [90m[39m
[35m[HTTP][39m [37m-->[39m [37mGET[39m [37m/wd/hub/session/bc2694b3-9809-42b7-8b5d-6fe984733232/element/00000000-0000-0205-ffff-ffff000001c9/location[39m
[35m[HTTP][39m [90m{}[39m
[35m[W3C (bc2694b3)][39m Driver proxy active, passing request on via HTTP proxy
[35m[WD Proxy][39m Replacing sessionId 94dff46b-1714-4fbe-a294-5f304e2faf8c with bc2694b3-9809-42b7-8b5d-6fe984733232
[35m[HTTP][39m [37m<-- GET /wd/hub/session/bc2694b3-9809-42b7-8b5d-6fe984733232/element/00000000-0000-0205-ffff-ffff000001c9/location [39m[32m200[39m [90m28 ms - 79[39m
[35m[HTTP][39m [90m[39m
[35m[HTTP][39m [37m-->[39m [37mPOST[39m [37m/wd/hub/session/bc2694b3-9809-42b7-8b5d-6fe984733232/timeouts[39m
[35m[HTTP][39m [90m{"implicit":30000}[39m
[35m[HTTP][39m [37m<-- POST /wd/hub/session/bc2694b3-9809-42b7-8b5d-6fe984733232/timeouts [39m[32m200[39m [90m1 ms - 14[39m
[35m[HTTP][39m [90m[39m
[35m[HTTP][39m [37m-->[39m [37mPOST[39m [37m/wd/hub/session/bc2694b3-9809-42b7-8b5d-6fe984733232/element/00000000-0000-0205-ffff-ffff000001c9/click[39m
[35m[HTTP][39m [90m{"id":"00000000-0000-0205-ffff-ffff000001c9"}[39m
[35m[HTTP][39m [37m<-- POST /wd/hub/session/bc2694b3-9809-42b7-8b5d-6fe984733232/element/00000000-0000-0205-ffff-ffff000001c9/click [39m[32m200[39m [90m568 ms - 14[39m
[35m[HTTP][39m [90m[39m
[35m[HTTP][39m [37m-->[39m [37mPOST[39m [37m/wd/hub/session/bc2694b3-9809-42b7-8b5d-6fe984733232/timeouts[39m
[35m[HTTP][39m [90m{"implicit":50}[39m
[35m[HTTP][39m [37m<-- POST /wd/hub/session/bc2694b3-9809-42b7-8b5d-6fe984733232/timeouts [39m[32m200[39m [90m1 ms - 14[39m
[35m[HTTP][39m [90m[39m
[35m[HTTP][39m [37m-->[39m [37mGET[39m [37m/wd/hub/session/bc2694b3-9809-42b7-8b5d-6fe984733232/window/rect[39m
[35m[HTTP][39m [90m{}[39m
[35m[HTTP][39m [37m<-- GET /wd/hub/session/bc2694b3-9809-42b7-8b5d-6fe984733232/window/rect [39m[32m200[39m [90m20 ms - 49[39m
[35m[HTTP][39m [90m[39m
[35m[HTTP][39m [37m-->[39m [37mPOST[39m [37m/wd/hub/session/bc2694b3-9809-42b7-8b5d-6fe984733232/elements[39m
[35m[HTTP][39m [90m{"using":"xpath","value":"//*[@class = 'android.view.View' and @resource-id = 'com.naposystems.napoleonchat:id/scale_scroll_wheel' and (@text = '' or . = '')]"}[39m
[35m[HTTP][39m [37m<-- POST /wd/hub/session/bc2694b3-9809-42b7-8b5d-6fe984733232/elements [39m[32m200[39m [90m111 ms - 139[39m
[35m[HTTP][39m [90m[39m
[35m[HTTP][39m [37m-->[39m [37mGET[39m [37m/wd/hub/session/bc2694b3-9809-42b7-8b5d-6fe984733232/element/00000000-0000-0205-ffff-ffff000001c0/location[39m
[35m[HTTP][39m [90m{}[39m
[35m[W3C (bc2694b3)][39m Driver proxy active, passing request on via HTTP proxy
[35m[WD Proxy][39m Replacing sessionId 94dff46b-1714-4fbe-a294-5f304e2faf8c with bc2694b3-9809-42b7-8b5d-6fe984733232
[35m[HTTP][39m [37m<-- GET /wd/hub/session/bc2694b3-9809-42b7-8b5d-6fe984733232/element/00000000-0000-0205-ffff-ffff000001c0/location [39m[32m200[39m [90m27 ms - 77[39m
[35m[HTTP][39m [90m[39m
[35m[HTTP][39m [37m-->[39m [37mPOST[39m [37m/wd/hub/session/bc2694b3-9809-42b7-8b5d-6fe984733232/timeouts[39m
[35m[HTTP][39m [90m{"implicit":30000}[39m
[35m[HTTP][39m [37m<-- POST /wd/hub/session/bc2694b3-9809-42b7-8b5d-6fe984733232/timeouts [39m[32m200[39m [90m1 ms - 14[39m
[35m[HTTP][39m [90m[39m
[35m[HTTP][39m [37m-->[39m [37mPOST[39m [37m/wd/hub/session/bc2694b3-9809-42b7-8b5d-6fe984733232/element/00000000-0000-0205-ffff-ffff000001c0/click[39m
[35m[HTTP][39m [90m{"id":"00000000-0000-0205-ffff-ffff000001c0"}[39m
[35m[HTTP][39m [37m<-- POST /wd/hub/session/bc2694b3-9809-42b7-8b5d-6fe984733232/element/00000000-0000-0205-ffff-ffff000001c0/click [39m[32m200[39m [90m82 ms - 14[39m
[35m[HTTP][39m [90m[39m
[35m[HTTP][39m [37m-->[39m [37mPOST[39m [37m/wd/hub/session/bc2694b3-9809-42b7-8b5d-6fe984733232/timeouts[39m
[35m[HTTP][39m [90m{"implicit":50}[39m
[35m[HTTP][39m [37m<-- POST /wd/hub/session/bc2694b3-9809-42b7-8b5d-6fe984733232/timeouts [39m[32m200[39m [90m1 ms - 14[39m
[35m[HTTP][39m [90m[39m
[35m[HTTP][39m [37m-->[39m [37mGET[39m [37m/wd/hub/session/bc2694b3-9809-42b7-8b5d-6fe984733232/window/rect[39m
[35m[HTTP][39m [90m{}[39m
[35m[HTTP][39m [37m<-- GET /wd/hub/session/bc2694b3-9809-42b7-8b5d-6fe984733232/window/rect [39m[32m200[39m [90m15 ms - 49[39m
[35m[HTTP][39m [90m[39m
[35m[HTTP][39m [37m-->[39m [37mPOST[39m [37m/wd/hub/session/bc2694b3-9809-42b7-8b5d-6fe984733232/elements[39m
[35m[HTTP][39m [90m{"using":"xpath","value":"//*[@class = 'android.widget.LinearLayout' and @resource-id = 'com.naposystems.napoleonchat:id/state_rotate' and (@text = '' or . = '')]"}[39m
[35m[HTTP][39m [37m<-- POST /wd/hub/session/bc2694b3-9809-42b7-8b5d-6fe984733232/elements [39m[32m200[39m [90m124 ms - 139[39m
[35m[HTTP][39m [90m[39m
[35m[HTTP][39m [37m-->[39m [37mGET[39m [37m/wd/hub/session/bc2694b3-9809-42b7-8b5d-6fe984733232/element/00000000-0000-0205-ffff-ffff000001c6/location[39m
[35m[HTTP][39m [90m{}[39m
[35m[W3C (bc2694b3)][39m Driver proxy active, passing request on via HTTP proxy
[35m[WD Proxy][39m Replacing sessionId 94dff46b-1714-4fbe-a294-5f304e2faf8c with bc2694b3-9809-42b7-8b5d-6fe984733232
[35m[HTTP][39m [37m<-- GET /wd/hub/session/bc2694b3-9809-42b7-8b5d-6fe984733232/element/00000000-0000-0205-ffff-ffff000001c6/location [39m[32m200[39m [90m25 ms - 77[39m
[35m[HTTP][39m [90m[39m
[35m[HTTP][39m [37m-->[39m [37mPOST[39m [37m/wd/hub/session/bc2694b3-9809-42b7-8b5d-6fe984733232/timeouts[39m
[35m[HTTP][39m [90m{"implicit":30000}[39m
[35m[HTTP][39m [37m<-- POST /wd/hub/session/bc2694b3-9809-42b7-8b5d-6fe984733232/timeouts [39m[32m200[39m [90m1 ms - 14[39m
[35m[HTTP][39m [90m[39m
[35m[HTTP][39m [37m-->[39m [37mPOST[39m [37m/wd/hub/session/bc2694b3-9809-42b7-8b5d-6fe984733232/element/00000000-0000-0205-ffff-ffff000001c6/click[39m
[35m[HTTP][39m [90m{"id":"00000000-0000-0205-ffff-ffff000001c6"}[39m
[35m[HTTP][39m [37m<-- POST /wd/hub/session/bc2694b3-9809-42b7-8b5d-6fe984733232/element/00000000-0000-0205-ffff-ffff000001c6/click [39m[32m200[39m [90m79 ms - 14[39m
[35m[HTTP][39m [90m[39m
[35m[HTTP][39m [37m-->[39m [37mPOST[39m [37m/wd/hub/session/bc2694b3-9809-42b7-8b5d-6fe984733232/timeouts[39m
[35m[HTTP][39m [90m{"implicit":50}[39m
[35m[HTTP][39m [37m<-- POST /wd/hub/session/bc2694b3-9809-42b7-8b5d-6fe984733232/timeouts [39m[32m200[39m [90m1 ms - 14[39m
[35m[HTTP][39m [90m[39m
[35m[HTTP][39m [37m-->[39m [37mGET[39m [37m/wd/hub/session/bc2694b3-9809-42b7-8b5d-6fe984733232/window/rect[39m
[35m[HTTP][39m [90m{}[39m
[35m[HTTP][39m [37m<-- GET /wd/hub/session/bc2694b3-9809-42b7-8b5d-6fe984733232/window/rect [39m[32m200[39m [90m15 ms - 49[39m
[35m[HTTP][39m [90m[39m
[35m[HTTP][39m [37m-->[39m [37mPOST[39m [37m/wd/hub/session/bc2694b3-9809-42b7-8b5d-6fe984733232/elements[39m
[35m[HTTP][39m [90m{"using":"xpath","value":"//*[@class = 'android.view.View' and @resource-id = 'com.naposystems.napoleonchat:id/rotate_scroll_wheel' and (@text = '' or . = '')]"}[39m
[35m[HTTP][39m [37m<-- POST /wd/hub/session/bc2694b3-9809-42b7-8b5d-6fe984733232/elements [39m[32m200[39m [90m124 ms - 139[39m
[35m[HTTP][39m [90m[39m
[35m[HTTP][39m [37m-->[39m [37mGET[39m [37m/wd/hub/session/bc2694b3-9809-42b7-8b5d-6fe984733232/element/00000000-0000-0205-ffff-ffff000001b9/location[39m
[35m[HTTP][39m [90m{}[39m
[35m[W3C (bc2694b3)][39m Driver proxy active, passing request on via HTTP proxy
[35m[WD Proxy][39m Replacing sessionId 94dff46b-1714-4fbe-a294-5f304e2faf8c with bc2694b3-9809-42b7-8b5d-6fe984733232
[35m[HTTP][39m [37m<-- GET /wd/hub/session/bc2694b3-9809-42b7-8b5d-6fe984733232/element/00000000-0000-0205-ffff-ffff000001b9/location [39m[32m200[39m [90m23 ms - 78[39m
[35m[HTTP][39m [90m[39m
[35m[HTTP][39m [37m-->[39m [37mPOST[39m [37m/wd/hub/session/bc2694b3-9809-42b7-8b5d-6fe984733232/timeouts[39m
[35m[HTTP][39m [90m{"implicit":30000}[39m
[35m[HTTP][39m [37m<-- POST /wd/hub/session/bc2694b3-9809-42b7-8b5d-6fe984733232/timeouts [39m[32m200[39m [90m1 ms - 14[39m
[35m[HTTP][39m [90m[39m
[35m[HTTP][39m [37m-->[39m [37mPOST[39m [37m/wd/hub/session/bc2694b3-9809-42b7-8b5d-6fe984733232/element/00000000-0000-0205-ffff-ffff000001b9/click[39m
[35m[HTTP][39m [90m{"id":"00000000-0000-0205-ffff-ffff000001b9"}[39m
[35m[HTTP][39m [37m<-- POST /wd/hub/session/bc2694b3-9809-42b7-8b5d-6fe984733232/element/00000000-0000-0205-ffff-ffff000001b9/click [39m[32m200[39m [90m80 ms - 14[39m
[35m[HTTP][39m [90m[39m
[35m[HTTP][39m [37m-->[39m [37mPOST[39m [37m/wd/hub/session/bc2694b3-9809-42b7-8b5d-6fe984733232/timeouts[39m
[35m[HTTP][39m [90m{"implicit":50}[39m
[35m[HTTP][39m [37m<-- POST /wd/hub/session/bc2694b3-9809-42b7-8b5d-6fe984733232/timeouts [39m[32m200[39m [90m2 ms - 14[39m
[35m[HTTP][39m [90m[39m
[35m[HTTP][39m [37m-->[39m [37mGET[39m [37m/wd/hub/session/bc2694b3-9809-42b7-8b5d-6fe984733232/window/rect[39m
[35m[HTTP][39m [90m{}[39m
[35m[HTTP][39m [37m<-- GET /wd/hub/session/bc2694b3-9809-42b7-8b5d-6fe984733232/window/rect [39m[32m200[39m [90m17 ms - 49[39m
[35m[HTTP][39m [90m[39m
[35m[HTTP][39m [37m-->[39m [37mPOST[39m [37m/wd/hub/session/bc2694b3-9809-42b7-8b5d-6fe984733232/elements[39m
[35m[HTTP][39m [90m{"using":"xpath","value":"//*[@class = 'android.view.View' and @resource-id = 'com.naposystems.napoleonchat:id/rotate_scroll_wheel' and (@text = '' or . = '')]"}[39m
[35m[HTTP][39m [37m<-- POST /wd/hub/session/bc2694b3-9809-42b7-8b5d-6fe984733232/elements [39m[32m200[39m [90m111 ms - 139[39m
[35m[HTTP][39m [90m[39m
[35m[HTTP][39m [37m-->[39m [37mGET[39m [37m/wd/hub/session/bc2694b3-9809-42b7-8b5d-6fe984733232/element/00000000-0000-0205-ffff-ffff000001b9/location[39m
[35m[HTTP][39m [90m{}[39m
[35m[W3C (bc2694b3)][39m Driver proxy active, passing request on via HTTP proxy
[35m[WD Proxy][39m Replacing sessionId 94dff46b-1714-4fbe-a294-5f304e2faf8c with bc2694b3-9809-42b7-8b5d-6fe984733232
[35m[HTTP][39m [37m<-- GET /wd/hub/session/bc2694b3-9809-42b7-8b5d-6fe984733232/element/00000000-0000-0205-ffff-ffff000001b9/location [39m[32m200[39m [90m21 ms - 78[39m
[35m[HTTP][39m [90m[39m
[35m[HTTP][39m [37m-->[39m [37mPOST[39m [37m/wd/hub/session/bc2694b3-9809-42b7-8b5d-6fe984733232/timeouts[39m
[35m[HTTP][39m [90m{"implicit":30000}[39m
[35m[HTTP][39m [37m<-- POST /wd/hub/session/bc2694b3-9809-42b7-8b5d-6fe984733232/timeouts [39m[32m200[39m [90m1 ms - 14[39m
[35m[HTTP][39m [90m[39m
[35m[HTTP][39m [37m-->[39m [37mPOST[39m [37m/wd/hub/session/bc2694b3-9809-42b7-8b5d-6fe984733232/element/00000000-0000-0205-ffff-ffff000001b9/click[39m
[35m[HTTP][39m [90m{"id":"00000000-0000-0205-ffff-ffff000001b9"}[39m
[35m[HTTP][39m [37m<-- POST /wd/hub/session/bc2694b3-9809-42b7-8b5d-6fe984733232/element/00000000-0000-0205-ffff-ffff000001b9/click [39m[32m200[39m [90m55 ms - 14[39m
[35m[HTTP][39m [90m[39m
[35m[HTTP][39m [37m-->[39m [37mGET[39m [37m/wd/hub/session/bc2694b3-9809-42b7-8b5d-6fe984733232/context[39m
[35m[HTTP][39m [90m{}[39m
[35m[HTTP][39m [37m<-- GET /wd/hub/session/bc2694b3-9809-42b7-8b5d-6fe984733232/context [39m[32m200[39m [90m1 ms - 22[39m
[35m[HTTP][39m [90m[39m
[35m[HTTP][39m [37m-->[39m [37mGET[39m [37m/wd/hub/session/bc2694b3-9809-42b7-8b5d-6fe984733232/contexts[39m
[35m[HTTP][39m [90m{}[39m
[35m[HTTP][39m [37m<-- GET /wd/hub/session/bc2694b3-9809-42b7-8b5d-6fe984733232/contexts [39m[32m200[39m [90m250 ms - 70[39m
[35m[HTTP][39m [90m[39m
[35m[HTTP][39m [37m-->[39m [37mPOST[39m [37m/wd/hub/session/bc2694b3-9809-42b7-8b5d-6fe984733232/context[39m
[35m[HTTP][39m [90m{"name":"NATIVE_APP"}[39m
[35m[HTTP][39m [37m<-- POST /wd/hub/session/bc2694b3-9809-42b7-8b5d-6fe984733232/context [39m[32m200[39m [90m1 ms - 14[39m
[35m[HTTP][39m [90m[39m
[35m[HTTP][39m [37m-->[39m [37mPOST[39m [37m/wd/hub/session/bc2694b3-9809-42b7-8b5d-6fe984733232/touch/perform[39m
[35m[HTTP][39m [90m{"actions":[{"action":"press","options":{"x":100,"y":42}},{"action":"wait","options":{"ms":500}},{"action":"moveTo","options":{"x":100,"y":50}},{"action":"release","options":{}}]}[39m
[35m[HTTP][39m [37m<-- POST /wd/hub/session/bc2694b3-9809-42b7-8b5d-6fe984733232/touch/perform [39m[32m200[39m [90m1093 ms - 14[39m
[35m[HTTP][39m [90m[39m
[35m[HTTP][39m [37m-->[39m [37mPOST[39m [37m/wd/hub/session/bc2694b3-9809-42b7-8b5d-6fe984733232/context[39m
[35m[HTTP][39m [90m{"name":"NATIVE_APP"}[39m
[35m[HTTP][39m [37m<-- POST /wd/hub/session/bc2694b3-9809-42b7-8b5d-6fe984733232/context [39m[32m200[39m [90m1 ms - 14[39m
[35m[HTTP][39m [90m[39m
[35m[HTTP][39m [37m-->[39m [37mDELETE[39m [37m/wd/hub/session/bc2694b3-9809-42b7-8b5d-6fe984733232[39m
[35m[HTTP][39m [90m{}[39m
[35m[Appium][39m Removing session bc2694b3-9809-42b7-8b5d-6fe984733232 from our master session list
[35m[ADB][39m com.naposystems.napoleonchat was successfully uninstalled
[35m[UiAutomator2][39m Restoring hidden api policy to the device default configuration
[35m[HTTP][39m [37m<-- DELETE /wd/hub/session/bc2694b3-9809-42b7-8b5d-6fe984733232 [39m[32m200[39m [90m2343 ms - 14[39m
[35m[HTTP][39m [90m[39m
