[35m[Appium][39m Welcome to Appium v1.22.3
[35m[Appium][39m Non-default server args:
[35m[Appium][39m   port: 59391
[35m[Appium][39m   loglevel: info
[35m[Appium][39m   tmpDir: C:\Users\Testing\AppData\Local\Temp\\Katalon\Appium\Temp1690563434932
[35m[Appium][39m   chromedriverPort: 59392
[35m[Appium][39m Deprecated server args:
[35m[Appium][39m   [31m--chromedriver-port[39m => --default-capabilities
[35m[Appium][39m Default capabilities, which will be added to each request unless overridden by desired capabilities:
[35m[Appium][39m   chromedriverPort: 59392
[35m[Appium][39m Appium REST http interface listener started on 0.0.0.0:59391
[35m[HTTP][39m [37m-->[39m [37mGET[39m [37m/wd/hub/status[39m
[35m[HTTP][39m [90m{}[39m
[35m[HTTP][39m [37m<-- GET /wd/hub/status [39m[32m200[39m [90m9 ms - 68[39m
[35m[HTTP][39m [90m[39m
[35m[HTTP][39m [37m-->[39m [37mPOST[39m [37m/wd/hub/session[39m
[35m[HTTP][39m [90m{"desiredCapabilities":{"app":"C:\\Users\\Testing\\Desktop\\katalon\\Version QA ACTUALIZADA 25-07-23\\app-qa.apk","noReset":false,"deviceId":"","deviceName":"samsung SM-A107M (Android 11)","fullReset":true,"platform":"ANDROID","newCommandTimeout":1800,"platformVersion":"11","automationName":"uiautomator2","autoGrantPermissions":true,"platformName":"Android","udid":"R9WN40KBXDJ","systemPort":59390},"capabilities":{"firstMatch":[{"appium:app":"C:\\Users\\Testing\\Desktop\\katalon\\Version QA ACTUALIZADA 25-07-23\\app-qa.apk","appium:autoGrantPermissions":true,"appium:automationName":"uiautomator2","deviceId":"","appium:deviceName":"samsung SM-A107M (Android 11)","appium:fullReset":true,"appium:newCommandTimeout":1800,"appium:noReset":false,"platform":"ANDROID","platformName":"android","appium:platformVersion":"11","appium:systemPort":59390,"appium:udid":"R9WN40KBXDJ"}]}}[39m
[35m[BaseDriver][39m The following capabilities are not standard capabilities and should have an extension prefix:
[35m[BaseDriver][39m   deviceId
[35m[BaseDriver][39m   platform
[35m[BaseDriver][39m   chromedriverPort
[35m[Appium][39m Appium v1.22.3 creating new AndroidUiautomator2Driver (v1.70.1) session
[35m[BaseDriver][39m The following capabilities were provided, but are not recognized by Appium:
[35m[BaseDriver][39m   deviceId
[35m[BaseDriver][39m   platform
[35m[BaseDriver][39m Session created with session id: 33c9e006-8c5e-491b-bd66-aba18cb7e2aa
[35m[BaseDriver][39m Using local app 'C:\Users\Testing\Desktop\katalon\Version QA ACTUALIZADA 25-07-23\app-qa.apk'
[35m[ADB][39m Found 1 'build-tools' folders under 'C:\Users\Testing\.katalon\tools\android_sdk' (newest first):
[35m[ADB][39m     C:/Users/Testing/.katalon/tools/android_sdk/build-tools/29.0.3
[35m[ADB][39m Using 'adb.exe' from 'C:\Users\Testing\.katalon\tools\android_sdk\platform-tools\adb.exe'
[35m[AndroidDriver][39m Retrieving device list
[35m[AndroidDriver][39m Using device: R9WN40KBXDJ
[35m[ADB][39m Using 'adb.exe' from 'C:\Users\Testing\.katalon\tools\android_sdk\platform-tools\adb.exe'
[35m[ADB][39m Getting device platform version
[35m[UiAutomator2][39m Relaxing hidden api policy
[35m[ADB][39m Package name: 'com.naposystems.napoleonchat'
[35m[ADB][39m Main activity name: 'com.naposystems.napoleonchat.ui.mainActivity.MainActivity'
[35m[ADB][39m Using 'apksigner.jar' from 'C:\Users\Testing\.katalon\tools\android_sdk\build-tools\29.0.3\lib\apksigner.jar'
[35m[ADB][39m 'C:\Users\Testing\AppData\Roaming\npm\node_modules\appium\node_modules\appium-uiautomator2-server\apks\appium-uiautomator2-server-v4.27.0.apk' is signed with the default certificate
[35m[ADB][39m 'C:\Users\Testing\AppData\Roaming\npm\node_modules\appium\node_modules\appium-uiautomator2-server\apks\appium-uiautomator2-server-debug-androidTest.apk' is signed with the default certificate
[35m[UiAutomator2][39m Server packages are not going to be (re)installed
[35m[ADB][39m Adding packages ["io.appium.settings","io.appium.uiautomator2.server","io.appium.uiautomator2.server.test"] to Doze whitelist
[35m[ADB][39m 'C:\Users\Testing\Desktop\katalon\Version QA ACTUALIZADA 25-07-23\app-qa.apk' is signed with a non-default certificate
[35m[ADB][39m com.naposystems.napoleonchat was not uninstalled, because it was not present on the device
[35m[ADB][39m The application at 'C:\Users\Testing\Desktop\katalon\Version QA ACTUALIZADA 25-07-23\app-qa.apk' will not be cached, because the device under test has confirmed the support of streamed installs
[35m[ADB][39m The installation of 'app-qa.apk' took 8481ms
[35m[UiAutomator2][39m Starting UIAutomator2 server 4.27.0
[35m[UiAutomator2][39m Using UIAutomator2 server from 'C:\Users\Testing\AppData\Roaming\npm\node_modules\appium\node_modules\appium-uiautomator2-server\apks\appium-uiautomator2-server-v4.27.0.apk' and test from 'C:\Users\Testing\AppData\Roaming\npm\node_modules\appium\node_modules\appium-uiautomator2-server\apks\appium-uiautomator2-server-debug-androidTest.apk'
[35m[UiAutomator2][39m Waiting up to 30000ms for UiAutomator2 to be online...
[35m[WD Proxy][39m socket hang up
[35m[WD Proxy][39m socket hang up
[35m[WD Proxy][39m socket hang up
[35m[WD Proxy][39m socket hang up
[35m[WD Proxy][39m socket hang up
[35m[WD Proxy][39m socket hang up
[35m[WD Proxy][39m socket hang up
[35m[WD Proxy][39m Determined the downstream protocol as 'W3C'
[35m[AndroidDriver][39m Screen already unlocked, doing nothing
[35m[UiAutomator2][39m Starting 'com.naposystems.napoleonchat/com.naposystems.napoleonchat.ui.mainActivity.MainActivity and waiting for 'com.naposystems.napoleonchat/com.naposystems.napoleonchat.ui.mainActivity.MainActivity'
[35m[Appium][39m New AndroidUiautomator2Driver session created successfully, session 33c9e006-8c5e-491b-bd66-aba18cb7e2aa added to master session list
[35m[HTTP][39m [37m<-- POST /wd/hub/session [39m[32m200[39m [90m31576 ms - 1351[39m
[35m[HTTP][39m [90m[39m
[35m[HTTP][39m [37m-->[39m [37mGET[39m [37m/wd/hub/session/33c9e006-8c5e-491b-bd66-aba18cb7e2aa[39m
[35m[HTTP][39m [90m{}[39m
[35m[HTTP][39m [37m<-- GET /wd/hub/session/33c9e006-8c5e-491b-bd66-aba18cb7e2aa [39m[32m200[39m [90m21 ms - 1305[39m
[35m[HTTP][39m [90m[39m
[35m[HTTP][39m [37m-->[39m [37mGET[39m [37m/wd/hub/session/33c9e006-8c5e-491b-bd66-aba18cb7e2aa[39m
[35m[HTTP][39m [90m{}[39m
[35m[HTTP][39m [37m<-- GET /wd/hub/session/33c9e006-8c5e-491b-bd66-aba18cb7e2aa [39m[32m200[39m [90m20 ms - 1305[39m
[35m[HTTP][39m [90m[39m
[35m[HTTP][39m [37m-->[39m [37mGET[39m [37m/wd/hub/status[39m
[35m[HTTP][39m [90m{}[39m
[35m[HTTP][39m [37m<-- GET /wd/hub/status [39m[32m200[39m [90m1 ms - 68[39m
[35m[HTTP][39m [90m[39m
[35m[HTTP][39m [37m-->[39m [37mPOST[39m [37m/wd/hub/session/33c9e006-8c5e-491b-bd66-aba18cb7e2aa/timeouts[39m
[35m[HTTP][39m [90m{"implicit":30000}[39m
[35m[HTTP][39m [37m<-- POST /wd/hub/session/33c9e006-8c5e-491b-bd66-aba18cb7e2aa/timeouts [39m[32m200[39m [90m3 ms - 14[39m
[35m[HTTP][39m [90m[39m
[35m[HTTP][39m [37m-->[39m [37mGET[39m [37m/wd/hub/session/33c9e006-8c5e-491b-bd66-aba18cb7e2aa/screenshot[39m
[35m[HTTP][39m [90m{}[39m
[35m[HTTP][39m [37m<-- GET /wd/hub/session/33c9e006-8c5e-491b-bd66-aba18cb7e2aa/screenshot [39m[32m200[39m [90m970 ms - 90128[39m
[35m[HTTP][39m [90m[39m
[35m[HTTP][39m [37m-->[39m [37mGET[39m [37m/wd/hub/session/33c9e006-8c5e-491b-bd66-aba18cb7e2aa/window/rect[39m
[35m[HTTP][39m [90m{}[39m
[35m[HTTP][39m [37m<-- GET /wd/hub/session/33c9e006-8c5e-491b-bd66-aba18cb7e2aa/window/rect [39m[32m200[39m [90m23 ms - 49[39m
[35m[HTTP][39m [90m[39m
[35m[HTTP][39m [37m-->[39m [37mGET[39m [37m/wd/hub/session/33c9e006-8c5e-491b-bd66-aba18cb7e2aa/appium/device/system_bars[39m
[35m[HTTP][39m [90m{}[39m
[35m[HTTP][39m [37m<-- GET /wd/hub/session/33c9e006-8c5e-491b-bd66-aba18cb7e2aa/appium/device/system_bars [39m[32m200[39m [90m106 ms - 145[39m
[35m[HTTP][39m [90m[39m
[35m[HTTP][39m [37m-->[39m [37mPOST[39m [37m/wd/hub/session/33c9e006-8c5e-491b-bd66-aba18cb7e2aa/timeouts[39m
[35m[HTTP][39m [90m{"implicit":50}[39m
[35m[HTTP][39m [37m<-- POST /wd/hub/session/33c9e006-8c5e-491b-bd66-aba18cb7e2aa/timeouts [39m[32m200[39m [90m3 ms - 14[39m
[35m[HTTP][39m [90m[39m
[35m[HTTP][39m [37m-->[39m [37mGET[39m [37m/wd/hub/session/33c9e006-8c5e-491b-bd66-aba18cb7e2aa/window/rect[39m
[35m[HTTP][39m [90m{}[39m
[35m[HTTP][39m [37m<-- GET /wd/hub/session/33c9e006-8c5e-491b-bd66-aba18cb7e2aa/window/rect [39m[32m200[39m [90m22 ms - 49[39m
[35m[HTTP][39m [90m[39m
[35m[HTTP][39m [37m-->[39m [37mPOST[39m [37m/wd/hub/session/33c9e006-8c5e-491b-bd66-aba18cb7e2aa/elements[39m
[35m[HTTP][39m [90m{"using":"xpath","value":"//*[@class = 'android.widget.TextView' and (@text = 'Omitir' or . = 'Omitir') and @resource-id = 'com.naposystems.napoleonchat:id/textViewSkip']"}[39m
[35m[HTTP][39m [37m<-- POST /wd/hub/session/33c9e006-8c5e-491b-bd66-aba18cb7e2aa/elements [39m[32m200[39m [90m955 ms - 139[39m
[35m[HTTP][39m [90m[39m
[35m[HTTP][39m [37m-->[39m [37mGET[39m [37m/wd/hub/session/33c9e006-8c5e-491b-bd66-aba18cb7e2aa/element/00000000-0000-0107-ffff-ffff00000036/location[39m
[35m[HTTP][39m [90m{}[39m
[35m[W3C (33c9e006)][39m Driver proxy active, passing request on via HTTP proxy
[35m[WD Proxy][39m Replacing sessionId 384e508c-27ae-4f0c-8434-9dd7b2355026 with 33c9e006-8c5e-491b-bd66-aba18cb7e2aa
[35m[HTTP][39m [37m<-- GET /wd/hub/session/33c9e006-8c5e-491b-bd66-aba18cb7e2aa/element/00000000-0000-0107-ffff-ffff00000036/location [39m[32m200[39m [90m35 ms - 77[39m
[35m[HTTP][39m [90m[39m
[35m[HTTP][39m [37m-->[39m [37mPOST[39m [37m/wd/hub/session/33c9e006-8c5e-491b-bd66-aba18cb7e2aa/timeouts[39m
[35m[HTTP][39m [90m{"implicit":30000}[39m
[35m[HTTP][39m [37m<-- POST /wd/hub/session/33c9e006-8c5e-491b-bd66-aba18cb7e2aa/timeouts [39m[32m200[39m [90m1 ms - 14[39m
[35m[HTTP][39m [90m[39m
[35m[HTTP][39m [37m-->[39m [37mPOST[39m [37m/wd/hub/session/33c9e006-8c5e-491b-bd66-aba18cb7e2aa/element/00000000-0000-0107-ffff-ffff00000036/click[39m
[35m[HTTP][39m [90m{"id":"00000000-0000-0107-ffff-ffff00000036"}[39m
[35m[HTTP][39m [37m<-- POST /wd/hub/session/33c9e006-8c5e-491b-bd66-aba18cb7e2aa/element/00000000-0000-0107-ffff-ffff00000036/click [39m[32m200[39m [90m82 ms - 14[39m
[35m[HTTP][39m [90m[39m
[35m[HTTP][39m [37m-->[39m [37mPOST[39m [37m/wd/hub/session/33c9e006-8c5e-491b-bd66-aba18cb7e2aa/timeouts[39m
[35m[HTTP][39m [90m{"implicit":50}[39m
[35m[HTTP][39m [37m<-- POST /wd/hub/session/33c9e006-8c5e-491b-bd66-aba18cb7e2aa/timeouts [39m[32m200[39m [90m1 ms - 14[39m
[35m[HTTP][39m [90m[39m
[35m[HTTP][39m [37m-->[39m [37mGET[39m [37m/wd/hub/session/33c9e006-8c5e-491b-bd66-aba18cb7e2aa/window/rect[39m
[35m[HTTP][39m [90m{}[39m
[35m[HTTP][39m [37m<-- GET /wd/hub/session/33c9e006-8c5e-491b-bd66-aba18cb7e2aa/window/rect [39m[32m200[39m [90m18 ms - 49[39m
[35m[HTTP][39m [90m[39m
[35m[HTTP][39m [37m-->[39m [37mPOST[39m [37m/wd/hub/session/33c9e006-8c5e-491b-bd66-aba18cb7e2aa/elements[39m
[35m[HTTP][39m [90m{"using":"xpath","value":"//*[@class = 'android.widget.Button' and (@text = 'Crear Cuenta' or . = 'Crear Cuenta') and @resource-id = 'com.naposystems.napoleonchat:id/button_register']"}[39m
[35m[HTTP][39m [37m<-- POST /wd/hub/session/33c9e006-8c5e-491b-bd66-aba18cb7e2aa/elements [39m[32m200[39m [90m917 ms - 139[39m
[35m[HTTP][39m [90m[39m
[35m[HTTP][39m [37m-->[39m [37mGET[39m [37m/wd/hub/session/33c9e006-8c5e-491b-bd66-aba18cb7e2aa/element/00000000-0000-0107-ffff-ffff00000049/location[39m
[35m[HTTP][39m [90m{}[39m
[35m[W3C (33c9e006)][39m Driver proxy active, passing request on via HTTP proxy
[35m[WD Proxy][39m Replacing sessionId 384e508c-27ae-4f0c-8434-9dd7b2355026 with 33c9e006-8c5e-491b-bd66-aba18cb7e2aa
[35m[HTTP][39m [37m<-- GET /wd/hub/session/33c9e006-8c5e-491b-bd66-aba18cb7e2aa/element/00000000-0000-0107-ffff-ffff00000049/location [39m[32m200[39m [90m33 ms - 78[39m
[35m[HTTP][39m [90m[39m
[35m[HTTP][39m [37m-->[39m [37mPOST[39m [37m/wd/hub/session/33c9e006-8c5e-491b-bd66-aba18cb7e2aa/timeouts[39m
[35m[HTTP][39m [90m{"implicit":30000}[39m
[35m[HTTP][39m [37m<-- POST /wd/hub/session/33c9e006-8c5e-491b-bd66-aba18cb7e2aa/timeouts [39m[32m200[39m [90m3 ms - 14[39m
[35m[HTTP][39m [90m[39m
[35m[HTTP][39m [37m-->[39m [37mPOST[39m [37m/wd/hub/session/33c9e006-8c5e-491b-bd66-aba18cb7e2aa/element/00000000-0000-0107-ffff-ffff00000049/click[39m
[35m[HTTP][39m [90m{"id":"00000000-0000-0107-ffff-ffff00000049"}[39m
[35m[HTTP][39m [37m<-- POST /wd/hub/session/33c9e006-8c5e-491b-bd66-aba18cb7e2aa/element/00000000-0000-0107-ffff-ffff00000049/click [39m[32m200[39m [90m95 ms - 14[39m
[35m[HTTP][39m [90m[39m
[35m[HTTP][39m [37m-->[39m [37mPOST[39m [37m/wd/hub/session/33c9e006-8c5e-491b-bd66-aba18cb7e2aa/timeouts[39m
[35m[HTTP][39m [90m{"implicit":50}[39m
[35m[HTTP][39m [37m<-- POST /wd/hub/session/33c9e006-8c5e-491b-bd66-aba18cb7e2aa/timeouts [39m[32m200[39m [90m1 ms - 14[39m
[35m[HTTP][39m [90m[39m
[35m[HTTP][39m [37m-->[39m [37mGET[39m [37m/wd/hub/session/33c9e006-8c5e-491b-bd66-aba18cb7e2aa/window/rect[39m
[35m[HTTP][39m [90m{}[39m
[35m[HTTP][39m [37m<-- GET /wd/hub/session/33c9e006-8c5e-491b-bd66-aba18cb7e2aa/window/rect [39m[32m200[39m [90m20 ms - 49[39m
[35m[HTTP][39m [90m[39m
[35m[HTTP][39m [37m-->[39m [37mPOST[39m [37m/wd/hub/session/33c9e006-8c5e-491b-bd66-aba18cb7e2aa/elements[39m
[35m[HTTP][39m [90m{"using":"xpath","value":"//*[@class = 'android.widget.Button' and (@text = 'Enviar código de registro' or . = 'Enviar código de registro') and @resource-id = 'com.naposystems.napoleonchat:id/button_request_code']"}[39m
[35m[HTTP][39m [37m<-- POST /wd/hub/session/33c9e006-8c5e-491b-bd66-aba18cb7e2aa/elements [39m[32m200[39m [90m702 ms - 139[39m
[35m[HTTP][39m [90m[39m
[35m[HTTP][39m [37m-->[39m [37mGET[39m [37m/wd/hub/session/33c9e006-8c5e-491b-bd66-aba18cb7e2aa/element/00000000-0000-0107-ffff-ffff0000005b/location[39m
[35m[HTTP][39m [90m{}[39m
[35m[W3C (33c9e006)][39m Driver proxy active, passing request on via HTTP proxy
[35m[WD Proxy][39m Replacing sessionId 384e508c-27ae-4f0c-8434-9dd7b2355026 with 33c9e006-8c5e-491b-bd66-aba18cb7e2aa
[35m[HTTP][39m [37m<-- GET /wd/hub/session/33c9e006-8c5e-491b-bd66-aba18cb7e2aa/element/00000000-0000-0107-ffff-ffff0000005b/location [39m[32m200[39m [90m282 ms - 78[39m
[35m[HTTP][39m [90m[39m
[35m[HTTP][39m [37m-->[39m [37mPOST[39m [37m/wd/hub/session/33c9e006-8c5e-491b-bd66-aba18cb7e2aa/timeouts[39m
[35m[HTTP][39m [90m{"implicit":30000}[39m
[35m[HTTP][39m [37m<-- POST /wd/hub/session/33c9e006-8c5e-491b-bd66-aba18cb7e2aa/timeouts [39m[32m200[39m [90m1 ms - 14[39m
[35m[HTTP][39m [90m[39m
[35m[HTTP][39m [37m-->[39m [37mPOST[39m [37m/wd/hub/session/33c9e006-8c5e-491b-bd66-aba18cb7e2aa/element/00000000-0000-0107-ffff-ffff0000005b/click[39m
[35m[HTTP][39m [90m{"id":"00000000-0000-0107-ffff-ffff0000005b"}[39m
[35m[HTTP][39m [37m<-- POST /wd/hub/session/33c9e006-8c5e-491b-bd66-aba18cb7e2aa/element/00000000-0000-0107-ffff-ffff0000005b/click [39m[32m200[39m [90m574 ms - 14[39m
[35m[HTTP][39m [90m[39m
[35m[HTTP][39m [37m-->[39m [37mPOST[39m [37m/wd/hub/session/33c9e006-8c5e-491b-bd66-aba18cb7e2aa/timeouts[39m
[35m[HTTP][39m [90m{"implicit":50}[39m
[35m[HTTP][39m [37m<-- POST /wd/hub/session/33c9e006-8c5e-491b-bd66-aba18cb7e2aa/timeouts [39m[32m200[39m [90m1 ms - 14[39m
[35m[HTTP][39m [90m[39m
[35m[HTTP][39m [37m-->[39m [37mGET[39m [37m/wd/hub/session/33c9e006-8c5e-491b-bd66-aba18cb7e2aa/window/rect[39m
[35m[HTTP][39m [90m{}[39m
[35m[HTTP][39m [37m<-- GET /wd/hub/session/33c9e006-8c5e-491b-bd66-aba18cb7e2aa/window/rect [39m[32m200[39m [90m20 ms - 49[39m
[35m[HTTP][39m [90m[39m
[35m[HTTP][39m [37m-->[39m [37mPOST[39m [37m/wd/hub/session/33c9e006-8c5e-491b-bd66-aba18cb7e2aa/elements[39m
[35m[HTTP][39m [90m{"using":"xpath","value":"//*[@class = 'android.widget.Button' and (@text = 'Continuar' or . = 'Continuar') and @resource-id = 'com.naposystems.napoleonchat:id/button_continue']"}[39m
[35m[HTTP][39m [37m<-- POST /wd/hub/session/33c9e006-8c5e-491b-bd66-aba18cb7e2aa/elements [39m[32m200[39m [90m1072 ms - 12[39m
[35m[HTTP][39m [90m[39m
[35m[HTTP][39m [37m-->[39m [37mPOST[39m [37m/wd/hub/session/33c9e006-8c5e-491b-bd66-aba18cb7e2aa/elements[39m
[35m[HTTP][39m [90m{"using":"xpath","value":"//*[@class = 'android.widget.Button' and (@text = 'Continuar' or . = 'Continuar') and @resource-id = 'com.naposystems.napoleonchat:id/button_continue']"}[39m
[35m[HTTP][39m [37m<-- POST /wd/hub/session/33c9e006-8c5e-491b-bd66-aba18cb7e2aa/elements [39m[32m200[39m [90m2280 ms - 139[39m
[35m[HTTP][39m [90m[39m
[35m[HTTP][39m [37m-->[39m [37mGET[39m [37m/wd/hub/session/33c9e006-8c5e-491b-bd66-aba18cb7e2aa/element/00000000-0000-0107-ffff-ffff00000073/location[39m
[35m[HTTP][39m [90m{}[39m
[35m[W3C (33c9e006)][39m Driver proxy active, passing request on via HTTP proxy
[35m[WD Proxy][39m Replacing sessionId 384e508c-27ae-4f0c-8434-9dd7b2355026 with 33c9e006-8c5e-491b-bd66-aba18cb7e2aa
[35m[HTTP][39m [37m<-- GET /wd/hub/session/33c9e006-8c5e-491b-bd66-aba18cb7e2aa/element/00000000-0000-0107-ffff-ffff00000073/location [39m[32m200[39m [90m2067 ms - 77[39m
[35m[HTTP][39m [90m[39m
[35m[HTTP][39m [37m-->[39m [37mPOST[39m [37m/wd/hub/session/33c9e006-8c5e-491b-bd66-aba18cb7e2aa/timeouts[39m
[35m[HTTP][39m [90m{"implicit":30000}[39m
[35m[HTTP][39m [37m<-- POST /wd/hub/session/33c9e006-8c5e-491b-bd66-aba18cb7e2aa/timeouts [39m[32m200[39m [90m1 ms - 14[39m
[35m[HTTP][39m [90m[39m
[35m[HTTP][39m [37m-->[39m [37mPOST[39m [37m/wd/hub/session/33c9e006-8c5e-491b-bd66-aba18cb7e2aa/element/00000000-0000-0107-ffff-ffff00000073/click[39m
[35m[HTTP][39m [90m{"id":"00000000-0000-0107-ffff-ffff00000073"}[39m
[35m[HTTP][39m [37m<-- POST /wd/hub/session/33c9e006-8c5e-491b-bd66-aba18cb7e2aa/element/00000000-0000-0107-ffff-ffff00000073/click [39m[32m200[39m [90m80 ms - 14[39m
[35m[HTTP][39m [90m[39m
[35m[HTTP][39m [37m-->[39m [37mPOST[39m [37m/wd/hub/session/33c9e006-8c5e-491b-bd66-aba18cb7e2aa/timeouts[39m
[35m[HTTP][39m [90m{"implicit":50}[39m
[35m[HTTP][39m [37m<-- POST /wd/hub/session/33c9e006-8c5e-491b-bd66-aba18cb7e2aa/timeouts [39m[32m200[39m [90m1 ms - 14[39m
[35m[HTTP][39m [90m[39m
[35m[HTTP][39m [37m-->[39m [37mGET[39m [37m/wd/hub/session/33c9e006-8c5e-491b-bd66-aba18cb7e2aa/window/rect[39m
[35m[HTTP][39m [90m{}[39m
[35m[HTTP][39m [37m<-- GET /wd/hub/session/33c9e006-8c5e-491b-bd66-aba18cb7e2aa/window/rect [39m[32m200[39m [90m18 ms - 49[39m
[35m[HTTP][39m [90m[39m
[35m[HTTP][39m [37m-->[39m [37mPOST[39m [37m/wd/hub/session/33c9e006-8c5e-491b-bd66-aba18cb7e2aa/elements[39m
[35m[HTTP][39m [90m{"using":"xpath","value":"//*[@class = 'android.widget.EditText' and (@text = 'Apodo*' or . = 'Apodo*') and @resource-id = 'com.naposystems.napoleonchat:id/textInputEditText_nickname']"}[39m
[35m[HTTP][39m [37m<-- POST /wd/hub/session/33c9e006-8c5e-491b-bd66-aba18cb7e2aa/elements [39m[32m200[39m [90m2158 ms - 139[39m
[35m[HTTP][39m [90m[39m
[35m[HTTP][39m [37m-->[39m [37mGET[39m [37m/wd/hub/session/33c9e006-8c5e-491b-bd66-aba18cb7e2aa/element/00000000-0000-0107-ffff-ffff000000a1/location[39m
[35m[HTTP][39m [90m{}[39m
[35m[W3C (33c9e006)][39m Driver proxy active, passing request on via HTTP proxy
[35m[WD Proxy][39m Replacing sessionId 384e508c-27ae-4f0c-8434-9dd7b2355026 with 33c9e006-8c5e-491b-bd66-aba18cb7e2aa
[35m[HTTP][39m [37m<-- GET /wd/hub/session/33c9e006-8c5e-491b-bd66-aba18cb7e2aa/element/00000000-0000-0107-ffff-ffff000000a1/location [39m[32m200[39m [90m1456 ms - 77[39m
[35m[HTTP][39m [90m[39m
[35m[HTTP][39m [37m-->[39m [37mPOST[39m [37m/wd/hub/session/33c9e006-8c5e-491b-bd66-aba18cb7e2aa/timeouts[39m
[35m[HTTP][39m [90m{"implicit":30000}[39m
[35m[HTTP][39m [37m<-- POST /wd/hub/session/33c9e006-8c5e-491b-bd66-aba18cb7e2aa/timeouts [39m[32m200[39m [90m1 ms - 14[39m
[35m[HTTP][39m [90m[39m
[35m[HTTP][39m [37m-->[39m [37mPOST[39m [37m/wd/hub/session/33c9e006-8c5e-491b-bd66-aba18cb7e2aa/element/00000000-0000-0107-ffff-ffff000000a1/clear[39m
[35m[HTTP][39m [90m{"id":"00000000-0000-0107-ffff-ffff000000a1"}[39m
[35m[HTTP][39m [37m<-- POST /wd/hub/session/33c9e006-8c5e-491b-bd66-aba18cb7e2aa/element/00000000-0000-0107-ffff-ffff000000a1/clear [39m[32m200[39m [90m72 ms - 14[39m
[35m[HTTP][39m [90m[39m
[35m[HTTP][39m [37m-->[39m [37mPOST[39m [37m/wd/hub/session/33c9e006-8c5e-491b-bd66-aba18cb7e2aa/element/00000000-0000-0107-ffff-ffff000000a1/value[39m
[35m[HTTP][39m [90m{"id":"00000000-0000-0107-ffff-ffff000000a1","text":"libre024","value":["l","i","b","r","e","0","2","4"]}[39m
[35m[HTTP][39m [37m<-- POST /wd/hub/session/33c9e006-8c5e-491b-bd66-aba18cb7e2aa/element/00000000-0000-0107-ffff-ffff000000a1/value [39m[32m200[39m [90m1506 ms - 14[39m
[35m[HTTP][39m [90m[39m
[35m[HTTP][39m [37m-->[39m [37mPOST[39m [37m/wd/hub/session/33c9e006-8c5e-491b-bd66-aba18cb7e2aa/timeouts[39m
[35m[HTTP][39m [90m{"implicit":50}[39m
[35m[HTTP][39m [37m<-- POST /wd/hub/session/33c9e006-8c5e-491b-bd66-aba18cb7e2aa/timeouts [39m[32m200[39m [90m1 ms - 14[39m
[35m[HTTP][39m [90m[39m
[35m[HTTP][39m [37m-->[39m [37mGET[39m [37m/wd/hub/session/33c9e006-8c5e-491b-bd66-aba18cb7e2aa/window/rect[39m
[35m[HTTP][39m [90m{}[39m
[35m[HTTP][39m [37m<-- GET /wd/hub/session/33c9e006-8c5e-491b-bd66-aba18cb7e2aa/window/rect [39m[32m200[39m [90m23 ms - 49[39m
[35m[HTTP][39m [90m[39m
[35m[HTTP][39m [37m-->[39m [37mPOST[39m [37m/wd/hub/session/33c9e006-8c5e-491b-bd66-aba18cb7e2aa/elements[39m
[35m[HTTP][39m [90m{"using":"xpath","value":"//*[@class = 'android.widget.Button' and (@text = 'Siguiente' or . = 'Siguiente') and @resource-id = 'com.naposystems.napoleonchat:id/button_next']"}[39m
[35m[HTTP][39m [37m<-- POST /wd/hub/session/33c9e006-8c5e-491b-bd66-aba18cb7e2aa/elements [39m[32m200[39m [90m921 ms - 139[39m
[35m[HTTP][39m [90m[39m
[35m[HTTP][39m [37m-->[39m [37mGET[39m [37m/wd/hub/session/33c9e006-8c5e-491b-bd66-aba18cb7e2aa/element/00000000-0000-0107-ffff-ffff000000c0/location[39m
[35m[HTTP][39m [90m{}[39m
[35m[W3C (33c9e006)][39m Driver proxy active, passing request on via HTTP proxy
[35m[WD Proxy][39m Replacing sessionId 384e508c-27ae-4f0c-8434-9dd7b2355026 with 33c9e006-8c5e-491b-bd66-aba18cb7e2aa
[35m[HTTP][39m [37m<-- GET /wd/hub/session/33c9e006-8c5e-491b-bd66-aba18cb7e2aa/element/00000000-0000-0107-ffff-ffff000000c0/location [39m[32m200[39m [90m26 ms - 78[39m
[35m[HTTP][39m [90m[39m
[35m[HTTP][39m [37m-->[39m [37mPOST[39m [37m/wd/hub/session/33c9e006-8c5e-491b-bd66-aba18cb7e2aa/timeouts[39m
[35m[HTTP][39m [90m{"implicit":30000}[39m
[35m[HTTP][39m [37m<-- POST /wd/hub/session/33c9e006-8c5e-491b-bd66-aba18cb7e2aa/timeouts [39m[32m200[39m [90m1 ms - 14[39m
[35m[HTTP][39m [90m[39m
[35m[HTTP][39m [37m-->[39m [37mPOST[39m [37m/wd/hub/session/33c9e006-8c5e-491b-bd66-aba18cb7e2aa/element/00000000-0000-0107-ffff-ffff000000c0/click[39m
[35m[HTTP][39m [90m{"id":"00000000-0000-0107-ffff-ffff000000c0"}[39m
[35m[HTTP][39m [37m<-- POST /wd/hub/session/33c9e006-8c5e-491b-bd66-aba18cb7e2aa/element/00000000-0000-0107-ffff-ffff000000c0/click [39m[32m200[39m [90m98 ms - 14[39m
[35m[HTTP][39m [90m[39m
[35m[HTTP][39m [37m-->[39m [37mPOST[39m [37m/wd/hub/session/33c9e006-8c5e-491b-bd66-aba18cb7e2aa/timeouts[39m
[35m[HTTP][39m [90m{"implicit":50}[39m
[35m[HTTP][39m [37m<-- POST /wd/hub/session/33c9e006-8c5e-491b-bd66-aba18cb7e2aa/timeouts [39m[32m200[39m [90m1 ms - 14[39m
[35m[HTTP][39m [90m[39m
[35m[HTTP][39m [37m-->[39m [37mGET[39m [37m/wd/hub/session/33c9e006-8c5e-491b-bd66-aba18cb7e2aa/window/rect[39m
[35m[HTTP][39m [90m{}[39m
[35m[HTTP][39m [37m<-- GET /wd/hub/session/33c9e006-8c5e-491b-bd66-aba18cb7e2aa/window/rect [39m[32m200[39m [90m17 ms - 49[39m
[35m[HTTP][39m [90m[39m
[35m[HTTP][39m [37m-->[39m [37mPOST[39m [37m/wd/hub/session/33c9e006-8c5e-491b-bd66-aba18cb7e2aa/elements[39m
[35m[HTTP][39m [90m{"using":"xpath","value":"//*[@class = 'android.widget.EditText' and (@text = 'Pin de Acceso' or . = 'Pin de Acceso') and @resource-id = 'com.naposystems.napoleonchat:id/textInputEditText_access_pin']"}[39m
[35m[HTTP][39m [37m<-- POST /wd/hub/session/33c9e006-8c5e-491b-bd66-aba18cb7e2aa/elements [39m[32m200[39m [90m889 ms - 139[39m
[35m[HTTP][39m [90m[39m
[35m[HTTP][39m [37m-->[39m [37mGET[39m [37m/wd/hub/session/33c9e006-8c5e-491b-bd66-aba18cb7e2aa/element/00000000-0000-0107-ffff-ffff000000d0/location[39m
[35m[HTTP][39m [90m{}[39m
[35m[W3C (33c9e006)][39m Driver proxy active, passing request on via HTTP proxy
[35m[WD Proxy][39m Replacing sessionId 384e508c-27ae-4f0c-8434-9dd7b2355026 with 33c9e006-8c5e-491b-bd66-aba18cb7e2aa
[35m[HTTP][39m [37m<-- GET /wd/hub/session/33c9e006-8c5e-491b-bd66-aba18cb7e2aa/element/00000000-0000-0107-ffff-ffff000000d0/location [39m[32m200[39m [90m458 ms - 77[39m
[35m[HTTP][39m [90m[39m
[35m[HTTP][39m [37m-->[39m [37mPOST[39m [37m/wd/hub/session/33c9e006-8c5e-491b-bd66-aba18cb7e2aa/timeouts[39m
[35m[HTTP][39m [90m{"implicit":30000}[39m
[35m[HTTP][39m [37m<-- POST /wd/hub/session/33c9e006-8c5e-491b-bd66-aba18cb7e2aa/timeouts [39m[32m200[39m [90m2 ms - 14[39m
[35m[HTTP][39m [90m[39m
[35m[HTTP][39m [37m-->[39m [37mPOST[39m [37m/wd/hub/session/33c9e006-8c5e-491b-bd66-aba18cb7e2aa/element/00000000-0000-0107-ffff-ffff000000d0/clear[39m
[35m[HTTP][39m [90m{"id":"00000000-0000-0107-ffff-ffff000000d0"}[39m
[35m[HTTP][39m [37m<-- POST /wd/hub/session/33c9e006-8c5e-491b-bd66-aba18cb7e2aa/element/00000000-0000-0107-ffff-ffff000000d0/clear [39m[32m200[39m [90m61 ms - 14[39m
[35m[HTTP][39m [90m[39m
[35m[HTTP][39m [37m-->[39m [37mPOST[39m [37m/wd/hub/session/33c9e006-8c5e-491b-bd66-aba18cb7e2aa/element/00000000-0000-0107-ffff-ffff000000d0/value[39m
[35m[HTTP][39m [90m{"id":"00000000-0000-0107-ffff-ffff000000d0","text":"0000","value":["0","0","0","0"]}[39m
[35m[HTTP][39m [37m<-- POST /wd/hub/session/33c9e006-8c5e-491b-bd66-aba18cb7e2aa/element/00000000-0000-0107-ffff-ffff000000d0/value [39m[32m200[39m [90m1707 ms - 14[39m
[35m[HTTP][39m [90m[39m
[35m[HTTP][39m [37m-->[39m [37mPOST[39m [37m/wd/hub/session/33c9e006-8c5e-491b-bd66-aba18cb7e2aa/timeouts[39m
[35m[HTTP][39m [90m{"implicit":50}[39m
[35m[HTTP][39m [37m<-- POST /wd/hub/session/33c9e006-8c5e-491b-bd66-aba18cb7e2aa/timeouts [39m[32m200[39m [90m1 ms - 14[39m
[35m[HTTP][39m [90m[39m
[35m[HTTP][39m [37m-->[39m [37mGET[39m [37m/wd/hub/session/33c9e006-8c5e-491b-bd66-aba18cb7e2aa/window/rect[39m
[35m[HTTP][39m [90m{}[39m
[35m[HTTP][39m [37m<-- GET /wd/hub/session/33c9e006-8c5e-491b-bd66-aba18cb7e2aa/window/rect [39m[32m200[39m [90m24 ms - 49[39m
[35m[HTTP][39m [90m[39m
[35m[HTTP][39m [37m-->[39m [37mPOST[39m [37m/wd/hub/session/33c9e006-8c5e-491b-bd66-aba18cb7e2aa/elements[39m
[35m[HTTP][39m [90m{"using":"xpath","value":"//*[@class = 'android.widget.EditText' and (@text = 'Confirmar nuevo pin de acceso' or . = 'Confirmar nuevo pin de acceso') and @resource-id = 'com.naposystems.napoleonchat:id/textInputEditText_confirm_access_pin']"}[39m
[35m[HTTP][39m [37m<-- POST /wd/hub/session/33c9e006-8c5e-491b-bd66-aba18cb7e2aa/elements [39m[32m200[39m [90m758 ms - 139[39m
[35m[HTTP][39m [90m[39m
[35m[HTTP][39m [37m-->[39m [37mGET[39m [37m/wd/hub/session/33c9e006-8c5e-491b-bd66-aba18cb7e2aa/element/00000000-0000-0107-ffff-ffff000000df/location[39m
[35m[HTTP][39m [90m{}[39m
[35m[W3C (33c9e006)][39m Driver proxy active, passing request on via HTTP proxy
[35m[WD Proxy][39m Replacing sessionId 384e508c-27ae-4f0c-8434-9dd7b2355026 with 33c9e006-8c5e-491b-bd66-aba18cb7e2aa
[35m[HTTP][39m [37m<-- GET /wd/hub/session/33c9e006-8c5e-491b-bd66-aba18cb7e2aa/element/00000000-0000-0107-ffff-ffff000000df/location [39m[32m200[39m [90m27 ms - 78[39m
[35m[HTTP][39m [90m[39m
[35m[HTTP][39m [37m-->[39m [37mPOST[39m [37m/wd/hub/session/33c9e006-8c5e-491b-bd66-aba18cb7e2aa/timeouts[39m
[35m[HTTP][39m [90m{"implicit":30000}[39m
[35m[HTTP][39m [37m<-- POST /wd/hub/session/33c9e006-8c5e-491b-bd66-aba18cb7e2aa/timeouts [39m[32m200[39m [90m1 ms - 14[39m
[35m[HTTP][39m [90m[39m
[35m[HTTP][39m [37m-->[39m [37mPOST[39m [37m/wd/hub/session/33c9e006-8c5e-491b-bd66-aba18cb7e2aa/element/00000000-0000-0107-ffff-ffff000000df/clear[39m
[35m[HTTP][39m [90m{"id":"00000000-0000-0107-ffff-ffff000000df"}[39m
[35m[HTTP][39m [37m<-- POST /wd/hub/session/33c9e006-8c5e-491b-bd66-aba18cb7e2aa/element/00000000-0000-0107-ffff-ffff000000df/clear [39m[32m200[39m [90m57 ms - 14[39m
[35m[HTTP][39m [90m[39m
[35m[HTTP][39m [37m-->[39m [37mPOST[39m [37m/wd/hub/session/33c9e006-8c5e-491b-bd66-aba18cb7e2aa/element/00000000-0000-0107-ffff-ffff000000df/value[39m
[35m[HTTP][39m [90m{"id":"00000000-0000-0107-ffff-ffff000000df","text":"0000","value":["0","0","0","0"]}[39m
[35m[HTTP][39m [37m<-- POST /wd/hub/session/33c9e006-8c5e-491b-bd66-aba18cb7e2aa/element/00000000-0000-0107-ffff-ffff000000df/value [39m[32m200[39m [90m1934 ms - 14[39m
[35m[HTTP][39m [90m[39m
[35m[HTTP][39m [37m-->[39m [37mPOST[39m [37m/wd/hub/session/33c9e006-8c5e-491b-bd66-aba18cb7e2aa/timeouts[39m
[35m[HTTP][39m [90m{"implicit":50}[39m
[35m[HTTP][39m [37m<-- POST /wd/hub/session/33c9e006-8c5e-491b-bd66-aba18cb7e2aa/timeouts [39m[32m200[39m [90m1 ms - 14[39m
[35m[HTTP][39m [90m[39m
[35m[HTTP][39m [37m-->[39m [37mGET[39m [37m/wd/hub/session/33c9e006-8c5e-491b-bd66-aba18cb7e2aa/window/rect[39m
[35m[HTTP][39m [90m{}[39m
[35m[HTTP][39m [37m<-- GET /wd/hub/session/33c9e006-8c5e-491b-bd66-aba18cb7e2aa/window/rect [39m[32m200[39m [90m18 ms - 49[39m
[35m[HTTP][39m [90m[39m
[35m[HTTP][39m [37m-->[39m [37mPOST[39m [37m/wd/hub/session/33c9e006-8c5e-491b-bd66-aba18cb7e2aa/elements[39m
[35m[HTTP][39m [90m{"using":"xpath","value":"//*[@class = 'android.widget.Button' and (@text = 'Crear Cuenta' or . = 'Crear Cuenta') and @resource-id = 'com.naposystems.napoleonchat:id/button_register']"}[39m
[35m[HTTP][39m [37m<-- POST /wd/hub/session/33c9e006-8c5e-491b-bd66-aba18cb7e2aa/elements [39m[32m200[39m [90m764 ms - 139[39m
[35m[HTTP][39m [90m[39m
[35m[HTTP][39m [37m-->[39m [37mGET[39m [37m/wd/hub/session/33c9e006-8c5e-491b-bd66-aba18cb7e2aa/element/00000000-0000-0107-ffff-ffff000000ed/location[39m
[35m[HTTP][39m [90m{}[39m
[35m[W3C (33c9e006)][39m Driver proxy active, passing request on via HTTP proxy
[35m[WD Proxy][39m Replacing sessionId 384e508c-27ae-4f0c-8434-9dd7b2355026 with 33c9e006-8c5e-491b-bd66-aba18cb7e2aa
[35m[HTTP][39m [37m<-- GET /wd/hub/session/33c9e006-8c5e-491b-bd66-aba18cb7e2aa/element/00000000-0000-0107-ffff-ffff000000ed/location [39m[32m200[39m [90m29 ms - 79[39m
[35m[HTTP][39m [90m[39m
[35m[HTTP][39m [37m-->[39m [37mPOST[39m [37m/wd/hub/session/33c9e006-8c5e-491b-bd66-aba18cb7e2aa/timeouts[39m
[35m[HTTP][39m [90m{"implicit":30000}[39m
[35m[HTTP][39m [37m<-- POST /wd/hub/session/33c9e006-8c5e-491b-bd66-aba18cb7e2aa/timeouts [39m[32m200[39m [90m1 ms - 14[39m
[35m[HTTP][39m [90m[39m
[35m[HTTP][39m [37m-->[39m [37mPOST[39m [37m/wd/hub/session/33c9e006-8c5e-491b-bd66-aba18cb7e2aa/element/00000000-0000-0107-ffff-ffff000000ed/click[39m
[35m[HTTP][39m [90m{"id":"00000000-0000-0107-ffff-ffff000000ed"}[39m
[35m[HTTP][39m [37m<-- POST /wd/hub/session/33c9e006-8c5e-491b-bd66-aba18cb7e2aa/element/00000000-0000-0107-ffff-ffff000000ed/click [39m[32m200[39m [90m94 ms - 14[39m
[35m[HTTP][39m [90m[39m
[35m[HTTP][39m [37m-->[39m [37mPOST[39m [37m/wd/hub/session/33c9e006-8c5e-491b-bd66-aba18cb7e2aa/timeouts[39m
[35m[HTTP][39m [90m{"implicit":50}[39m
[35m[HTTP][39m [37m<-- POST /wd/hub/session/33c9e006-8c5e-491b-bd66-aba18cb7e2aa/timeouts [39m[32m200[39m [90m1 ms - 14[39m
[35m[HTTP][39m [90m[39m
[35m[HTTP][39m [37m-->[39m [37mGET[39m [37m/wd/hub/session/33c9e006-8c5e-491b-bd66-aba18cb7e2aa/window/rect[39m
[35m[HTTP][39m [90m{}[39m
[35m[HTTP][39m [37m<-- GET /wd/hub/session/33c9e006-8c5e-491b-bd66-aba18cb7e2aa/window/rect [39m[32m200[39m [90m23 ms - 49[39m
[35m[HTTP][39m [90m[39m
[35m[HTTP][39m [37m-->[39m [37mPOST[39m [37m/wd/hub/session/33c9e006-8c5e-491b-bd66-aba18cb7e2aa/elements[39m
[35m[HTTP][39m [90m{"using":"xpath","value":"//*[@class = 'android.widget.FrameLayout' and @resource-id = 'com.naposystems.napoleonchat:id/profileFragment' and (@text = '' or . = '')]"}[39m
[35m[HTTP][39m [37m<-- POST /wd/hub/session/33c9e006-8c5e-491b-bd66-aba18cb7e2aa/elements [39m[32m200[39m [90m1100 ms - 139[39m
[35m[HTTP][39m [90m[39m
[35m[HTTP][39m [37m-->[39m [37mGET[39m [37m/wd/hub/session/33c9e006-8c5e-491b-bd66-aba18cb7e2aa/element/00000000-0000-0107-ffff-ffff00000017/location[39m
[35m[HTTP][39m [90m{}[39m
[35m[W3C (33c9e006)][39m Driver proxy active, passing request on via HTTP proxy
[35m[WD Proxy][39m Replacing sessionId 384e508c-27ae-4f0c-8434-9dd7b2355026 with 33c9e006-8c5e-491b-bd66-aba18cb7e2aa
[35m[HTTP][39m [37m<-- GET /wd/hub/session/33c9e006-8c5e-491b-bd66-aba18cb7e2aa/element/00000000-0000-0107-ffff-ffff00000017/location [39m[32m200[39m [90m44 ms - 79[39m
[35m[HTTP][39m [90m[39m
[35m[HTTP][39m [37m-->[39m [37mPOST[39m [37m/wd/hub/session/33c9e006-8c5e-491b-bd66-aba18cb7e2aa/timeouts[39m
[35m[HTTP][39m [90m{"implicit":30000}[39m
[35m[HTTP][39m [37m<-- POST /wd/hub/session/33c9e006-8c5e-491b-bd66-aba18cb7e2aa/timeouts [39m[32m200[39m [90m2 ms - 14[39m
[35m[HTTP][39m [90m[39m
[35m[HTTP][39m [37m-->[39m [37mPOST[39m [37m/wd/hub/session/33c9e006-8c5e-491b-bd66-aba18cb7e2aa/element/00000000-0000-0107-ffff-ffff00000017/click[39m
[35m[HTTP][39m [90m{"id":"00000000-0000-0107-ffff-ffff00000017"}[39m
[35m[HTTP][39m [37m<-- POST /wd/hub/session/33c9e006-8c5e-491b-bd66-aba18cb7e2aa/element/00000000-0000-0107-ffff-ffff00000017/click [39m[32m200[39m [90m91 ms - 14[39m
[35m[HTTP][39m [90m[39m
[35m[HTTP][39m [37m-->[39m [37mPOST[39m [37m/wd/hub/session/33c9e006-8c5e-491b-bd66-aba18cb7e2aa/timeouts[39m
[35m[HTTP][39m [90m{"implicit":50}[39m
[35m[HTTP][39m [37m<-- POST /wd/hub/session/33c9e006-8c5e-491b-bd66-aba18cb7e2aa/timeouts [39m[32m200[39m [90m1 ms - 14[39m
[35m[HTTP][39m [90m[39m
[35m[HTTP][39m [37m-->[39m [37mGET[39m [37m/wd/hub/session/33c9e006-8c5e-491b-bd66-aba18cb7e2aa/window/rect[39m
[35m[HTTP][39m [90m{}[39m
[35m[HTTP][39m [37m<-- GET /wd/hub/session/33c9e006-8c5e-491b-bd66-aba18cb7e2aa/window/rect [39m[32m200[39m [90m16 ms - 49[39m
[35m[HTTP][39m [90m[39m
[35m[HTTP][39m [37m-->[39m [37mPOST[39m [37m/wd/hub/session/33c9e006-8c5e-491b-bd66-aba18cb7e2aa/elements[39m
[35m[HTTP][39m [90m{"using":"xpath","value":"//*[@class = 'android.widget.LinearLayout' and @resource-id = 'com.naposystems.napoleonchat:id/container_chats_settings' and (@text = '' or . = '')]"}[39m
[35m[HTTP][39m [37m<-- POST /wd/hub/session/33c9e006-8c5e-491b-bd66-aba18cb7e2aa/elements [39m[32m200[39m [90m1766 ms - 12[39m
[35m[HTTP][39m [90m[39m
[35m[HTTP][39m [37m-->[39m [37mPOST[39m [37m/wd/hub/session/33c9e006-8c5e-491b-bd66-aba18cb7e2aa/elements[39m
[35m[HTTP][39m [90m{"using":"xpath","value":"//*[@class = 'android.widget.LinearLayout' and @resource-id = 'com.naposystems.napoleonchat:id/container_chats_settings' and (@text = '' or . = '')]"}[39m
[35m[HTTP][39m [37m<-- POST /wd/hub/session/33c9e006-8c5e-491b-bd66-aba18cb7e2aa/elements [39m[32m200[39m [90m1934 ms - 139[39m
[35m[HTTP][39m [90m[39m
[35m[HTTP][39m [37m-->[39m [37mGET[39m [37m/wd/hub/session/33c9e006-8c5e-491b-bd66-aba18cb7e2aa/element/00000000-0000-0107-ffff-ffff00000131/location[39m
[35m[HTTP][39m [90m{}[39m
[35m[W3C (33c9e006)][39m Driver proxy active, passing request on via HTTP proxy
[35m[WD Proxy][39m Replacing sessionId 384e508c-27ae-4f0c-8434-9dd7b2355026 with 33c9e006-8c5e-491b-bd66-aba18cb7e2aa
[35m[HTTP][39m [37m<-- GET /wd/hub/session/33c9e006-8c5e-491b-bd66-aba18cb7e2aa/element/00000000-0000-0107-ffff-ffff00000131/location [39m[32m200[39m [90m29 ms - 77[39m
[35m[HTTP][39m [90m[39m
[35m[HTTP][39m [37m-->[39m [37mPOST[39m [37m/wd/hub/session/33c9e006-8c5e-491b-bd66-aba18cb7e2aa/timeouts[39m
[35m[HTTP][39m [90m{"implicit":30000}[39m
[35m[HTTP][39m [37m<-- POST /wd/hub/session/33c9e006-8c5e-491b-bd66-aba18cb7e2aa/timeouts [39m[32m200[39m [90m1 ms - 14[39m
[35m[HTTP][39m [90m[39m
[35m[HTTP][39m [37m-->[39m [37mPOST[39m [37m/wd/hub/session/33c9e006-8c5e-491b-bd66-aba18cb7e2aa/element/00000000-0000-0107-ffff-ffff00000131/click[39m
[35m[HTTP][39m [90m{"id":"00000000-0000-0107-ffff-ffff00000131"}[39m
[35m[HTTP][39m [37m<-- POST /wd/hub/session/33c9e006-8c5e-491b-bd66-aba18cb7e2aa/element/00000000-0000-0107-ffff-ffff00000131/click [39m[32m200[39m [90m85 ms - 14[39m
[35m[HTTP][39m [90m[39m
[35m[HTTP][39m [37m-->[39m [37mPOST[39m [37m/wd/hub/session/33c9e006-8c5e-491b-bd66-aba18cb7e2aa/timeouts[39m
[35m[HTTP][39m [90m{"implicit":50}[39m
[35m[HTTP][39m [37m<-- POST /wd/hub/session/33c9e006-8c5e-491b-bd66-aba18cb7e2aa/timeouts [39m[32m200[39m [90m1 ms - 14[39m
[35m[HTTP][39m [90m[39m
[35m[HTTP][39m [37m-->[39m [37mGET[39m [37m/wd/hub/session/33c9e006-8c5e-491b-bd66-aba18cb7e2aa/window/rect[39m
[35m[HTTP][39m [90m{}[39m
[35m[HTTP][39m [37m<-- GET /wd/hub/session/33c9e006-8c5e-491b-bd66-aba18cb7e2aa/window/rect [39m[32m200[39m [90m24 ms - 49[39m
[35m[HTTP][39m [90m[39m
[35m[HTTP][39m [37m-->[39m [37mPOST[39m [37m/wd/hub/session/33c9e006-8c5e-491b-bd66-aba18cb7e2aa/elements[39m
[35m[HTTP][39m [90m{"using":"xpath","value":"//*[@class = 'android.widget.LinearLayout' and @resource-id = 'com.naposystems.napoleonchat:id/container_background_conversation' and (@text = '' or . = '')]"}[39m
[35m[HTTP][39m [37m<-- POST /wd/hub/session/33c9e006-8c5e-491b-bd66-aba18cb7e2aa/elements [39m[32m200[39m [90m1051 ms - 139[39m
[35m[HTTP][39m [90m[39m
[35m[HTTP][39m [37m-->[39m [37mGET[39m [37m/wd/hub/session/33c9e006-8c5e-491b-bd66-aba18cb7e2aa/element/00000000-0000-0107-ffff-ffff00000145/location[39m
[35m[HTTP][39m [90m{}[39m
[35m[W3C (33c9e006)][39m Driver proxy active, passing request on via HTTP proxy
[35m[WD Proxy][39m Replacing sessionId 384e508c-27ae-4f0c-8434-9dd7b2355026 with 33c9e006-8c5e-491b-bd66-aba18cb7e2aa
[35m[HTTP][39m [37m<-- GET /wd/hub/session/33c9e006-8c5e-491b-bd66-aba18cb7e2aa/element/00000000-0000-0107-ffff-ffff00000145/location [39m[32m200[39m [90m35 ms - 77[39m
[35m[HTTP][39m [90m[39m
[35m[HTTP][39m [37m-->[39m [37mPOST[39m [37m/wd/hub/session/33c9e006-8c5e-491b-bd66-aba18cb7e2aa/timeouts[39m
[35m[HTTP][39m [90m{"implicit":30000}[39m
[35m[HTTP][39m [37m<-- POST /wd/hub/session/33c9e006-8c5e-491b-bd66-aba18cb7e2aa/timeouts [39m[32m200[39m [90m2 ms - 14[39m
[35m[HTTP][39m [90m[39m
[35m[HTTP][39m [37m-->[39m [37mPOST[39m [37m/wd/hub/session/33c9e006-8c5e-491b-bd66-aba18cb7e2aa/element/00000000-0000-0107-ffff-ffff00000145/click[39m
[35m[HTTP][39m [90m{"id":"00000000-0000-0107-ffff-ffff00000145"}[39m
[35m[HTTP][39m [37m<-- POST /wd/hub/session/33c9e006-8c5e-491b-bd66-aba18cb7e2aa/element/00000000-0000-0107-ffff-ffff00000145/click [39m[32m200[39m [90m112 ms - 14[39m
[35m[HTTP][39m [90m[39m
[35m[HTTP][39m [37m-->[39m [37mPOST[39m [37m/wd/hub/session/33c9e006-8c5e-491b-bd66-aba18cb7e2aa/timeouts[39m
[35m[HTTP][39m [90m{"implicit":50}[39m
[35m[HTTP][39m [37m<-- POST /wd/hub/session/33c9e006-8c5e-491b-bd66-aba18cb7e2aa/timeouts [39m[32m200[39m [90m1 ms - 14[39m
[35m[HTTP][39m [90m[39m
[35m[HTTP][39m [37m-->[39m [37mGET[39m [37m/wd/hub/session/33c9e006-8c5e-491b-bd66-aba18cb7e2aa/window/rect[39m
[35m[HTTP][39m [90m{}[39m
[35m[HTTP][39m [37m<-- GET /wd/hub/session/33c9e006-8c5e-491b-bd66-aba18cb7e2aa/window/rect [39m[32m200[39m [90m18 ms - 49[39m
[35m[HTTP][39m [90m[39m
[35m[HTTP][39m [37m-->[39m [37mPOST[39m [37m/wd/hub/session/33c9e006-8c5e-491b-bd66-aba18cb7e2aa/elements[39m
[35m[HTTP][39m [90m{"using":"xpath","value":"//*[@class = 'android.widget.LinearLayout' and @resource-id = 'com.naposystems.napoleonchat:id/container_camera_option' and (@text = '' or . = '')]"}[39m
[35m[HTTP][39m [37m<-- POST /wd/hub/session/33c9e006-8c5e-491b-bd66-aba18cb7e2aa/elements [39m[32m200[39m [90m574 ms - 139[39m
[35m[HTTP][39m [90m[39m
[35m[HTTP][39m [37m-->[39m [37mGET[39m [37m/wd/hub/session/33c9e006-8c5e-491b-bd66-aba18cb7e2aa/element/00000000-0000-010a-ffff-ffff00000166/location[39m
[35m[HTTP][39m [90m{}[39m
[35m[W3C (33c9e006)][39m Driver proxy active, passing request on via HTTP proxy
[35m[WD Proxy][39m Replacing sessionId 384e508c-27ae-4f0c-8434-9dd7b2355026 with 33c9e006-8c5e-491b-bd66-aba18cb7e2aa
[35m[HTTP][39m [37m<-- GET /wd/hub/session/33c9e006-8c5e-491b-bd66-aba18cb7e2aa/element/00000000-0000-010a-ffff-ffff00000166/location [39m[32m200[39m [90m553 ms - 77[39m
[35m[HTTP][39m [90m[39m
[35m[HTTP][39m [37m-->[39m [37mPOST[39m [37m/wd/hub/session/33c9e006-8c5e-491b-bd66-aba18cb7e2aa/timeouts[39m
[35m[HTTP][39m [90m{"implicit":30000}[39m
[35m[HTTP][39m [37m<-- POST /wd/hub/session/33c9e006-8c5e-491b-bd66-aba18cb7e2aa/timeouts [39m[32m200[39m [90m1 ms - 14[39m
[35m[HTTP][39m [90m[39m
[35m[HTTP][39m [37m-->[39m [37mPOST[39m [37m/wd/hub/session/33c9e006-8c5e-491b-bd66-aba18cb7e2aa/element/00000000-0000-010a-ffff-ffff00000166/click[39m
[35m[HTTP][39m [90m{"id":"00000000-0000-010a-ffff-ffff00000166"}[39m
[35m[HTTP][39m [37m<-- POST /wd/hub/session/33c9e006-8c5e-491b-bd66-aba18cb7e2aa/element/00000000-0000-010a-ffff-ffff00000166/click [39m[32m200[39m [90m76 ms - 14[39m
[35m[HTTP][39m [90m[39m
[35m[HTTP][39m [37m-->[39m [37mPOST[39m [37m/wd/hub/session/33c9e006-8c5e-491b-bd66-aba18cb7e2aa/timeouts[39m
[35m[HTTP][39m [90m{"implicit":50}[39m
[35m[HTTP][39m [37m<-- POST /wd/hub/session/33c9e006-8c5e-491b-bd66-aba18cb7e2aa/timeouts [39m[32m200[39m [90m1 ms - 14[39m
[35m[HTTP][39m [90m[39m
[35m[HTTP][39m [37m-->[39m [37mGET[39m [37m/wd/hub/session/33c9e006-8c5e-491b-bd66-aba18cb7e2aa/window/rect[39m
[35m[HTTP][39m [90m{}[39m
[35m[HTTP][39m [37m<-- GET /wd/hub/session/33c9e006-8c5e-491b-bd66-aba18cb7e2aa/window/rect [39m[32m200[39m [90m67 ms - 49[39m
[35m[HTTP][39m [90m[39m
[35m[HTTP][39m [37m-->[39m [37mPOST[39m [37m/wd/hub/session/33c9e006-8c5e-491b-bd66-aba18cb7e2aa/elements[39m
[35m[HTTP][39m [90m{"using":"xpath","value":"//*[@class = 'android.widget.ImageButton' and @resource-id = 'com.naposystems.napoleonchat:id/imageButton_camera' and (@text = '' or . = '')]"}[39m
[35m[HTTP][39m [37m<-- POST /wd/hub/session/33c9e006-8c5e-491b-bd66-aba18cb7e2aa/elements [39m[32m200[39m [90m237 ms - 139[39m
[35m[HTTP][39m [90m[39m
[35m[HTTP][39m [37m-->[39m [37mGET[39m [37m/wd/hub/session/33c9e006-8c5e-491b-bd66-aba18cb7e2aa/element/00000000-0000-0107-ffff-ffff00000178/location[39m
[35m[HTTP][39m [90m{}[39m
[35m[W3C (33c9e006)][39m Driver proxy active, passing request on via HTTP proxy
[35m[WD Proxy][39m Replacing sessionId 384e508c-27ae-4f0c-8434-9dd7b2355026 with 33c9e006-8c5e-491b-bd66-aba18cb7e2aa
[35m[HTTP][39m [37m<-- GET /wd/hub/session/33c9e006-8c5e-491b-bd66-aba18cb7e2aa/element/00000000-0000-0107-ffff-ffff00000178/location [39m[32m200[39m [90m49 ms - 79[39m
[35m[HTTP][39m [90m[39m
[35m[HTTP][39m [37m-->[39m [37mPOST[39m [37m/wd/hub/session/33c9e006-8c5e-491b-bd66-aba18cb7e2aa/timeouts[39m
[35m[HTTP][39m [90m{"implicit":30000}[39m
[35m[HTTP][39m [37m<-- POST /wd/hub/session/33c9e006-8c5e-491b-bd66-aba18cb7e2aa/timeouts [39m[32m200[39m [90m1 ms - 14[39m
[35m[HTTP][39m [90m[39m
[35m[HTTP][39m [37m-->[39m [37mPOST[39m [37m/wd/hub/session/33c9e006-8c5e-491b-bd66-aba18cb7e2aa/element/00000000-0000-0107-ffff-ffff00000178/click[39m
[35m[HTTP][39m [90m{"id":"00000000-0000-0107-ffff-ffff00000178"}[39m
[35m[HTTP][39m [37m<-- POST /wd/hub/session/33c9e006-8c5e-491b-bd66-aba18cb7e2aa/element/00000000-0000-0107-ffff-ffff00000178/click [39m[32m200[39m [90m79 ms - 14[39m
[35m[HTTP][39m [90m[39m
[35m[HTTP][39m [37m-->[39m [37mGET[39m [37m/wd/hub/session/33c9e006-8c5e-491b-bd66-aba18cb7e2aa/window/rect[39m
[35m[HTTP][39m [90m{}[39m
[35m[HTTP][39m [37m<-- GET /wd/hub/session/33c9e006-8c5e-491b-bd66-aba18cb7e2aa/window/rect [39m[32m200[39m [90m23 ms - 49[39m
[35m[HTTP][39m [90m[39m
[35m[HTTP][39m [37m-->[39m [37mPOST[39m [37m/wd/hub/session/33c9e006-8c5e-491b-bd66-aba18cb7e2aa/touch/multi/perform[39m
[35m[HTTP][39m [90m{"actions":[[{"action":"press","options":{"x":200,"y":0}},{"action":"release","options":{}}],[{"action":"press","options":{"x":200,"y":0}},{"action":"release","options":{}}]]}[39m
[35m[HTTP][39m [37m<-- POST /wd/hub/session/33c9e006-8c5e-491b-bd66-aba18cb7e2aa/touch/multi/perform [39m[32m200[39m [90m965 ms - 14[39m
[35m[HTTP][39m [90m[39m
[35m[HTTP][39m [37m-->[39m [37mPOST[39m [37m/wd/hub/session/33c9e006-8c5e-491b-bd66-aba18cb7e2aa/timeouts[39m
[35m[HTTP][39m [90m{"implicit":50}[39m
[35m[HTTP][39m [37m<-- POST /wd/hub/session/33c9e006-8c5e-491b-bd66-aba18cb7e2aa/timeouts [39m[32m200[39m [90m1 ms - 14[39m
[35m[HTTP][39m [90m[39m
[35m[HTTP][39m [37m-->[39m [37mGET[39m [37m/wd/hub/session/33c9e006-8c5e-491b-bd66-aba18cb7e2aa/window/rect[39m
[35m[HTTP][39m [90m{}[39m
[35m[HTTP][39m [37m<-- GET /wd/hub/session/33c9e006-8c5e-491b-bd66-aba18cb7e2aa/window/rect [39m[32m200[39m [90m23 ms - 49[39m
[35m[HTTP][39m [90m[39m
[35m[HTTP][39m [37m-->[39m [37mPOST[39m [37m/wd/hub/session/33c9e006-8c5e-491b-bd66-aba18cb7e2aa/elements[39m
[35m[HTTP][39m [90m{"using":"xpath","value":"//*[@class = 'android.widget.TextView' and @resource-id = 'com.naposystems.napoleonchat:id/menu_crop' and (@text = '' or . = '')]"}[39m
[35m[HTTP][39m [37m<-- POST /wd/hub/session/33c9e006-8c5e-491b-bd66-aba18cb7e2aa/elements [39m[32m200[39m [90m164 ms - 139[39m
[35m[HTTP][39m [90m[39m
[35m[HTTP][39m [37m-->[39m [37mGET[39m [37m/wd/hub/session/33c9e006-8c5e-491b-bd66-aba18cb7e2aa/element/00000000-0000-010b-ffff-ffff000001d1/location[39m
[35m[HTTP][39m [90m{}[39m
[35m[W3C (33c9e006)][39m Driver proxy active, passing request on via HTTP proxy
[35m[WD Proxy][39m Replacing sessionId 384e508c-27ae-4f0c-8434-9dd7b2355026 with 33c9e006-8c5e-491b-bd66-aba18cb7e2aa
[35m[HTTP][39m [37m<-- GET /wd/hub/session/33c9e006-8c5e-491b-bd66-aba18cb7e2aa/element/00000000-0000-010b-ffff-ffff000001d1/location [39m[32m200[39m [90m24 ms - 77[39m
[35m[HTTP][39m [90m[39m
[35m[HTTP][39m [37m-->[39m [37mPOST[39m [37m/wd/hub/session/33c9e006-8c5e-491b-bd66-aba18cb7e2aa/timeouts[39m
[35m[HTTP][39m [90m{"implicit":30000}[39m
[35m[HTTP][39m [37m<-- POST /wd/hub/session/33c9e006-8c5e-491b-bd66-aba18cb7e2aa/timeouts [39m[32m200[39m [90m1 ms - 14[39m
[35m[HTTP][39m [90m[39m
[35m[HTTP][39m [37m-->[39m [37mPOST[39m [37m/wd/hub/session/33c9e006-8c5e-491b-bd66-aba18cb7e2aa/element/00000000-0000-010b-ffff-ffff000001d1/click[39m
[35m[HTTP][39m [90m{"id":"00000000-0000-010b-ffff-ffff000001d1"}[39m
[35m[HTTP][39m [37m<-- POST /wd/hub/session/33c9e006-8c5e-491b-bd66-aba18cb7e2aa/element/00000000-0000-010b-ffff-ffff000001d1/click [39m[32m200[39m [90m76 ms - 14[39m
[35m[HTTP][39m [90m[39m
[35m[HTTP][39m [37m-->[39m [37mGET[39m [37m/wd/hub/session/33c9e006-8c5e-491b-bd66-aba18cb7e2aa/context[39m
[35m[HTTP][39m [90m{}[39m
[35m[HTTP][39m [37m<-- GET /wd/hub/session/33c9e006-8c5e-491b-bd66-aba18cb7e2aa/context [39m[32m200[39m [90m1 ms - 22[39m
[35m[HTTP][39m [90m[39m
[35m[HTTP][39m [37m-->[39m [37mGET[39m [37m/wd/hub/session/33c9e006-8c5e-491b-bd66-aba18cb7e2aa/contexts[39m
[35m[HTTP][39m [90m{}[39m
[35m[HTTP][39m [37m<-- GET /wd/hub/session/33c9e006-8c5e-491b-bd66-aba18cb7e2aa/contexts [39m[32m200[39m [90m273 ms - 70[39m
[35m[HTTP][39m [90m[39m
[35m[HTTP][39m [37m-->[39m [37mPOST[39m [37m/wd/hub/session/33c9e006-8c5e-491b-bd66-aba18cb7e2aa/context[39m
[35m[HTTP][39m [90m{"name":"NATIVE_APP"}[39m
[35m[HTTP][39m [37m<-- POST /wd/hub/session/33c9e006-8c5e-491b-bd66-aba18cb7e2aa/context [39m[32m200[39m [90m1 ms - 14[39m
[35m[HTTP][39m [90m[39m
[35m[HTTP][39m [37m-->[39m [37mPOST[39m [37m/wd/hub/session/33c9e006-8c5e-491b-bd66-aba18cb7e2aa/appium/device/press_keycode[39m
[35m[HTTP][39m [90m{"keycode":4}[39m
[35m[HTTP][39m [37m<-- POST /wd/hub/session/33c9e006-8c5e-491b-bd66-aba18cb7e2aa/appium/device/press_keycode [39m[32m200[39m [90m112 ms - 14[39m
[35m[HTTP][39m [90m[39m
[35m[HTTP][39m [37m-->[39m [37mPOST[39m [37m/wd/hub/session/33c9e006-8c5e-491b-bd66-aba18cb7e2aa/context[39m
[35m[HTTP][39m [90m{"name":"NATIVE_APP"}[39m
[35m[HTTP][39m [37m<-- POST /wd/hub/session/33c9e006-8c5e-491b-bd66-aba18cb7e2aa/context [39m[32m200[39m [90m1 ms - 14[39m
[35m[HTTP][39m [90m[39m
[35m[HTTP][39m [37m-->[39m [37mPOST[39m [37m/wd/hub/session/33c9e006-8c5e-491b-bd66-aba18cb7e2aa/timeouts[39m
[35m[HTTP][39m [90m{"implicit":50}[39m
[35m[HTTP][39m [37m<-- POST /wd/hub/session/33c9e006-8c5e-491b-bd66-aba18cb7e2aa/timeouts [39m[32m200[39m [90m1 ms - 14[39m
[35m[HTTP][39m [90m[39m
[35m[HTTP][39m [37m-->[39m [37mGET[39m [37m/wd/hub/session/33c9e006-8c5e-491b-bd66-aba18cb7e2aa/window/rect[39m
[35m[HTTP][39m [90m{}[39m
[35m[HTTP][39m [37m<-- GET /wd/hub/session/33c9e006-8c5e-491b-bd66-aba18cb7e2aa/window/rect [39m[32m200[39m [90m19 ms - 49[39m
[35m[HTTP][39m [90m[39m
[35m[HTTP][39m [37m-->[39m [37mPOST[39m [37m/wd/hub/session/33c9e006-8c5e-491b-bd66-aba18cb7e2aa/elements[39m
[35m[HTTP][39m [90m{"using":"xpath","value":"//*[@class = 'android.widget.ImageButton' and (@text = '' or . = '')]"}[39m
[35m[HTTP][39m [37m<-- POST /wd/hub/session/33c9e006-8c5e-491b-bd66-aba18cb7e2aa/elements [39m[32m200[39m [90m613 ms - 139[39m
[35m[HTTP][39m [90m[39m
[35m[HTTP][39m [37m-->[39m [37mGET[39m [37m/wd/hub/session/33c9e006-8c5e-491b-bd66-aba18cb7e2aa/element/00000000-0000-0107-ffff-ffff00000030/location[39m
[35m[HTTP][39m [90m{}[39m
[35m[W3C (33c9e006)][39m Driver proxy active, passing request on via HTTP proxy
[35m[WD Proxy][39m Replacing sessionId 384e508c-27ae-4f0c-8434-9dd7b2355026 with 33c9e006-8c5e-491b-bd66-aba18cb7e2aa
[35m[HTTP][39m [37m<-- GET /wd/hub/session/33c9e006-8c5e-491b-bd66-aba18cb7e2aa/element/00000000-0000-0107-ffff-ffff00000030/location [39m[32m200[39m [90m24 ms - 75[39m
[35m[HTTP][39m [90m[39m
[35m[HTTP][39m [37m-->[39m [37mPOST[39m [37m/wd/hub/session/33c9e006-8c5e-491b-bd66-aba18cb7e2aa/timeouts[39m
[35m[HTTP][39m [90m{"implicit":30000}[39m
[35m[HTTP][39m [37m<-- POST /wd/hub/session/33c9e006-8c5e-491b-bd66-aba18cb7e2aa/timeouts [39m[32m200[39m [90m1 ms - 14[39m
[35m[HTTP][39m [90m[39m
[35m[HTTP][39m [37m-->[39m [37mPOST[39m [37m/wd/hub/session/33c9e006-8c5e-491b-bd66-aba18cb7e2aa/element/00000000-0000-0107-ffff-ffff00000030/click[39m
[35m[HTTP][39m [90m{"id":"00000000-0000-0107-ffff-ffff00000030"}[39m
[35m[HTTP][39m [37m<-- POST /wd/hub/session/33c9e006-8c5e-491b-bd66-aba18cb7e2aa/element/00000000-0000-0107-ffff-ffff00000030/click [39m[32m200[39m [90m76 ms - 14[39m
[35m[HTTP][39m [90m[39m
[35m[BaseDriver][39m Shutting down because we waited 1800 seconds for a command
[35m[Appium][39m Closing session, cause was 'New Command Timeout of 1800 seconds expired. Try customizing the timeout using the 'newCommandTimeout' desired capability'
[35m[Appium][39m Removing session '33c9e006-8c5e-491b-bd66-aba18cb7e2aa' from our master session list
[35m[UiAutomator2][39m Did not get confirmation UiAutomator2 deleteSession worked; Error was: UnknownError: An unknown server-side error occurred while processing the command. Original error: 'DELETE /' cannot be proxied to UiAutomator2 server because the instrumentation process is not running (probably crashed). Check the server log and/or the logcat output for more details
[35m[ADB][39m com.naposystems.napoleonchat was successfully uninstalled
[35m[UiAutomator2][39m Restoring hidden api policy to the device default configuration
