[35m[Appium][39m Welcome to Appium v1.22.3
[35m[Appium][39m Non-default server args:
[35m[Appium][39m   port: 61933
[35m[Appium][39m   loglevel: info
[35m[Appium][39m   tmpDir: C:\Users\Testing\AppData\Local\Temp\\Katalon\Appium\Temp1695400556033
[35m[Appium][39m   chromedriverPort: 61934
[35m[Appium][39m Deprecated server args:
[35m[Appium][39m   [31m--chromedriver-port[39m => --default-capabilities
[35m[Appium][39m Default capabilities, which will be added to each request unless overridden by desired capabilities:
[35m[Appium][39m   chromedriverPort: 61934
[35m[Appium][39m Appium REST http interface listener started on 0.0.0.0:61933
[35m[HTTP][39m [37m-->[39m [37mGET[39m [37m/wd/hub/status[39m
[35m[HTTP][39m [90m{}[39m
[35m[HTTP][39m [37m<-- GET /wd/hub/status [39m[32m200[39m [90m10 ms - 68[39m
[35m[HTTP][39m [90m[39m
[35m[HTTP][39m [37m-->[39m [37mPOST[39m [37m/wd/hub/session[39m
[35m[HTTP][39m [90m{"desiredCapabilities":{"app":"C:\\Users\\Testing\\Desktop\\katalon\\Version QA ACTUALIZADA 14-08-23\\app-qa.apk","noReset":false,"deviceId":"","deviceName":"samsung SM-A107M (Android 11)","fullReset":true,"platform":"ANDROID","newCommandTimeout":1800,"platformVersion":"11","automationName":"uiautomator2","autoGrantPermissions":true,"platformName":"Android","udid":"R9WN40KBXDJ","systemPort":61932},"capabilities":{"firstMatch":[{"appium:app":"C:\\Users\\Testing\\Desktop\\katalon\\Version QA ACTUALIZADA 14-08-23\\app-qa.apk","appium:autoGrantPermissions":true,"appium:automationName":"uiautomator2","deviceId":"","appium:deviceName":"samsung SM-A107M (Android 11)","appium:fullReset":true,"appium:newCommandTimeout":1800,"appium:noReset":false,"platform":"ANDROID","platformName":"android","appium:platformVersion":"11","appium:systemPort":61932,"appium:udid":"R9WN40KBXDJ"}]}}[39m
[35m[BaseDriver][39m The following capabilities are not standard capabilities and should have an extension prefix:
[35m[BaseDriver][39m   deviceId
[35m[BaseDriver][39m   platform
[35m[BaseDriver][39m   chromedriverPort
[35m[Appium][39m Appium v1.22.3 creating new AndroidUiautomator2Driver (v1.70.1) session
[35m[BaseDriver][39m The following capabilities were provided, but are not recognized by Appium:
[35m[BaseDriver][39m   deviceId
[35m[BaseDriver][39m   platform
[35m[BaseDriver][39m Session created with session id: 01176b08-6496-4e32-bf14-c1059aa0f1d8
[35m[BaseDriver][39m Using local app 'C:\Users\Testing\Desktop\katalon\Version QA ACTUALIZADA 14-08-23\app-qa.apk'
[35m[ADB][39m Found 1 'build-tools' folders under 'C:\Users\Testing\.katalon\tools\android_sdk' (newest first):
[35m[ADB][39m     C:/Users/Testing/.katalon/tools/android_sdk/build-tools/29.0.3
[35m[ADB][39m Using 'adb.exe' from 'C:\Users\Testing\.katalon\tools\android_sdk\platform-tools\adb.exe'
[35m[AndroidDriver][39m Retrieving device list
[35m[AndroidDriver][39m Using device: R9WN40KBXDJ
[35m[ADB][39m Using 'adb.exe' from 'C:\Users\Testing\.katalon\tools\android_sdk\platform-tools\adb.exe'
[35m[ADB][39m Getting device platform version
[35m[UiAutomator2][39m Relaxing hidden api policy
[35m[ADB][39m Package name: 'com.naposystems.napoleonchat'
[35m[ADB][39m Main activity name: 'com.naposystems.napoleonchat.ui.mainActivity.MainActivity'
[35m[ADB][39m Using 'apksigner.jar' from 'C:\Users\Testing\.katalon\tools\android_sdk\build-tools\29.0.3\lib\apksigner.jar'
[35m[ADB][39m 'C:\Users\Testing\AppData\Roaming\npm\node_modules\appium\node_modules\appium-uiautomator2-server\apks\appium-uiautomator2-server-v4.27.0.apk' is signed with the default certificate
[35m[ADB][39m 'C:\Users\Testing\AppData\Roaming\npm\node_modules\appium\node_modules\appium-uiautomator2-server\apks\appium-uiautomator2-server-debug-androidTest.apk' is signed with the default certificate
[35m[UiAutomator2][39m Server packages are not going to be (re)installed
[35m[ADB][39m Adding packages ["io.appium.settings","io.appium.uiautomator2.server","io.appium.uiautomator2.server.test"] to Doze whitelist
[35m[ADB][39m 'C:\Users\Testing\Desktop\katalon\Version QA ACTUALIZADA 14-08-23\app-qa.apk' is signed with a non-default certificate
[35m[ADB][39m com.naposystems.napoleonchat was successfully uninstalled
[35m[ADB][39m The application at 'C:\Users\Testing\Desktop\katalon\Version QA ACTUALIZADA 14-08-23\app-qa.apk' will not be cached, because the device under test has confirmed the support of streamed installs
[35m[ADB][39m The installation of 'app-qa.apk' took 11998ms
[35m[UiAutomator2][39m Starting UIAutomator2 server 4.27.0
[35m[UiAutomator2][39m Using UIAutomator2 server from 'C:\Users\Testing\AppData\Roaming\npm\node_modules\appium\node_modules\appium-uiautomator2-server\apks\appium-uiautomator2-server-v4.27.0.apk' and test from 'C:\Users\Testing\AppData\Roaming\npm\node_modules\appium\node_modules\appium-uiautomator2-server\apks\appium-uiautomator2-server-debug-androidTest.apk'
[35m[UiAutomator2][39m Waiting up to 30000ms for UiAutomator2 to be online...
[35m[WD Proxy][39m socket hang up
[35m[WD Proxy][39m socket hang up
[35m[WD Proxy][39m socket hang up
[35m[WD Proxy][39m socket hang up
[35m[WD Proxy][39m socket hang up
[35m[WD Proxy][39m socket hang up
[35m[WD Proxy][39m Determined the downstream protocol as 'W3C'
[35m[AndroidDriver][39m Screen already unlocked, doing nothing
[35m[UiAutomator2][39m Starting 'com.naposystems.napoleonchat/com.naposystems.napoleonchat.ui.mainActivity.MainActivity and waiting for 'com.naposystems.napoleonchat/com.naposystems.napoleonchat.ui.mainActivity.MainActivity'
[35m[Appium][39m New AndroidUiautomator2Driver session created successfully, session 01176b08-6496-4e32-bf14-c1059aa0f1d8 added to master session list
[35m[HTTP][39m [37m<-- POST /wd/hub/session [39m[32m200[39m [90m36586 ms - 1351[39m
[35m[HTTP][39m [90m[39m
[35m[HTTP][39m [37m-->[39m [37mGET[39m [37m/wd/hub/session/01176b08-6496-4e32-bf14-c1059aa0f1d8[39m
[35m[HTTP][39m [90m{}[39m
[35m[HTTP][39m [37m<-- GET /wd/hub/session/01176b08-6496-4e32-bf14-c1059aa0f1d8 [39m[32m200[39m [90m22 ms - 1305[39m
[35m[HTTP][39m [90m[39m
[35m[HTTP][39m [37m-->[39m [37mGET[39m [37m/wd/hub/session/01176b08-6496-4e32-bf14-c1059aa0f1d8[39m
[35m[HTTP][39m [90m{}[39m
[35m[HTTP][39m [37m<-- GET /wd/hub/session/01176b08-6496-4e32-bf14-c1059aa0f1d8 [39m[32m200[39m [90m22 ms - 1305[39m
[35m[HTTP][39m [90m[39m
[35m[HTTP][39m [37m-->[39m [37mGET[39m [37m/wd/hub/status[39m
[35m[HTTP][39m [90m{}[39m
[35m[HTTP][39m [37m<-- GET /wd/hub/status [39m[32m200[39m [90m1 ms - 68[39m
[35m[HTTP][39m [90m[39m
[35m[HTTP][39m [37m-->[39m [37mPOST[39m [37m/wd/hub/session/01176b08-6496-4e32-bf14-c1059aa0f1d8/timeouts[39m
[35m[HTTP][39m [90m{"implicit":30000}[39m
[35m[HTTP][39m [37m<-- POST /wd/hub/session/01176b08-6496-4e32-bf14-c1059aa0f1d8/timeouts [39m[32m200[39m [90m2 ms - 14[39m
[35m[HTTP][39m [90m[39m
[35m[HTTP][39m [37m-->[39m [37mGET[39m [37m/wd/hub/session/01176b08-6496-4e32-bf14-c1059aa0f1d8/screenshot[39m
[35m[HTTP][39m [90m{}[39m
[35m[HTTP][39m [37m<-- GET /wd/hub/session/01176b08-6496-4e32-bf14-c1059aa0f1d8/screenshot [39m[32m200[39m [90m1250 ms - 90164[39m
[35m[HTTP][39m [90m[39m
[35m[HTTP][39m [37m-->[39m [37mGET[39m [37m/wd/hub/session/01176b08-6496-4e32-bf14-c1059aa0f1d8/window/rect[39m
[35m[HTTP][39m [90m{}[39m
[35m[HTTP][39m [37m<-- GET /wd/hub/session/01176b08-6496-4e32-bf14-c1059aa0f1d8/window/rect [39m[32m200[39m [90m26 ms - 49[39m
[35m[HTTP][39m [90m[39m
[35m[HTTP][39m [37m-->[39m [37mGET[39m [37m/wd/hub/session/01176b08-6496-4e32-bf14-c1059aa0f1d8/appium/device/system_bars[39m
[35m[HTTP][39m [90m{}[39m
[35m[HTTP][39m [37m<-- GET /wd/hub/session/01176b08-6496-4e32-bf14-c1059aa0f1d8/appium/device/system_bars [39m[32m200[39m [90m161 ms - 145[39m
[35m[HTTP][39m [90m[39m
[35m[HTTP][39m [37m-->[39m [37mPOST[39m [37m/wd/hub/session/01176b08-6496-4e32-bf14-c1059aa0f1d8/timeouts[39m
[35m[HTTP][39m [90m{"implicit":50}[39m
[35m[HTTP][39m [37m<-- POST /wd/hub/session/01176b08-6496-4e32-bf14-c1059aa0f1d8/timeouts [39m[32m200[39m [90m2 ms - 14[39m
[35m[HTTP][39m [90m[39m
[35m[HTTP][39m [37m-->[39m [37mGET[39m [37m/wd/hub/session/01176b08-6496-4e32-bf14-c1059aa0f1d8/window/rect[39m
[35m[HTTP][39m [90m{}[39m
[35m[HTTP][39m [37m<-- GET /wd/hub/session/01176b08-6496-4e32-bf14-c1059aa0f1d8/window/rect [39m[32m200[39m [90m20 ms - 49[39m
[35m[HTTP][39m [90m[39m
[35m[HTTP][39m [37m-->[39m [37mPOST[39m [37m/wd/hub/session/01176b08-6496-4e32-bf14-c1059aa0f1d8/elements[39m
[35m[HTTP][39m [90m{"using":"xpath","value":"//*[@class = 'android.widget.TextView' and (@text = 'Omitir' or . = 'Omitir') and @resource-id = 'com.naposystems.napoleonchat:id/textViewSkip']"}[39m
[35m[HTTP][39m [37m<-- POST /wd/hub/session/01176b08-6496-4e32-bf14-c1059aa0f1d8/elements [39m[32m200[39m [90m952 ms - 139[39m
[35m[HTTP][39m [90m[39m
[35m[HTTP][39m [37m-->[39m [37mGET[39m [37m/wd/hub/session/01176b08-6496-4e32-bf14-c1059aa0f1d8/element/00000000-0000-023c-ffff-ffff0000003e/location[39m
[35m[HTTP][39m [90m{}[39m
[35m[W3C (01176b08)][39m Driver proxy active, passing request on via HTTP proxy
[35m[WD Proxy][39m Replacing sessionId 8745c6a9-53d5-4766-981c-6841c4bfc0cf with 01176b08-6496-4e32-bf14-c1059aa0f1d8
[35m[HTTP][39m [37m<-- GET /wd/hub/session/01176b08-6496-4e32-bf14-c1059aa0f1d8/element/00000000-0000-023c-ffff-ffff0000003e/location [39m[32m200[39m [90m33 ms - 77[39m
[35m[HTTP][39m [90m[39m
[35m[HTTP][39m [37m-->[39m [37mPOST[39m [37m/wd/hub/session/01176b08-6496-4e32-bf14-c1059aa0f1d8/timeouts[39m
[35m[HTTP][39m [90m{"implicit":30000}[39m
[35m[HTTP][39m [37m<-- POST /wd/hub/session/01176b08-6496-4e32-bf14-c1059aa0f1d8/timeouts [39m[32m200[39m [90m1 ms - 14[39m
[35m[HTTP][39m [90m[39m
[35m[HTTP][39m [37m-->[39m [37mPOST[39m [37m/wd/hub/session/01176b08-6496-4e32-bf14-c1059aa0f1d8/element/00000000-0000-023c-ffff-ffff0000003e/click[39m
[35m[HTTP][39m [90m{"id":"00000000-0000-023c-ffff-ffff0000003e"}[39m
[35m[HTTP][39m [37m<-- POST /wd/hub/session/01176b08-6496-4e32-bf14-c1059aa0f1d8/element/00000000-0000-023c-ffff-ffff0000003e/click [39m[32m200[39m [90m89 ms - 14[39m
[35m[HTTP][39m [90m[39m
[35m[HTTP][39m [37m-->[39m [37mPOST[39m [37m/wd/hub/session/01176b08-6496-4e32-bf14-c1059aa0f1d8/timeouts[39m
[35m[HTTP][39m [90m{"implicit":50}[39m
[35m[HTTP][39m [37m<-- POST /wd/hub/session/01176b08-6496-4e32-bf14-c1059aa0f1d8/timeouts [39m[32m200[39m [90m2 ms - 14[39m
[35m[HTTP][39m [90m[39m
[35m[HTTP][39m [37m-->[39m [37mGET[39m [37m/wd/hub/session/01176b08-6496-4e32-bf14-c1059aa0f1d8/window/rect[39m
[35m[HTTP][39m [90m{}[39m
[35m[HTTP][39m [37m<-- GET /wd/hub/session/01176b08-6496-4e32-bf14-c1059aa0f1d8/window/rect [39m[32m200[39m [90m18 ms - 49[39m
[35m[HTTP][39m [90m[39m
[35m[HTTP][39m [37m-->[39m [37mPOST[39m [37m/wd/hub/session/01176b08-6496-4e32-bf14-c1059aa0f1d8/elements[39m
[35m[HTTP][39m [90m{"using":"xpath","value":"//*[@class = 'android.widget.TextView' and (@text = 'Iniciar sesión' or . = 'Iniciar sesión')]"}[39m
[35m[HTTP][39m [37m<-- POST /wd/hub/session/01176b08-6496-4e32-bf14-c1059aa0f1d8/elements [39m[32m200[39m [90m748 ms - 139[39m
[35m[HTTP][39m [90m[39m
[35m[HTTP][39m [37m-->[39m [37mGET[39m [37m/wd/hub/session/01176b08-6496-4e32-bf14-c1059aa0f1d8/element/00000000-0000-023c-ffff-ffff00000054/location[39m
[35m[HTTP][39m [90m{}[39m
[35m[W3C (01176b08)][39m Driver proxy active, passing request on via HTTP proxy
[35m[WD Proxy][39m Replacing sessionId 8745c6a9-53d5-4766-981c-6841c4bfc0cf with 01176b08-6496-4e32-bf14-c1059aa0f1d8
[35m[HTTP][39m [37m<-- GET /wd/hub/session/01176b08-6496-4e32-bf14-c1059aa0f1d8/element/00000000-0000-023c-ffff-ffff00000054/location [39m[32m200[39m [90m28 ms - 79[39m
[35m[HTTP][39m [90m[39m
[35m[HTTP][39m [37m-->[39m [37mPOST[39m [37m/wd/hub/session/01176b08-6496-4e32-bf14-c1059aa0f1d8/timeouts[39m
[35m[HTTP][39m [90m{"implicit":30000}[39m
[35m[HTTP][39m [37m<-- POST /wd/hub/session/01176b08-6496-4e32-bf14-c1059aa0f1d8/timeouts [39m[32m200[39m [90m2 ms - 14[39m
[35m[HTTP][39m [90m[39m
[35m[HTTP][39m [37m-->[39m [37mPOST[39m [37m/wd/hub/session/01176b08-6496-4e32-bf14-c1059aa0f1d8/element/00000000-0000-023c-ffff-ffff00000054/click[39m
[35m[HTTP][39m [90m{"id":"00000000-0000-023c-ffff-ffff00000054"}[39m
[35m[HTTP][39m [37m<-- POST /wd/hub/session/01176b08-6496-4e32-bf14-c1059aa0f1d8/element/00000000-0000-023c-ffff-ffff00000054/click [39m[32m200[39m [90m74 ms - 14[39m
[35m[HTTP][39m [90m[39m
[35m[HTTP][39m [37m-->[39m [37mPOST[39m [37m/wd/hub/session/01176b08-6496-4e32-bf14-c1059aa0f1d8/timeouts[39m
[35m[HTTP][39m [90m{"implicit":50}[39m
[35m[HTTP][39m [37m<-- POST /wd/hub/session/01176b08-6496-4e32-bf14-c1059aa0f1d8/timeouts [39m[32m200[39m [90m1 ms - 14[39m
[35m[HTTP][39m [90m[39m
[35m[HTTP][39m [37m-->[39m [37mGET[39m [37m/wd/hub/session/01176b08-6496-4e32-bf14-c1059aa0f1d8/window/rect[39m
[35m[HTTP][39m [90m{}[39m
[35m[HTTP][39m [37m<-- GET /wd/hub/session/01176b08-6496-4e32-bf14-c1059aa0f1d8/window/rect [39m[32m200[39m [90m17 ms - 49[39m
[35m[HTTP][39m [90m[39m
[35m[HTTP][39m [37m-->[39m [37mPOST[39m [37m/wd/hub/session/01176b08-6496-4e32-bf14-c1059aa0f1d8/elements[39m
[35m[HTTP][39m [90m{"using":"xpath","value":"//*[@class = 'android.widget.TextView' and (@text = 'Recuperar Cuenta' or . = 'Recuperar Cuenta')]"}[39m
[35m[HTTP][39m [37m<-- POST /wd/hub/session/01176b08-6496-4e32-bf14-c1059aa0f1d8/elements [39m[32m200[39m [90m1292 ms - 139[39m
[35m[HTTP][39m [90m[39m
[35m[HTTP][39m [37m-->[39m [37mGET[39m [37m/wd/hub/session/01176b08-6496-4e32-bf14-c1059aa0f1d8/element/00000000-0000-023c-ffff-ffff00000037/location[39m
[35m[HTTP][39m [90m{}[39m
[35m[W3C (01176b08)][39m Driver proxy active, passing request on via HTTP proxy
[35m[WD Proxy][39m Replacing sessionId 8745c6a9-53d5-4766-981c-6841c4bfc0cf with 01176b08-6496-4e32-bf14-c1059aa0f1d8
[35m[HTTP][39m [37m<-- GET /wd/hub/session/01176b08-6496-4e32-bf14-c1059aa0f1d8/element/00000000-0000-023c-ffff-ffff00000037/location [39m[32m200[39m [90m384 ms - 77[39m
[35m[HTTP][39m [90m[39m
[35m[HTTP][39m [37m-->[39m [37mPOST[39m [37m/wd/hub/session/01176b08-6496-4e32-bf14-c1059aa0f1d8/timeouts[39m
[35m[HTTP][39m [90m{"implicit":30000}[39m
[35m[HTTP][39m [37m<-- POST /wd/hub/session/01176b08-6496-4e32-bf14-c1059aa0f1d8/timeouts [39m[32m200[39m [90m1 ms - 14[39m
[35m[HTTP][39m [90m[39m
[35m[HTTP][39m [37m-->[39m [37mPOST[39m [37m/wd/hub/session/01176b08-6496-4e32-bf14-c1059aa0f1d8/timeouts[39m
[35m[HTTP][39m [90m{"implicit":50}[39m
[35m[HTTP][39m [37m<-- POST /wd/hub/session/01176b08-6496-4e32-bf14-c1059aa0f1d8/timeouts [39m[32m200[39m [90m1 ms - 14[39m
[35m[HTTP][39m [90m[39m
[35m[HTTP][39m [37m-->[39m [37mGET[39m [37m/wd/hub/session/01176b08-6496-4e32-bf14-c1059aa0f1d8/window/rect[39m
[35m[HTTP][39m [90m{}[39m
[35m[HTTP][39m [37m<-- GET /wd/hub/session/01176b08-6496-4e32-bf14-c1059aa0f1d8/window/rect [39m[32m200[39m [90m15 ms - 49[39m
[35m[HTTP][39m [90m[39m
[35m[HTTP][39m [37m-->[39m [37mPOST[39m [37m/wd/hub/session/01176b08-6496-4e32-bf14-c1059aa0f1d8/elements[39m
[35m[HTTP][39m [90m{"using":"xpath","value":"//*[@class = 'android.widget.EditText' and (@text = 'Apodo*' or . = 'Apodo*') and @resource-id = 'com.naposystems.napoleonchat:id/textInputEditText_nickname']"}[39m
[35m[HTTP][39m [37m<-- POST /wd/hub/session/01176b08-6496-4e32-bf14-c1059aa0f1d8/elements [39m[32m200[39m [90m214 ms - 139[39m
[35m[HTTP][39m [90m[39m
[35m[HTTP][39m [37m-->[39m [37mGET[39m [37m/wd/hub/session/01176b08-6496-4e32-bf14-c1059aa0f1d8/element/00000000-0000-023c-ffff-ffff0000005d/location[39m
[35m[HTTP][39m [90m{}[39m
[35m[W3C (01176b08)][39m Driver proxy active, passing request on via HTTP proxy
[35m[WD Proxy][39m Replacing sessionId 8745c6a9-53d5-4766-981c-6841c4bfc0cf with 01176b08-6496-4e32-bf14-c1059aa0f1d8
[35m[HTTP][39m [37m<-- GET /wd/hub/session/01176b08-6496-4e32-bf14-c1059aa0f1d8/element/00000000-0000-023c-ffff-ffff0000005d/location [39m[32m200[39m [90m57 ms - 77[39m
[35m[HTTP][39m [90m[39m
[35m[HTTP][39m [37m-->[39m [37mPOST[39m [37m/wd/hub/session/01176b08-6496-4e32-bf14-c1059aa0f1d8/timeouts[39m
[35m[HTTP][39m [90m{"implicit":30000}[39m
[35m[HTTP][39m [37m<-- POST /wd/hub/session/01176b08-6496-4e32-bf14-c1059aa0f1d8/timeouts [39m[32m200[39m [90m1 ms - 14[39m
[35m[HTTP][39m [90m[39m
[35m[HTTP][39m [37m-->[39m [37mPOST[39m [37m/wd/hub/session/01176b08-6496-4e32-bf14-c1059aa0f1d8/element/00000000-0000-023c-ffff-ffff0000005d/click[39m
[35m[HTTP][39m [90m{"id":"00000000-0000-023c-ffff-ffff0000005d"}[39m
[35m[HTTP][39m [37m<-- POST /wd/hub/session/01176b08-6496-4e32-bf14-c1059aa0f1d8/element/00000000-0000-023c-ffff-ffff0000005d/click [39m[32m200[39m [90m236 ms - 14[39m
[35m[HTTP][39m [90m[39m
[35m[HTTP][39m [37m-->[39m [37mPOST[39m [37m/wd/hub/session/01176b08-6496-4e32-bf14-c1059aa0f1d8/timeouts[39m
[35m[HTTP][39m [90m{"implicit":50}[39m
[35m[HTTP][39m [37m<-- POST /wd/hub/session/01176b08-6496-4e32-bf14-c1059aa0f1d8/timeouts [39m[32m200[39m [90m1 ms - 14[39m
[35m[HTTP][39m [90m[39m
[35m[HTTP][39m [37m-->[39m [37mGET[39m [37m/wd/hub/session/01176b08-6496-4e32-bf14-c1059aa0f1d8/window/rect[39m
[35m[HTTP][39m [90m{}[39m
[35m[HTTP][39m [37m<-- GET /wd/hub/session/01176b08-6496-4e32-bf14-c1059aa0f1d8/window/rect [39m[32m200[39m [90m18 ms - 49[39m
[35m[HTTP][39m [90m[39m
[35m[HTTP][39m [37m-->[39m [37mPOST[39m [37m/wd/hub/session/01176b08-6496-4e32-bf14-c1059aa0f1d8/elements[39m
[35m[HTTP][39m [90m{"using":"xpath","value":"//*[@class = 'android.widget.EditText' and (@text = 'Apodo*' or . = 'Apodo*') and @resource-id = 'com.naposystems.napoleonchat:id/textInputEditText_nickname']"}[39m
[35m[HTTP][39m [37m<-- POST /wd/hub/session/01176b08-6496-4e32-bf14-c1059aa0f1d8/elements [39m[32m200[39m [90m565 ms - 139[39m
[35m[HTTP][39m [90m[39m
[35m[HTTP][39m [37m-->[39m [37mGET[39m [37m/wd/hub/session/01176b08-6496-4e32-bf14-c1059aa0f1d8/element/00000000-0000-023c-ffff-ffff0000005d/location[39m
[35m[HTTP][39m [90m{}[39m
[35m[W3C (01176b08)][39m Driver proxy active, passing request on via HTTP proxy
[35m[WD Proxy][39m Replacing sessionId 8745c6a9-53d5-4766-981c-6841c4bfc0cf with 01176b08-6496-4e32-bf14-c1059aa0f1d8
[35m[HTTP][39m [37m<-- GET /wd/hub/session/01176b08-6496-4e32-bf14-c1059aa0f1d8/element/00000000-0000-023c-ffff-ffff0000005d/location [39m[32m200[39m [90m33 ms - 77[39m
[35m[HTTP][39m [90m[39m
[35m[HTTP][39m [37m-->[39m [37mPOST[39m [37m/wd/hub/session/01176b08-6496-4e32-bf14-c1059aa0f1d8/timeouts[39m
[35m[HTTP][39m [90m{"implicit":30000}[39m
[35m[HTTP][39m [37m<-- POST /wd/hub/session/01176b08-6496-4e32-bf14-c1059aa0f1d8/timeouts [39m[32m200[39m [90m2 ms - 14[39m
[35m[HTTP][39m [90m[39m
[35m[HTTP][39m [37m-->[39m [37mPOST[39m [37m/wd/hub/session/01176b08-6496-4e32-bf14-c1059aa0f1d8/element/00000000-0000-023c-ffff-ffff0000005d/clear[39m
[35m[HTTP][39m [90m{"id":"00000000-0000-023c-ffff-ffff0000005d"}[39m
[35m[HTTP][39m [37m<-- POST /wd/hub/session/01176b08-6496-4e32-bf14-c1059aa0f1d8/element/00000000-0000-023c-ffff-ffff0000005d/clear [39m[32m200[39m [90m102 ms - 14[39m
[35m[HTTP][39m [90m[39m
[35m[HTTP][39m [37m-->[39m [37mPOST[39m [37m/wd/hub/session/01176b08-6496-4e32-bf14-c1059aa0f1d8/element/00000000-0000-023c-ffff-ffff0000005d/value[39m
[35m[HTTP][39m [90m{"id":"00000000-0000-023c-ffff-ffff0000005d","text":"edwin_1324","value":["e","d","w","i","n","_","1","3","2","4"]}[39m
[35m[HTTP][39m [37m<-- POST /wd/hub/session/01176b08-6496-4e32-bf14-c1059aa0f1d8/element/00000000-0000-023c-ffff-ffff0000005d/value [39m[32m200[39m [90m2244 ms - 14[39m
[35m[HTTP][39m [90m[39m
[35m[HTTP][39m [37m-->[39m [37mGET[39m [37m/wd/hub/session/01176b08-6496-4e32-bf14-c1059aa0f1d8/context[39m
[35m[HTTP][39m [90m{}[39m
[35m[HTTP][39m [37m<-- GET /wd/hub/session/01176b08-6496-4e32-bf14-c1059aa0f1d8/context [39m[32m200[39m [90m1 ms - 22[39m
[35m[HTTP][39m [90m[39m
[35m[HTTP][39m [37m-->[39m [37mGET[39m [37m/wd/hub/session/01176b08-6496-4e32-bf14-c1059aa0f1d8/contexts[39m
[35m[HTTP][39m [90m{}[39m
[35m[HTTP][39m [37m<-- GET /wd/hub/session/01176b08-6496-4e32-bf14-c1059aa0f1d8/contexts [39m[32m200[39m [90m362 ms - 87[39m
[35m[HTTP][39m [90m[39m
[35m[HTTP][39m [37m-->[39m [37mPOST[39m [37m/wd/hub/session/01176b08-6496-4e32-bf14-c1059aa0f1d8/context[39m
[35m[HTTP][39m [90m{"name":"NATIVE_APP"}[39m
[35m[HTTP][39m [37m<-- POST /wd/hub/session/01176b08-6496-4e32-bf14-c1059aa0f1d8/context [39m[32m200[39m [90m1 ms - 14[39m
[35m[HTTP][39m [90m[39m
[35m[HTTP][39m [37m-->[39m [37mPOST[39m [37m/wd/hub/session/01176b08-6496-4e32-bf14-c1059aa0f1d8/appium/device/hide_keyboard[39m
[35m[HTTP][39m [90m{}[39m
[35m[HTTP][39m [37m<-- POST /wd/hub/session/01176b08-6496-4e32-bf14-c1059aa0f1d8/appium/device/hide_keyboard [39m[32m200[39m [90m3049 ms - 14[39m
[35m[HTTP][39m [90m[39m
[35m[HTTP][39m [37m-->[39m [37mPOST[39m [37m/wd/hub/session/01176b08-6496-4e32-bf14-c1059aa0f1d8/context[39m
[35m[HTTP][39m [90m{"name":"NATIVE_APP"}[39m
[35m[HTTP][39m [37m<-- POST /wd/hub/session/01176b08-6496-4e32-bf14-c1059aa0f1d8/context [39m[32m200[39m [90m1 ms - 14[39m
[35m[HTTP][39m [90m[39m
[35m[HTTP][39m [37m-->[39m [37mPOST[39m [37m/wd/hub/session/01176b08-6496-4e32-bf14-c1059aa0f1d8/timeouts[39m
[35m[HTTP][39m [90m{"implicit":50}[39m
[35m[HTTP][39m [37m<-- POST /wd/hub/session/01176b08-6496-4e32-bf14-c1059aa0f1d8/timeouts [39m[32m200[39m [90m1 ms - 14[39m
[35m[HTTP][39m [90m[39m
[35m[HTTP][39m [37m-->[39m [37mGET[39m [37m/wd/hub/session/01176b08-6496-4e32-bf14-c1059aa0f1d8/window/rect[39m
[35m[HTTP][39m [90m{}[39m
[35m[HTTP][39m [37m<-- GET /wd/hub/session/01176b08-6496-4e32-bf14-c1059aa0f1d8/window/rect [39m[32m200[39m [90m22 ms - 49[39m
[35m[HTTP][39m [90m[39m
[35m[HTTP][39m [37m-->[39m [37mPOST[39m [37m/wd/hub/session/01176b08-6496-4e32-bf14-c1059aa0f1d8/elements[39m
[35m[HTTP][39m [90m{"using":"xpath","value":"//*[@class = 'android.widget.Button' and (@text = 'Recuperar' or . = 'Recuperar') and @resource-id = 'com.naposystems.napoleonchat:id/button_recovery_account']"}[39m
[35m[HTTP][39m [37m<-- POST /wd/hub/session/01176b08-6496-4e32-bf14-c1059aa0f1d8/elements [39m[32m200[39m [90m290 ms - 139[39m
[35m[HTTP][39m [90m[39m
[35m[HTTP][39m [37m-->[39m [37mGET[39m [37m/wd/hub/session/01176b08-6496-4e32-bf14-c1059aa0f1d8/element/00000000-0000-023c-ffff-ffff0000006a/location[39m
[35m[HTTP][39m [90m{}[39m
[35m[W3C (01176b08)][39m Driver proxy active, passing request on via HTTP proxy
[35m[WD Proxy][39m Replacing sessionId 8745c6a9-53d5-4766-981c-6841c4bfc0cf with 01176b08-6496-4e32-bf14-c1059aa0f1d8
[35m[HTTP][39m [37m<-- GET /wd/hub/session/01176b08-6496-4e32-bf14-c1059aa0f1d8/element/00000000-0000-023c-ffff-ffff0000006a/location [39m[32m200[39m [90m33 ms - 78[39m
[35m[HTTP][39m [90m[39m
[35m[HTTP][39m [37m-->[39m [37mPOST[39m [37m/wd/hub/session/01176b08-6496-4e32-bf14-c1059aa0f1d8/timeouts[39m
[35m[HTTP][39m [90m{"implicit":30000}[39m
[35m[HTTP][39m [37m<-- POST /wd/hub/session/01176b08-6496-4e32-bf14-c1059aa0f1d8/timeouts [39m[32m200[39m [90m1 ms - 14[39m
[35m[HTTP][39m [90m[39m
[35m[HTTP][39m [37m-->[39m [37mPOST[39m [37m/wd/hub/session/01176b08-6496-4e32-bf14-c1059aa0f1d8/element/00000000-0000-023c-ffff-ffff0000006a/click[39m
[35m[HTTP][39m [90m{"id":"00000000-0000-023c-ffff-ffff0000006a"}[39m
[35m[HTTP][39m [37m<-- POST /wd/hub/session/01176b08-6496-4e32-bf14-c1059aa0f1d8/element/00000000-0000-023c-ffff-ffff0000006a/click [39m[32m200[39m [90m115 ms - 14[39m
[35m[HTTP][39m [90m[39m
[35m[HTTP][39m [37m-->[39m [37mPOST[39m [37m/wd/hub/session/01176b08-6496-4e32-bf14-c1059aa0f1d8/timeouts[39m
[35m[HTTP][39m [90m{"implicit":50}[39m
[35m[HTTP][39m [37m<-- POST /wd/hub/session/01176b08-6496-4e32-bf14-c1059aa0f1d8/timeouts [39m[32m200[39m [90m2 ms - 14[39m
[35m[HTTP][39m [90m[39m
[35m[HTTP][39m [37m-->[39m [37mGET[39m [37m/wd/hub/session/01176b08-6496-4e32-bf14-c1059aa0f1d8/window/rect[39m
[35m[HTTP][39m [90m{}[39m
[35m[HTTP][39m [37m<-- GET /wd/hub/session/01176b08-6496-4e32-bf14-c1059aa0f1d8/window/rect [39m[32m200[39m [90m19 ms - 49[39m
[35m[HTTP][39m [90m[39m
[35m[HTTP][39m [37m-->[39m [37mPOST[39m [37m/wd/hub/session/01176b08-6496-4e32-bf14-c1059aa0f1d8/elements[39m
[35m[HTTP][39m [90m{"using":"xpath","value":"//*[@class = 'android.widget.RadioGroup' and @resource-id = 'com.naposystems.napoleonchat:id/radioGroup_options' and (@text = '' or . = '')]"}[39m
[35m[HTTP][39m [37m<-- POST /wd/hub/session/01176b08-6496-4e32-bf14-c1059aa0f1d8/elements [39m[32m200[39m [90m206 ms - 139[39m
[35m[HTTP][39m [90m[39m
[35m[HTTP][39m [37m-->[39m [37mGET[39m [37m/wd/hub/session/01176b08-6496-4e32-bf14-c1059aa0f1d8/element/00000000-0000-023c-ffff-ffff00000079/location[39m
[35m[HTTP][39m [90m{}[39m
[35m[W3C (01176b08)][39m Driver proxy active, passing request on via HTTP proxy
[35m[WD Proxy][39m Replacing sessionId 8745c6a9-53d5-4766-981c-6841c4bfc0cf with 01176b08-6496-4e32-bf14-c1059aa0f1d8
[35m[HTTP][39m [37m<-- GET /wd/hub/session/01176b08-6496-4e32-bf14-c1059aa0f1d8/element/00000000-0000-023c-ffff-ffff00000079/location [39m[32m200[39m [90m28 ms - 77[39m
[35m[HTTP][39m [90m[39m
[35m[HTTP][39m [37m-->[39m [37mPOST[39m [37m/wd/hub/session/01176b08-6496-4e32-bf14-c1059aa0f1d8/timeouts[39m
[35m[HTTP][39m [90m{"implicit":30000}[39m
[35m[HTTP][39m [37m<-- POST /wd/hub/session/01176b08-6496-4e32-bf14-c1059aa0f1d8/timeouts [39m[32m200[39m [90m3 ms - 14[39m
[35m[HTTP][39m [90m[39m
[35m[HTTP][39m [37m-->[39m [37mPOST[39m [37m/wd/hub/session/01176b08-6496-4e32-bf14-c1059aa0f1d8/timeouts[39m
[35m[HTTP][39m [90m{"implicit":50}[39m
[35m[HTTP][39m [37m<-- POST /wd/hub/session/01176b08-6496-4e32-bf14-c1059aa0f1d8/timeouts [39m[32m200[39m [90m1 ms - 14[39m
[35m[HTTP][39m [90m[39m
[35m[HTTP][39m [37m-->[39m [37mGET[39m [37m/wd/hub/session/01176b08-6496-4e32-bf14-c1059aa0f1d8/window/rect[39m
[35m[HTTP][39m [90m{}[39m
[35m[HTTP][39m [37m<-- GET /wd/hub/session/01176b08-6496-4e32-bf14-c1059aa0f1d8/window/rect [39m[32m200[39m [90m15 ms - 49[39m
[35m[HTTP][39m [90m[39m
[35m[HTTP][39m [37m-->[39m [37mPOST[39m [37m/wd/hub/session/01176b08-6496-4e32-bf14-c1059aa0f1d8/elements[39m
[35m[HTTP][39m [90m{"using":"xpath","value":"//*[@class = 'android.widget.RadioButton' and (@text = 'Uno' or . = 'Uno')]"}[39m
[35m[HTTP][39m [37m<-- POST /wd/hub/session/01176b08-6496-4e32-bf14-c1059aa0f1d8/elements [39m[32m200[39m [90m156 ms - 12[39m
[35m[HTTP][39m [90m[39m
[35m[HTTP][39m [37m-->[39m [37mPOST[39m [37m/wd/hub/session/01176b08-6496-4e32-bf14-c1059aa0f1d8/elements[39m
[35m[HTTP][39m [90m{"using":"xpath","value":"//*[@class = 'android.widget.RadioButton' and (@text = 'Uno' or . = 'Uno')]"}[39m
[35m[HTTP][39m [37m<-- POST /wd/hub/session/01176b08-6496-4e32-bf14-c1059aa0f1d8/elements [39m[32m200[39m [90m151 ms - 12[39m
[35m[HTTP][39m [90m[39m
[35m[HTTP][39m [37m-->[39m [37mPOST[39m [37m/wd/hub/session/01176b08-6496-4e32-bf14-c1059aa0f1d8/elements[39m
[35m[HTTP][39m [90m{"using":"xpath","value":"//*[@class = 'android.widget.RadioButton' and (@text = 'Uno' or . = 'Uno')]"}[39m
[35m[HTTP][39m [37m<-- POST /wd/hub/session/01176b08-6496-4e32-bf14-c1059aa0f1d8/elements [39m[32m200[39m [90m141 ms - 12[39m
[35m[HTTP][39m [90m[39m
[35m[HTTP][39m [37m-->[39m [37mPOST[39m [37m/wd/hub/session/01176b08-6496-4e32-bf14-c1059aa0f1d8/elements[39m
[35m[HTTP][39m [90m{"using":"xpath","value":"//*[@class = 'android.widget.RadioButton' and (@text = 'Uno' or . = 'Uno')]"}[39m
[35m[HTTP][39m [37m<-- POST /wd/hub/session/01176b08-6496-4e32-bf14-c1059aa0f1d8/elements [39m[32m200[39m [90m139 ms - 12[39m
[35m[HTTP][39m [90m[39m
[35m[HTTP][39m [37m-->[39m [37mPOST[39m [37m/wd/hub/session/01176b08-6496-4e32-bf14-c1059aa0f1d8/elements[39m
[35m[HTTP][39m [90m{"using":"xpath","value":"//*[@class = 'android.widget.RadioButton' and (@text = 'Uno' or . = 'Uno')]"}[39m
[35m[HTTP][39m [37m<-- POST /wd/hub/session/01176b08-6496-4e32-bf14-c1059aa0f1d8/elements [39m[32m200[39m [90m141 ms - 12[39m
[35m[HTTP][39m [90m[39m
[35m[HTTP][39m [37m-->[39m [37mPOST[39m [37m/wd/hub/session/01176b08-6496-4e32-bf14-c1059aa0f1d8/elements[39m
[35m[HTTP][39m [90m{"using":"xpath","value":"//*[@class = 'android.widget.RadioButton' and (@text = 'Uno' or . = 'Uno')]"}[39m
[35m[HTTP][39m [37m<-- POST /wd/hub/session/01176b08-6496-4e32-bf14-c1059aa0f1d8/elements [39m[32m200[39m [90m137 ms - 12[39m
[35m[HTTP][39m [90m[39m
[35m[HTTP][39m [37m-->[39m [37mPOST[39m [37m/wd/hub/session/01176b08-6496-4e32-bf14-c1059aa0f1d8/elements[39m
[35m[HTTP][39m [90m{"using":"xpath","value":"//*[@class = 'android.widget.RadioButton' and (@text = 'Uno' or . = 'Uno')]"}[39m
[35m[HTTP][39m [37m<-- POST /wd/hub/session/01176b08-6496-4e32-bf14-c1059aa0f1d8/elements [39m[32m200[39m [90m116 ms - 12[39m
[35m[HTTP][39m [90m[39m
[35m[HTTP][39m [37m-->[39m [37mPOST[39m [37m/wd/hub/session/01176b08-6496-4e32-bf14-c1059aa0f1d8/elements[39m
[35m[HTTP][39m [90m{"using":"xpath","value":"//*[@class = 'android.widget.RadioButton' and (@text = 'Uno' or . = 'Uno')]"}[39m
[35m[HTTP][39m [37m<-- POST /wd/hub/session/01176b08-6496-4e32-bf14-c1059aa0f1d8/elements [39m[32m200[39m [90m124 ms - 12[39m
[35m[HTTP][39m [90m[39m
[35m[HTTP][39m [37m-->[39m [37mPOST[39m [37m/wd/hub/session/01176b08-6496-4e32-bf14-c1059aa0f1d8/elements[39m
[35m[HTTP][39m [90m{"using":"xpath","value":"//*[@class = 'android.widget.RadioButton' and (@text = 'Uno' or . = 'Uno')]"}[39m
[35m[HTTP][39m [37m<-- POST /wd/hub/session/01176b08-6496-4e32-bf14-c1059aa0f1d8/elements [39m[32m200[39m [90m127 ms - 12[39m
[35m[HTTP][39m [90m[39m
[35m[HTTP][39m [37m-->[39m [37mPOST[39m [37m/wd/hub/session/01176b08-6496-4e32-bf14-c1059aa0f1d8/elements[39m
[35m[HTTP][39m [90m{"using":"xpath","value":"//*[@class = 'android.widget.RadioButton' and (@text = 'Uno' or . = 'Uno')]"}[39m
[35m[HTTP][39m [37m<-- POST /wd/hub/session/01176b08-6496-4e32-bf14-c1059aa0f1d8/elements [39m[32m200[39m [90m114 ms - 12[39m
[35m[HTTP][39m [90m[39m
[35m[HTTP][39m [37m-->[39m [37mPOST[39m [37m/wd/hub/session/01176b08-6496-4e32-bf14-c1059aa0f1d8/elements[39m
[35m[HTTP][39m [90m{"using":"xpath","value":"//*[@class = 'android.widget.RadioButton' and (@text = 'Uno' or . = 'Uno')]"}[39m
[35m[HTTP][39m [37m<-- POST /wd/hub/session/01176b08-6496-4e32-bf14-c1059aa0f1d8/elements [39m[32m200[39m [90m116 ms - 12[39m
[35m[HTTP][39m [90m[39m
[35m[HTTP][39m [37m-->[39m [37mPOST[39m [37m/wd/hub/session/01176b08-6496-4e32-bf14-c1059aa0f1d8/elements[39m
[35m[HTTP][39m [90m{"using":"xpath","value":"//*[@class = 'android.widget.RadioButton' and (@text = 'Uno' or . = 'Uno')]"}[39m
[35m[HTTP][39m [37m<-- POST /wd/hub/session/01176b08-6496-4e32-bf14-c1059aa0f1d8/elements [39m[32m200[39m [90m107 ms - 12[39m
[35m[HTTP][39m [90m[39m
[35m[HTTP][39m [37m-->[39m [37mPOST[39m [37m/wd/hub/session/01176b08-6496-4e32-bf14-c1059aa0f1d8/elements[39m
[35m[HTTP][39m [90m{"using":"xpath","value":"//*[@class = 'android.widget.RadioButton' and (@text = 'Uno' or . = 'Uno')]"}[39m
[35m[HTTP][39m [37m<-- POST /wd/hub/session/01176b08-6496-4e32-bf14-c1059aa0f1d8/elements [39m[32m200[39m [90m126 ms - 12[39m
[35m[HTTP][39m [90m[39m
[35m[HTTP][39m [37m-->[39m [37mPOST[39m [37m/wd/hub/session/01176b08-6496-4e32-bf14-c1059aa0f1d8/elements[39m
[35m[HTTP][39m [90m{"using":"xpath","value":"//*[@class = 'android.widget.RadioButton' and (@text = 'Uno' or . = 'Uno')]"}[39m
[35m[HTTP][39m [37m<-- POST /wd/hub/session/01176b08-6496-4e32-bf14-c1059aa0f1d8/elements [39m[32m200[39m [90m106 ms - 12[39m
[35m[HTTP][39m [90m[39m
[35m[HTTP][39m [37m-->[39m [37mPOST[39m [37m/wd/hub/session/01176b08-6496-4e32-bf14-c1059aa0f1d8/timeouts[39m
[35m[HTTP][39m [90m{"implicit":30000}[39m
[35m[HTTP][39m [37m<-- POST /wd/hub/session/01176b08-6496-4e32-bf14-c1059aa0f1d8/timeouts [39m[32m200[39m [90m2 ms - 14[39m
[35m[HTTP][39m [90m[39m
[35m[HTTP][39m [37m-->[39m [37mPOST[39m [37m/wd/hub/session/01176b08-6496-4e32-bf14-c1059aa0f1d8/timeouts[39m
[35m[HTTP][39m [90m{"implicit":50}[39m
[35m[HTTP][39m [37m<-- POST /wd/hub/session/01176b08-6496-4e32-bf14-c1059aa0f1d8/timeouts [39m[32m200[39m [90m1 ms - 14[39m
[35m[HTTP][39m [90m[39m
[35m[HTTP][39m [37m-->[39m [37mGET[39m [37m/wd/hub/session/01176b08-6496-4e32-bf14-c1059aa0f1d8/window/rect[39m
[35m[HTTP][39m [90m{}[39m
[35m[HTTP][39m [37m<-- GET /wd/hub/session/01176b08-6496-4e32-bf14-c1059aa0f1d8/window/rect [39m[32m200[39m [90m16 ms - 49[39m
[35m[HTTP][39m [90m[39m
[35m[HTTP][39m [37m-->[39m [37mPOST[39m [37m/wd/hub/session/01176b08-6496-4e32-bf14-c1059aa0f1d8/elements[39m
[35m[HTTP][39m [90m{"using":"xpath","value":"//*[@class = 'android.widget.RadioButton' and (@text = 'Dos' or . = 'Dos')]"}[39m
[35m[HTTP][39m [37m<-- POST /wd/hub/session/01176b08-6496-4e32-bf14-c1059aa0f1d8/elements [39m[32m200[39m [90m104 ms - 12[39m
[35m[HTTP][39m [90m[39m
[35m[HTTP][39m [37m-->[39m [37mPOST[39m [37m/wd/hub/session/01176b08-6496-4e32-bf14-c1059aa0f1d8/elements[39m
[35m[HTTP][39m [90m{"using":"xpath","value":"//*[@class = 'android.widget.RadioButton' and (@text = 'Dos' or . = 'Dos')]"}[39m
[35m[HTTP][39m [37m<-- POST /wd/hub/session/01176b08-6496-4e32-bf14-c1059aa0f1d8/elements [39m[32m200[39m [90m101 ms - 12[39m
[35m[HTTP][39m [90m[39m
[35m[HTTP][39m [37m-->[39m [37mPOST[39m [37m/wd/hub/session/01176b08-6496-4e32-bf14-c1059aa0f1d8/elements[39m
[35m[HTTP][39m [90m{"using":"xpath","value":"//*[@class = 'android.widget.RadioButton' and (@text = 'Dos' or . = 'Dos')]"}[39m
[35m[HTTP][39m [37m<-- POST /wd/hub/session/01176b08-6496-4e32-bf14-c1059aa0f1d8/elements [39m[32m200[39m [90m112 ms - 12[39m
[35m[HTTP][39m [90m[39m
[35m[HTTP][39m [37m-->[39m [37mPOST[39m [37m/wd/hub/session/01176b08-6496-4e32-bf14-c1059aa0f1d8/elements[39m
[35m[HTTP][39m [90m{"using":"xpath","value":"//*[@class = 'android.widget.RadioButton' and (@text = 'Dos' or . = 'Dos')]"}[39m
[35m[HTTP][39m [37m<-- POST /wd/hub/session/01176b08-6496-4e32-bf14-c1059aa0f1d8/elements [39m[32m200[39m [90m103 ms - 12[39m
[35m[HTTP][39m [90m[39m
[35m[HTTP][39m [37m-->[39m [37mPOST[39m [37m/wd/hub/session/01176b08-6496-4e32-bf14-c1059aa0f1d8/elements[39m
[35m[HTTP][39m [90m{"using":"xpath","value":"//*[@class = 'android.widget.RadioButton' and (@text = 'Dos' or . = 'Dos')]"}[39m
[35m[HTTP][39m [37m<-- POST /wd/hub/session/01176b08-6496-4e32-bf14-c1059aa0f1d8/elements [39m[32m200[39m [90m102 ms - 12[39m
[35m[HTTP][39m [90m[39m
[35m[HTTP][39m [37m-->[39m [37mPOST[39m [37m/wd/hub/session/01176b08-6496-4e32-bf14-c1059aa0f1d8/elements[39m
[35m[HTTP][39m [90m{"using":"xpath","value":"//*[@class = 'android.widget.RadioButton' and (@text = 'Dos' or . = 'Dos')]"}[39m
[35m[HTTP][39m [37m<-- POST /wd/hub/session/01176b08-6496-4e32-bf14-c1059aa0f1d8/elements [39m[32m200[39m [90m101 ms - 12[39m
[35m[HTTP][39m [90m[39m
[35m[HTTP][39m [37m-->[39m [37mPOST[39m [37m/wd/hub/session/01176b08-6496-4e32-bf14-c1059aa0f1d8/elements[39m
[35m[HTTP][39m [90m{"using":"xpath","value":"//*[@class = 'android.widget.RadioButton' and (@text = 'Dos' or . = 'Dos')]"}[39m
[35m[HTTP][39m [37m<-- POST /wd/hub/session/01176b08-6496-4e32-bf14-c1059aa0f1d8/elements [39m[32m200[39m [90m104 ms - 12[39m
[35m[HTTP][39m [90m[39m
[35m[HTTP][39m [37m-->[39m [37mPOST[39m [37m/wd/hub/session/01176b08-6496-4e32-bf14-c1059aa0f1d8/elements[39m
[35m[HTTP][39m [90m{"using":"xpath","value":"//*[@class = 'android.widget.RadioButton' and (@text = 'Dos' or . = 'Dos')]"}[39m
[35m[HTTP][39m [37m<-- POST /wd/hub/session/01176b08-6496-4e32-bf14-c1059aa0f1d8/elements [39m[32m200[39m [90m96 ms - 12[39m
[35m[HTTP][39m [90m[39m
[35m[HTTP][39m [37m-->[39m [37mPOST[39m [37m/wd/hub/session/01176b08-6496-4e32-bf14-c1059aa0f1d8/elements[39m
[35m[HTTP][39m [90m{"using":"xpath","value":"//*[@class = 'android.widget.RadioButton' and (@text = 'Dos' or . = 'Dos')]"}[39m
[35m[HTTP][39m [37m<-- POST /wd/hub/session/01176b08-6496-4e32-bf14-c1059aa0f1d8/elements [39m[32m200[39m [90m108 ms - 12[39m
[35m[HTTP][39m [90m[39m
[35m[HTTP][39m [37m-->[39m [37mPOST[39m [37m/wd/hub/session/01176b08-6496-4e32-bf14-c1059aa0f1d8/elements[39m
[35m[HTTP][39m [90m{"using":"xpath","value":"//*[@class = 'android.widget.RadioButton' and (@text = 'Dos' or . = 'Dos')]"}[39m
[35m[HTTP][39m [37m<-- POST /wd/hub/session/01176b08-6496-4e32-bf14-c1059aa0f1d8/elements [39m[32m200[39m [90m95 ms - 12[39m
[35m[HTTP][39m [90m[39m
[35m[HTTP][39m [37m-->[39m [37mPOST[39m [37m/wd/hub/session/01176b08-6496-4e32-bf14-c1059aa0f1d8/elements[39m
[35m[HTTP][39m [90m{"using":"xpath","value":"//*[@class = 'android.widget.RadioButton' and (@text = 'Dos' or . = 'Dos')]"}[39m
[35m[HTTP][39m [37m<-- POST /wd/hub/session/01176b08-6496-4e32-bf14-c1059aa0f1d8/elements [39m[32m200[39m [90m110 ms - 12[39m
[35m[HTTP][39m [90m[39m
[35m[HTTP][39m [37m-->[39m [37mPOST[39m [37m/wd/hub/session/01176b08-6496-4e32-bf14-c1059aa0f1d8/elements[39m
[35m[HTTP][39m [90m{"using":"xpath","value":"//*[@class = 'android.widget.RadioButton' and (@text = 'Dos' or . = 'Dos')]"}[39m
[35m[HTTP][39m [37m<-- POST /wd/hub/session/01176b08-6496-4e32-bf14-c1059aa0f1d8/elements [39m[32m200[39m [90m103 ms - 12[39m
[35m[HTTP][39m [90m[39m
[35m[HTTP][39m [37m-->[39m [37mPOST[39m [37m/wd/hub/session/01176b08-6496-4e32-bf14-c1059aa0f1d8/elements[39m
[35m[HTTP][39m [90m{"using":"xpath","value":"//*[@class = 'android.widget.RadioButton' and (@text = 'Dos' or . = 'Dos')]"}[39m
[35m[HTTP][39m [37m<-- POST /wd/hub/session/01176b08-6496-4e32-bf14-c1059aa0f1d8/elements [39m[32m200[39m [90m92 ms - 12[39m
[35m[HTTP][39m [90m[39m
[35m[HTTP][39m [37m-->[39m [37mPOST[39m [37m/wd/hub/session/01176b08-6496-4e32-bf14-c1059aa0f1d8/elements[39m
[35m[HTTP][39m [90m{"using":"xpath","value":"//*[@class = 'android.widget.RadioButton' and (@text = 'Dos' or . = 'Dos')]"}[39m
[35m[HTTP][39m [37m<-- POST /wd/hub/session/01176b08-6496-4e32-bf14-c1059aa0f1d8/elements [39m[32m200[39m [90m94 ms - 12[39m
[35m[HTTP][39m [90m[39m
[35m[HTTP][39m [37m-->[39m [37mPOST[39m [37m/wd/hub/session/01176b08-6496-4e32-bf14-c1059aa0f1d8/elements[39m
[35m[HTTP][39m [90m{"using":"xpath","value":"//*[@class = 'android.widget.RadioButton' and (@text = 'Dos' or . = 'Dos')]"}[39m
[35m[HTTP][39m [37m<-- POST /wd/hub/session/01176b08-6496-4e32-bf14-c1059aa0f1d8/elements [39m[32m200[39m [90m113 ms - 12[39m
[35m[HTTP][39m [90m[39m
[35m[HTTP][39m [37m-->[39m [37mPOST[39m [37m/wd/hub/session/01176b08-6496-4e32-bf14-c1059aa0f1d8/elements[39m
[35m[HTTP][39m [90m{"using":"xpath","value":"//*[@class = 'android.widget.RadioButton' and (@text = 'Dos' or . = 'Dos')]"}[39m
[35m[HTTP][39m [37m<-- POST /wd/hub/session/01176b08-6496-4e32-bf14-c1059aa0f1d8/elements [39m[32m200[39m [90m92 ms - 12[39m
[35m[HTTP][39m [90m[39m
[35m[HTTP][39m [37m-->[39m [37mPOST[39m [37m/wd/hub/session/01176b08-6496-4e32-bf14-c1059aa0f1d8/elements[39m
[35m[HTTP][39m [90m{"using":"xpath","value":"//*[@class = 'android.widget.RadioButton' and (@text = 'Dos' or . = 'Dos')]"}[39m
[35m[HTTP][39m [37m<-- POST /wd/hub/session/01176b08-6496-4e32-bf14-c1059aa0f1d8/elements [39m[32m200[39m [90m95 ms - 12[39m
[35m[HTTP][39m [90m[39m
[35m[HTTP][39m [37m-->[39m [37mPOST[39m [37m/wd/hub/session/01176b08-6496-4e32-bf14-c1059aa0f1d8/elements[39m
[35m[HTTP][39m [90m{"using":"xpath","value":"//*[@class = 'android.widget.RadioButton' and (@text = 'Dos' or . = 'Dos')]"}[39m
[35m[HTTP][39m [37m<-- POST /wd/hub/session/01176b08-6496-4e32-bf14-c1059aa0f1d8/elements [39m[32m200[39m [90m105 ms - 12[39m
[35m[HTTP][39m [90m[39m
[35m[HTTP][39m [37m-->[39m [37mPOST[39m [37m/wd/hub/session/01176b08-6496-4e32-bf14-c1059aa0f1d8/timeouts[39m
[35m[HTTP][39m [90m{"implicit":30000}[39m
[35m[HTTP][39m [37m<-- POST /wd/hub/session/01176b08-6496-4e32-bf14-c1059aa0f1d8/timeouts [39m[32m200[39m [90m2 ms - 14[39m
[35m[HTTP][39m [90m[39m
[35m[HTTP][39m [37m-->[39m [37mPOST[39m [37m/wd/hub/session/01176b08-6496-4e32-bf14-c1059aa0f1d8/timeouts[39m
[35m[HTTP][39m [90m{"implicit":50}[39m
[35m[HTTP][39m [37m<-- POST /wd/hub/session/01176b08-6496-4e32-bf14-c1059aa0f1d8/timeouts [39m[32m200[39m [90m1 ms - 14[39m
[35m[HTTP][39m [90m[39m
[35m[HTTP][39m [37m-->[39m [37mGET[39m [37m/wd/hub/session/01176b08-6496-4e32-bf14-c1059aa0f1d8/window/rect[39m
[35m[HTTP][39m [90m{}[39m
[35m[HTTP][39m [37m<-- GET /wd/hub/session/01176b08-6496-4e32-bf14-c1059aa0f1d8/window/rect [39m[32m200[39m [90m14 ms - 49[39m
[35m[HTTP][39m [90m[39m
[35m[HTTP][39m [37m-->[39m [37mPOST[39m [37m/wd/hub/session/01176b08-6496-4e32-bf14-c1059aa0f1d8/elements[39m
[35m[HTTP][39m [90m{"using":"xpath","value":"//*[@class = 'android.widget.RadioButton' and (@text = 'Tres' or . = 'Tres')]"}[39m
[35m[HTTP][39m [37m<-- POST /wd/hub/session/01176b08-6496-4e32-bf14-c1059aa0f1d8/elements [39m[32m200[39m [90m86 ms - 12[39m
[35m[HTTP][39m [90m[39m
[35m[HTTP][39m [37m-->[39m [37mPOST[39m [37m/wd/hub/session/01176b08-6496-4e32-bf14-c1059aa0f1d8/elements[39m
[35m[HTTP][39m [90m{"using":"xpath","value":"//*[@class = 'android.widget.RadioButton' and (@text = 'Tres' or . = 'Tres')]"}[39m
[35m[HTTP][39m [37m<-- POST /wd/hub/session/01176b08-6496-4e32-bf14-c1059aa0f1d8/elements [39m[32m200[39m [90m96 ms - 12[39m
[35m[HTTP][39m [90m[39m
[35m[HTTP][39m [37m-->[39m [37mPOST[39m [37m/wd/hub/session/01176b08-6496-4e32-bf14-c1059aa0f1d8/elements[39m
[35m[HTTP][39m [90m{"using":"xpath","value":"//*[@class = 'android.widget.RadioButton' and (@text = 'Tres' or . = 'Tres')]"}[39m
[35m[HTTP][39m [37m<-- POST /wd/hub/session/01176b08-6496-4e32-bf14-c1059aa0f1d8/elements [39m[32m200[39m [90m97 ms - 12[39m
[35m[HTTP][39m [90m[39m
[35m[HTTP][39m [37m-->[39m [37mPOST[39m [37m/wd/hub/session/01176b08-6496-4e32-bf14-c1059aa0f1d8/elements[39m
[35m[HTTP][39m [90m{"using":"xpath","value":"//*[@class = 'android.widget.RadioButton' and (@text = 'Tres' or . = 'Tres')]"}[39m
[35m[HTTP][39m [37m<-- POST /wd/hub/session/01176b08-6496-4e32-bf14-c1059aa0f1d8/elements [39m[32m200[39m [90m104 ms - 12[39m
[35m[HTTP][39m [90m[39m
[35m[HTTP][39m [37m-->[39m [37mPOST[39m [37m/wd/hub/session/01176b08-6496-4e32-bf14-c1059aa0f1d8/elements[39m
[35m[HTTP][39m [90m{"using":"xpath","value":"//*[@class = 'android.widget.RadioButton' and (@text = 'Tres' or . = 'Tres')]"}[39m
[35m[HTTP][39m [37m<-- POST /wd/hub/session/01176b08-6496-4e32-bf14-c1059aa0f1d8/elements [39m[32m200[39m [90m88 ms - 12[39m
[35m[HTTP][39m [90m[39m
[35m[HTTP][39m [37m-->[39m [37mPOST[39m [37m/wd/hub/session/01176b08-6496-4e32-bf14-c1059aa0f1d8/elements[39m
[35m[HTTP][39m [90m{"using":"xpath","value":"//*[@class = 'android.widget.RadioButton' and (@text = 'Tres' or . = 'Tres')]"}[39m
[35m[HTTP][39m [37m<-- POST /wd/hub/session/01176b08-6496-4e32-bf14-c1059aa0f1d8/elements [39m[32m200[39m [90m91 ms - 12[39m
[35m[HTTP][39m [90m[39m
[35m[HTTP][39m [37m-->[39m [37mPOST[39m [37m/wd/hub/session/01176b08-6496-4e32-bf14-c1059aa0f1d8/elements[39m
[35m[HTTP][39m [90m{"using":"xpath","value":"//*[@class = 'android.widget.RadioButton' and (@text = 'Tres' or . = 'Tres')]"}[39m
[35m[HTTP][39m [37m<-- POST /wd/hub/session/01176b08-6496-4e32-bf14-c1059aa0f1d8/elements [39m[32m200[39m [90m109 ms - 12[39m
[35m[HTTP][39m [90m[39m
[35m[HTTP][39m [37m-->[39m [37mPOST[39m [37m/wd/hub/session/01176b08-6496-4e32-bf14-c1059aa0f1d8/elements[39m
[35m[HTTP][39m [90m{"using":"xpath","value":"//*[@class = 'android.widget.RadioButton' and (@text = 'Tres' or . = 'Tres')]"}[39m
[35m[HTTP][39m [37m<-- POST /wd/hub/session/01176b08-6496-4e32-bf14-c1059aa0f1d8/elements [39m[32m200[39m [90m603 ms - 12[39m
[35m[HTTP][39m [90m[39m
[35m[HTTP][39m [37m-->[39m [37mPOST[39m [37m/wd/hub/session/01176b08-6496-4e32-bf14-c1059aa0f1d8/elements[39m
[35m[HTTP][39m [90m{"using":"xpath","value":"//*[@class = 'android.widget.RadioButton' and (@text = 'Tres' or . = 'Tres')]"}[39m
[35m[HTTP][39m [37m<-- POST /wd/hub/session/01176b08-6496-4e32-bf14-c1059aa0f1d8/elements [39m[32m200[39m [90m85 ms - 12[39m
[35m[HTTP][39m [90m[39m
[35m[HTTP][39m [37m-->[39m [37mPOST[39m [37m/wd/hub/session/01176b08-6496-4e32-bf14-c1059aa0f1d8/elements[39m
[35m[HTTP][39m [90m{"using":"xpath","value":"//*[@class = 'android.widget.RadioButton' and (@text = 'Tres' or . = 'Tres')]"}[39m
[35m[HTTP][39m [37m<-- POST /wd/hub/session/01176b08-6496-4e32-bf14-c1059aa0f1d8/elements [39m[32m200[39m [90m100 ms - 12[39m
[35m[HTTP][39m [90m[39m
[35m[HTTP][39m [37m-->[39m [37mPOST[39m [37m/wd/hub/session/01176b08-6496-4e32-bf14-c1059aa0f1d8/elements[39m
[35m[HTTP][39m [90m{"using":"xpath","value":"//*[@class = 'android.widget.RadioButton' and (@text = 'Tres' or . = 'Tres')]"}[39m
[35m[HTTP][39m [37m<-- POST /wd/hub/session/01176b08-6496-4e32-bf14-c1059aa0f1d8/elements [39m[32m200[39m [90m82 ms - 12[39m
[35m[HTTP][39m [90m[39m
[35m[HTTP][39m [37m-->[39m [37mPOST[39m [37m/wd/hub/session/01176b08-6496-4e32-bf14-c1059aa0f1d8/elements[39m
[35m[HTTP][39m [90m{"using":"xpath","value":"//*[@class = 'android.widget.RadioButton' and (@text = 'Tres' or . = 'Tres')]"}[39m
[35m[HTTP][39m [37m<-- POST /wd/hub/session/01176b08-6496-4e32-bf14-c1059aa0f1d8/elements [39m[32m200[39m [90m74 ms - 12[39m
[35m[HTTP][39m [90m[39m
[35m[HTTP][39m [37m-->[39m [37mPOST[39m [37m/wd/hub/session/01176b08-6496-4e32-bf14-c1059aa0f1d8/elements[39m
[35m[HTTP][39m [90m{"using":"xpath","value":"//*[@class = 'android.widget.RadioButton' and (@text = 'Tres' or . = 'Tres')]"}[39m
[35m[HTTP][39m [37m<-- POST /wd/hub/session/01176b08-6496-4e32-bf14-c1059aa0f1d8/elements [39m[32m200[39m [90m82 ms - 12[39m
[35m[HTTP][39m [90m[39m
[35m[HTTP][39m [37m-->[39m [37mPOST[39m [37m/wd/hub/session/01176b08-6496-4e32-bf14-c1059aa0f1d8/elements[39m
[35m[HTTP][39m [90m{"using":"xpath","value":"//*[@class = 'android.widget.RadioButton' and (@text = 'Tres' or . = 'Tres')]"}[39m
[35m[HTTP][39m [37m<-- POST /wd/hub/session/01176b08-6496-4e32-bf14-c1059aa0f1d8/elements [39m[32m200[39m [90m86 ms - 12[39m
[35m[HTTP][39m [90m[39m
[35m[HTTP][39m [37m-->[39m [37mPOST[39m [37m/wd/hub/session/01176b08-6496-4e32-bf14-c1059aa0f1d8/elements[39m
[35m[HTTP][39m [90m{"using":"xpath","value":"//*[@class = 'android.widget.RadioButton' and (@text = 'Tres' or . = 'Tres')]"}[39m
[35m[HTTP][39m [37m<-- POST /wd/hub/session/01176b08-6496-4e32-bf14-c1059aa0f1d8/elements [39m[32m200[39m [90m81 ms - 12[39m
[35m[HTTP][39m [90m[39m
[35m[HTTP][39m [37m-->[39m [37mPOST[39m [37m/wd/hub/session/01176b08-6496-4e32-bf14-c1059aa0f1d8/timeouts[39m
[35m[HTTP][39m [90m{"implicit":30000}[39m
[35m[HTTP][39m [37m<-- POST /wd/hub/session/01176b08-6496-4e32-bf14-c1059aa0f1d8/timeouts [39m[32m200[39m [90m1 ms - 14[39m
[35m[HTTP][39m [90m[39m
[35m[HTTP][39m [37m-->[39m [37mPOST[39m [37m/wd/hub/session/01176b08-6496-4e32-bf14-c1059aa0f1d8/timeouts[39m
[35m[HTTP][39m [90m{"implicit":50}[39m
[35m[HTTP][39m [37m<-- POST /wd/hub/session/01176b08-6496-4e32-bf14-c1059aa0f1d8/timeouts [39m[32m200[39m [90m1 ms - 14[39m
[35m[HTTP][39m [90m[39m
[35m[HTTP][39m [37m-->[39m [37mGET[39m [37m/wd/hub/session/01176b08-6496-4e32-bf14-c1059aa0f1d8/window/rect[39m
[35m[HTTP][39m [90m{}[39m
[35m[HTTP][39m [37m<-- GET /wd/hub/session/01176b08-6496-4e32-bf14-c1059aa0f1d8/window/rect [39m[32m200[39m [90m16 ms - 49[39m
[35m[HTTP][39m [90m[39m
[35m[HTTP][39m [37m-->[39m [37mPOST[39m [37m/wd/hub/session/01176b08-6496-4e32-bf14-c1059aa0f1d8/elements[39m
[35m[HTTP][39m [90m{"using":"xpath","value":"//*[@class = 'android.widget.RadioButton' and (@text = 'No elegí esta pregunta' or . = 'No elegí esta pregunta')]"}[39m
[35m[HTTP][39m [37m<-- POST /wd/hub/session/01176b08-6496-4e32-bf14-c1059aa0f1d8/elements [39m[32m200[39m [90m90 ms - 139[39m
[35m[HTTP][39m [90m[39m
[35m[HTTP][39m [37m-->[39m [37mGET[39m [37m/wd/hub/session/01176b08-6496-4e32-bf14-c1059aa0f1d8/element/00000000-0000-023c-ffff-ffff0000007e/location[39m
[35m[HTTP][39m [90m{}[39m
[35m[W3C (01176b08)][39m Driver proxy active, passing request on via HTTP proxy
[35m[WD Proxy][39m Replacing sessionId 8745c6a9-53d5-4766-981c-6841c4bfc0cf with 01176b08-6496-4e32-bf14-c1059aa0f1d8
[35m[HTTP][39m [37m<-- GET /wd/hub/session/01176b08-6496-4e32-bf14-c1059aa0f1d8/element/00000000-0000-023c-ffff-ffff0000007e/location [39m[32m200[39m [90m28 ms - 77[39m
[35m[HTTP][39m [90m[39m
[35m[HTTP][39m [37m-->[39m [37mPOST[39m [37m/wd/hub/session/01176b08-6496-4e32-bf14-c1059aa0f1d8/timeouts[39m
[35m[HTTP][39m [90m{"implicit":30000}[39m
[35m[HTTP][39m [37m<-- POST /wd/hub/session/01176b08-6496-4e32-bf14-c1059aa0f1d8/timeouts [39m[32m200[39m [90m1 ms - 14[39m
[35m[HTTP][39m [90m[39m
[35m[HTTP][39m [37m-->[39m [37mPOST[39m [37m/wd/hub/session/01176b08-6496-4e32-bf14-c1059aa0f1d8/element/00000000-0000-023c-ffff-ffff0000007e/click[39m
[35m[HTTP][39m [90m{"id":"00000000-0000-023c-ffff-ffff0000007e"}[39m
[35m[HTTP][39m [37m<-- POST /wd/hub/session/01176b08-6496-4e32-bf14-c1059aa0f1d8/element/00000000-0000-023c-ffff-ffff0000007e/click [39m[32m200[39m [90m90 ms - 14[39m
[35m[HTTP][39m [90m[39m
[35m[HTTP][39m [37m-->[39m [37mPOST[39m [37m/wd/hub/session/01176b08-6496-4e32-bf14-c1059aa0f1d8/timeouts[39m
[35m[HTTP][39m [90m{"implicit":50}[39m
[35m[HTTP][39m [37m<-- POST /wd/hub/session/01176b08-6496-4e32-bf14-c1059aa0f1d8/timeouts [39m[32m200[39m [90m1 ms - 14[39m
[35m[HTTP][39m [90m[39m
[35m[HTTP][39m [37m-->[39m [37mGET[39m [37m/wd/hub/session/01176b08-6496-4e32-bf14-c1059aa0f1d8/window/rect[39m
[35m[HTTP][39m [90m{}[39m
[35m[HTTP][39m [37m<-- GET /wd/hub/session/01176b08-6496-4e32-bf14-c1059aa0f1d8/window/rect [39m[32m200[39m [90m16 ms - 49[39m
[35m[HTTP][39m [90m[39m
[35m[HTTP][39m [37m-->[39m [37mPOST[39m [37m/wd/hub/session/01176b08-6496-4e32-bf14-c1059aa0f1d8/elements[39m
[35m[HTTP][39m [90m{"using":"xpath","value":"//*[@class = 'android.widget.Button' and (@text = 'Siguiente' or . = 'Siguiente') and @resource-id = 'com.naposystems.napoleonchat:id/button_next_step']"}[39m
[35m[HTTP][39m [37m<-- POST /wd/hub/session/01176b08-6496-4e32-bf14-c1059aa0f1d8/elements [39m[32m200[39m [90m653 ms - 139[39m
[35m[HTTP][39m [90m[39m
[35m[HTTP][39m [37m-->[39m [37mGET[39m [37m/wd/hub/session/01176b08-6496-4e32-bf14-c1059aa0f1d8/element/00000000-0000-023c-ffff-ffff00000080/location[39m
[35m[HTTP][39m [90m{}[39m
[35m[W3C (01176b08)][39m Driver proxy active, passing request on via HTTP proxy
[35m[WD Proxy][39m Replacing sessionId 8745c6a9-53d5-4766-981c-6841c4bfc0cf with 01176b08-6496-4e32-bf14-c1059aa0f1d8
[35m[HTTP][39m [37m<-- GET /wd/hub/session/01176b08-6496-4e32-bf14-c1059aa0f1d8/element/00000000-0000-023c-ffff-ffff00000080/location [39m[32m200[39m [90m26 ms - 78[39m
[35m[HTTP][39m [90m[39m
[35m[HTTP][39m [37m-->[39m [37mPOST[39m [37m/wd/hub/session/01176b08-6496-4e32-bf14-c1059aa0f1d8/timeouts[39m
[35m[HTTP][39m [90m{"implicit":30000}[39m
[35m[HTTP][39m [37m<-- POST /wd/hub/session/01176b08-6496-4e32-bf14-c1059aa0f1d8/timeouts [39m[32m200[39m [90m1 ms - 14[39m
[35m[HTTP][39m [90m[39m
[35m[HTTP][39m [37m-->[39m [37mPOST[39m [37m/wd/hub/session/01176b08-6496-4e32-bf14-c1059aa0f1d8/timeouts[39m
[35m[HTTP][39m [90m{"implicit":50}[39m
[35m[HTTP][39m [37m<-- POST /wd/hub/session/01176b08-6496-4e32-bf14-c1059aa0f1d8/timeouts [39m[32m200[39m [90m1 ms - 14[39m
[35m[HTTP][39m [90m[39m
[35m[HTTP][39m [37m-->[39m [37mGET[39m [37m/wd/hub/session/01176b08-6496-4e32-bf14-c1059aa0f1d8/window/rect[39m
[35m[HTTP][39m [90m{}[39m
[35m[HTTP][39m [37m<-- GET /wd/hub/session/01176b08-6496-4e32-bf14-c1059aa0f1d8/window/rect [39m[32m200[39m [90m14 ms - 49[39m
[35m[HTTP][39m [90m[39m
[35m[HTTP][39m [37m-->[39m [37mPOST[39m [37m/wd/hub/session/01176b08-6496-4e32-bf14-c1059aa0f1d8/elements[39m
[35m[HTTP][39m [90m{"using":"xpath","value":"//*[@class = 'android.widget.Button' and (@text = 'Siguiente' or . = 'Siguiente') and @resource-id = 'com.naposystems.napoleonchat:id/button_next_step']"}[39m
[35m[HTTP][39m [37m<-- POST /wd/hub/session/01176b08-6496-4e32-bf14-c1059aa0f1d8/elements [39m[32m200[39m [90m84 ms - 139[39m
[35m[HTTP][39m [90m[39m
[35m[HTTP][39m [37m-->[39m [37mGET[39m [37m/wd/hub/session/01176b08-6496-4e32-bf14-c1059aa0f1d8/element/00000000-0000-023c-ffff-ffff00000080/location[39m
[35m[HTTP][39m [90m{}[39m
[35m[W3C (01176b08)][39m Driver proxy active, passing request on via HTTP proxy
[35m[WD Proxy][39m Replacing sessionId 8745c6a9-53d5-4766-981c-6841c4bfc0cf with 01176b08-6496-4e32-bf14-c1059aa0f1d8
[35m[HTTP][39m [37m<-- GET /wd/hub/session/01176b08-6496-4e32-bf14-c1059aa0f1d8/element/00000000-0000-023c-ffff-ffff00000080/location [39m[32m200[39m [90m26 ms - 78[39m
[35m[HTTP][39m [90m[39m
[35m[HTTP][39m [37m-->[39m [37mPOST[39m [37m/wd/hub/session/01176b08-6496-4e32-bf14-c1059aa0f1d8/timeouts[39m
[35m[HTTP][39m [90m{"implicit":30000}[39m
[35m[HTTP][39m [37m<-- POST /wd/hub/session/01176b08-6496-4e32-bf14-c1059aa0f1d8/timeouts [39m[32m200[39m [90m1 ms - 14[39m
[35m[HTTP][39m [90m[39m
[35m[HTTP][39m [37m-->[39m [37mPOST[39m [37m/wd/hub/session/01176b08-6496-4e32-bf14-c1059aa0f1d8/element/00000000-0000-023c-ffff-ffff00000080/click[39m
[35m[HTTP][39m [90m{"id":"00000000-0000-023c-ffff-ffff00000080"}[39m
[35m[HTTP][39m [37m<-- POST /wd/hub/session/01176b08-6496-4e32-bf14-c1059aa0f1d8/element/00000000-0000-023c-ffff-ffff00000080/click [39m[32m200[39m [90m781 ms - 14[39m
[35m[HTTP][39m [90m[39m
[35m[HTTP][39m [37m-->[39m [37mPOST[39m [37m/wd/hub/session/01176b08-6496-4e32-bf14-c1059aa0f1d8/timeouts[39m
[35m[HTTP][39m [90m{"implicit":50}[39m
[35m[HTTP][39m [37m<-- POST /wd/hub/session/01176b08-6496-4e32-bf14-c1059aa0f1d8/timeouts [39m[32m200[39m [90m1 ms - 14[39m
[35m[HTTP][39m [90m[39m
[35m[HTTP][39m [37m-->[39m [37mGET[39m [37m/wd/hub/session/01176b08-6496-4e32-bf14-c1059aa0f1d8/window/rect[39m
[35m[HTTP][39m [90m{}[39m
[35m[HTTP][39m [37m<-- GET /wd/hub/session/01176b08-6496-4e32-bf14-c1059aa0f1d8/window/rect [39m[32m200[39m [90m21 ms - 49[39m
[35m[HTTP][39m [90m[39m
[35m[HTTP][39m [37m-->[39m [37mPOST[39m [37m/wd/hub/session/01176b08-6496-4e32-bf14-c1059aa0f1d8/elements[39m
[35m[HTTP][39m [90m{"using":"xpath","value":"//*[@class = 'android.widget.RadioGroup' and @resource-id = 'com.naposystems.napoleonchat:id/radioGroup_options' and (@text = '' or . = '')]"}[39m
[35m[HTTP][39m [37m<-- POST /wd/hub/session/01176b08-6496-4e32-bf14-c1059aa0f1d8/elements [39m[32m200[39m [90m90 ms - 139[39m
[35m[HTTP][39m [90m[39m
[35m[HTTP][39m [37m-->[39m [37mGET[39m [37m/wd/hub/session/01176b08-6496-4e32-bf14-c1059aa0f1d8/element/00000000-0000-023c-ffff-ffff00000079/location[39m
[35m[HTTP][39m [90m{}[39m
[35m[W3C (01176b08)][39m Driver proxy active, passing request on via HTTP proxy
[35m[WD Proxy][39m Replacing sessionId 8745c6a9-53d5-4766-981c-6841c4bfc0cf with 01176b08-6496-4e32-bf14-c1059aa0f1d8
[35m[HTTP][39m [37m<-- GET /wd/hub/session/01176b08-6496-4e32-bf14-c1059aa0f1d8/element/00000000-0000-023c-ffff-ffff00000079/location [39m[32m200[39m [90m26 ms - 77[39m
[35m[HTTP][39m [90m[39m
[35m[HTTP][39m [37m-->[39m [37mPOST[39m [37m/wd/hub/session/01176b08-6496-4e32-bf14-c1059aa0f1d8/timeouts[39m
[35m[HTTP][39m [90m{"implicit":30000}[39m
[35m[HTTP][39m [37m<-- POST /wd/hub/session/01176b08-6496-4e32-bf14-c1059aa0f1d8/timeouts [39m[32m200[39m [90m1 ms - 14[39m
[35m[HTTP][39m [90m[39m
[35m[HTTP][39m [37m-->[39m [37mPOST[39m [37m/wd/hub/session/01176b08-6496-4e32-bf14-c1059aa0f1d8/timeouts[39m
[35m[HTTP][39m [90m{"implicit":50}[39m
[35m[HTTP][39m [37m<-- POST /wd/hub/session/01176b08-6496-4e32-bf14-c1059aa0f1d8/timeouts [39m[32m200[39m [90m1 ms - 14[39m
[35m[HTTP][39m [90m[39m
[35m[HTTP][39m [37m-->[39m [37mGET[39m [37m/wd/hub/session/01176b08-6496-4e32-bf14-c1059aa0f1d8/window/rect[39m
[35m[HTTP][39m [90m{}[39m
[35m[HTTP][39m [37m<-- GET /wd/hub/session/01176b08-6496-4e32-bf14-c1059aa0f1d8/window/rect [39m[32m200[39m [90m13 ms - 49[39m
[35m[HTTP][39m [90m[39m
[35m[HTTP][39m [37m-->[39m [37mPOST[39m [37m/wd/hub/session/01176b08-6496-4e32-bf14-c1059aa0f1d8/elements[39m
[35m[HTTP][39m [90m{"using":"xpath","value":"//*[@class = 'android.widget.RadioButton' and (@text = 'Uno' or . = 'Uno')]"}[39m
[35m[HTTP][39m [37m<-- POST /wd/hub/session/01176b08-6496-4e32-bf14-c1059aa0f1d8/elements [39m[32m200[39m [90m85 ms - 12[39m
[35m[HTTP][39m [90m[39m
[35m[HTTP][39m [37m-->[39m [37mPOST[39m [37m/wd/hub/session/01176b08-6496-4e32-bf14-c1059aa0f1d8/elements[39m
[35m[HTTP][39m [90m{"using":"xpath","value":"//*[@class = 'android.widget.RadioButton' and (@text = 'Uno' or . = 'Uno')]"}[39m
[35m[HTTP][39m [37m<-- POST /wd/hub/session/01176b08-6496-4e32-bf14-c1059aa0f1d8/elements [39m[32m200[39m [90m76 ms - 12[39m
[35m[HTTP][39m [90m[39m
[35m[HTTP][39m [37m-->[39m [37mPOST[39m [37m/wd/hub/session/01176b08-6496-4e32-bf14-c1059aa0f1d8/elements[39m
[35m[HTTP][39m [90m{"using":"xpath","value":"//*[@class = 'android.widget.RadioButton' and (@text = 'Uno' or . = 'Uno')]"}[39m
[35m[HTTP][39m [37m<-- POST /wd/hub/session/01176b08-6496-4e32-bf14-c1059aa0f1d8/elements [39m[32m200[39m [90m74 ms - 12[39m
[35m[HTTP][39m [90m[39m
[35m[HTTP][39m [37m-->[39m [37mPOST[39m [37m/wd/hub/session/01176b08-6496-4e32-bf14-c1059aa0f1d8/elements[39m
[35m[HTTP][39m [90m{"using":"xpath","value":"//*[@class = 'android.widget.RadioButton' and (@text = 'Uno' or . = 'Uno')]"}[39m
[35m[HTTP][39m [37m<-- POST /wd/hub/session/01176b08-6496-4e32-bf14-c1059aa0f1d8/elements [39m[32m200[39m [90m76 ms - 12[39m
[35m[HTTP][39m [90m[39m
[35m[HTTP][39m [37m-->[39m [37mPOST[39m [37m/wd/hub/session/01176b08-6496-4e32-bf14-c1059aa0f1d8/elements[39m
[35m[HTTP][39m [90m{"using":"xpath","value":"//*[@class = 'android.widget.RadioButton' and (@text = 'Uno' or . = 'Uno')]"}[39m
[35m[HTTP][39m [37m<-- POST /wd/hub/session/01176b08-6496-4e32-bf14-c1059aa0f1d8/elements [39m[32m200[39m [90m85 ms - 12[39m
[35m[HTTP][39m [90m[39m
[35m[HTTP][39m [37m-->[39m [37mPOST[39m [37m/wd/hub/session/01176b08-6496-4e32-bf14-c1059aa0f1d8/elements[39m
[35m[HTTP][39m [90m{"using":"xpath","value":"//*[@class = 'android.widget.RadioButton' and (@text = 'Uno' or . = 'Uno')]"}[39m
[35m[HTTP][39m [37m<-- POST /wd/hub/session/01176b08-6496-4e32-bf14-c1059aa0f1d8/elements [39m[32m200[39m [90m80 ms - 12[39m
[35m[HTTP][39m [90m[39m
[35m[HTTP][39m [37m-->[39m [37mPOST[39m [37m/wd/hub/session/01176b08-6496-4e32-bf14-c1059aa0f1d8/elements[39m
[35m[HTTP][39m [90m{"using":"xpath","value":"//*[@class = 'android.widget.RadioButton' and (@text = 'Uno' or . = 'Uno')]"}[39m
[35m[HTTP][39m [37m<-- POST /wd/hub/session/01176b08-6496-4e32-bf14-c1059aa0f1d8/elements [39m[32m200[39m [90m72 ms - 12[39m
[35m[HTTP][39m [90m[39m
[35m[HTTP][39m [37m-->[39m [37mPOST[39m [37m/wd/hub/session/01176b08-6496-4e32-bf14-c1059aa0f1d8/elements[39m
[35m[HTTP][39m [90m{"using":"xpath","value":"//*[@class = 'android.widget.RadioButton' and (@text = 'Uno' or . = 'Uno')]"}[39m
[35m[HTTP][39m [37m<-- POST /wd/hub/session/01176b08-6496-4e32-bf14-c1059aa0f1d8/elements [39m[32m200[39m [90m75 ms - 12[39m
[35m[HTTP][39m [90m[39m
[35m[HTTP][39m [37m-->[39m [37mPOST[39m [37m/wd/hub/session/01176b08-6496-4e32-bf14-c1059aa0f1d8/elements[39m
[35m[HTTP][39m [90m{"using":"xpath","value":"//*[@class = 'android.widget.RadioButton' and (@text = 'Uno' or . = 'Uno')]"}[39m
[35m[HTTP][39m [37m<-- POST /wd/hub/session/01176b08-6496-4e32-bf14-c1059aa0f1d8/elements [39m[32m200[39m [90m83 ms - 12[39m
[35m[HTTP][39m [90m[39m
[35m[HTTP][39m [37m-->[39m [37mPOST[39m [37m/wd/hub/session/01176b08-6496-4e32-bf14-c1059aa0f1d8/elements[39m
[35m[HTTP][39m [90m{"using":"xpath","value":"//*[@class = 'android.widget.RadioButton' and (@text = 'Uno' or . = 'Uno')]"}[39m
[35m[HTTP][39m [37m<-- POST /wd/hub/session/01176b08-6496-4e32-bf14-c1059aa0f1d8/elements [39m[32m200[39m [90m74 ms - 12[39m
[35m[HTTP][39m [90m[39m
[35m[HTTP][39m [37m-->[39m [37mPOST[39m [37m/wd/hub/session/01176b08-6496-4e32-bf14-c1059aa0f1d8/elements[39m
[35m[HTTP][39m [90m{"using":"xpath","value":"//*[@class = 'android.widget.RadioButton' and (@text = 'Uno' or . = 'Uno')]"}[39m
[35m[HTTP][39m [37m<-- POST /wd/hub/session/01176b08-6496-4e32-bf14-c1059aa0f1d8/elements [39m[32m200[39m [90m77 ms - 12[39m
[35m[HTTP][39m [90m[39m
[35m[HTTP][39m [37m-->[39m [37mPOST[39m [37m/wd/hub/session/01176b08-6496-4e32-bf14-c1059aa0f1d8/elements[39m
[35m[HTTP][39m [90m{"using":"xpath","value":"//*[@class = 'android.widget.RadioButton' and (@text = 'Uno' or . = 'Uno')]"}[39m
[35m[HTTP][39m [37m<-- POST /wd/hub/session/01176b08-6496-4e32-bf14-c1059aa0f1d8/elements [39m[32m200[39m [90m85 ms - 12[39m
[35m[HTTP][39m [90m[39m
[35m[HTTP][39m [37m-->[39m [37mPOST[39m [37m/wd/hub/session/01176b08-6496-4e32-bf14-c1059aa0f1d8/elements[39m
[35m[HTTP][39m [90m{"using":"xpath","value":"//*[@class = 'android.widget.RadioButton' and (@text = 'Uno' or . = 'Uno')]"}[39m
[35m[HTTP][39m [37m<-- POST /wd/hub/session/01176b08-6496-4e32-bf14-c1059aa0f1d8/elements [39m[32m200[39m [90m81 ms - 12[39m
[35m[HTTP][39m [90m[39m
[35m[HTTP][39m [37m-->[39m [37mPOST[39m [37m/wd/hub/session/01176b08-6496-4e32-bf14-c1059aa0f1d8/elements[39m
[35m[HTTP][39m [90m{"using":"xpath","value":"//*[@class = 'android.widget.RadioButton' and (@text = 'Uno' or . = 'Uno')]"}[39m
[35m[HTTP][39m [37m<-- POST /wd/hub/session/01176b08-6496-4e32-bf14-c1059aa0f1d8/elements [39m[32m200[39m [90m76 ms - 12[39m
[35m[HTTP][39m [90m[39m
[35m[HTTP][39m [37m-->[39m [37mPOST[39m [37m/wd/hub/session/01176b08-6496-4e32-bf14-c1059aa0f1d8/elements[39m
[35m[HTTP][39m [90m{"using":"xpath","value":"//*[@class = 'android.widget.RadioButton' and (@text = 'Uno' or . = 'Uno')]"}[39m
[35m[HTTP][39m [37m<-- POST /wd/hub/session/01176b08-6496-4e32-bf14-c1059aa0f1d8/elements [39m[32m200[39m [90m77 ms - 12[39m
[35m[HTTP][39m [90m[39m
[35m[HTTP][39m [37m-->[39m [37mPOST[39m [37m/wd/hub/session/01176b08-6496-4e32-bf14-c1059aa0f1d8/elements[39m
[35m[HTTP][39m [90m{"using":"xpath","value":"//*[@class = 'android.widget.RadioButton' and (@text = 'Uno' or . = 'Uno')]"}[39m
[35m[HTTP][39m [37m<-- POST /wd/hub/session/01176b08-6496-4e32-bf14-c1059aa0f1d8/elements [39m[32m200[39m [90m81 ms - 12[39m
[35m[HTTP][39m [90m[39m
[35m[HTTP][39m [37m-->[39m [37mPOST[39m [37m/wd/hub/session/01176b08-6496-4e32-bf14-c1059aa0f1d8/elements[39m
[35m[HTTP][39m [90m{"using":"xpath","value":"//*[@class = 'android.widget.RadioButton' and (@text = 'Uno' or . = 'Uno')]"}[39m
[35m[HTTP][39m [37m<-- POST /wd/hub/session/01176b08-6496-4e32-bf14-c1059aa0f1d8/elements [39m[32m200[39m [90m74 ms - 12[39m
[35m[HTTP][39m [90m[39m
[35m[HTTP][39m [37m-->[39m [37mPOST[39m [37m/wd/hub/session/01176b08-6496-4e32-bf14-c1059aa0f1d8/elements[39m
[35m[HTTP][39m [90m{"using":"xpath","value":"//*[@class = 'android.widget.RadioButton' and (@text = 'Uno' or . = 'Uno')]"}[39m
[35m[HTTP][39m [37m<-- POST /wd/hub/session/01176b08-6496-4e32-bf14-c1059aa0f1d8/elements [39m[32m200[39m [90m72 ms - 12[39m
[35m[HTTP][39m [90m[39m
[35m[HTTP][39m [37m-->[39m [37mPOST[39m [37m/wd/hub/session/01176b08-6496-4e32-bf14-c1059aa0f1d8/elements[39m
[35m[HTTP][39m [90m{"using":"xpath","value":"//*[@class = 'android.widget.RadioButton' and (@text = 'Uno' or . = 'Uno')]"}[39m
[35m[HTTP][39m [37m<-- POST /wd/hub/session/01176b08-6496-4e32-bf14-c1059aa0f1d8/elements [39m[32m200[39m [90m81 ms - 12[39m
[35m[HTTP][39m [90m[39m
[35m[HTTP][39m [37m-->[39m [37mPOST[39m [37m/wd/hub/session/01176b08-6496-4e32-bf14-c1059aa0f1d8/elements[39m
[35m[HTTP][39m [90m{"using":"xpath","value":"//*[@class = 'android.widget.RadioButton' and (@text = 'Uno' or . = 'Uno')]"}[39m
[35m[HTTP][39m [37m<-- POST /wd/hub/session/01176b08-6496-4e32-bf14-c1059aa0f1d8/elements [39m[32m200[39m [90m70 ms - 12[39m
[35m[HTTP][39m [90m[39m
[35m[HTTP][39m [37m-->[39m [37mPOST[39m [37m/wd/hub/session/01176b08-6496-4e32-bf14-c1059aa0f1d8/elements[39m
[35m[HTTP][39m [90m{"using":"xpath","value":"//*[@class = 'android.widget.RadioButton' and (@text = 'Uno' or . = 'Uno')]"}[39m
[35m[HTTP][39m [37m<-- POST /wd/hub/session/01176b08-6496-4e32-bf14-c1059aa0f1d8/elements [39m[32m200[39m [90m76 ms - 12[39m
[35m[HTTP][39m [90m[39m
[35m[HTTP][39m [37m-->[39m [37mPOST[39m [37m/wd/hub/session/01176b08-6496-4e32-bf14-c1059aa0f1d8/elements[39m
[35m[HTTP][39m [90m{"using":"xpath","value":"//*[@class = 'android.widget.RadioButton' and (@text = 'Uno' or . = 'Uno')]"}[39m
[35m[HTTP][39m [37m<-- POST /wd/hub/session/01176b08-6496-4e32-bf14-c1059aa0f1d8/elements [39m[32m200[39m [90m74 ms - 12[39m
[35m[HTTP][39m [90m[39m
[35m[HTTP][39m [37m-->[39m [37mPOST[39m [37m/wd/hub/session/01176b08-6496-4e32-bf14-c1059aa0f1d8/timeouts[39m
[35m[HTTP][39m [90m{"implicit":30000}[39m
[35m[HTTP][39m [37m<-- POST /wd/hub/session/01176b08-6496-4e32-bf14-c1059aa0f1d8/timeouts [39m[32m200[39m [90m2 ms - 14[39m
[35m[HTTP][39m [90m[39m
[35m[HTTP][39m [37m-->[39m [37mPOST[39m [37m/wd/hub/session/01176b08-6496-4e32-bf14-c1059aa0f1d8/timeouts[39m
[35m[HTTP][39m [90m{"implicit":50}[39m
[35m[HTTP][39m [37m<-- POST /wd/hub/session/01176b08-6496-4e32-bf14-c1059aa0f1d8/timeouts [39m[32m200[39m [90m1 ms - 14[39m
[35m[HTTP][39m [90m[39m
[35m[HTTP][39m [37m-->[39m [37mGET[39m [37m/wd/hub/session/01176b08-6496-4e32-bf14-c1059aa0f1d8/window/rect[39m
[35m[HTTP][39m [90m{}[39m
[35m[HTTP][39m [37m<-- GET /wd/hub/session/01176b08-6496-4e32-bf14-c1059aa0f1d8/window/rect [39m[32m200[39m [90m15 ms - 49[39m
[35m[HTTP][39m [90m[39m
[35m[HTTP][39m [37m-->[39m [37mPOST[39m [37m/wd/hub/session/01176b08-6496-4e32-bf14-c1059aa0f1d8/elements[39m
[35m[HTTP][39m [90m{"using":"xpath","value":"//*[@class = 'android.widget.RadioButton' and (@text = 'Dos' or . = 'Dos')]"}[39m
[35m[HTTP][39m [37m<-- POST /wd/hub/session/01176b08-6496-4e32-bf14-c1059aa0f1d8/elements [39m[32m200[39m [90m72 ms - 139[39m
[35m[HTTP][39m [90m[39m
[35m[HTTP][39m [37m-->[39m [37mGET[39m [37m/wd/hub/session/01176b08-6496-4e32-bf14-c1059aa0f1d8/element/00000000-0000-023c-ffff-ffff00000089/location[39m
[35m[HTTP][39m [90m{}[39m
[35m[W3C (01176b08)][39m Driver proxy active, passing request on via HTTP proxy
[35m[WD Proxy][39m Replacing sessionId 8745c6a9-53d5-4766-981c-6841c4bfc0cf with 01176b08-6496-4e32-bf14-c1059aa0f1d8
[35m[HTTP][39m [37m<-- GET /wd/hub/session/01176b08-6496-4e32-bf14-c1059aa0f1d8/element/00000000-0000-023c-ffff-ffff00000089/location [39m[32m200[39m [90m865 ms - 77[39m
[35m[HTTP][39m [90m[39m
[35m[HTTP][39m [37m-->[39m [37mPOST[39m [37m/wd/hub/session/01176b08-6496-4e32-bf14-c1059aa0f1d8/timeouts[39m
[35m[HTTP][39m [90m{"implicit":30000}[39m
[35m[HTTP][39m [37m<-- POST /wd/hub/session/01176b08-6496-4e32-bf14-c1059aa0f1d8/timeouts [39m[32m200[39m [90m1 ms - 14[39m
[35m[HTTP][39m [90m[39m
[35m[HTTP][39m [37m-->[39m [37mPOST[39m [37m/wd/hub/session/01176b08-6496-4e32-bf14-c1059aa0f1d8/timeouts[39m
[35m[HTTP][39m [90m{"implicit":50}[39m
[35m[HTTP][39m [37m<-- POST /wd/hub/session/01176b08-6496-4e32-bf14-c1059aa0f1d8/timeouts [39m[32m200[39m [90m1 ms - 14[39m
[35m[HTTP][39m [90m[39m
[35m[HTTP][39m [37m-->[39m [37mGET[39m [37m/wd/hub/session/01176b08-6496-4e32-bf14-c1059aa0f1d8/window/rect[39m
[35m[HTTP][39m [90m{}[39m
[35m[HTTP][39m [37m<-- GET /wd/hub/session/01176b08-6496-4e32-bf14-c1059aa0f1d8/window/rect [39m[32m200[39m [90m17 ms - 49[39m
[35m[HTTP][39m [90m[39m
[35m[HTTP][39m [37m-->[39m [37mPOST[39m [37m/wd/hub/session/01176b08-6496-4e32-bf14-c1059aa0f1d8/elements[39m
[35m[HTTP][39m [90m{"using":"xpath","value":"//*[@class = 'android.widget.RadioButton' and (@text = 'Dos' or . = 'Dos')]"}[39m
[35m[HTTP][39m [37m<-- POST /wd/hub/session/01176b08-6496-4e32-bf14-c1059aa0f1d8/elements [39m[32m200[39m [90m86 ms - 139[39m
[35m[HTTP][39m [90m[39m
[35m[HTTP][39m [37m-->[39m [37mGET[39m [37m/wd/hub/session/01176b08-6496-4e32-bf14-c1059aa0f1d8/element/00000000-0000-023c-ffff-ffff00000089/location[39m
[35m[HTTP][39m [90m{}[39m
[35m[W3C (01176b08)][39m Driver proxy active, passing request on via HTTP proxy
[35m[WD Proxy][39m Replacing sessionId 8745c6a9-53d5-4766-981c-6841c4bfc0cf with 01176b08-6496-4e32-bf14-c1059aa0f1d8
[35m[HTTP][39m [37m<-- GET /wd/hub/session/01176b08-6496-4e32-bf14-c1059aa0f1d8/element/00000000-0000-023c-ffff-ffff00000089/location [39m[32m200[39m [90m26 ms - 77[39m
[35m[HTTP][39m [90m[39m
[35m[HTTP][39m [37m-->[39m [37mPOST[39m [37m/wd/hub/session/01176b08-6496-4e32-bf14-c1059aa0f1d8/timeouts[39m
[35m[HTTP][39m [90m{"implicit":30000}[39m
[35m[HTTP][39m [37m<-- POST /wd/hub/session/01176b08-6496-4e32-bf14-c1059aa0f1d8/timeouts [39m[32m200[39m [90m1 ms - 14[39m
[35m[HTTP][39m [90m[39m
[35m[HTTP][39m [37m-->[39m [37mPOST[39m [37m/wd/hub/session/01176b08-6496-4e32-bf14-c1059aa0f1d8/element/00000000-0000-023c-ffff-ffff00000089/click[39m
[35m[HTTP][39m [90m{"id":"00000000-0000-023c-ffff-ffff00000089"}[39m
[35m[HTTP][39m [37m<-- POST /wd/hub/session/01176b08-6496-4e32-bf14-c1059aa0f1d8/element/00000000-0000-023c-ffff-ffff00000089/click [39m[32m200[39m [90m81 ms - 14[39m
[35m[HTTP][39m [90m[39m
[35m[HTTP][39m [37m-->[39m [37mPOST[39m [37m/wd/hub/session/01176b08-6496-4e32-bf14-c1059aa0f1d8/timeouts[39m
[35m[HTTP][39m [90m{"implicit":50}[39m
[35m[HTTP][39m [37m<-- POST /wd/hub/session/01176b08-6496-4e32-bf14-c1059aa0f1d8/timeouts [39m[32m200[39m [90m5 ms - 14[39m
[35m[HTTP][39m [90m[39m
[35m[HTTP][39m [37m-->[39m [37mGET[39m [37m/wd/hub/session/01176b08-6496-4e32-bf14-c1059aa0f1d8/window/rect[39m
[35m[HTTP][39m [90m{}[39m
[35m[HTTP][39m [37m<-- GET /wd/hub/session/01176b08-6496-4e32-bf14-c1059aa0f1d8/window/rect [39m[32m200[39m [90m14 ms - 49[39m
[35m[HTTP][39m [90m[39m
[35m[HTTP][39m [37m-->[39m [37mPOST[39m [37m/wd/hub/session/01176b08-6496-4e32-bf14-c1059aa0f1d8/elements[39m
[35m[HTTP][39m [90m{"using":"xpath","value":"//*[@class = 'android.widget.Button' and (@text = 'Siguiente' or . = 'Siguiente') and @resource-id = 'com.naposystems.napoleonchat:id/button_next_step']"}[39m
[35m[HTTP][39m [37m<-- POST /wd/hub/session/01176b08-6496-4e32-bf14-c1059aa0f1d8/elements [39m[32m200[39m [90m638 ms - 139[39m
[35m[HTTP][39m [90m[39m
[35m[HTTP][39m [37m-->[39m [37mGET[39m [37m/wd/hub/session/01176b08-6496-4e32-bf14-c1059aa0f1d8/element/00000000-0000-023c-ffff-ffff00000080/location[39m
[35m[HTTP][39m [90m{}[39m
[35m[W3C (01176b08)][39m Driver proxy active, passing request on via HTTP proxy
[35m[WD Proxy][39m Replacing sessionId 8745c6a9-53d5-4766-981c-6841c4bfc0cf with 01176b08-6496-4e32-bf14-c1059aa0f1d8
[35m[HTTP][39m [37m<-- GET /wd/hub/session/01176b08-6496-4e32-bf14-c1059aa0f1d8/element/00000000-0000-023c-ffff-ffff00000080/location [39m[32m200[39m [90m22 ms - 78[39m
[35m[HTTP][39m [90m[39m
[35m[HTTP][39m [37m-->[39m [37mPOST[39m [37m/wd/hub/session/01176b08-6496-4e32-bf14-c1059aa0f1d8/timeouts[39m
[35m[HTTP][39m [90m{"implicit":30000}[39m
[35m[HTTP][39m [37m<-- POST /wd/hub/session/01176b08-6496-4e32-bf14-c1059aa0f1d8/timeouts [39m[32m200[39m [90m1 ms - 14[39m
[35m[HTTP][39m [90m[39m
[35m[HTTP][39m [37m-->[39m [37mPOST[39m [37m/wd/hub/session/01176b08-6496-4e32-bf14-c1059aa0f1d8/timeouts[39m
[35m[HTTP][39m [90m{"implicit":50}[39m
[35m[HTTP][39m [37m<-- POST /wd/hub/session/01176b08-6496-4e32-bf14-c1059aa0f1d8/timeouts [39m[32m200[39m [90m1 ms - 14[39m
[35m[HTTP][39m [90m[39m
[35m[HTTP][39m [37m-->[39m [37mGET[39m [37m/wd/hub/session/01176b08-6496-4e32-bf14-c1059aa0f1d8/window/rect[39m
[35m[HTTP][39m [90m{}[39m
[35m[HTTP][39m [37m<-- GET /wd/hub/session/01176b08-6496-4e32-bf14-c1059aa0f1d8/window/rect [39m[32m200[39m [90m13 ms - 49[39m
[35m[HTTP][39m [90m[39m
[35m[HTTP][39m [37m-->[39m [37mPOST[39m [37m/wd/hub/session/01176b08-6496-4e32-bf14-c1059aa0f1d8/elements[39m
[35m[HTTP][39m [90m{"using":"xpath","value":"//*[@class = 'android.widget.Button' and (@text = 'Siguiente' or . = 'Siguiente') and @resource-id = 'com.naposystems.napoleonchat:id/button_next_step']"}[39m
[35m[HTTP][39m [37m<-- POST /wd/hub/session/01176b08-6496-4e32-bf14-c1059aa0f1d8/elements [39m[32m200[39m [90m90 ms - 139[39m
[35m[HTTP][39m [90m[39m
[35m[HTTP][39m [37m-->[39m [37mGET[39m [37m/wd/hub/session/01176b08-6496-4e32-bf14-c1059aa0f1d8/element/00000000-0000-023c-ffff-ffff00000080/location[39m
[35m[HTTP][39m [90m{}[39m
[35m[W3C (01176b08)][39m Driver proxy active, passing request on via HTTP proxy
[35m[WD Proxy][39m Replacing sessionId 8745c6a9-53d5-4766-981c-6841c4bfc0cf with 01176b08-6496-4e32-bf14-c1059aa0f1d8
[35m[HTTP][39m [37m<-- GET /wd/hub/session/01176b08-6496-4e32-bf14-c1059aa0f1d8/element/00000000-0000-023c-ffff-ffff00000080/location [39m[32m200[39m [90m26 ms - 78[39m
[35m[HTTP][39m [90m[39m
[35m[HTTP][39m [37m-->[39m [37mPOST[39m [37m/wd/hub/session/01176b08-6496-4e32-bf14-c1059aa0f1d8/timeouts[39m
[35m[HTTP][39m [90m{"implicit":30000}[39m
[35m[HTTP][39m [37m<-- POST /wd/hub/session/01176b08-6496-4e32-bf14-c1059aa0f1d8/timeouts [39m[32m200[39m [90m1 ms - 14[39m
[35m[HTTP][39m [90m[39m
[35m[HTTP][39m [37m-->[39m [37mPOST[39m [37m/wd/hub/session/01176b08-6496-4e32-bf14-c1059aa0f1d8/element/00000000-0000-023c-ffff-ffff00000080/click[39m
[35m[HTTP][39m [90m{"id":"00000000-0000-023c-ffff-ffff00000080"}[39m
[35m[HTTP][39m [37m<-- POST /wd/hub/session/01176b08-6496-4e32-bf14-c1059aa0f1d8/element/00000000-0000-023c-ffff-ffff00000080/click [39m[32m200[39m [90m74 ms - 14[39m
[35m[HTTP][39m [90m[39m
[35m[HTTP][39m [37m-->[39m [37mPOST[39m [37m/wd/hub/session/01176b08-6496-4e32-bf14-c1059aa0f1d8/timeouts[39m
[35m[HTTP][39m [90m{"implicit":50}[39m
[35m[HTTP][39m [37m<-- POST /wd/hub/session/01176b08-6496-4e32-bf14-c1059aa0f1d8/timeouts [39m[32m200[39m [90m1 ms - 14[39m
[35m[HTTP][39m [90m[39m
[35m[HTTP][39m [37m-->[39m [37mGET[39m [37m/wd/hub/session/01176b08-6496-4e32-bf14-c1059aa0f1d8/window/rect[39m
[35m[HTTP][39m [90m{}[39m
[35m[HTTP][39m [37m<-- GET /wd/hub/session/01176b08-6496-4e32-bf14-c1059aa0f1d8/window/rect [39m[32m200[39m [90m15 ms - 49[39m
[35m[HTTP][39m [90m[39m
[35m[HTTP][39m [37m-->[39m [37mPOST[39m [37m/wd/hub/session/01176b08-6496-4e32-bf14-c1059aa0f1d8/elements[39m
[35m[HTTP][39m [90m{"using":"xpath","value":"//*[@class = 'android.widget.RadioGroup' and @resource-id = 'com.naposystems.napoleonchat:id/radioGroup_options' and (@text = '' or . = '')]"}[39m
[35m[HTTP][39m [37m<-- POST /wd/hub/session/01176b08-6496-4e32-bf14-c1059aa0f1d8/elements [39m[32m200[39m [90m524 ms - 139[39m
[35m[HTTP][39m [90m[39m
[35m[HTTP][39m [37m-->[39m [37mGET[39m [37m/wd/hub/session/01176b08-6496-4e32-bf14-c1059aa0f1d8/element/00000000-0000-023c-ffff-ffff00000079/location[39m
[35m[HTTP][39m [90m{}[39m
[35m[W3C (01176b08)][39m Driver proxy active, passing request on via HTTP proxy
[35m[WD Proxy][39m Replacing sessionId 8745c6a9-53d5-4766-981c-6841c4bfc0cf with 01176b08-6496-4e32-bf14-c1059aa0f1d8
[35m[HTTP][39m [37m<-- GET /wd/hub/session/01176b08-6496-4e32-bf14-c1059aa0f1d8/element/00000000-0000-023c-ffff-ffff00000079/location [39m[32m200[39m [90m27 ms - 77[39m
[35m[HTTP][39m [90m[39m
[35m[HTTP][39m [37m-->[39m [37mPOST[39m [37m/wd/hub/session/01176b08-6496-4e32-bf14-c1059aa0f1d8/timeouts[39m
[35m[HTTP][39m [90m{"implicit":30000}[39m
[35m[HTTP][39m [37m<-- POST /wd/hub/session/01176b08-6496-4e32-bf14-c1059aa0f1d8/timeouts [39m[32m200[39m [90m2 ms - 14[39m
[35m[HTTP][39m [90m[39m
[35m[HTTP][39m [37m-->[39m [37mPOST[39m [37m/wd/hub/session/01176b08-6496-4e32-bf14-c1059aa0f1d8/timeouts[39m
[35m[HTTP][39m [90m{"implicit":50}[39m
[35m[HTTP][39m [37m<-- POST /wd/hub/session/01176b08-6496-4e32-bf14-c1059aa0f1d8/timeouts [39m[32m200[39m [90m1 ms - 14[39m
[35m[HTTP][39m [90m[39m
[35m[HTTP][39m [37m-->[39m [37mGET[39m [37m/wd/hub/session/01176b08-6496-4e32-bf14-c1059aa0f1d8/window/rect[39m
[35m[HTTP][39m [90m{}[39m
[35m[HTTP][39m [37m<-- GET /wd/hub/session/01176b08-6496-4e32-bf14-c1059aa0f1d8/window/rect [39m[32m200[39m [90m14 ms - 49[39m
[35m[HTTP][39m [90m[39m
[35m[HTTP][39m [37m-->[39m [37mPOST[39m [37m/wd/hub/session/01176b08-6496-4e32-bf14-c1059aa0f1d8/elements[39m
[35m[HTTP][39m [90m{"using":"xpath","value":"//*[@class = 'android.widget.RadioButton' and (@text = 'Uno' or . = 'Uno')]"}[39m
[35m[HTTP][39m [37m<-- POST /wd/hub/session/01176b08-6496-4e32-bf14-c1059aa0f1d8/elements [39m[32m200[39m [90m72 ms - 12[39m
[35m[HTTP][39m [90m[39m
[35m[HTTP][39m [37m-->[39m [37mPOST[39m [37m/wd/hub/session/01176b08-6496-4e32-bf14-c1059aa0f1d8/elements[39m
[35m[HTTP][39m [90m{"using":"xpath","value":"//*[@class = 'android.widget.RadioButton' and (@text = 'Uno' or . = 'Uno')]"}[39m
[35m[HTTP][39m [37m<-- POST /wd/hub/session/01176b08-6496-4e32-bf14-c1059aa0f1d8/elements [39m[32m200[39m [90m80 ms - 12[39m
[35m[HTTP][39m [90m[39m
[35m[HTTP][39m [37m-->[39m [37mPOST[39m [37m/wd/hub/session/01176b08-6496-4e32-bf14-c1059aa0f1d8/elements[39m
[35m[HTTP][39m [90m{"using":"xpath","value":"//*[@class = 'android.widget.RadioButton' and (@text = 'Uno' or . = 'Uno')]"}[39m
[35m[HTTP][39m [37m<-- POST /wd/hub/session/01176b08-6496-4e32-bf14-c1059aa0f1d8/elements [39m[32m200[39m [90m66 ms - 12[39m
[35m[HTTP][39m [90m[39m
[35m[HTTP][39m [37m-->[39m [37mPOST[39m [37m/wd/hub/session/01176b08-6496-4e32-bf14-c1059aa0f1d8/elements[39m
[35m[HTTP][39m [90m{"using":"xpath","value":"//*[@class = 'android.widget.RadioButton' and (@text = 'Uno' or . = 'Uno')]"}[39m
[35m[HTTP][39m [37m<-- POST /wd/hub/session/01176b08-6496-4e32-bf14-c1059aa0f1d8/elements [39m[32m200[39m [90m71 ms - 12[39m
[35m[HTTP][39m [90m[39m
[35m[HTTP][39m [37m-->[39m [37mPOST[39m [37m/wd/hub/session/01176b08-6496-4e32-bf14-c1059aa0f1d8/elements[39m
[35m[HTTP][39m [90m{"using":"xpath","value":"//*[@class = 'android.widget.RadioButton' and (@text = 'Uno' or . = 'Uno')]"}[39m
[35m[HTTP][39m [37m<-- POST /wd/hub/session/01176b08-6496-4e32-bf14-c1059aa0f1d8/elements [39m[32m200[39m [90m67 ms - 12[39m
[35m[HTTP][39m [90m[39m
[35m[HTTP][39m [37m-->[39m [37mPOST[39m [37m/wd/hub/session/01176b08-6496-4e32-bf14-c1059aa0f1d8/elements[39m
[35m[HTTP][39m [90m{"using":"xpath","value":"//*[@class = 'android.widget.RadioButton' and (@text = 'Uno' or . = 'Uno')]"}[39m
[35m[HTTP][39m [37m<-- POST /wd/hub/session/01176b08-6496-4e32-bf14-c1059aa0f1d8/elements [39m[32m200[39m [90m70 ms - 12[39m
[35m[HTTP][39m [90m[39m
[35m[HTTP][39m [37m-->[39m [37mPOST[39m [37m/wd/hub/session/01176b08-6496-4e32-bf14-c1059aa0f1d8/elements[39m
[35m[HTTP][39m [90m{"using":"xpath","value":"//*[@class = 'android.widget.RadioButton' and (@text = 'Uno' or . = 'Uno')]"}[39m
[35m[HTTP][39m [37m<-- POST /wd/hub/session/01176b08-6496-4e32-bf14-c1059aa0f1d8/elements [39m[32m200[39m [90m67 ms - 12[39m
[35m[HTTP][39m [90m[39m
[35m[BaseDriver][39m Shutting down because we waited 1800 seconds for a command
[35m[Appium][39m Closing session, cause was 'New Command Timeout of 1800 seconds expired. Try customizing the timeout using the 'newCommandTimeout' desired capability'
[35m[Appium][39m Removing session '01176b08-6496-4e32-bf14-c1059aa0f1d8' from our master session list
[35m[UiAutomator2][39m Did not get confirmation UiAutomator2 deleteSession worked; Error was: UnknownError: An unknown server-side error occurred while processing the command. Original error: 'DELETE /' cannot be proxied to UiAutomator2 server because the instrumentation process is not running (probably crashed). Check the server log and/or the logcat output for more details
[35m[ADB][39m com.naposystems.napoleonchat was successfully uninstalled
[35m[UiAutomator2][39m Restoring hidden api policy to the device default configuration
