[35m[Appium][39m Welcome to Appium v1.22.3
[35m[Appium][39m Non-default server args:
[35m[Appium][39m   port: 62056
[35m[Appium][39m   loglevel: info
[35m[Appium][39m   tmpDir: C:\Users\Testing\AppData\Local\Temp\\Katalon\Appium\Temp1684442061787
[35m[Appium][39m   chromedriverPort: 62057
[35m[Appium][39m Deprecated server args:
[35m[Appium][39m   [31m--chromedriver-port[39m => --default-capabilities
[35m[Appium][39m Default capabilities, which will be added to each request unless overridden by desired capabilities:
[35m[Appium][39m   chromedriverPort: 62057
[35m[Appium][39m Appium REST http interface listener started on 0.0.0.0:62056
[35m[HTTP][39m [37m-->[39m [37mGET[39m [37m/wd/hub/status[39m
[35m[HTTP][39m [90m{}[39m
[35m[HTTP][39m [37m<-- GET /wd/hub/status [39m[32m200[39m [90m10 ms - 68[39m
[35m[HTTP][39m [90m[39m
[35m[HTTP][39m [37m-->[39m [37mPOST[39m [37m/wd/hub/session[39m
[35m[HTTP][39m [90m{"desiredCapabilities":{"app":"C:\\Users\\Testing\\Desktop\\katalon\\Version nueva\\app-debug (2).apk","noReset":false,"deviceName":"samsung SM-A107M (Android 11)","fullReset":true,"platform":"ANDROID","newCommandTimeout":1800,"platformVersion":"11","automationName":"uiautomator2","autoGrantPermissions":true,"platformName":"Android","udid":"R9WN40KBXDJ","systemPort":62055},"capabilities":{"firstMatch":[{"appium:app":"C:\\Users\\Testing\\Desktop\\katalon\\Version nueva\\app-debug (2).apk","appium:autoGrantPermissions":true,"appium:automationName":"uiautomator2","appium:deviceName":"samsung SM-A107M (Android 11)","appium:fullReset":true,"appium:newCommandTimeout":1800,"appium:noReset":false,"platform":"ANDROID","platformName":"android","appium:platformVersion":"11","appium:systemPort":62055,"appium:udid":"R9WN40KBXDJ"}]}}[39m
[35m[BaseDriver][39m The following capabilities are not standard capabilities and should have an extension prefix:
[35m[BaseDriver][39m   platform
[35m[BaseDriver][39m   chromedriverPort
[35m[Appium][39m Appium v1.22.3 creating new AndroidUiautomator2Driver (v1.70.1) session
[35m[BaseDriver][39m The following capabilities were provided, but are not recognized by Appium:
[35m[BaseDriver][39m   platform
[35m[BaseDriver][39m Session created with session id: 19674b25-588c-49f3-9500-955099a255af
[35m[BaseDriver][39m Using local app 'C:\Users\Testing\Desktop\katalon\Version nueva\app-debug (2).apk'
[35m[ADB][39m Found 1 'build-tools' folders under 'C:\Users\Testing\.katalon\tools\android_sdk' (newest first):
[35m[ADB][39m     C:/Users/Testing/.katalon/tools/android_sdk/build-tools/29.0.3
[35m[ADB][39m Using 'adb.exe' from 'C:\Users\Testing\.katalon\tools\android_sdk\platform-tools\adb.exe'
[35m[AndroidDriver][39m Retrieving device list
[35m[AndroidDriver][39m Using device: R9WN40KBXDJ
[35m[ADB][39m Using 'adb.exe' from 'C:\Users\Testing\.katalon\tools\android_sdk\platform-tools\adb.exe'
[35m[ADB][39m Getting device platform version
[35m[UiAutomator2][39m Relaxing hidden api policy
[35m[ADB][39m Package name: 'com.naposystems.napoleonchat'
[35m[ADB][39m Main activity name: 'com.naposystems.napoleonchat.ui.mainActivity.MainActivity'
[35m[ADB][39m Using 'apksigner.jar' from 'C:\Users\Testing\.katalon\tools\android_sdk\build-tools\29.0.3\lib\apksigner.jar'
[35m[ADB][39m 'C:\Users\Testing\AppData\Roaming\npm\node_modules\appium\node_modules\appium-uiautomator2-server\apks\appium-uiautomator2-server-v4.27.0.apk' is signed with the default certificate
[35m[ADB][39m 'C:\Users\Testing\AppData\Roaming\npm\node_modules\appium\node_modules\appium-uiautomator2-server\apks\appium-uiautomator2-server-debug-androidTest.apk' is signed with the default certificate
[35m[UiAutomator2][39m Server packages are not going to be (re)installed
[35m[ADB][39m Adding packages ["io.appium.settings","io.appium.uiautomator2.server","io.appium.uiautomator2.server.test"] to Doze whitelist
[35m[ADB][39m 'C:\Users\Testing\Desktop\katalon\Version nueva\app-debug (2).apk' is signed with a non-default certificate
[35m[ADB][39m com.naposystems.napoleonchat was successfully uninstalled
[35m[ADB][39m The application at 'C:\Users\Testing\Desktop\katalon\Version nueva\app-debug (2).apk' will not be cached, because the device under test has confirmed the support of streamed installs
[35m[ADB][39m The installation of 'app-debug (2).apk' took 10094ms
[35m[UiAutomator2][39m Starting UIAutomator2 server 4.27.0
[35m[UiAutomator2][39m Using UIAutomator2 server from 'C:\Users\Testing\AppData\Roaming\npm\node_modules\appium\node_modules\appium-uiautomator2-server\apks\appium-uiautomator2-server-v4.27.0.apk' and test from 'C:\Users\Testing\AppData\Roaming\npm\node_modules\appium\node_modules\appium-uiautomator2-server\apks\appium-uiautomator2-server-debug-androidTest.apk'
[35m[UiAutomator2][39m Waiting up to 30000ms for UiAutomator2 to be online...
[35m[WD Proxy][39m socket hang up
[35m[WD Proxy][39m socket hang up
[35m[WD Proxy][39m socket hang up
[35m[WD Proxy][39m socket hang up
[35m[WD Proxy][39m socket hang up
[35m[WD Proxy][39m socket hang up
[35m[WD Proxy][39m socket hang up
[35m[WD Proxy][39m Determined the downstream protocol as 'W3C'
[35m[AndroidDriver][39m Screen already unlocked, doing nothing
[35m[UiAutomator2][39m Starting 'com.naposystems.napoleonchat/com.naposystems.napoleonchat.ui.mainActivity.MainActivity and waiting for 'com.naposystems.napoleonchat/com.naposystems.napoleonchat.ui.mainActivity.MainActivity'
[35m[Appium][39m New AndroidUiautomator2Driver session created successfully, session 19674b25-588c-49f3-9500-955099a255af added to master session list
[35m[HTTP][39m [37m<-- POST /wd/hub/session [39m[32m200[39m [90m35775 ms - 1301[39m
[35m[HTTP][39m [90m[39m
[35m[HTTP][39m [37m-->[39m [37mGET[39m [37m/wd/hub/session/19674b25-588c-49f3-9500-955099a255af[39m
[35m[HTTP][39m [90m{}[39m
[35m[HTTP][39m [37m<-- GET /wd/hub/session/19674b25-588c-49f3-9500-955099a255af [39m[32m200[39m [90m33 ms - 1255[39m
[35m[HTTP][39m [90m[39m
[35m[HTTP][39m [37m-->[39m [37mGET[39m [37m/wd/hub/session/19674b25-588c-49f3-9500-955099a255af[39m
[35m[HTTP][39m [90m{}[39m
[35m[HTTP][39m [37m<-- GET /wd/hub/session/19674b25-588c-49f3-9500-955099a255af [39m[32m200[39m [90m22 ms - 1255[39m
[35m[HTTP][39m [90m[39m
[35m[HTTP][39m [37m-->[39m [37mGET[39m [37m/wd/hub/status[39m
[35m[HTTP][39m [90m{}[39m
[35m[HTTP][39m [37m<-- GET /wd/hub/status [39m[32m200[39m [90m1 ms - 68[39m
[35m[HTTP][39m [90m[39m
[35m[HTTP][39m [37m-->[39m [37mPOST[39m [37m/wd/hub/session/19674b25-588c-49f3-9500-955099a255af/timeouts[39m
[35m[HTTP][39m [90m{"implicit":30000}[39m
[35m[HTTP][39m [37m<-- POST /wd/hub/session/19674b25-588c-49f3-9500-955099a255af/timeouts [39m[32m200[39m [90m2 ms - 14[39m
[35m[HTTP][39m [90m[39m
[35m[HTTP][39m [37m-->[39m [37mGET[39m [37m/wd/hub/session/19674b25-588c-49f3-9500-955099a255af/screenshot[39m
[35m[HTTP][39m [90m{}[39m
[35m[HTTP][39m [37m<-- GET /wd/hub/session/19674b25-588c-49f3-9500-955099a255af/screenshot [39m[32m200[39m [90m1001 ms - 106418[39m
[35m[HTTP][39m [90m[39m
[35m[HTTP][39m [37m-->[39m [37mGET[39m [37m/wd/hub/session/19674b25-588c-49f3-9500-955099a255af/window/rect[39m
[35m[HTTP][39m [90m{}[39m
[35m[HTTP][39m [37m<-- GET /wd/hub/session/19674b25-588c-49f3-9500-955099a255af/window/rect [39m[32m200[39m [90m25 ms - 49[39m
[35m[HTTP][39m [90m[39m
[35m[HTTP][39m [37m-->[39m [37mGET[39m [37m/wd/hub/session/19674b25-588c-49f3-9500-955099a255af/appium/device/system_bars[39m
[35m[HTTP][39m [90m{}[39m
[35m[HTTP][39m [37m<-- GET /wd/hub/session/19674b25-588c-49f3-9500-955099a255af/appium/device/system_bars [39m[32m200[39m [90m97 ms - 145[39m
[35m[HTTP][39m [90m[39m
[35m[HTTP][39m [37m-->[39m [37mGET[39m [37m/wd/hub/session/19674b25-588c-49f3-9500-955099a255af/context[39m
[35m[HTTP][39m [90m{}[39m
[35m[HTTP][39m [37m<-- GET /wd/hub/session/19674b25-588c-49f3-9500-955099a255af/context [39m[32m200[39m [90m2 ms - 22[39m
[35m[HTTP][39m [90m[39m
[35m[HTTP][39m [37m-->[39m [37mGET[39m [37m/wd/hub/session/19674b25-588c-49f3-9500-955099a255af/contexts[39m
[35m[HTTP][39m [90m{}[39m
[35m[HTTP][39m [37m<-- GET /wd/hub/session/19674b25-588c-49f3-9500-955099a255af/contexts [39m[32m200[39m [90m227 ms - 70[39m
[35m[HTTP][39m [90m[39m
[35m[HTTP][39m [37m-->[39m [37mPOST[39m [37m/wd/hub/session/19674b25-588c-49f3-9500-955099a255af/context[39m
[35m[HTTP][39m [90m{"name":"NATIVE_APP"}[39m
[35m[HTTP][39m [37m<-- POST /wd/hub/session/19674b25-588c-49f3-9500-955099a255af/context [39m[32m200[39m [90m2 ms - 14[39m
[35m[HTTP][39m [90m[39m
[35m[HTTP][39m [37m-->[39m [37mPOST[39m [37m/wd/hub/session/19674b25-588c-49f3-9500-955099a255af/appium/device/press_keycode[39m
[35m[HTTP][39m [90m{"keycode":4}[39m
[35m[HTTP][39m [37m<-- POST /wd/hub/session/19674b25-588c-49f3-9500-955099a255af/appium/device/press_keycode [39m[32m200[39m [90m119 ms - 14[39m
[35m[HTTP][39m [90m[39m
[35m[HTTP][39m [37m-->[39m [37mPOST[39m [37m/wd/hub/session/19674b25-588c-49f3-9500-955099a255af/context[39m
[35m[HTTP][39m [90m{"name":"NATIVE_APP"}[39m
[35m[HTTP][39m [37m<-- POST /wd/hub/session/19674b25-588c-49f3-9500-955099a255af/context [39m[32m200[39m [90m1 ms - 14[39m
[35m[HTTP][39m [90m[39m
[35m[HTTP][39m [37m-->[39m [37mGET[39m [37m/wd/hub/session/19674b25-588c-49f3-9500-955099a255af/context[39m
[35m[HTTP][39m [90m{}[39m
[35m[HTTP][39m [37m<-- GET /wd/hub/session/19674b25-588c-49f3-9500-955099a255af/context [39m[32m200[39m [90m1 ms - 22[39m
[35m[HTTP][39m [90m[39m
[35m[HTTP][39m [37m-->[39m [37mGET[39m [37m/wd/hub/session/19674b25-588c-49f3-9500-955099a255af/contexts[39m
[35m[HTTP][39m [90m{}[39m
[35m[HTTP][39m [37m<-- GET /wd/hub/session/19674b25-588c-49f3-9500-955099a255af/contexts [39m[32m200[39m [90m182 ms - 70[39m
[35m[HTTP][39m [90m[39m
[35m[HTTP][39m [37m-->[39m [37mPOST[39m [37m/wd/hub/session/19674b25-588c-49f3-9500-955099a255af/context[39m
[35m[HTTP][39m [90m{"name":"NATIVE_APP"}[39m
[35m[HTTP][39m [37m<-- POST /wd/hub/session/19674b25-588c-49f3-9500-955099a255af/context [39m[32m200[39m [90m1 ms - 14[39m
[35m[HTTP][39m [90m[39m
[35m[HTTP][39m [37m-->[39m [37mPOST[39m [37m/wd/hub/session/19674b25-588c-49f3-9500-955099a255af/network_connection[39m
[35m[HTTP][39m [90m{"name":"network_connection","parameters":{"type":0}}[39m
[35m[AndroidDriver][39m Setting network connection
[35m[AndroidDriver][39m Getting network connection
[35m[AndroidDriver][39m Not changing airplane mode, since it is already disabled
[35m[AndroidDriver][39m Not changing data connection/Wi-Fi states, since they are already set to expected values
[35m[HTTP][39m [37m<-- POST /wd/hub/session/19674b25-588c-49f3-9500-955099a255af/network_connection [39m[32m200[39m [90m583 ms - 11[39m
[35m[HTTP][39m [90m[39m
[35m[HTTP][39m [37m-->[39m [37mPOST[39m [37m/wd/hub/session/19674b25-588c-49f3-9500-955099a255af/context[39m
[35m[HTTP][39m [90m{"name":"NATIVE_APP"}[39m
[35m[HTTP][39m [37m<-- POST /wd/hub/session/19674b25-588c-49f3-9500-955099a255af/context [39m[32m200[39m [90m2 ms - 14[39m
[35m[HTTP][39m [90m[39m
[35m[HTTP][39m [37m-->[39m [37mGET[39m [37m/wd/hub/status[39m
[35m[HTTP][39m [90m{}[39m
[35m[HTTP][39m [37m<-- GET /wd/hub/status [39m[32m200[39m [90m1 ms - 68[39m
[35m[HTTP][39m [90m[39m
[35m[HTTP][39m [37m-->[39m [37mPOST[39m [37m/wd/hub/session[39m
[35m[HTTP][39m [90m{"desiredCapabilities":{"app":"C:\\Users\\Testing\\Desktop\\katalon\\Version nueva\\app-debug (2).apk","noReset":false,"deviceName":"samsung SM-A107M (Android 11)","fullReset":true,"platform":"ANDROID","newCommandTimeout":1800,"platformVersion":"11","automationName":"uiautomator2","autoGrantPermissions":true,"platformName":"Android","udid":"R9WN40KBXDJ","systemPort":62297},"capabilities":{"firstMatch":[{"appium:app":"C:\\Users\\Testing\\Desktop\\katalon\\Version nueva\\app-debug (2).apk","appium:autoGrantPermissions":true,"appium:automationName":"uiautomator2","appium:deviceName":"samsung SM-A107M (Android 11)","appium:fullReset":true,"appium:newCommandTimeout":1800,"appium:noReset":false,"platform":"ANDROID","platformName":"android","appium:platformVersion":"11","appium:systemPort":62297,"appium:udid":"R9WN40KBXDJ"}]}}[39m
[35m[BaseDriver][39m The following capabilities are not standard capabilities and should have an extension prefix:
[35m[BaseDriver][39m   platform
[35m[BaseDriver][39m   chromedriverPort
[35m[Appium][39m Appium v1.22.3 creating new AndroidUiautomator2Driver (v1.70.1) session
[35m[BaseDriver][39m The following capabilities were provided, but are not recognized by Appium:
[35m[BaseDriver][39m   platform
[35m[BaseDriver][39m Session created with session id: 610c12a4-040b-4406-a8dc-aaed5a680163
[35m[BaseDriver][39m Using local app 'C:\Users\Testing\Desktop\katalon\Version nueva\app-debug (2).apk'
[35m[ADB][39m Using 'adb.exe' from 'C:\Users\Testing\.katalon\tools\android_sdk\platform-tools\adb.exe'
[35m[AndroidDriver][39m Retrieving device list
[35m[AndroidDriver][39m Using device: R9WN40KBXDJ
[35m[ADB][39m Using 'adb.exe' from 'C:\Users\Testing\.katalon\tools\android_sdk\platform-tools\adb.exe'
[35m[ADB][39m Getting device platform version
[35m[UiAutomator2][39m Relaxing hidden api policy
[35m[ADB][39m Package name: 'com.naposystems.napoleonchat'
[35m[ADB][39m Main activity name: 'com.naposystems.napoleonchat.ui.mainActivity.MainActivity'
[35m[UiAutomator2][39m Server packages are not going to be (re)installed
[35m[ADB][39m Adding packages ["io.appium.settings","io.appium.uiautomator2.server","io.appium.uiautomator2.server.test"] to Doze whitelist
[35m[ADB][39m com.naposystems.napoleonchat was successfully uninstalled
[35m[ADB][39m The application at 'C:\Users\Testing\Desktop\katalon\Version nueva\app-debug (2).apk' will not be cached, because the device under test has confirmed the support of streamed installs
[35m[ADB][39m The installation of 'app-debug (2).apk' took 9781ms
[35m[UiAutomator2][39m Starting UIAutomator2 server 4.27.0
[35m[UiAutomator2][39m Using UIAutomator2 server from 'C:\Users\Testing\AppData\Roaming\npm\node_modules\appium\node_modules\appium-uiautomator2-server\apks\appium-uiautomator2-server-v4.27.0.apk' and test from 'C:\Users\Testing\AppData\Roaming\npm\node_modules\appium\node_modules\appium-uiautomator2-server\apks\appium-uiautomator2-server-debug-androidTest.apk'
[35m[UiAutomator2][39m Waiting up to 30000ms for UiAutomator2 to be online...
[35m[WD Proxy][39m socket hang up
[35m[WD Proxy][39m socket hang up
[35m[WD Proxy][39m socket hang up
[35m[WD Proxy][39m socket hang up
[35m[WD Proxy][39m socket hang up
[35m[WD Proxy][39m socket hang up
[35m[WD Proxy][39m Determined the downstream protocol as 'W3C'
[35m[AndroidDriver][39m Screen already unlocked, doing nothing
[35m[UiAutomator2][39m Starting 'com.naposystems.napoleonchat/com.naposystems.napoleonchat.ui.mainActivity.MainActivity and waiting for 'com.naposystems.napoleonchat/com.naposystems.napoleonchat.ui.mainActivity.MainActivity'
[35m[Appium][39m New AndroidUiautomator2Driver session created successfully, session 610c12a4-040b-4406-a8dc-aaed5a680163 added to master session list
[35m[HTTP][39m [37m<-- POST /wd/hub/session [39m[32m200[39m [90m43623 ms - 1301[39m
[35m[HTTP][39m [90m[39m
[35m[HTTP][39m [37m-->[39m [37mGET[39m [37m/wd/hub/session/610c12a4-040b-4406-a8dc-aaed5a680163[39m
[35m[HTTP][39m [90m{}[39m
[35m[HTTP][39m [37m<-- GET /wd/hub/session/610c12a4-040b-4406-a8dc-aaed5a680163 [39m[32m200[39m [90m38 ms - 1255[39m
[35m[HTTP][39m [90m[39m
[35m[HTTP][39m [37m-->[39m [37mGET[39m [37m/wd/hub/session/610c12a4-040b-4406-a8dc-aaed5a680163[39m
[35m[HTTP][39m [90m{}[39m
[35m[HTTP][39m [37m<-- GET /wd/hub/session/610c12a4-040b-4406-a8dc-aaed5a680163 [39m[32m200[39m [90m21 ms - 1255[39m
[35m[HTTP][39m [90m[39m
[35m[HTTP][39m [37m-->[39m [37mGET[39m [37m/wd/hub/status[39m
[35m[HTTP][39m [90m{}[39m
[35m[HTTP][39m [37m<-- GET /wd/hub/status [39m[32m200[39m [90m1 ms - 68[39m
[35m[HTTP][39m [90m[39m
[35m[HTTP][39m [37m-->[39m [37mPOST[39m [37m/wd/hub/session/610c12a4-040b-4406-a8dc-aaed5a680163/timeouts[39m
[35m[HTTP][39m [90m{"implicit":30000}[39m
[35m[HTTP][39m [37m<-- POST /wd/hub/session/610c12a4-040b-4406-a8dc-aaed5a680163/timeouts [39m[32m200[39m [90m1 ms - 14[39m
[35m[HTTP][39m [90m[39m
[35m[HTTP][39m [37m-->[39m [37mGET[39m [37m/wd/hub/session/610c12a4-040b-4406-a8dc-aaed5a680163/screenshot[39m
[35m[HTTP][39m [90m{}[39m
[35m[HTTP][39m [37m<-- GET /wd/hub/session/610c12a4-040b-4406-a8dc-aaed5a680163/screenshot [39m[32m200[39m [90m1180 ms - 106400[39m
[35m[HTTP][39m [90m[39m
[35m[HTTP][39m [37m-->[39m [37mGET[39m [37m/wd/hub/session/610c12a4-040b-4406-a8dc-aaed5a680163/window/rect[39m
[35m[HTTP][39m [90m{}[39m
[35m[HTTP][39m [37m<-- GET /wd/hub/session/610c12a4-040b-4406-a8dc-aaed5a680163/window/rect [39m[32m200[39m [90m19 ms - 49[39m
[35m[HTTP][39m [90m[39m
[35m[HTTP][39m [37m-->[39m [37mGET[39m [37m/wd/hub/session/610c12a4-040b-4406-a8dc-aaed5a680163/appium/device/system_bars[39m
[35m[HTTP][39m [90m{}[39m
[35m[HTTP][39m [37m<-- GET /wd/hub/session/610c12a4-040b-4406-a8dc-aaed5a680163/appium/device/system_bars [39m[32m200[39m [90m95 ms - 145[39m
[35m[HTTP][39m [90m[39m
[35m[HTTP][39m [37m-->[39m [37mPOST[39m [37m/wd/hub/session/610c12a4-040b-4406-a8dc-aaed5a680163/timeouts[39m
[35m[HTTP][39m [90m{"implicit":50}[39m
[35m[HTTP][39m [37m<-- POST /wd/hub/session/610c12a4-040b-4406-a8dc-aaed5a680163/timeouts [39m[32m200[39m [90m1 ms - 14[39m
[35m[HTTP][39m [90m[39m
[35m[HTTP][39m [37m-->[39m [37mGET[39m [37m/wd/hub/session/610c12a4-040b-4406-a8dc-aaed5a680163/window/rect[39m
[35m[HTTP][39m [90m{}[39m
[35m[HTTP][39m [37m<-- GET /wd/hub/session/610c12a4-040b-4406-a8dc-aaed5a680163/window/rect [39m[32m200[39m [90m16 ms - 49[39m
[35m[HTTP][39m [90m[39m
[35m[HTTP][39m [37m-->[39m [37mPOST[39m [37m/wd/hub/session/610c12a4-040b-4406-a8dc-aaed5a680163/elements[39m
[35m[HTTP][39m [90m{"using":"xpath","value":"//*[@class = 'android.widget.FrameLayout' and @resource-id = 'com.naposystems.napoleonchat:id/action_bar_root' and (@text = '' or . = '')]"}[39m
[35m[HTTP][39m [37m<-- POST /wd/hub/session/610c12a4-040b-4406-a8dc-aaed5a680163/elements [39m[32m200[39m [90m969 ms - 139[39m
[35m[HTTP][39m [90m[39m
[35m[HTTP][39m [37m-->[39m [37mGET[39m [37m/wd/hub/session/610c12a4-040b-4406-a8dc-aaed5a680163/element/00000000-0000-04c1-ffff-ffff00000003/location[39m
[35m[HTTP][39m [90m{}[39m
[35m[W3C (610c12a4)][39m Driver proxy active, passing request on via HTTP proxy
[35m[WD Proxy][39m Replacing sessionId 5313f77d-92f4-4a39-a8ed-00a302cceb8e with 610c12a4-040b-4406-a8dc-aaed5a680163
[35m[HTTP][39m [37m<-- GET /wd/hub/session/610c12a4-040b-4406-a8dc-aaed5a680163/element/00000000-0000-04c1-ffff-ffff00000003/location [39m[32m200[39m [90m32 ms - 75[39m
[35m[HTTP][39m [90m[39m
[35m[HTTP][39m [37m-->[39m [37mPOST[39m [37m/wd/hub/session/610c12a4-040b-4406-a8dc-aaed5a680163/timeouts[39m
[35m[HTTP][39m [90m{"implicit":30000}[39m
[35m[HTTP][39m [37m<-- POST /wd/hub/session/610c12a4-040b-4406-a8dc-aaed5a680163/timeouts [39m[32m200[39m [90m1 ms - 14[39m
[35m[HTTP][39m [90m[39m
[35m[HTTP][39m [37m-->[39m [37mGET[39m [37m/wd/hub/session/610c12a4-040b-4406-a8dc-aaed5a680163/element/00000000-0000-04c1-ffff-ffff00000003/text[39m
[35m[HTTP][39m [90m{}[39m
[35m[W3C (610c12a4)][39m Driver proxy active, passing request on via HTTP proxy
[35m[WD Proxy][39m Replacing sessionId 5313f77d-92f4-4a39-a8ed-00a302cceb8e with 610c12a4-040b-4406-a8dc-aaed5a680163
[35m[HTTP][39m [37m<-- GET /wd/hub/session/610c12a4-040b-4406-a8dc-aaed5a680163/element/00000000-0000-04c1-ffff-ffff00000003/text [39m[32m200[39m [90m27 ms - 63[39m
[35m[HTTP][39m [90m[39m
[35m[HTTP][39m [37m-->[39m [37mPOST[39m [37m/wd/hub/session/610c12a4-040b-4406-a8dc-aaed5a680163/timeouts[39m
[35m[HTTP][39m [90m{"implicit":50}[39m
[35m[HTTP][39m [37m<-- POST /wd/hub/session/610c12a4-040b-4406-a8dc-aaed5a680163/timeouts [39m[32m200[39m [90m1 ms - 14[39m
[35m[HTTP][39m [90m[39m
[35m[HTTP][39m [37m-->[39m [37mGET[39m [37m/wd/hub/session/610c12a4-040b-4406-a8dc-aaed5a680163/window/rect[39m
[35m[HTTP][39m [90m{}[39m
[35m[HTTP][39m [37m<-- GET /wd/hub/session/610c12a4-040b-4406-a8dc-aaed5a680163/window/rect [39m[32m200[39m [90m15 ms - 49[39m
[35m[HTTP][39m [90m[39m
[35m[HTTP][39m [37m-->[39m [37mPOST[39m [37m/wd/hub/session/610c12a4-040b-4406-a8dc-aaed5a680163/elements[39m
[35m[HTTP][39m [90m{"using":"xpath","value":"//*[@class = 'android.widget.TextView' and (@text = 'Omitir' or . = 'Omitir') and @resource-id = 'com.naposystems.napoleonchat:id/textViewSkip']"}[39m
[35m[HTTP][39m [37m<-- POST /wd/hub/session/610c12a4-040b-4406-a8dc-aaed5a680163/elements [39m[32m200[39m [90m237 ms - 139[39m
[35m[HTTP][39m [90m[39m
[35m[HTTP][39m [37m-->[39m [37mGET[39m [37m/wd/hub/session/610c12a4-040b-4406-a8dc-aaed5a680163/element/00000000-0000-04c1-ffff-ffff00000033/location[39m
[35m[HTTP][39m [90m{}[39m
[35m[W3C (610c12a4)][39m Driver proxy active, passing request on via HTTP proxy
[35m[WD Proxy][39m Replacing sessionId 5313f77d-92f4-4a39-a8ed-00a302cceb8e with 610c12a4-040b-4406-a8dc-aaed5a680163
[35m[HTTP][39m [37m<-- GET /wd/hub/session/610c12a4-040b-4406-a8dc-aaed5a680163/element/00000000-0000-04c1-ffff-ffff00000033/location [39m[32m200[39m [90m32 ms - 77[39m
[35m[HTTP][39m [90m[39m
[35m[HTTP][39m [37m-->[39m [37mPOST[39m [37m/wd/hub/session/610c12a4-040b-4406-a8dc-aaed5a680163/timeouts[39m
[35m[HTTP][39m [90m{"implicit":30000}[39m
[35m[HTTP][39m [37m<-- POST /wd/hub/session/610c12a4-040b-4406-a8dc-aaed5a680163/timeouts [39m[32m200[39m [90m2 ms - 14[39m
[35m[HTTP][39m [90m[39m
[35m[HTTP][39m [37m-->[39m [37mPOST[39m [37m/wd/hub/session/610c12a4-040b-4406-a8dc-aaed5a680163/element/00000000-0000-04c1-ffff-ffff00000033/click[39m
[35m[HTTP][39m [90m{"id":"00000000-0000-04c1-ffff-ffff00000033"}[39m
[35m[HTTP][39m [37m<-- POST /wd/hub/session/610c12a4-040b-4406-a8dc-aaed5a680163/element/00000000-0000-04c1-ffff-ffff00000033/click [39m[32m200[39m [90m96 ms - 14[39m
[35m[HTTP][39m [90m[39m
[35m[HTTP][39m [37m-->[39m [37mGET[39m [37m/wd/hub/session/610c12a4-040b-4406-a8dc-aaed5a680163/context[39m
[35m[HTTP][39m [90m{}[39m
[35m[HTTP][39m [37m<-- GET /wd/hub/session/610c12a4-040b-4406-a8dc-aaed5a680163/context [39m[32m200[39m [90m1 ms - 22[39m
[35m[HTTP][39m [90m[39m
[35m[HTTP][39m [37m-->[39m [37mGET[39m [37m/wd/hub/session/610c12a4-040b-4406-a8dc-aaed5a680163/contexts[39m
[35m[HTTP][39m [90m{}[39m
[35m[HTTP][39m [37m<-- GET /wd/hub/session/610c12a4-040b-4406-a8dc-aaed5a680163/contexts [39m[32m200[39m [90m280 ms - 70[39m
[35m[HTTP][39m [90m[39m
[35m[HTTP][39m [37m-->[39m [37mPOST[39m [37m/wd/hub/session/610c12a4-040b-4406-a8dc-aaed5a680163/context[39m
[35m[HTTP][39m [90m{"name":"NATIVE_APP"}[39m
[35m[HTTP][39m [37m<-- POST /wd/hub/session/610c12a4-040b-4406-a8dc-aaed5a680163/context [39m[32m200[39m [90m1 ms - 14[39m
[35m[HTTP][39m [90m[39m
[35m[HTTP][39m [37m-->[39m [37mPOST[39m [37m/wd/hub/session/610c12a4-040b-4406-a8dc-aaed5a680163/appium/device/press_keycode[39m
[35m[HTTP][39m [90m{"keycode":4}[39m
[35m[HTTP][39m [37m<-- POST /wd/hub/session/610c12a4-040b-4406-a8dc-aaed5a680163/appium/device/press_keycode [39m[32m200[39m [90m846 ms - 14[39m
[35m[HTTP][39m [90m[39m
[35m[HTTP][39m [37m-->[39m [37mPOST[39m [37m/wd/hub/session/610c12a4-040b-4406-a8dc-aaed5a680163/context[39m
[35m[HTTP][39m [90m{"name":"NATIVE_APP"}[39m
[35m[HTTP][39m [37m<-- POST /wd/hub/session/610c12a4-040b-4406-a8dc-aaed5a680163/context [39m[32m200[39m [90m2 ms - 14[39m
[35m[HTTP][39m [90m[39m
[35m[HTTP][39m [37m-->[39m [37mGET[39m [37m/wd/hub/session/610c12a4-040b-4406-a8dc-aaed5a680163/context[39m
[35m[HTTP][39m [90m{}[39m
[35m[HTTP][39m [37m<-- GET /wd/hub/session/610c12a4-040b-4406-a8dc-aaed5a680163/context [39m[32m200[39m [90m1 ms - 22[39m
[35m[HTTP][39m [90m[39m
[35m[HTTP][39m [37m-->[39m [37mGET[39m [37m/wd/hub/session/610c12a4-040b-4406-a8dc-aaed5a680163/contexts[39m
[35m[HTTP][39m [90m{}[39m
[35m[HTTP][39m [37m<-- GET /wd/hub/session/610c12a4-040b-4406-a8dc-aaed5a680163/contexts [39m[32m200[39m [90m130 ms - 70[39m
[35m[HTTP][39m [90m[39m
[35m[HTTP][39m [37m-->[39m [37mPOST[39m [37m/wd/hub/session/610c12a4-040b-4406-a8dc-aaed5a680163/context[39m
[35m[HTTP][39m [90m{"name":"NATIVE_APP"}[39m
[35m[HTTP][39m [37m<-- POST /wd/hub/session/610c12a4-040b-4406-a8dc-aaed5a680163/context [39m[32m200[39m [90m1 ms - 14[39m
[35m[HTTP][39m [90m[39m
[35m[HTTP][39m [37m-->[39m [37mPOST[39m [37m/wd/hub/session/610c12a4-040b-4406-a8dc-aaed5a680163/network_connection[39m
[35m[HTTP][39m [90m{"name":"network_connection","parameters":{"type":2}}[39m
[35m[AndroidDriver][39m Setting network connection
[35m[AndroidDriver][39m Getting network connection
[35m[AndroidDriver][39m Not changing airplane mode, since it is already disabled
[35m[AndroidDriver][39m Not changing data connection state, since it is already disabled
[35m[AndroidDriver][39m Getting network connection
[35m[HTTP][39m [37m<-- POST /wd/hub/session/610c12a4-040b-4406-a8dc-aaed5a680163/network_connection [39m[32m200[39m [90m646 ms - 11[39m
[35m[HTTP][39m [90m[39m
[35m[HTTP][39m [37m-->[39m [37mPOST[39m [37m/wd/hub/session/610c12a4-040b-4406-a8dc-aaed5a680163/context[39m
[35m[HTTP][39m [90m{"name":"NATIVE_APP"}[39m
[35m[HTTP][39m [37m<-- POST /wd/hub/session/610c12a4-040b-4406-a8dc-aaed5a680163/context [39m[32m200[39m [90m1 ms - 14[39m
[35m[HTTP][39m [90m[39m
[35m[HTTP][39m [37m-->[39m [37mPOST[39m [37m/wd/hub/session/610c12a4-040b-4406-a8dc-aaed5a680163/timeouts[39m
[35m[HTTP][39m [90m{"implicit":50}[39m
[35m[HTTP][39m [37m<-- POST /wd/hub/session/610c12a4-040b-4406-a8dc-aaed5a680163/timeouts [39m[32m200[39m [90m1 ms - 14[39m
[35m[HTTP][39m [90m[39m
[35m[HTTP][39m [37m-->[39m [37mGET[39m [37m/wd/hub/session/610c12a4-040b-4406-a8dc-aaed5a680163/window/rect[39m
[35m[HTTP][39m [90m{}[39m
[35m[HTTP][39m [37m<-- GET /wd/hub/session/610c12a4-040b-4406-a8dc-aaed5a680163/window/rect [39m[32m200[39m [90m17 ms - 49[39m
[35m[HTTP][39m [90m[39m
[35m[HTTP][39m [37m-->[39m [37mPOST[39m [37m/wd/hub/session/610c12a4-040b-4406-a8dc-aaed5a680163/elements[39m
[35m[HTTP][39m [90m{"using":"xpath","value":"//*[@class = 'android.widget.TextView' and (@text = 'Siguiente' or . = 'Siguiente') and @resource-id = 'com.naposystems.napoleonchat:id/textViewNextSlide']"}[39m
[35m[HTTP][39m [37m<-- POST /wd/hub/session/610c12a4-040b-4406-a8dc-aaed5a680163/elements [39m[32m200[39m [90m282 ms - 139[39m
[35m[HTTP][39m [90m[39m
[35m[HTTP][39m [37m-->[39m [37mGET[39m [37m/wd/hub/session/610c12a4-040b-4406-a8dc-aaed5a680163/element/00000000-0000-04c1-ffff-ffff0000004e/location[39m
[35m[HTTP][39m [90m{}[39m
[35m[W3C (610c12a4)][39m Driver proxy active, passing request on via HTTP proxy
[35m[WD Proxy][39m Replacing sessionId 5313f77d-92f4-4a39-a8ed-00a302cceb8e with 610c12a4-040b-4406-a8dc-aaed5a680163
[35m[HTTP][39m [37m<-- GET /wd/hub/session/610c12a4-040b-4406-a8dc-aaed5a680163/element/00000000-0000-04c1-ffff-ffff0000004e/location [39m[32m200[39m [90m27 ms - 79[39m
[35m[HTTP][39m [90m[39m
[35m[HTTP][39m [37m-->[39m [37mPOST[39m [37m/wd/hub/session/610c12a4-040b-4406-a8dc-aaed5a680163/timeouts[39m
[35m[HTTP][39m [90m{"implicit":30000}[39m
[35m[HTTP][39m [37m<-- POST /wd/hub/session/610c12a4-040b-4406-a8dc-aaed5a680163/timeouts [39m[32m200[39m [90m1 ms - 14[39m
[35m[HTTP][39m [90m[39m
[35m[HTTP][39m [37m-->[39m [37mPOST[39m [37m/wd/hub/session/610c12a4-040b-4406-a8dc-aaed5a680163/element/00000000-0000-04c1-ffff-ffff0000004e/click[39m
[35m[HTTP][39m [90m{"id":"00000000-0000-04c1-ffff-ffff0000004e"}[39m
[35m[HTTP][39m [37m<-- POST /wd/hub/session/610c12a4-040b-4406-a8dc-aaed5a680163/element/00000000-0000-04c1-ffff-ffff0000004e/click [39m[32m200[39m [90m73 ms - 14[39m
[35m[HTTP][39m [90m[39m
[35m[HTTP][39m [37m-->[39m [37mPOST[39m [37m/wd/hub/session/610c12a4-040b-4406-a8dc-aaed5a680163/timeouts[39m
[35m[HTTP][39m [90m{"implicit":50}[39m
[35m[HTTP][39m [37m<-- POST /wd/hub/session/610c12a4-040b-4406-a8dc-aaed5a680163/timeouts [39m[32m200[39m [90m1 ms - 14[39m
[35m[HTTP][39m [90m[39m
[35m[HTTP][39m [37m-->[39m [37mGET[39m [37m/wd/hub/session/610c12a4-040b-4406-a8dc-aaed5a680163/window/rect[39m
[35m[HTTP][39m [90m{}[39m
[35m[HTTP][39m [37m<-- GET /wd/hub/session/610c12a4-040b-4406-a8dc-aaed5a680163/window/rect [39m[32m200[39m [90m27 ms - 49[39m
[35m[HTTP][39m [90m[39m
[35m[HTTP][39m [37m-->[39m [37mPOST[39m [37m/wd/hub/session/610c12a4-040b-4406-a8dc-aaed5a680163/elements[39m
[35m[HTTP][39m [90m{"using":"xpath","value":"//hierarchy/android.widget.FrameLayout[1]"}[39m
[35m[HTTP][39m [37m<-- POST /wd/hub/session/610c12a4-040b-4406-a8dc-aaed5a680163/elements [39m[32m200[39m [90m719 ms - 139[39m
[35m[HTTP][39m [90m[39m
[35m[HTTP][39m [37m-->[39m [37mGET[39m [37m/wd/hub/session/610c12a4-040b-4406-a8dc-aaed5a680163/element/00000000-0000-04c1-ffff-ffff7ffffffe/location[39m
[35m[HTTP][39m [90m{}[39m
[35m[W3C (610c12a4)][39m Driver proxy active, passing request on via HTTP proxy
[35m[WD Proxy][39m Replacing sessionId 5313f77d-92f4-4a39-a8ed-00a302cceb8e with 610c12a4-040b-4406-a8dc-aaed5a680163
[35m[HTTP][39m [37m<-- GET /wd/hub/session/610c12a4-040b-4406-a8dc-aaed5a680163/element/00000000-0000-04c1-ffff-ffff7ffffffe/location [39m[32m200[39m [90m30 ms - 74[39m
[35m[HTTP][39m [90m[39m
[35m[HTTP][39m [37m-->[39m [37mPOST[39m [37m/wd/hub/session/610c12a4-040b-4406-a8dc-aaed5a680163/timeouts[39m
[35m[HTTP][39m [90m{"implicit":30000}[39m
[35m[HTTP][39m [37m<-- POST /wd/hub/session/610c12a4-040b-4406-a8dc-aaed5a680163/timeouts [39m[32m200[39m [90m1 ms - 14[39m
[35m[HTTP][39m [90m[39m
[35m[HTTP][39m [37m-->[39m [37mGET[39m [37m/wd/hub/session/610c12a4-040b-4406-a8dc-aaed5a680163/element/00000000-0000-04c1-ffff-ffff7ffffffe/text[39m
[35m[HTTP][39m [90m{}[39m
[35m[W3C (610c12a4)][39m Driver proxy active, passing request on via HTTP proxy
[35m[WD Proxy][39m Replacing sessionId 5313f77d-92f4-4a39-a8ed-00a302cceb8e with 610c12a4-040b-4406-a8dc-aaed5a680163
[35m[HTTP][39m [37m<-- GET /wd/hub/session/610c12a4-040b-4406-a8dc-aaed5a680163/element/00000000-0000-04c1-ffff-ffff7ffffffe/text [39m[32m200[39m [90m26 ms - 63[39m
[35m[HTTP][39m [90m[39m
[35m[HTTP][39m [37m-->[39m [37mPOST[39m [37m/wd/hub/session/610c12a4-040b-4406-a8dc-aaed5a680163/timeouts[39m
[35m[HTTP][39m [90m{"implicit":50}[39m
[35m[HTTP][39m [37m<-- POST /wd/hub/session/610c12a4-040b-4406-a8dc-aaed5a680163/timeouts [39m[32m200[39m [90m1 ms - 14[39m
[35m[HTTP][39m [90m[39m
[35m[HTTP][39m [37m-->[39m [37mGET[39m [37m/wd/hub/session/610c12a4-040b-4406-a8dc-aaed5a680163/window/rect[39m
[35m[HTTP][39m [90m{}[39m
[35m[HTTP][39m [37m<-- GET /wd/hub/session/610c12a4-040b-4406-a8dc-aaed5a680163/window/rect [39m[32m200[39m [90m17 ms - 49[39m
[35m[HTTP][39m [90m[39m
[35m[HTTP][39m [37m-->[39m [37mPOST[39m [37m/wd/hub/session/610c12a4-040b-4406-a8dc-aaed5a680163/elements[39m
[35m[HTTP][39m [90m{"using":"xpath","value":"//*[@class = 'android.widget.TextView' and (@text = 'Siguiente' or . = 'Siguiente') and @resource-id = 'com.naposystems.napoleonchat:id/textViewNextSlide']"}[39m
[35m[HTTP][39m [37m<-- POST /wd/hub/session/610c12a4-040b-4406-a8dc-aaed5a680163/elements [39m[32m200[39m [90m239 ms - 139[39m
[35m[HTTP][39m [90m[39m
[35m[HTTP][39m [37m-->[39m [37mGET[39m [37m/wd/hub/session/610c12a4-040b-4406-a8dc-aaed5a680163/element/00000000-0000-04c1-ffff-ffff0000004e/location[39m
[35m[HTTP][39m [90m{}[39m
[35m[W3C (610c12a4)][39m Driver proxy active, passing request on via HTTP proxy
[35m[WD Proxy][39m Replacing sessionId 5313f77d-92f4-4a39-a8ed-00a302cceb8e with 610c12a4-040b-4406-a8dc-aaed5a680163
[35m[HTTP][39m [37m<-- GET /wd/hub/session/610c12a4-040b-4406-a8dc-aaed5a680163/element/00000000-0000-04c1-ffff-ffff0000004e/location [39m[32m200[39m [90m28 ms - 79[39m
[35m[HTTP][39m [90m[39m
[35m[HTTP][39m [37m-->[39m [37mPOST[39m [37m/wd/hub/session/610c12a4-040b-4406-a8dc-aaed5a680163/timeouts[39m
[35m[HTTP][39m [90m{"implicit":30000}[39m
[35m[HTTP][39m [37m<-- POST /wd/hub/session/610c12a4-040b-4406-a8dc-aaed5a680163/timeouts [39m[32m200[39m [90m1 ms - 14[39m
[35m[HTTP][39m [90m[39m
[35m[HTTP][39m [37m-->[39m [37mPOST[39m [37m/wd/hub/session/610c12a4-040b-4406-a8dc-aaed5a680163/element/00000000-0000-04c1-ffff-ffff0000004e/click[39m
[35m[HTTP][39m [90m{"id":"00000000-0000-04c1-ffff-ffff0000004e"}[39m
[35m[HTTP][39m [37m<-- POST /wd/hub/session/610c12a4-040b-4406-a8dc-aaed5a680163/element/00000000-0000-04c1-ffff-ffff0000004e/click [39m[32m200[39m [90m62 ms - 14[39m
[35m[HTTP][39m [90m[39m
[35m[HTTP][39m [37m-->[39m [37mPOST[39m [37m/wd/hub/session/610c12a4-040b-4406-a8dc-aaed5a680163/timeouts[39m
[35m[HTTP][39m [90m{"implicit":50}[39m
[35m[HTTP][39m [37m<-- POST /wd/hub/session/610c12a4-040b-4406-a8dc-aaed5a680163/timeouts [39m[32m200[39m [90m1 ms - 14[39m
[35m[HTTP][39m [90m[39m
[35m[HTTP][39m [37m-->[39m [37mGET[39m [37m/wd/hub/session/610c12a4-040b-4406-a8dc-aaed5a680163/window/rect[39m
[35m[HTTP][39m [90m{}[39m
[35m[HTTP][39m [37m<-- GET /wd/hub/session/610c12a4-040b-4406-a8dc-aaed5a680163/window/rect [39m[32m200[39m [90m21 ms - 49[39m
[35m[HTTP][39m [90m[39m
[35m[HTTP][39m [37m-->[39m [37mPOST[39m [37m/wd/hub/session/610c12a4-040b-4406-a8dc-aaed5a680163/elements[39m
[35m[HTTP][39m [90m{"using":"xpath","value":"//hierarchy/android.widget.FrameLayout[1]"}[39m
[35m[HTTP][39m [37m<-- POST /wd/hub/session/610c12a4-040b-4406-a8dc-aaed5a680163/elements [39m[32m200[39m [90m1858 ms - 139[39m
[35m[HTTP][39m [90m[39m
[35m[HTTP][39m [37m-->[39m [37mGET[39m [37m/wd/hub/session/610c12a4-040b-4406-a8dc-aaed5a680163/element/00000000-0000-04c1-ffff-ffff7ffffffe/location[39m
[35m[HTTP][39m [90m{}[39m
[35m[W3C (610c12a4)][39m Driver proxy active, passing request on via HTTP proxy
[35m[WD Proxy][39m Replacing sessionId 5313f77d-92f4-4a39-a8ed-00a302cceb8e with 610c12a4-040b-4406-a8dc-aaed5a680163
[35m[HTTP][39m [37m<-- GET /wd/hub/session/610c12a4-040b-4406-a8dc-aaed5a680163/element/00000000-0000-04c1-ffff-ffff7ffffffe/location [39m[32m200[39m [90m32 ms - 74[39m
[35m[HTTP][39m [90m[39m
[35m[HTTP][39m [37m-->[39m [37mPOST[39m [37m/wd/hub/session/610c12a4-040b-4406-a8dc-aaed5a680163/timeouts[39m
[35m[HTTP][39m [90m{"implicit":30000}[39m
[35m[HTTP][39m [37m<-- POST /wd/hub/session/610c12a4-040b-4406-a8dc-aaed5a680163/timeouts [39m[32m200[39m [90m1 ms - 14[39m
[35m[HTTP][39m [90m[39m
[35m[HTTP][39m [37m-->[39m [37mGET[39m [37m/wd/hub/session/610c12a4-040b-4406-a8dc-aaed5a680163/element/00000000-0000-04c1-ffff-ffff7ffffffe/text[39m
[35m[HTTP][39m [90m{}[39m
[35m[W3C (610c12a4)][39m Driver proxy active, passing request on via HTTP proxy
[35m[WD Proxy][39m Replacing sessionId 5313f77d-92f4-4a39-a8ed-00a302cceb8e with 610c12a4-040b-4406-a8dc-aaed5a680163
[35m[HTTP][39m [37m<-- GET /wd/hub/session/610c12a4-040b-4406-a8dc-aaed5a680163/element/00000000-0000-04c1-ffff-ffff7ffffffe/text [39m[32m200[39m [90m28 ms - 63[39m
[35m[HTTP][39m [90m[39m
[35m[HTTP][39m [37m-->[39m [37mPOST[39m [37m/wd/hub/session/610c12a4-040b-4406-a8dc-aaed5a680163/timeouts[39m
[35m[HTTP][39m [90m{"implicit":50}[39m
[35m[HTTP][39m [37m<-- POST /wd/hub/session/610c12a4-040b-4406-a8dc-aaed5a680163/timeouts [39m[32m200[39m [90m1 ms - 14[39m
[35m[HTTP][39m [90m[39m
[35m[HTTP][39m [37m-->[39m [37mGET[39m [37m/wd/hub/session/610c12a4-040b-4406-a8dc-aaed5a680163/window/rect[39m
[35m[HTTP][39m [90m{}[39m
[35m[HTTP][39m [37m<-- GET /wd/hub/session/610c12a4-040b-4406-a8dc-aaed5a680163/window/rect [39m[32m200[39m [90m18 ms - 49[39m
[35m[HTTP][39m [90m[39m
[35m[HTTP][39m [37m-->[39m [37mPOST[39m [37m/wd/hub/session/610c12a4-040b-4406-a8dc-aaed5a680163/elements[39m
[35m[HTTP][39m [90m{"using":"xpath","value":"//*[@class = 'android.widget.TextView' and (@text = 'Siguiente' or . = 'Siguiente') and @resource-id = 'com.naposystems.napoleonchat:id/textViewNextSlide']"}[39m
[35m[HTTP][39m [37m<-- POST /wd/hub/session/610c12a4-040b-4406-a8dc-aaed5a680163/elements [39m[32m200[39m [90m241 ms - 139[39m
[35m[HTTP][39m [90m[39m
[35m[HTTP][39m [37m-->[39m [37mGET[39m [37m/wd/hub/session/610c12a4-040b-4406-a8dc-aaed5a680163/element/00000000-0000-04c1-ffff-ffff0000004e/location[39m
[35m[HTTP][39m [90m{}[39m
[35m[W3C (610c12a4)][39m Driver proxy active, passing request on via HTTP proxy
[35m[WD Proxy][39m Replacing sessionId 5313f77d-92f4-4a39-a8ed-00a302cceb8e with 610c12a4-040b-4406-a8dc-aaed5a680163
[35m[HTTP][39m [37m<-- GET /wd/hub/session/610c12a4-040b-4406-a8dc-aaed5a680163/element/00000000-0000-04c1-ffff-ffff0000004e/location [39m[32m200[39m [90m31 ms - 79[39m
[35m[HTTP][39m [90m[39m
[35m[HTTP][39m [37m-->[39m [37mPOST[39m [37m/wd/hub/session/610c12a4-040b-4406-a8dc-aaed5a680163/timeouts[39m
[35m[HTTP][39m [90m{"implicit":30000}[39m
[35m[HTTP][39m [37m<-- POST /wd/hub/session/610c12a4-040b-4406-a8dc-aaed5a680163/timeouts [39m[32m200[39m [90m1 ms - 14[39m
[35m[HTTP][39m [90m[39m
[35m[HTTP][39m [37m-->[39m [37mPOST[39m [37m/wd/hub/session/610c12a4-040b-4406-a8dc-aaed5a680163/element/00000000-0000-04c1-ffff-ffff0000004e/click[39m
[35m[HTTP][39m [90m{"id":"00000000-0000-04c1-ffff-ffff0000004e"}[39m
[35m[HTTP][39m [37m<-- POST /wd/hub/session/610c12a4-040b-4406-a8dc-aaed5a680163/element/00000000-0000-04c1-ffff-ffff0000004e/click [39m[32m200[39m [90m72 ms - 14[39m
[35m[HTTP][39m [90m[39m
[35m[HTTP][39m [37m-->[39m [37mPOST[39m [37m/wd/hub/session/610c12a4-040b-4406-a8dc-aaed5a680163/timeouts[39m
[35m[HTTP][39m [90m{"implicit":50}[39m
[35m[HTTP][39m [37m<-- POST /wd/hub/session/610c12a4-040b-4406-a8dc-aaed5a680163/timeouts [39m[32m200[39m [90m1 ms - 14[39m
[35m[HTTP][39m [90m[39m
[35m[HTTP][39m [37m-->[39m [37mGET[39m [37m/wd/hub/session/610c12a4-040b-4406-a8dc-aaed5a680163/window/rect[39m
[35m[HTTP][39m [90m{}[39m
[35m[HTTP][39m [37m<-- GET /wd/hub/session/610c12a4-040b-4406-a8dc-aaed5a680163/window/rect [39m[32m200[39m [90m21 ms - 49[39m
[35m[HTTP][39m [90m[39m
[35m[HTTP][39m [37m-->[39m [37mPOST[39m [37m/wd/hub/session/610c12a4-040b-4406-a8dc-aaed5a680163/elements[39m
[35m[HTTP][39m [90m{"using":"xpath","value":"//*[@class = 'android.widget.TextView' and (@text = 'Siguiente' or . = 'Siguiente') and @resource-id = 'com.naposystems.napoleonchat:id/textViewNextSlide']"}[39m
[35m[HTTP][39m [37m<-- POST /wd/hub/session/610c12a4-040b-4406-a8dc-aaed5a680163/elements [39m[32m200[39m [90m838 ms - 139[39m
[35m[HTTP][39m [90m[39m
[35m[HTTP][39m [37m-->[39m [37mGET[39m [37m/wd/hub/session/610c12a4-040b-4406-a8dc-aaed5a680163/element/00000000-0000-04c1-ffff-ffff0000004e/location[39m
[35m[HTTP][39m [90m{}[39m
[35m[W3C (610c12a4)][39m Driver proxy active, passing request on via HTTP proxy
[35m[WD Proxy][39m Replacing sessionId 5313f77d-92f4-4a39-a8ed-00a302cceb8e with 610c12a4-040b-4406-a8dc-aaed5a680163
[35m[HTTP][39m [37m<-- GET /wd/hub/session/610c12a4-040b-4406-a8dc-aaed5a680163/element/00000000-0000-04c1-ffff-ffff0000004e/location [39m[32m200[39m [90m27 ms - 79[39m
[35m[HTTP][39m [90m[39m
[35m[HTTP][39m [37m-->[39m [37mPOST[39m [37m/wd/hub/session/610c12a4-040b-4406-a8dc-aaed5a680163/timeouts[39m
[35m[HTTP][39m [90m{"implicit":30000}[39m
[35m[HTTP][39m [37m<-- POST /wd/hub/session/610c12a4-040b-4406-a8dc-aaed5a680163/timeouts [39m[32m200[39m [90m1 ms - 14[39m
[35m[HTTP][39m [90m[39m
[35m[HTTP][39m [37m-->[39m [37mPOST[39m [37m/wd/hub/session/610c12a4-040b-4406-a8dc-aaed5a680163/element/00000000-0000-04c1-ffff-ffff0000004e/click[39m
[35m[HTTP][39m [90m{"id":"00000000-0000-04c1-ffff-ffff0000004e"}[39m
[35m[HTTP][39m [37m<-- POST /wd/hub/session/610c12a4-040b-4406-a8dc-aaed5a680163/element/00000000-0000-04c1-ffff-ffff0000004e/click [39m[32m200[39m [90m107 ms - 14[39m
[35m[HTTP][39m [90m[39m
[35m[HTTP][39m [37m-->[39m [37mPOST[39m [37m/wd/hub/session/610c12a4-040b-4406-a8dc-aaed5a680163/timeouts[39m
[35m[HTTP][39m [90m{"implicit":50}[39m
[35m[HTTP][39m [37m<-- POST /wd/hub/session/610c12a4-040b-4406-a8dc-aaed5a680163/timeouts [39m[32m200[39m [90m1 ms - 14[39m
[35m[HTTP][39m [90m[39m
[35m[HTTP][39m [37m-->[39m [37mGET[39m [37m/wd/hub/session/610c12a4-040b-4406-a8dc-aaed5a680163/window/rect[39m
[35m[HTTP][39m [90m{}[39m
[35m[HTTP][39m [37m<-- GET /wd/hub/session/610c12a4-040b-4406-a8dc-aaed5a680163/window/rect [39m[32m200[39m [90m19 ms - 49[39m
[35m[HTTP][39m [90m[39m
[35m[HTTP][39m [37m-->[39m [37mPOST[39m [37m/wd/hub/session/610c12a4-040b-4406-a8dc-aaed5a680163/elements[39m
[35m[HTTP][39m [90m{"using":"xpath","value":"//hierarchy/android.widget.FrameLayout[1]"}[39m
[35m[HTTP][39m [37m<-- POST /wd/hub/session/610c12a4-040b-4406-a8dc-aaed5a680163/elements [39m[32m200[39m [90m566 ms - 139[39m
[35m[HTTP][39m [90m[39m
[35m[HTTP][39m [37m-->[39m [37mGET[39m [37m/wd/hub/session/610c12a4-040b-4406-a8dc-aaed5a680163/element/00000000-0000-04c1-ffff-ffff7ffffffe/location[39m
[35m[HTTP][39m [90m{}[39m
[35m[W3C (610c12a4)][39m Driver proxy active, passing request on via HTTP proxy
[35m[WD Proxy][39m Replacing sessionId 5313f77d-92f4-4a39-a8ed-00a302cceb8e with 610c12a4-040b-4406-a8dc-aaed5a680163
[35m[HTTP][39m [37m<-- GET /wd/hub/session/610c12a4-040b-4406-a8dc-aaed5a680163/element/00000000-0000-04c1-ffff-ffff7ffffffe/location [39m[32m200[39m [90m381 ms - 74[39m
[35m[HTTP][39m [90m[39m
[35m[HTTP][39m [37m-->[39m [37mPOST[39m [37m/wd/hub/session/610c12a4-040b-4406-a8dc-aaed5a680163/timeouts[39m
[35m[HTTP][39m [90m{"implicit":30000}[39m
[35m[HTTP][39m [37m<-- POST /wd/hub/session/610c12a4-040b-4406-a8dc-aaed5a680163/timeouts [39m[32m200[39m [90m1 ms - 14[39m
[35m[HTTP][39m [90m[39m
[35m[HTTP][39m [37m-->[39m [37mGET[39m [37m/wd/hub/session/610c12a4-040b-4406-a8dc-aaed5a680163/element/00000000-0000-04c1-ffff-ffff7ffffffe/text[39m
[35m[HTTP][39m [90m{}[39m
[35m[W3C (610c12a4)][39m Driver proxy active, passing request on via HTTP proxy
[35m[WD Proxy][39m Replacing sessionId 5313f77d-92f4-4a39-a8ed-00a302cceb8e with 610c12a4-040b-4406-a8dc-aaed5a680163
[35m[HTTP][39m [37m<-- GET /wd/hub/session/610c12a4-040b-4406-a8dc-aaed5a680163/element/00000000-0000-04c1-ffff-ffff7ffffffe/text [39m[32m200[39m [90m22 ms - 63[39m
[35m[HTTP][39m [90m[39m
[35m[HTTP][39m [37m-->[39m [37mPOST[39m [37m/wd/hub/session/610c12a4-040b-4406-a8dc-aaed5a680163/timeouts[39m
[35m[HTTP][39m [90m{"implicit":50}[39m
[35m[HTTP][39m [37m<-- POST /wd/hub/session/610c12a4-040b-4406-a8dc-aaed5a680163/timeouts [39m[32m200[39m [90m1 ms - 14[39m
[35m[HTTP][39m [90m[39m
[35m[HTTP][39m [37m-->[39m [37mGET[39m [37m/wd/hub/session/610c12a4-040b-4406-a8dc-aaed5a680163/window/rect[39m
[35m[HTTP][39m [90m{}[39m
[35m[HTTP][39m [37m<-- GET /wd/hub/session/610c12a4-040b-4406-a8dc-aaed5a680163/window/rect [39m[32m200[39m [90m24 ms - 49[39m
[35m[HTTP][39m [90m[39m
[35m[HTTP][39m [37m-->[39m [37mPOST[39m [37m/wd/hub/session/610c12a4-040b-4406-a8dc-aaed5a680163/elements[39m
[35m[HTTP][39m [90m{"using":"xpath","value":"//*[@class = 'android.widget.TextView' and (@text = 'Siguiente' or . = 'Siguiente') and @resource-id = 'com.naposystems.napoleonchat:id/textViewNextSlide']"}[39m
[35m[HTTP][39m [37m<-- POST /wd/hub/session/610c12a4-040b-4406-a8dc-aaed5a680163/elements [39m[32m200[39m [90m254 ms - 139[39m
[35m[HTTP][39m [90m[39m
[35m[HTTP][39m [37m-->[39m [37mGET[39m [37m/wd/hub/session/610c12a4-040b-4406-a8dc-aaed5a680163/element/00000000-0000-04c1-ffff-ffff0000004e/location[39m
[35m[HTTP][39m [90m{}[39m
[35m[W3C (610c12a4)][39m Driver proxy active, passing request on via HTTP proxy
[35m[WD Proxy][39m Replacing sessionId 5313f77d-92f4-4a39-a8ed-00a302cceb8e with 610c12a4-040b-4406-a8dc-aaed5a680163
[35m[HTTP][39m [37m<-- GET /wd/hub/session/610c12a4-040b-4406-a8dc-aaed5a680163/element/00000000-0000-04c1-ffff-ffff0000004e/location [39m[32m200[39m [90m31 ms - 79[39m
[35m[HTTP][39m [90m[39m
[35m[HTTP][39m [37m-->[39m [37mPOST[39m [37m/wd/hub/session/610c12a4-040b-4406-a8dc-aaed5a680163/timeouts[39m
[35m[HTTP][39m [90m{"implicit":30000}[39m
[35m[HTTP][39m [37m<-- POST /wd/hub/session/610c12a4-040b-4406-a8dc-aaed5a680163/timeouts [39m[32m200[39m [90m1 ms - 14[39m
[35m[HTTP][39m [90m[39m
[35m[HTTP][39m [37m-->[39m [37mPOST[39m [37m/wd/hub/session/610c12a4-040b-4406-a8dc-aaed5a680163/element/00000000-0000-04c1-ffff-ffff0000004e/click[39m
[35m[HTTP][39m [90m{"id":"00000000-0000-04c1-ffff-ffff0000004e"}[39m
[35m[HTTP][39m [37m<-- POST /wd/hub/session/610c12a4-040b-4406-a8dc-aaed5a680163/element/00000000-0000-04c1-ffff-ffff0000004e/click [39m[32m200[39m [90m87 ms - 14[39m
[35m[HTTP][39m [90m[39m
[35m[HTTP][39m [37m-->[39m [37mPOST[39m [37m/wd/hub/session/610c12a4-040b-4406-a8dc-aaed5a680163/timeouts[39m
[35m[HTTP][39m [90m{"implicit":50}[39m
[35m[HTTP][39m [37m<-- POST /wd/hub/session/610c12a4-040b-4406-a8dc-aaed5a680163/timeouts [39m[32m200[39m [90m1 ms - 14[39m
[35m[HTTP][39m [90m[39m
[35m[HTTP][39m [37m-->[39m [37mGET[39m [37m/wd/hub/session/610c12a4-040b-4406-a8dc-aaed5a680163/window/rect[39m
[35m[HTTP][39m [90m{}[39m
[35m[HTTP][39m [37m<-- GET /wd/hub/session/610c12a4-040b-4406-a8dc-aaed5a680163/window/rect [39m[32m200[39m [90m27 ms - 49[39m
[35m[HTTP][39m [90m[39m
[35m[HTTP][39m [37m-->[39m [37mPOST[39m [37m/wd/hub/session/610c12a4-040b-4406-a8dc-aaed5a680163/elements[39m
[35m[HTTP][39m [90m{"using":"xpath","value":"//hierarchy/android.widget.FrameLayout[1]"}[39m
[35m[HTTP][39m [37m<-- POST /wd/hub/session/610c12a4-040b-4406-a8dc-aaed5a680163/elements [39m[32m200[39m [90m693 ms - 139[39m
[35m[HTTP][39m [90m[39m
[35m[HTTP][39m [37m-->[39m [37mGET[39m [37m/wd/hub/session/610c12a4-040b-4406-a8dc-aaed5a680163/element/00000000-0000-04c1-ffff-ffff7ffffffe/location[39m
[35m[HTTP][39m [90m{}[39m
[35m[W3C (610c12a4)][39m Driver proxy active, passing request on via HTTP proxy
[35m[WD Proxy][39m Replacing sessionId 5313f77d-92f4-4a39-a8ed-00a302cceb8e with 610c12a4-040b-4406-a8dc-aaed5a680163
[35m[HTTP][39m [37m<-- GET /wd/hub/session/610c12a4-040b-4406-a8dc-aaed5a680163/element/00000000-0000-04c1-ffff-ffff7ffffffe/location [39m[32m200[39m [90m22 ms - 74[39m
[35m[HTTP][39m [90m[39m
[35m[HTTP][39m [37m-->[39m [37mPOST[39m [37m/wd/hub/session/610c12a4-040b-4406-a8dc-aaed5a680163/timeouts[39m
[35m[HTTP][39m [90m{"implicit":30000}[39m
[35m[HTTP][39m [37m<-- POST /wd/hub/session/610c12a4-040b-4406-a8dc-aaed5a680163/timeouts [39m[32m200[39m [90m1 ms - 14[39m
[35m[HTTP][39m [90m[39m
[35m[HTTP][39m [37m-->[39m [37mGET[39m [37m/wd/hub/session/610c12a4-040b-4406-a8dc-aaed5a680163/element/00000000-0000-04c1-ffff-ffff7ffffffe/text[39m
[35m[HTTP][39m [90m{}[39m
[35m[W3C (610c12a4)][39m Driver proxy active, passing request on via HTTP proxy
[35m[WD Proxy][39m Replacing sessionId 5313f77d-92f4-4a39-a8ed-00a302cceb8e with 610c12a4-040b-4406-a8dc-aaed5a680163
[35m[HTTP][39m [37m<-- GET /wd/hub/session/610c12a4-040b-4406-a8dc-aaed5a680163/element/00000000-0000-04c1-ffff-ffff7ffffffe/text [39m[32m200[39m [90m23 ms - 63[39m
[35m[HTTP][39m [90m[39m
[35m[HTTP][39m [37m-->[39m [37mPOST[39m [37m/wd/hub/session/610c12a4-040b-4406-a8dc-aaed5a680163/timeouts[39m
[35m[HTTP][39m [90m{"implicit":50}[39m
[35m[HTTP][39m [37m<-- POST /wd/hub/session/610c12a4-040b-4406-a8dc-aaed5a680163/timeouts [39m[32m200[39m [90m1 ms - 14[39m
[35m[HTTP][39m [90m[39m
[35m[HTTP][39m [37m-->[39m [37mGET[39m [37m/wd/hub/session/610c12a4-040b-4406-a8dc-aaed5a680163/window/rect[39m
[35m[HTTP][39m [90m{}[39m
[35m[HTTP][39m [37m<-- GET /wd/hub/session/610c12a4-040b-4406-a8dc-aaed5a680163/window/rect [39m[32m200[39m [90m14 ms - 49[39m
[35m[HTTP][39m [90m[39m
[35m[HTTP][39m [37m-->[39m [37mPOST[39m [37m/wd/hub/session/610c12a4-040b-4406-a8dc-aaed5a680163/elements[39m
[35m[HTTP][39m [90m{"using":"xpath","value":"//*[@class = 'android.widget.TextView' and (@text = 'Empezar' or . = 'Empezar') and @resource-id = 'com.naposystems.napoleonchat:id/textViewFinishSlide']"}[39m
[35m[HTTP][39m [37m<-- POST /wd/hub/session/610c12a4-040b-4406-a8dc-aaed5a680163/elements [39m[32m200[39m [90m174 ms - 139[39m
[35m[HTTP][39m [90m[39m
[35m[HTTP][39m [37m-->[39m [37mGET[39m [37m/wd/hub/session/610c12a4-040b-4406-a8dc-aaed5a680163/element/00000000-0000-04c1-ffff-ffff0000004f/location[39m
[35m[HTTP][39m [90m{}[39m
[35m[W3C (610c12a4)][39m Driver proxy active, passing request on via HTTP proxy
[35m[WD Proxy][39m Replacing sessionId 5313f77d-92f4-4a39-a8ed-00a302cceb8e with 610c12a4-040b-4406-a8dc-aaed5a680163
[35m[HTTP][39m [37m<-- GET /wd/hub/session/610c12a4-040b-4406-a8dc-aaed5a680163/element/00000000-0000-04c1-ffff-ffff0000004f/location [39m[32m200[39m [90m29 ms - 79[39m
[35m[HTTP][39m [90m[39m
[35m[HTTP][39m [37m-->[39m [37mPOST[39m [37m/wd/hub/session/610c12a4-040b-4406-a8dc-aaed5a680163/timeouts[39m
[35m[HTTP][39m [90m{"implicit":30000}[39m
[35m[HTTP][39m [37m<-- POST /wd/hub/session/610c12a4-040b-4406-a8dc-aaed5a680163/timeouts [39m[32m200[39m [90m1 ms - 14[39m
[35m[HTTP][39m [90m[39m
[35m[HTTP][39m [37m-->[39m [37mPOST[39m [37m/wd/hub/session/610c12a4-040b-4406-a8dc-aaed5a680163/element/00000000-0000-04c1-ffff-ffff0000004f/click[39m
[35m[HTTP][39m [90m{"id":"00000000-0000-04c1-ffff-ffff0000004f"}[39m
[35m[HTTP][39m [37m<-- POST /wd/hub/session/610c12a4-040b-4406-a8dc-aaed5a680163/element/00000000-0000-04c1-ffff-ffff0000004f/click [39m[32m200[39m [90m50 ms - 14[39m
[35m[HTTP][39m [90m[39m
[35m[HTTP][39m [37m-->[39m [37mGET[39m [37m/wd/hub/session/610c12a4-040b-4406-a8dc-aaed5a680163/context[39m
[35m[HTTP][39m [90m{}[39m
[35m[HTTP][39m [37m<-- GET /wd/hub/session/610c12a4-040b-4406-a8dc-aaed5a680163/context [39m[32m200[39m [90m1 ms - 22[39m
[35m[HTTP][39m [90m[39m
[35m[HTTP][39m [37m-->[39m [37mGET[39m [37m/wd/hub/session/610c12a4-040b-4406-a8dc-aaed5a680163/contexts[39m
[35m[HTTP][39m [90m{}[39m
[35m[HTTP][39m [37m<-- GET /wd/hub/session/610c12a4-040b-4406-a8dc-aaed5a680163/contexts [39m[32m200[39m [90m158 ms - 70[39m
[35m[HTTP][39m [90m[39m
[35m[HTTP][39m [37m-->[39m [37mPOST[39m [37m/wd/hub/session/610c12a4-040b-4406-a8dc-aaed5a680163/context[39m
[35m[HTTP][39m [90m{"name":"NATIVE_APP"}[39m
[35m[HTTP][39m [37m<-- POST /wd/hub/session/610c12a4-040b-4406-a8dc-aaed5a680163/context [39m[32m200[39m [90m1 ms - 14[39m
[35m[HTTP][39m [90m[39m
[35m[HTTP][39m [37m-->[39m [37mPOST[39m [37m/wd/hub/session/610c12a4-040b-4406-a8dc-aaed5a680163/network_connection[39m
[35m[HTTP][39m [90m{"name":"network_connection","parameters":{"type":0}}[39m
[35m[AndroidDriver][39m Setting network connection
[35m[AndroidDriver][39m Getting network connection
[35m[AndroidDriver][39m Not changing airplane mode, since it is already disabled
[35m[AndroidDriver][39m Not changing data connection state, since it is already disabled
[35m[AndroidDriver][39m Getting network connection
[35m[HTTP][39m [37m<-- POST /wd/hub/session/610c12a4-040b-4406-a8dc-aaed5a680163/network_connection [39m[32m200[39m [90m1043 ms - 11[39m
[35m[HTTP][39m [90m[39m
[35m[HTTP][39m [37m-->[39m [37mPOST[39m [37m/wd/hub/session/610c12a4-040b-4406-a8dc-aaed5a680163/context[39m
[35m[HTTP][39m [90m{"name":"NATIVE_APP"}[39m
[35m[HTTP][39m [37m<-- POST /wd/hub/session/610c12a4-040b-4406-a8dc-aaed5a680163/context [39m[32m200[39m [90m1 ms - 14[39m
[35m[HTTP][39m [90m[39m
[35m[HTTP][39m [37m-->[39m [37mPOST[39m [37m/wd/hub/session/610c12a4-040b-4406-a8dc-aaed5a680163/timeouts[39m
[35m[HTTP][39m [90m{"implicit":50}[39m
[35m[HTTP][39m [37m<-- POST /wd/hub/session/610c12a4-040b-4406-a8dc-aaed5a680163/timeouts [39m[32m200[39m [90m1 ms - 14[39m
[35m[HTTP][39m [90m[39m
[35m[HTTP][39m [37m-->[39m [37mGET[39m [37m/wd/hub/session/610c12a4-040b-4406-a8dc-aaed5a680163/window/rect[39m
[35m[HTTP][39m [90m{}[39m
[35m[HTTP][39m [37m<-- GET /wd/hub/session/610c12a4-040b-4406-a8dc-aaed5a680163/window/rect [39m[32m200[39m [90m19 ms - 49[39m
[35m[HTTP][39m [90m[39m
[35m[HTTP][39m [37m-->[39m [37mPOST[39m [37m/wd/hub/session/610c12a4-040b-4406-a8dc-aaed5a680163/elements[39m
[35m[HTTP][39m [90m{"using":"xpath","value":"//hierarchy/android.widget.FrameLayout[1]/android.widget.LinearLayout[1]/android.widget.FrameLayout[1]/android.widget.FrameLayout[1]/android.widget.FrameLayout[1]/android.widget.FrameLayout[1]"}[39m
[35m[HTTP][39m [37m<-- POST /wd/hub/session/610c12a4-040b-4406-a8dc-aaed5a680163/elements [39m[32m200[39m [90m1014 ms - 139[39m
[35m[HTTP][39m [90m[39m
[35m[HTTP][39m [37m-->[39m [37mGET[39m [37m/wd/hub/session/610c12a4-040b-4406-a8dc-aaed5a680163/element/00000000-0000-04c1-ffff-ffff000000a3/location[39m
[35m[HTTP][39m [90m{}[39m
[35m[W3C (610c12a4)][39m Driver proxy active, passing request on via HTTP proxy
[35m[WD Proxy][39m Replacing sessionId 5313f77d-92f4-4a39-a8ed-00a302cceb8e with 610c12a4-040b-4406-a8dc-aaed5a680163
[35m[HTTP][39m [37m<-- GET /wd/hub/session/610c12a4-040b-4406-a8dc-aaed5a680163/element/00000000-0000-04c1-ffff-ffff000000a3/location [39m[32m200[39m [90m35 ms - 78[39m
[35m[HTTP][39m [90m[39m
[35m[HTTP][39m [37m-->[39m [37mPOST[39m [37m/wd/hub/session/610c12a4-040b-4406-a8dc-aaed5a680163/timeouts[39m
[35m[HTTP][39m [90m{"implicit":30000}[39m
[35m[HTTP][39m [37m<-- POST /wd/hub/session/610c12a4-040b-4406-a8dc-aaed5a680163/timeouts [39m[32m200[39m [90m1 ms - 14[39m
[35m[HTTP][39m [90m[39m
[35m[HTTP][39m [37m-->[39m [37mGET[39m [37m/wd/hub/session/610c12a4-040b-4406-a8dc-aaed5a680163/element/00000000-0000-04c1-ffff-ffff000000a3/displayed[39m
[35m[HTTP][39m [90m{}[39m
[35m[HTTP][39m [37m<-- GET /wd/hub/session/610c12a4-040b-4406-a8dc-aaed5a680163/element/00000000-0000-04c1-ffff-ffff000000a3/displayed [39m[32m200[39m [90m38 ms - 14[39m
[35m[HTTP][39m [90m[39m
[35m[HTTP][39m [37m-->[39m [37mGET[39m [37m/wd/hub/session/610c12a4-040b-4406-a8dc-aaed5a680163/context[39m
[35m[HTTP][39m [90m{}[39m
[35m[HTTP][39m [37m<-- GET /wd/hub/session/610c12a4-040b-4406-a8dc-aaed5a680163/context [39m[32m200[39m [90m1 ms - 22[39m
[35m[HTTP][39m [90m[39m
[35m[HTTP][39m [37m-->[39m [37mGET[39m [37m/wd/hub/session/610c12a4-040b-4406-a8dc-aaed5a680163/contexts[39m
[35m[HTTP][39m [90m{}[39m
[35m[HTTP][39m [37m<-- GET /wd/hub/session/610c12a4-040b-4406-a8dc-aaed5a680163/contexts [39m[32m200[39m [90m175 ms - 70[39m
[35m[HTTP][39m [90m[39m
[35m[HTTP][39m [37m-->[39m [37mPOST[39m [37m/wd/hub/session/610c12a4-040b-4406-a8dc-aaed5a680163/context[39m
[35m[HTTP][39m [90m{"name":"NATIVE_APP"}[39m
[35m[HTTP][39m [37m<-- POST /wd/hub/session/610c12a4-040b-4406-a8dc-aaed5a680163/context [39m[32m200[39m [90m1 ms - 14[39m
[35m[HTTP][39m [90m[39m
[35m[HTTP][39m [37m-->[39m [37mPOST[39m [37m/wd/hub/session/610c12a4-040b-4406-a8dc-aaed5a680163/appium/device/press_keycode[39m
[35m[HTTP][39m [90m{"keycode":4}[39m
[35m[HTTP][39m [37m<-- POST /wd/hub/session/610c12a4-040b-4406-a8dc-aaed5a680163/appium/device/press_keycode [39m[32m200[39m [90m112 ms - 14[39m
[35m[HTTP][39m [90m[39m
[35m[HTTP][39m [37m-->[39m [37mPOST[39m [37m/wd/hub/session/610c12a4-040b-4406-a8dc-aaed5a680163/context[39m
[35m[HTTP][39m [90m{"name":"NATIVE_APP"}[39m
[35m[HTTP][39m [37m<-- POST /wd/hub/session/610c12a4-040b-4406-a8dc-aaed5a680163/context [39m[32m200[39m [90m3 ms - 14[39m
[35m[HTTP][39m [90m[39m
[35m[HTTP][39m [37m-->[39m [37mGET[39m [37m/wd/hub/session/610c12a4-040b-4406-a8dc-aaed5a680163/context[39m
[35m[HTTP][39m [90m{}[39m
[35m[HTTP][39m [37m<-- GET /wd/hub/session/610c12a4-040b-4406-a8dc-aaed5a680163/context [39m[32m200[39m [90m1 ms - 22[39m
[35m[HTTP][39m [90m[39m
[35m[HTTP][39m [37m-->[39m [37mGET[39m [37m/wd/hub/session/610c12a4-040b-4406-a8dc-aaed5a680163/contexts[39m
[35m[HTTP][39m [90m{}[39m
[35m[HTTP][39m [37m<-- GET /wd/hub/session/610c12a4-040b-4406-a8dc-aaed5a680163/contexts [39m[32m200[39m [90m154 ms - 70[39m
[35m[HTTP][39m [90m[39m
[35m[HTTP][39m [37m-->[39m [37mPOST[39m [37m/wd/hub/session/610c12a4-040b-4406-a8dc-aaed5a680163/context[39m
[35m[HTTP][39m [90m{"name":"NATIVE_APP"}[39m
[35m[HTTP][39m [37m<-- POST /wd/hub/session/610c12a4-040b-4406-a8dc-aaed5a680163/context [39m[32m200[39m [90m1 ms - 14[39m
[35m[HTTP][39m [90m[39m
[35m[HTTP][39m [37m-->[39m [37mPOST[39m [37m/wd/hub/session/610c12a4-040b-4406-a8dc-aaed5a680163/appium/device/press_keycode[39m
[35m[HTTP][39m [90m{"keycode":4}[39m
[35m[HTTP][39m [37m<-- POST /wd/hub/session/610c12a4-040b-4406-a8dc-aaed5a680163/appium/device/press_keycode [39m[32m200[39m [90m634 ms - 14[39m
[35m[HTTP][39m [90m[39m
[35m[HTTP][39m [37m-->[39m [37mPOST[39m [37m/wd/hub/session/610c12a4-040b-4406-a8dc-aaed5a680163/context[39m
[35m[HTTP][39m [90m{"name":"NATIVE_APP"}[39m
[35m[HTTP][39m [37m<-- POST /wd/hub/session/610c12a4-040b-4406-a8dc-aaed5a680163/context [39m[32m200[39m [90m1 ms - 14[39m
[35m[HTTP][39m [90m[39m
[35m[HTTP][39m [37m-->[39m [37mGET[39m [37m/wd/hub/session/610c12a4-040b-4406-a8dc-aaed5a680163/context[39m
[35m[HTTP][39m [90m{}[39m
[35m[HTTP][39m [37m<-- GET /wd/hub/session/610c12a4-040b-4406-a8dc-aaed5a680163/context [39m[32m200[39m [90m1 ms - 22[39m
[35m[HTTP][39m [90m[39m
[35m[HTTP][39m [37m-->[39m [37mGET[39m [37m/wd/hub/session/610c12a4-040b-4406-a8dc-aaed5a680163/contexts[39m
[35m[HTTP][39m [90m{}[39m
[35m[HTTP][39m [37m<-- GET /wd/hub/session/610c12a4-040b-4406-a8dc-aaed5a680163/contexts [39m[32m200[39m [90m343 ms - 70[39m
[35m[HTTP][39m [90m[39m
[35m[HTTP][39m [37m-->[39m [37mPOST[39m [37m/wd/hub/session/610c12a4-040b-4406-a8dc-aaed5a680163/context[39m
[35m[HTTP][39m [90m{"name":"NATIVE_APP"}[39m
[35m[HTTP][39m [37m<-- POST /wd/hub/session/610c12a4-040b-4406-a8dc-aaed5a680163/context [39m[32m200[39m [90m1 ms - 14[39m
[35m[HTTP][39m [90m[39m
[35m[HTTP][39m [37m-->[39m [37mPOST[39m [37m/wd/hub/session/610c12a4-040b-4406-a8dc-aaed5a680163/network_connection[39m
[35m[HTTP][39m [90m{"name":"network_connection","parameters":{"type":2}}[39m
[35m[AndroidDriver][39m Setting network connection
[35m[AndroidDriver][39m Getting network connection
[35m[AndroidDriver][39m Not changing airplane mode, since it is already disabled
[35m[AndroidDriver][39m Not changing data connection state, since it is already disabled
[35m[AndroidDriver][39m Getting network connection
[35m[HTTP][39m [37m<-- POST /wd/hub/session/610c12a4-040b-4406-a8dc-aaed5a680163/network_connection [39m[32m200[39m [90m975 ms - 11[39m
[35m[HTTP][39m [90m[39m
[35m[HTTP][39m [37m-->[39m [37mPOST[39m [37m/wd/hub/session/610c12a4-040b-4406-a8dc-aaed5a680163/context[39m
[35m[HTTP][39m [90m{"name":"NATIVE_APP"}[39m
[35m[HTTP][39m [37m<-- POST /wd/hub/session/610c12a4-040b-4406-a8dc-aaed5a680163/context [39m[32m200[39m [90m1 ms - 14[39m
[35m[HTTP][39m [90m[39m
[35m[HTTP][39m [37m-->[39m [37mGET[39m [37m/wd/hub/session/610c12a4-040b-4406-a8dc-aaed5a680163/context[39m
[35m[HTTP][39m [90m{}[39m
[35m[HTTP][39m [37m<-- GET /wd/hub/session/610c12a4-040b-4406-a8dc-aaed5a680163/context [39m[32m200[39m [90m1 ms - 22[39m
[35m[HTTP][39m [90m[39m
[35m[HTTP][39m [37m-->[39m [37mGET[39m [37m/wd/hub/session/610c12a4-040b-4406-a8dc-aaed5a680163/contexts[39m
[35m[HTTP][39m [90m{}[39m
[35m[HTTP][39m [37m<-- GET /wd/hub/session/610c12a4-040b-4406-a8dc-aaed5a680163/contexts [39m[32m200[39m [90m136 ms - 70[39m
[35m[HTTP][39m [90m[39m
[35m[HTTP][39m [37m-->[39m [37mPOST[39m [37m/wd/hub/session/610c12a4-040b-4406-a8dc-aaed5a680163/context[39m
[35m[HTTP][39m [90m{"name":"NATIVE_APP"}[39m
[35m[HTTP][39m [37m<-- POST /wd/hub/session/610c12a4-040b-4406-a8dc-aaed5a680163/context [39m[32m200[39m [90m1 ms - 14[39m
[35m[HTTP][39m [90m[39m
[35m[HTTP][39m [37m-->[39m [37mPOST[39m [37m/wd/hub/session/610c12a4-040b-4406-a8dc-aaed5a680163/network_connection[39m
[35m[HTTP][39m [90m{"name":"network_connection","parameters":{"type":0}}[39m
[35m[AndroidDriver][39m Setting network connection
[35m[AndroidDriver][39m Getting network connection
[35m[AndroidDriver][39m Not changing airplane mode, since it is already disabled
[35m[AndroidDriver][39m Not changing data connection state, since it is already disabled
[35m[AndroidDriver][39m Getting network connection
[35m[HTTP][39m [37m<-- POST /wd/hub/session/610c12a4-040b-4406-a8dc-aaed5a680163/network_connection [39m[32m200[39m [90m702 ms - 11[39m
[35m[HTTP][39m [90m[39m
[35m[HTTP][39m [37m-->[39m [37mPOST[39m [37m/wd/hub/session/610c12a4-040b-4406-a8dc-aaed5a680163/context[39m
[35m[HTTP][39m [90m{"name":"NATIVE_APP"}[39m
[35m[HTTP][39m [37m<-- POST /wd/hub/session/610c12a4-040b-4406-a8dc-aaed5a680163/context [39m[32m200[39m [90m1 ms - 14[39m
[35m[HTTP][39m [90m[39m
[35m[HTTP][39m [37m-->[39m [37mPOST[39m [37m/wd/hub/session/610c12a4-040b-4406-a8dc-aaed5a680163/timeouts[39m
[35m[HTTP][39m [90m{"implicit":50}[39m
[35m[HTTP][39m [37m<-- POST /wd/hub/session/610c12a4-040b-4406-a8dc-aaed5a680163/timeouts [39m[32m200[39m [90m1 ms - 14[39m
[35m[HTTP][39m [90m[39m
[35m[HTTP][39m [37m-->[39m [37mGET[39m [37m/wd/hub/session/610c12a4-040b-4406-a8dc-aaed5a680163/window/rect[39m
[35m[HTTP][39m [90m{}[39m
[35m[HTTP][39m [37m<-- GET /wd/hub/session/610c12a4-040b-4406-a8dc-aaed5a680163/window/rect [39m[32m200[39m [90m20 ms - 49[39m
[35m[HTTP][39m [90m[39m
[35m[HTTP][39m [37m-->[39m [37mPOST[39m [37m/wd/hub/session/610c12a4-040b-4406-a8dc-aaed5a680163/elements[39m
[35m[HTTP][39m [90m{"using":"xpath","value":"//*[@class = 'android.widget.TextView' and (@text = 'NapoleoN' or . = 'NapoleoN') and @resource-id = 'com.sec.android.app.launcher:id/home_icon']"}[39m
[35m[HTTP][39m [37m<-- POST /wd/hub/session/610c12a4-040b-4406-a8dc-aaed5a680163/elements [39m[32m200[39m [90m477 ms - 139[39m
[35m[HTTP][39m [90m[39m
[35m[HTTP][39m [37m-->[39m [37mGET[39m [37m/wd/hub/session/610c12a4-040b-4406-a8dc-aaed5a680163/element/00000000-0000-04ba-ffff-ffff000001e5/location[39m
[35m[HTTP][39m [90m{}[39m
[35m[W3C (610c12a4)][39m Driver proxy active, passing request on via HTTP proxy
[35m[WD Proxy][39m Replacing sessionId 5313f77d-92f4-4a39-a8ed-00a302cceb8e with 610c12a4-040b-4406-a8dc-aaed5a680163
[35m[HTTP][39m [37m<-- GET /wd/hub/session/610c12a4-040b-4406-a8dc-aaed5a680163/element/00000000-0000-04ba-ffff-ffff000001e5/location [39m[32m200[39m [90m36 ms - 78[39m
[35m[HTTP][39m [90m[39m
[35m[HTTP][39m [37m-->[39m [37mPOST[39m [37m/wd/hub/session/610c12a4-040b-4406-a8dc-aaed5a680163/timeouts[39m
[35m[HTTP][39m [90m{"implicit":30000}[39m
[35m[HTTP][39m [37m<-- POST /wd/hub/session/610c12a4-040b-4406-a8dc-aaed5a680163/timeouts [39m[32m200[39m [90m1 ms - 14[39m
[35m[HTTP][39m [90m[39m
[35m[HTTP][39m [37m-->[39m [37mPOST[39m [37m/wd/hub/session/610c12a4-040b-4406-a8dc-aaed5a680163/element/00000000-0000-04ba-ffff-ffff000001e5/click[39m
[35m[HTTP][39m [90m{"id":"00000000-0000-04ba-ffff-ffff000001e5"}[39m
[35m[HTTP][39m [37m<-- POST /wd/hub/session/610c12a4-040b-4406-a8dc-aaed5a680163/element/00000000-0000-04ba-ffff-ffff000001e5/click [39m[32m200[39m [90m95 ms - 14[39m
[35m[HTTP][39m [90m[39m
[35m[HTTP][39m [37m-->[39m [37mPOST[39m [37m/wd/hub/session/610c12a4-040b-4406-a8dc-aaed5a680163/timeouts[39m
[35m[HTTP][39m [90m{"implicit":50}[39m
[35m[HTTP][39m [37m<-- POST /wd/hub/session/610c12a4-040b-4406-a8dc-aaed5a680163/timeouts [39m[32m200[39m [90m1 ms - 14[39m
[35m[HTTP][39m [90m[39m
[35m[HTTP][39m [37m-->[39m [37mGET[39m [37m/wd/hub/session/610c12a4-040b-4406-a8dc-aaed5a680163/window/rect[39m
[35m[HTTP][39m [90m{}[39m
[35m[HTTP][39m [37m<-- GET /wd/hub/session/610c12a4-040b-4406-a8dc-aaed5a680163/window/rect [39m[32m200[39m [90m15 ms - 49[39m
[35m[HTTP][39m [90m[39m
[35m[HTTP][39m [37m-->[39m [37mPOST[39m [37m/wd/hub/session/610c12a4-040b-4406-a8dc-aaed5a680163/elements[39m
[35m[HTTP][39m [90m{"using":"xpath","value":"//*[@class = 'android.widget.ImageView' and @resource-id = 'com.naposystems.napoleonchat:id/imageView_logo' and (@text = '' or . = '')]"}[39m
[35m[HTTP][39m [37m<-- POST /wd/hub/session/610c12a4-040b-4406-a8dc-aaed5a680163/elements [39m[32m200[39m [90m1176 ms - 139[39m
[35m[HTTP][39m [90m[39m
[35m[HTTP][39m [37m-->[39m [37mGET[39m [37m/wd/hub/session/610c12a4-040b-4406-a8dc-aaed5a680163/element/00000000-0000-04c3-ffff-ffff000000df/location[39m
[35m[HTTP][39m [90m{}[39m
[35m[W3C (610c12a4)][39m Driver proxy active, passing request on via HTTP proxy
[35m[WD Proxy][39m Replacing sessionId 5313f77d-92f4-4a39-a8ed-00a302cceb8e with 610c12a4-040b-4406-a8dc-aaed5a680163
[35m[HTTP][39m [37m<-- GET /wd/hub/session/610c12a4-040b-4406-a8dc-aaed5a680163/element/00000000-0000-04c3-ffff-ffff000000df/location [39m[32m200[39m [90m396 ms - 78[39m
[35m[HTTP][39m [90m[39m
[35m[HTTP][39m [37m-->[39m [37mPOST[39m [37m/wd/hub/session/610c12a4-040b-4406-a8dc-aaed5a680163/timeouts[39m
[35m[HTTP][39m [90m{"implicit":30000}[39m
[35m[HTTP][39m [37m<-- POST /wd/hub/session/610c12a4-040b-4406-a8dc-aaed5a680163/timeouts [39m[32m200[39m [90m2 ms - 14[39m
[35m[HTTP][39m [90m[39m
[35m[HTTP][39m [37m-->[39m [37mGET[39m [37m/wd/hub/session/610c12a4-040b-4406-a8dc-aaed5a680163/element/00000000-0000-04c3-ffff-ffff000000df/displayed[39m
[35m[HTTP][39m [90m{}[39m
[35m[HTTP][39m [37m<-- GET /wd/hub/session/610c12a4-040b-4406-a8dc-aaed5a680163/element/00000000-0000-04c3-ffff-ffff000000df/displayed [39m[32m200[39m [90m18 ms - 14[39m
[35m[HTTP][39m [90m[39m
[35m[HTTP][39m [37m-->[39m [37mPOST[39m [37m/wd/hub/session/610c12a4-040b-4406-a8dc-aaed5a680163/timeouts[39m
[35m[HTTP][39m [90m{"implicit":50}[39m
[35m[HTTP][39m [37m<-- POST /wd/hub/session/610c12a4-040b-4406-a8dc-aaed5a680163/timeouts [39m[32m200[39m [90m1 ms - 14[39m
[35m[HTTP][39m [90m[39m
[35m[HTTP][39m [37m-->[39m [37mGET[39m [37m/wd/hub/session/610c12a4-040b-4406-a8dc-aaed5a680163/window/rect[39m
[35m[HTTP][39m [90m{}[39m
[35m[HTTP][39m [37m<-- GET /wd/hub/session/610c12a4-040b-4406-a8dc-aaed5a680163/window/rect [39m[32m200[39m [90m14 ms - 49[39m
[35m[HTTP][39m [90m[39m
[35m[HTTP][39m [37m-->[39m [37mPOST[39m [37m/wd/hub/session/610c12a4-040b-4406-a8dc-aaed5a680163/elements[39m
[35m[HTTP][39m [90m{"using":"xpath","value":"//*[@class = 'android.widget.Button' and (@text = 'Crear Cuenta' or . = 'Crear Cuenta') and @resource-id = 'com.naposystems.napoleonchat:id/button_register']"}[39m
[35m[HTTP][39m [37m<-- POST /wd/hub/session/610c12a4-040b-4406-a8dc-aaed5a680163/elements [39m[32m200[39m [90m102 ms - 139[39m
[35m[HTTP][39m [90m[39m
[35m[HTTP][39m [37m-->[39m [37mGET[39m [37m/wd/hub/session/610c12a4-040b-4406-a8dc-aaed5a680163/element/00000000-0000-04c3-ffff-ffff000000e5/location[39m
[35m[HTTP][39m [90m{}[39m
[35m[W3C (610c12a4)][39m Driver proxy active, passing request on via HTTP proxy
[35m[WD Proxy][39m Replacing sessionId 5313f77d-92f4-4a39-a8ed-00a302cceb8e with 610c12a4-040b-4406-a8dc-aaed5a680163
[35m[HTTP][39m [37m<-- GET /wd/hub/session/610c12a4-040b-4406-a8dc-aaed5a680163/element/00000000-0000-04c3-ffff-ffff000000e5/location [39m[32m200[39m [90m20 ms - 78[39m
[35m[HTTP][39m [90m[39m
[35m[HTTP][39m [37m-->[39m [37mPOST[39m [37m/wd/hub/session/610c12a4-040b-4406-a8dc-aaed5a680163/timeouts[39m
[35m[HTTP][39m [90m{"implicit":30000}[39m
[35m[HTTP][39m [37m<-- POST /wd/hub/session/610c12a4-040b-4406-a8dc-aaed5a680163/timeouts [39m[32m200[39m [90m1 ms - 14[39m
[35m[HTTP][39m [90m[39m
[35m[HTTP][39m [37m-->[39m [37mPOST[39m [37m/wd/hub/session/610c12a4-040b-4406-a8dc-aaed5a680163/element/00000000-0000-04c3-ffff-ffff000000e5/click[39m
[35m[HTTP][39m [90m{"id":"00000000-0000-04c3-ffff-ffff000000e5"}[39m
[35m[HTTP][39m [37m<-- POST /wd/hub/session/610c12a4-040b-4406-a8dc-aaed5a680163/element/00000000-0000-04c3-ffff-ffff000000e5/click [39m[32m200[39m [90m71 ms - 14[39m
[35m[HTTP][39m [90m[39m
[35m[HTTP][39m [37m-->[39m [37mPOST[39m [37m/wd/hub/session/610c12a4-040b-4406-a8dc-aaed5a680163/timeouts[39m
[35m[HTTP][39m [90m{"implicit":50}[39m
[35m[HTTP][39m [37m<-- POST /wd/hub/session/610c12a4-040b-4406-a8dc-aaed5a680163/timeouts [39m[32m200[39m [90m1 ms - 14[39m
[35m[HTTP][39m [90m[39m
[35m[HTTP][39m [37m-->[39m [37mGET[39m [37m/wd/hub/session/610c12a4-040b-4406-a8dc-aaed5a680163/window/rect[39m
[35m[HTTP][39m [90m{}[39m
[35m[HTTP][39m [37m<-- GET /wd/hub/session/610c12a4-040b-4406-a8dc-aaed5a680163/window/rect [39m[32m200[39m [90m17 ms - 49[39m
[35m[HTTP][39m [90m[39m
[35m[HTTP][39m [37m-->[39m [37mPOST[39m [37m/wd/hub/session/610c12a4-040b-4406-a8dc-aaed5a680163/elements[39m
[35m[HTTP][39m [90m{"using":"xpath","value":"//*[@class = 'android.widget.Button' and (@text = 'Enviar código de registro' or . = 'Enviar código de registro') and @resource-id = 'com.naposystems.napoleonchat:id/button_request_code']"}[39m
[35m[HTTP][39m [37m<-- POST /wd/hub/session/610c12a4-040b-4406-a8dc-aaed5a680163/elements [39m[32m200[39m [90m975 ms - 139[39m
[35m[HTTP][39m [90m[39m
[35m[HTTP][39m [37m-->[39m [37mGET[39m [37m/wd/hub/session/610c12a4-040b-4406-a8dc-aaed5a680163/element/00000000-0000-04c3-ffff-ffff00000101/location[39m
[35m[HTTP][39m [90m{}[39m
[35m[W3C (610c12a4)][39m Driver proxy active, passing request on via HTTP proxy
[35m[WD Proxy][39m Replacing sessionId 5313f77d-92f4-4a39-a8ed-00a302cceb8e with 610c12a4-040b-4406-a8dc-aaed5a680163
[35m[HTTP][39m [37m<-- GET /wd/hub/session/610c12a4-040b-4406-a8dc-aaed5a680163/element/00000000-0000-04c3-ffff-ffff00000101/location [39m[32m200[39m [90m24 ms - 78[39m
[35m[HTTP][39m [90m[39m
[35m[HTTP][39m [37m-->[39m [37mPOST[39m [37m/wd/hub/session/610c12a4-040b-4406-a8dc-aaed5a680163/timeouts[39m
[35m[HTTP][39m [90m{"implicit":30000}[39m
[35m[HTTP][39m [37m<-- POST /wd/hub/session/610c12a4-040b-4406-a8dc-aaed5a680163/timeouts [39m[32m200[39m [90m1 ms - 14[39m
[35m[HTTP][39m [90m[39m
[35m[HTTP][39m [37m-->[39m [37mPOST[39m [37m/wd/hub/session/610c12a4-040b-4406-a8dc-aaed5a680163/element/00000000-0000-04c3-ffff-ffff00000101/click[39m
[35m[HTTP][39m [90m{"id":"00000000-0000-04c3-ffff-ffff00000101"}[39m
[35m[HTTP][39m [37m<-- POST /wd/hub/session/610c12a4-040b-4406-a8dc-aaed5a680163/element/00000000-0000-04c3-ffff-ffff00000101/click [39m[32m200[39m [90m582 ms - 14[39m
[35m[HTTP][39m [90m[39m
[35m[HTTP][39m [37m-->[39m [37mPOST[39m [37m/wd/hub/session/610c12a4-040b-4406-a8dc-aaed5a680163/timeouts[39m
[35m[HTTP][39m [90m{"implicit":50}[39m
[35m[HTTP][39m [37m<-- POST /wd/hub/session/610c12a4-040b-4406-a8dc-aaed5a680163/timeouts [39m[32m200[39m [90m1 ms - 14[39m
[35m[HTTP][39m [90m[39m
[35m[HTTP][39m [37m-->[39m [37mGET[39m [37m/wd/hub/session/610c12a4-040b-4406-a8dc-aaed5a680163/window/rect[39m
[35m[HTTP][39m [90m{}[39m
[35m[HTTP][39m [37m<-- GET /wd/hub/session/610c12a4-040b-4406-a8dc-aaed5a680163/window/rect [39m[32m200[39m [90m19 ms - 49[39m
[35m[HTTP][39m [90m[39m
[35m[HTTP][39m [37m-->[39m [37mPOST[39m [37m/wd/hub/session/610c12a4-040b-4406-a8dc-aaed5a680163/elements[39m
[35m[HTTP][39m [90m{"using":"xpath","value":"//hierarchy/android.widget.FrameLayout[1]/android.widget.LinearLayout[1]/android.widget.FrameLayout[1]/android.widget.FrameLayout[1]/android.widget.FrameLayout[1]/android.view.ViewGroup[1]/android.widget.FrameLayout[2]/android.view.ViewGroup[1]/android.widget.FrameLayout[1]"}[39m
[35m[HTTP][39m [37m<-- POST /wd/hub/session/610c12a4-040b-4406-a8dc-aaed5a680163/elements [39m[32m200[39m [90m792 ms - 12[39m
[35m[HTTP][39m [90m[39m
[35m[HTTP][39m [37m-->[39m [37mPOST[39m [37m/wd/hub/session/610c12a4-040b-4406-a8dc-aaed5a680163/elements[39m
[35m[HTTP][39m [90m{"using":"xpath","value":"//hierarchy/android.widget.FrameLayout[1]/android.widget.LinearLayout[1]/android.widget.FrameLayout[1]/android.widget.FrameLayout[1]/android.widget.FrameLayout[1]/android.view.ViewGroup[1]/android.widget.FrameLayout[2]/android.view.ViewGroup[1]/android.widget.FrameLayout[1]"}[39m
[35m[HTTP][39m [37m<-- POST /wd/hub/session/610c12a4-040b-4406-a8dc-aaed5a680163/elements [39m[32m200[39m [90m887 ms - 139[39m
[35m[HTTP][39m [90m[39m
[35m[HTTP][39m [37m-->[39m [37mGET[39m [37m/wd/hub/session/610c12a4-040b-4406-a8dc-aaed5a680163/element/00000000-0000-04c3-ffff-ffff00000107/location[39m
[35m[HTTP][39m [90m{}[39m
[35m[W3C (610c12a4)][39m Driver proxy active, passing request on via HTTP proxy
[35m[WD Proxy][39m Replacing sessionId 5313f77d-92f4-4a39-a8ed-00a302cceb8e with 610c12a4-040b-4406-a8dc-aaed5a680163
[35m[HTTP][39m [37m<-- GET /wd/hub/session/610c12a4-040b-4406-a8dc-aaed5a680163/element/00000000-0000-04c3-ffff-ffff00000107/location [39m[32m200[39m [90m25 ms - 78[39m
[35m[HTTP][39m [90m[39m
[35m[HTTP][39m [37m-->[39m [37mPOST[39m [37m/wd/hub/session/610c12a4-040b-4406-a8dc-aaed5a680163/timeouts[39m
[35m[HTTP][39m [90m{"implicit":30000}[39m
[35m[HTTP][39m [37m<-- POST /wd/hub/session/610c12a4-040b-4406-a8dc-aaed5a680163/timeouts [39m[32m200[39m [90m1 ms - 14[39m
[35m[HTTP][39m [90m[39m
[35m[HTTP][39m [37m-->[39m [37mGET[39m [37m/wd/hub/session/610c12a4-040b-4406-a8dc-aaed5a680163/element/00000000-0000-04c3-ffff-ffff00000107/displayed[39m
[35m[HTTP][39m [90m{}[39m
[35m[HTTP][39m [37m<-- GET /wd/hub/session/610c12a4-040b-4406-a8dc-aaed5a680163/element/00000000-0000-04c3-ffff-ffff00000107/displayed [39m[32m200[39m [90m20 ms - 14[39m
[35m[HTTP][39m [90m[39m
[35m[HTTP][39m [37m-->[39m [37mPOST[39m [37m/wd/hub/session/610c12a4-040b-4406-a8dc-aaed5a680163/timeouts[39m
[35m[HTTP][39m [90m{"implicit":50}[39m
[35m[HTTP][39m [37m<-- POST /wd/hub/session/610c12a4-040b-4406-a8dc-aaed5a680163/timeouts [39m[32m200[39m [90m1 ms - 14[39m
[35m[HTTP][39m [90m[39m
[35m[HTTP][39m [37m-->[39m [37mGET[39m [37m/wd/hub/session/610c12a4-040b-4406-a8dc-aaed5a680163/window/rect[39m
[35m[HTTP][39m [90m{}[39m
[35m[HTTP][39m [37m<-- GET /wd/hub/session/610c12a4-040b-4406-a8dc-aaed5a680163/window/rect [39m[32m200[39m [90m15 ms - 49[39m
[35m[HTTP][39m [90m[39m
[35m[HTTP][39m [37m-->[39m [37mPOST[39m [37m/wd/hub/session/610c12a4-040b-4406-a8dc-aaed5a680163/elements[39m
[35m[HTTP][39m [90m{"using":"xpath","value":"//*[@class = 'android.widget.Button' and (@text = 'OK' or . = 'OK') and @resource-id = 'com.naposystems.napoleonchat:id/snackbar_action']"}[39m
[35m[HTTP][39m [37m<-- POST /wd/hub/session/610c12a4-040b-4406-a8dc-aaed5a680163/elements [39m[32m200[39m [90m129 ms - 139[39m
[35m[HTTP][39m [90m[39m
[35m[HTTP][39m [37m-->[39m [37mGET[39m [37m/wd/hub/session/610c12a4-040b-4406-a8dc-aaed5a680163/element/00000000-0000-04c3-ffff-ffff0000010a/location[39m
[35m[HTTP][39m [90m{}[39m
[35m[W3C (610c12a4)][39m Driver proxy active, passing request on via HTTP proxy
[35m[WD Proxy][39m Replacing sessionId 5313f77d-92f4-4a39-a8ed-00a302cceb8e with 610c12a4-040b-4406-a8dc-aaed5a680163
[35m[HTTP][39m [37m<-- GET /wd/hub/session/610c12a4-040b-4406-a8dc-aaed5a680163/element/00000000-0000-04c3-ffff-ffff0000010a/location [39m[32m200[39m [90m23 ms - 79[39m
[35m[HTTP][39m [90m[39m
[35m[HTTP][39m [37m-->[39m [37mPOST[39m [37m/wd/hub/session/610c12a4-040b-4406-a8dc-aaed5a680163/timeouts[39m
[35m[HTTP][39m [90m{"implicit":30000}[39m
[35m[HTTP][39m [37m<-- POST /wd/hub/session/610c12a4-040b-4406-a8dc-aaed5a680163/timeouts [39m[32m200[39m [90m1 ms - 14[39m
[35m[HTTP][39m [90m[39m
[35m[HTTP][39m [37m-->[39m [37mPOST[39m [37m/wd/hub/session/610c12a4-040b-4406-a8dc-aaed5a680163/element/00000000-0000-04c3-ffff-ffff0000010a/click[39m
[35m[HTTP][39m [90m{"id":"00000000-0000-04c3-ffff-ffff0000010a"}[39m
[35m[HTTP][39m [37m<-- POST /wd/hub/session/610c12a4-040b-4406-a8dc-aaed5a680163/element/00000000-0000-04c3-ffff-ffff0000010a/click [39m[32m200[39m [90m95 ms - 14[39m
[35m[HTTP][39m [90m[39m
[35m[HTTP][39m [37m-->[39m [37mGET[39m [37m/wd/hub/session/610c12a4-040b-4406-a8dc-aaed5a680163/context[39m
[35m[HTTP][39m [90m{}[39m
[35m[HTTP][39m [37m<-- GET /wd/hub/session/610c12a4-040b-4406-a8dc-aaed5a680163/context [39m[32m200[39m [90m1 ms - 22[39m
[35m[HTTP][39m [90m[39m
[35m[HTTP][39m [37m-->[39m [37mGET[39m [37m/wd/hub/session/610c12a4-040b-4406-a8dc-aaed5a680163/contexts[39m
[35m[HTTP][39m [90m{}[39m
[35m[HTTP][39m [37m<-- GET /wd/hub/session/610c12a4-040b-4406-a8dc-aaed5a680163/contexts [39m[32m200[39m [90m121 ms - 70[39m
[35m[HTTP][39m [90m[39m
[35m[HTTP][39m [37m-->[39m [37mPOST[39m [37m/wd/hub/session/610c12a4-040b-4406-a8dc-aaed5a680163/context[39m
[35m[HTTP][39m [90m{"name":"NATIVE_APP"}[39m
[35m[HTTP][39m [37m<-- POST /wd/hub/session/610c12a4-040b-4406-a8dc-aaed5a680163/context [39m[32m200[39m [90m1 ms - 14[39m
[35m[HTTP][39m [90m[39m
[35m[HTTP][39m [37m-->[39m [37mPOST[39m [37m/wd/hub/session/610c12a4-040b-4406-a8dc-aaed5a680163/network_connection[39m
[35m[HTTP][39m [90m{"name":"network_connection","parameters":{"type":2}}[39m
[35m[AndroidDriver][39m Setting network connection
[35m[AndroidDriver][39m Getting network connection
[35m[AndroidDriver][39m Not changing airplane mode, since it is already disabled
[35m[AndroidDriver][39m Not changing data connection state, since it is already disabled
[35m[AndroidDriver][39m Getting network connection
[35m[HTTP][39m [37m<-- POST /wd/hub/session/610c12a4-040b-4406-a8dc-aaed5a680163/network_connection [39m[32m200[39m [90m650 ms - 11[39m
[35m[HTTP][39m [90m[39m
[35m[HTTP][39m [37m-->[39m [37mPOST[39m [37m/wd/hub/session/610c12a4-040b-4406-a8dc-aaed5a680163/context[39m
[35m[HTTP][39m [90m{"name":"NATIVE_APP"}[39m
[35m[HTTP][39m [37m<-- POST /wd/hub/session/610c12a4-040b-4406-a8dc-aaed5a680163/context [39m[32m200[39m [90m1 ms - 14[39m
[35m[HTTP][39m [90m[39m
[35m[HTTP][39m [37m-->[39m [37mDELETE[39m [37m/wd/hub/session/610c12a4-040b-4406-a8dc-aaed5a680163[39m
[35m[HTTP][39m [90m{}[39m
[35m[Appium][39m Removing session 610c12a4-040b-4406-a8dc-aaed5a680163 from our master session list
[35m[ADB][39m com.naposystems.napoleonchat was successfully uninstalled
[35m[UiAutomator2][39m Restoring hidden api policy to the device default configuration
[35m[HTTP][39m [37m<-- DELETE /wd/hub/session/610c12a4-040b-4406-a8dc-aaed5a680163 [39m[32m200[39m [90m2402 ms - 14[39m
[35m[HTTP][39m [90m[39m
